<?xml version="1.0" encoding="UTF-8"?>
<testsuite name="hk.ust.comp3021.actions.ConcurrentQueryTest" tests="2" skipped="0" failures="0" errors="0" timestamp="2023-05-12T07:41:59" hostname="KadeMacBook-Air-6.local" time="0.113">
  <properties/>
  <testcase name="QueryProcessing_ActionSize()" classname="hk.ust.comp3021.actions.ConcurrentQueryTest" time="0.074"/>
  <testcase name="QueryProcessing_CheckResult()" classname="hk.ust.comp3021.actions.ConcurrentQueryTest" time="0.039"/>
  <system-out><![CDATA[]]></system-out>
  <system-err><![CDATA[Exception in thread "Thread-35" java.lang.NullPointerException: Cannot invoke "hk.ust.comp3021.utils.Query$QueryType.ordinal()" because the return value of "hk.ust.comp3021.utils.Query.getType()" is null
	at hk.ust.comp3021.MiniMendeleyEngine.processQuery(MiniMendeleyEngine.java:660)
	at hk.ust.comp3021.MiniMendeleyEngine.lambda$processConcurrentQuery$14(MiniMendeleyEngine.java:648)
	at java.base/java.lang.Thread.run(Thread.java:833)
Exception in thread "Thread-43" java.lang.NullPointerException: Cannot invoke "hk.ust.comp3021.utils.Query$QueryType.ordinal()" because the return value of "hk.ust.comp3021.utils.Query.getType()" is null
	at hk.ust.comp3021.MiniMendeleyEngine.processQuery(MiniMendeleyEngine.java:660)
	at hk.ust.comp3021.MiniMendeleyEngine.lambda$processConcurrentQuery$14(MiniMendeleyEngine.java:648)
	at java.base/java.lang.Thread.run(Thread.java:833)
Exception in thread "Thread-46" java.lang.NullPointerException: Cannot invoke "hk.ust.comp3021.utils.Query$QueryType.ordinal()" because the return value of "hk.ust.comp3021.utils.Query.getType()" is null
	at hk.ust.comp3021.MiniMendeleyEngine.processQuery(MiniMendeleyEngine.java:660)
	at hk.ust.comp3021.MiniMendeleyEngine.lambda$processConcurrentQuery$14(MiniMendeleyEngine.java:648)
	at java.base/java.lang.Thread.run(Thread.java:833)
Exception in thread "Thread-41" java.lang.NullPointerException: Cannot invoke "hk.ust.comp3021.utils.Query$QueryType.ordinal()" because the return value of "hk.ust.comp3021.utils.Query.getType()" is null
	at hk.ust.comp3021.MiniMendeleyEngine.processQuery(MiniMendeleyEngine.java:660)
	at hk.ust.comp3021.MiniMendeleyEngine.lambda$processConcurrentQuery$14(MiniMendeleyEngine.java:648)
	at java.base/java.lang.Thread.run(Thread.java:833)
Exception in thread "Thread-42" java.lang.NullPointerException: Cannot invoke "hk.ust.comp3021.utils.Query$QueryType.ordinal()" because the return value of "hk.ust.comp3021.utils.Query.getType()" is null
	at hk.ust.comp3021.MiniMendeleyEngine.processQuery(MiniMendeleyEngine.java:660)
	at hk.ust.comp3021.MiniMendeleyEngine.lambda$processConcurrentQuery$14(MiniMendeleyEngine.java:648)
	at java.base/java.lang.Thread.run(Thread.java:833)
Exception in thread "Thread-5" java.lang.NullPointerException: Cannot invoke "hk.ust.comp3021.utils.Query$QueryType.ordinal()" because the return value of "hk.ust.comp3021.utils.Query.getType()" is null
	at hk.ust.comp3021.MiniMendeleyEngine.processQuery(MiniMendeleyEngine.java:660)
	at hk.ust.comp3021.MiniMendeleyEngine.lambda$processConcurrentQuery$14(MiniMendeleyEngine.java:648)
	at java.base/java.lang.Thread.run(Thread.java:833)
Exception in thread "Thread-6" java.lang.NullPointerException: Cannot invoke "hk.ust.comp3021.utils.Query$QueryType.ordinal()" because the return value of "hk.ust.comp3021.utils.Query.getType()" is null
	at hk.ust.comp3021.MiniMendeleyEngine.processQuery(MiniMendeleyEngine.java:660)
	at hk.ust.comp3021.MiniMendeleyEngine.lambda$processConcurrentQuery$14(MiniMendeleyEngine.java:648)
	at java.base/java.lang.Thread.run(Thread.java:833)
Exception in thread "Thread-60" java.lang.NullPointerException: Cannot invoke "hk.ust.comp3021.utils.Query$QueryType.ordinal()" because the return value of "hk.ust.comp3021.utils.Query.getType()" is null
	at hk.ust.comp3021.MiniMendeleyEngine.processQuery(MiniMendeleyEngine.java:660)
	at hk.ust.comp3021.MiniMendeleyEngine.lambda$processConcurrentQuery$14(MiniMendeleyEngine.java:648)
	at java.base/java.lang.Thread.run(Thread.java:833)
Exception in thread "Thread-40" java.lang.NullPointerException: Cannot invoke "hk.ust.comp3021.utils.Query$QueryType.ordinal()" because the return value of "hk.ust.comp3021.utils.Query.getType()" is null
	at hk.ust.comp3021.MiniMendeleyEngine.processQuery(MiniMendeleyEngine.java:660)
	at hk.ust.comp3021.MiniMendeleyEngine.lambda$processConcurrentQuery$14(MiniMendeleyEngine.java:648)
	at java.base/java.lang.Thread.run(Thread.java:833)
Exception in thread "Thread-4" java.lang.NullPointerException: Cannot invoke "hk.ust.comp3021.utils.Query$QueryType.ordinal()" because the return value of "hk.ust.comp3021.utils.Query.getType()" is null
	at hk.ust.comp3021.MiniMendeleyEngine.processQuery(MiniMendeleyEngine.java:660)
	at hk.ust.comp3021.MiniMendeleyEngine.lambda$processConcurrentQuery$14(MiniMendeleyEngine.java:648)
	at java.base/java.lang.Thread.run(Thread.java:833)
Exception in thread "Thread-64" java.lang.NullPointerException: Cannot invoke "hk.ust.comp3021.utils.Query$QueryType.ordinal()" because the return value of "hk.ust.comp3021.utils.Query.getType()" is null
	at hk.ust.comp3021.MiniMendeleyEngine.processQuery(MiniMendeleyEngine.java:660)
	at hk.ust.comp3021.MiniMendeleyEngine.lambda$processConcurrentQuery$14(MiniMendeleyEngine.java:648)
	at java.base/java.lang.Thread.run(Thread.java:833)
Exception in thread "Thread-68" java.lang.NullPointerException: Cannot invoke "hk.ust.comp3021.utils.Query$QueryType.ordinal()" because the return value of "hk.ust.comp3021.utils.Query.getType()" is null
	at hk.ust.comp3021.MiniMendeleyEngine.processQuery(MiniMendeleyEngine.java:660)
	at hk.ust.comp3021.MiniMendeleyEngine.lambda$processConcurrentQuery$14(MiniMendeleyEngine.java:648)
	at java.base/java.lang.Thread.run(Thread.java:833)
Exception in thread "Thread-7" java.lang.NullPointerException: Cannot invoke "hk.ust.comp3021.utils.Query$QueryType.ordinal()" because the return value of "hk.ust.comp3021.utils.Query.getType()" is null
	at hk.ust.comp3021.MiniMendeleyEngine.processQuery(MiniMendeleyEngine.java:660)
	at hk.ust.comp3021.MiniMendeleyEngine.lambda$processConcurrentQuery$14(MiniMendeleyEngine.java:648)
	at java.base/java.lang.Thread.run(Thread.java:833)
Exception in thread "Thread-70" java.lang.NullPointerException: Cannot invoke "hk.ust.comp3021.utils.Query$QueryType.ordinal()" because the return value of "hk.ust.comp3021.utils.Query.getType()" is null
	at hk.ust.comp3021.MiniMendeleyEngine.processQuery(MiniMendeleyEngine.java:660)
	at hk.ust.comp3021.MiniMendeleyEngine.lambda$processConcurrentQuery$14(MiniMendeleyEngine.java:648)
	at java.base/java.lang.Thread.run(Thread.java:833)
Exception in thread "Thread-9" java.lang.NullPointerException: Cannot invoke "hk.ust.comp3021.utils.Query$QueryType.ordinal()" because the return value of "hk.ust.comp3021.utils.Query.getType()" is null
	at hk.ust.comp3021.MiniMendeleyEngine.processQuery(MiniMendeleyEngine.java:660)
	at hk.ust.comp3021.MiniMendeleyEngine.lambda$processConcurrentQuery$14(MiniMendeleyEngine.java:648)
	at java.base/java.lang.Thread.run(Thread.java:833)
Exception in thread "Thread-8" java.lang.NullPointerException: Cannot invoke "hk.ust.comp3021.utils.Query$QueryType.ordinal()" because the return value of "hk.ust.comp3021.utils.Query.getType()" is null
	at hk.ust.comp3021.MiniMendeleyEngine.processQuery(MiniMendeleyEngine.java:660)
	at hk.ust.comp3021.MiniMendeleyEngine.lambda$processConcurrentQuery$14(MiniMendeleyEngine.java:648)
	at java.base/java.lang.Thread.run(Thread.java:833)
Exception in thread "Thread-15" java.lang.NullPointerException: Cannot invoke "hk.ust.comp3021.utils.Query$QueryType.ordinal()" because the return value of "hk.ust.comp3021.utils.Query.getType()" is null
	at hk.ust.comp3021.MiniMendeleyEngine.processQuery(MiniMendeleyEngine.java:660)
	at hk.ust.comp3021.MiniMendeleyEngine.lambda$processConcurrentQuery$14(MiniMendeleyEngine.java:648)
	at java.base/java.lang.Thread.run(Thread.java:833)
Exception in thread "Thread-74" java.lang.NullPointerException: Cannot invoke "hk.ust.comp3021.utils.Query$QueryType.ordinal()" because the return value of "hk.ust.comp3021.utils.Query.getType()" is null
	at hk.ust.comp3021.MiniMendeleyEngine.processQuery(MiniMendeleyEngine.java:660)
	at hk.ust.comp3021.MiniMendeleyEngine.lambda$processConcurrentQuery$14(MiniMendeleyEngine.java:648)
	at java.base/java.lang.Thread.run(Thread.java:833)
Exception in thread "Thread-22" java.lang.NullPointerException: Cannot invoke "hk.ust.comp3021.utils.Query$QueryType.ordinal()" because the return value of "hk.ust.comp3021.utils.Query.getType()" is null
	at hk.ust.comp3021.MiniMendeleyEngine.processQuery(MiniMendeleyEngine.java:660)
	at hk.ust.comp3021.MiniMendeleyEngine.lambda$processConcurrentQuery$14(MiniMendeleyEngine.java:648)
	at java.base/java.lang.Thread.run(Thread.java:833)
Exception in thread "Thread-79" java.lang.NullPointerException: Cannot invoke "hk.ust.comp3021.utils.Query$QueryType.ordinal()" because the return value of "hk.ust.comp3021.utils.Query.getType()" is null
	at hk.ust.comp3021.MiniMendeleyEngine.processQuery(MiniMendeleyEngine.java:660)
	at hk.ust.comp3021.MiniMendeleyEngine.lambda$processConcurrentQuery$14(MiniMendeleyEngine.java:648)
	at java.base/java.lang.Thread.run(Thread.java:833)
Exception in thread "Thread-18" java.lang.NullPointerException: Cannot invoke "hk.ust.comp3021.utils.Query$QueryType.ordinal()" because the return value of "hk.ust.comp3021.utils.Query.getType()" is null
	at hk.ust.comp3021.MiniMendeleyEngine.processQuery(MiniMendeleyEngine.java:660)
	at hk.ust.comp3021.MiniMendeleyEngine.lambda$processConcurrentQuery$14(MiniMendeleyEngine.java:648)
	at java.base/java.lang.Thread.run(Thread.java:833)
Exception in thread "Thread-36" java.lang.NullPointerException: Cannot invoke "hk.ust.comp3021.utils.Query$QueryType.ordinal()" because the return value of "hk.ust.comp3021.utils.Query.getType()" is null
	at hk.ust.comp3021.MiniMendeleyEngine.processQuery(MiniMendeleyEngine.java:660)
	at hk.ust.comp3021.MiniMendeleyEngine.lambda$processConcurrentQuery$14(MiniMendeleyEngine.java:648)
	at java.base/java.lang.Thread.run(Thread.java:833)
Exception in thread "Thread-27" java.lang.NullPointerException: Cannot invoke "hk.ust.comp3021.utils.Query$QueryType.ordinal()" because the return value of "hk.ust.comp3021.utils.Query.getType()" is null
	at hk.ust.comp3021.MiniMendeleyEngine.processQuery(MiniMendeleyEngine.java:660)
	at hk.ust.comp3021.MiniMendeleyEngine.lambda$processConcurrentQuery$14(MiniMendeleyEngine.java:648)
	at java.base/java.lang.Thread.run(Thread.java:833)
Exception in thread "Thread-90" java.lang.NullPointerException: Cannot invoke "hk.ust.comp3021.utils.Query$QueryType.ordinal()" because the return value of "hk.ust.comp3021.utils.Query.getType()" is null
	at hk.ust.comp3021.MiniMendeleyEngine.processQuery(MiniMendeleyEngine.java:660)
	at hk.ust.comp3021.MiniMendeleyEngine.lambda$processConcurrentQuery$14(MiniMendeleyEngine.java:648)
	at java.base/java.lang.Thread.run(Thread.java:833)
Exception in thread "Thread-3" java.lang.NullPointerException: Cannot invoke "hk.ust.comp3021.utils.Query$QueryType.ordinal()" because the return value of "hk.ust.comp3021.utils.Query.getType()" is null
	at hk.ust.comp3021.MiniMendeleyEngine.processQuery(MiniMendeleyEngine.java:660)
	at hk.ust.comp3021.MiniMendeleyEngine.lambda$processConcurrentQuery$14(MiniMendeleyEngine.java:648)
	at java.base/java.lang.Thread.run(Thread.java:833)
Exception in thread "Thread-39" java.lang.NullPointerException: Cannot invoke "hk.ust.comp3021.utils.Query$QueryType.ordinal()" because the return value of "hk.ust.comp3021.utils.Query.getType()" is null
	at hk.ust.comp3021.MiniMendeleyEngine.processQuery(MiniMendeleyEngine.java:660)
	at hk.ust.comp3021.MiniMendeleyEngine.lambda$processConcurrentQuery$14(MiniMendeleyEngine.java:648)
	at java.base/java.lang.Thread.run(Thread.java:833)
Exception in thread "Thread-10" java.lang.NullPointerException: Cannot invoke "hk.ust.comp3021.utils.Query$QueryType.ordinal()" because the return value of "hk.ust.comp3021.utils.Query.getType()" is null
	at hk.ust.comp3021.MiniMendeleyEngine.processQuery(MiniMendeleyEngine.java:660)
	at hk.ust.comp3021.MiniMendeleyEngine.lambda$processConcurrentQuery$14(MiniMendeleyEngine.java:648)
	at java.base/java.lang.Thread.run(Thread.java:833)
Exception in thread "Thread-24" java.lang.NullPointerException: Cannot invoke "hk.ust.comp3021.utils.Query$QueryType.ordinal()" because the return value of "hk.ust.comp3021.utils.Query.getType()" is null
	at hk.ust.comp3021.MiniMendeleyEngine.processQuery(MiniMendeleyEngine.java:660)
	at hk.ust.comp3021.MiniMendeleyEngine.lambda$processConcurrentQuery$14(MiniMendeleyEngine.java:648)
	at java.base/java.lang.Thread.run(Thread.java:833)
Exception in thread "Thread-21" java.lang.NullPointerException: Cannot invoke "hk.ust.comp3021.utils.Query$QueryType.ordinal()" because the return value of "hk.ust.comp3021.utils.Query.getType()" is null
	at hk.ust.comp3021.MiniMendeleyEngine.processQuery(MiniMendeleyEngine.java:660)
	at hk.ust.comp3021.MiniMendeleyEngine.lambda$processConcurrentQuery$14(MiniMendeleyEngine.java:648)
	at java.base/java.lang.Thread.run(Thread.java:833)
Exception in thread "Thread-23" java.lang.NullPointerException: Cannot invoke "hk.ust.comp3021.utils.Query$QueryType.ordinal()" because the return value of "hk.ust.comp3021.utils.Query.getType()" is null
	at hk.ust.comp3021.MiniMendeleyEngine.processQuery(MiniMendeleyEngine.java:660)
	at hk.ust.comp3021.MiniMendeleyEngine.lambda$processConcurrentQuery$14(MiniMendeleyEngine.java:648)
	at java.base/java.lang.Thread.run(Thread.java:833)
Exception in thread "Thread-13" java.lang.NullPointerException: Cannot invoke "hk.ust.comp3021.utils.Query$QueryType.ordinal()" because the return value of "hk.ust.comp3021.utils.Query.getType()" is null
	at hk.ust.comp3021.MiniMendeleyEngine.processQuery(MiniMendeleyEngine.java:660)
	at hk.ust.comp3021.MiniMendeleyEngine.lambda$processConcurrentQuery$14(MiniMendeleyEngine.java:648)
	at java.base/java.lang.Thread.run(Thread.java:833)
Exception in thread "Thread-108" java.lang.NullPointerException: Cannot invoke "hk.ust.comp3021.utils.Query$QueryType.ordinal()" because the return value of "hk.ust.comp3021.utils.Query.getType()" is null
	at hk.ust.comp3021.MiniMendeleyEngine.processQuery(MiniMendeleyEngine.java:660)
	at hk.ust.comp3021.MiniMendeleyEngine.lambda$processConcurrentQuery$14(MiniMendeleyEngine.java:648)
	at java.base/java.lang.Thread.run(Thread.java:833)
Exception in thread "Thread-34" java.lang.NullPointerException: Cannot invoke "hk.ust.comp3021.utils.Query$QueryType.ordinal()" because the return value of "hk.ust.comp3021.utils.Query.getType()" is null
	at hk.ust.comp3021.MiniMendeleyEngine.processQuery(MiniMendeleyEngine.java:660)
	at hk.ust.comp3021.MiniMendeleyEngine.lambda$processConcurrentQuery$14(MiniMendeleyEngine.java:648)
	at java.base/java.lang.Thread.run(Thread.java:833)
Exception in thread "Thread-38" java.lang.NullPointerException: Cannot invoke "hk.ust.comp3021.utils.Query$QueryType.ordinal()" because the return value of "hk.ust.comp3021.utils.Query.getType()" is null
	at hk.ust.comp3021.MiniMendeleyEngine.processQuery(MiniMendeleyEngine.java:660)
	at hk.ust.comp3021.MiniMendeleyEngine.lambda$processConcurrentQuery$14(MiniMendeleyEngine.java:648)
	at java.base/java.lang.Thread.run(Thread.java:833)
Exception in thread "Thread-110" java.lang.NullPointerException: Cannot invoke "hk.ust.comp3021.utils.Query$QueryType.ordinal()" because the return value of "hk.ust.comp3021.utils.Query.getType()" is null
	at hk.ust.comp3021.MiniMendeleyEngine.processQuery(MiniMendeleyEngine.java:660)
	at hk.ust.comp3021.MiniMendeleyEngine.lambda$processConcurrentQuery$14(MiniMendeleyEngine.java:648)
	at java.base/java.lang.Thread.run(Thread.java:833)
Exception in thread "Thread-30" java.lang.NullPointerException: Cannot invoke "hk.ust.comp3021.utils.Query$QueryType.ordinal()" because the return value of "hk.ust.comp3021.utils.Query.getType()" is null
	at hk.ust.comp3021.MiniMendeleyEngine.processQuery(MiniMendeleyEngine.java:660)
	at hk.ust.comp3021.MiniMendeleyEngine.lambda$processConcurrentQuery$14(MiniMendeleyEngine.java:648)
	at java.base/java.lang.Thread.run(Thread.java:833)
Exception in thread "Thread-33" java.lang.NullPointerException: Cannot invoke "hk.ust.comp3021.utils.Query$QueryType.ordinal()" because the return value of "hk.ust.comp3021.utils.Query.getType()" is null
	at hk.ust.comp3021.MiniMendeleyEngine.processQuery(MiniMendeleyEngine.java:660)
	at hk.ust.comp3021.MiniMendeleyEngine.lambda$processConcurrentQuery$14(MiniMendeleyEngine.java:648)
	at java.base/java.lang.Thread.run(Thread.java:833)
Exception in thread "Thread-37" java.lang.NullPointerException: Cannot invoke "hk.ust.comp3021.utils.Query$QueryType.ordinal()" because the return value of "hk.ust.comp3021.utils.Query.getType()" is null
	at hk.ust.comp3021.MiniMendeleyEngine.processQuery(MiniMendeleyEngine.java:660)
	at hk.ust.comp3021.MiniMendeleyEngine.lambda$processConcurrentQuery$14(MiniMendeleyEngine.java:648)
	at java.base/java.lang.Thread.run(Thread.java:833)
Exception in thread "Thread-17" java.lang.NullPointerException: Cannot invoke "hk.ust.comp3021.utils.Query$QueryType.ordinal()" because the return value of "hk.ust.comp3021.utils.Query.getType()" is null
	at hk.ust.comp3021.MiniMendeleyEngine.processQuery(MiniMendeleyEngine.java:660)
	at hk.ust.comp3021.MiniMendeleyEngine.lambda$processConcurrentQuery$14(MiniMendeleyEngine.java:648)
	at java.base/java.lang.Thread.run(Thread.java:833)
Exception in thread "Thread-26" java.lang.NullPointerException: Cannot invoke "hk.ust.comp3021.utils.Query$QueryType.ordinal()" because the return value of "hk.ust.comp3021.utils.Query.getType()" is null
	at hk.ust.comp3021.MiniMendeleyEngine.processQuery(MiniMendeleyEngine.java:660)
	at hk.ust.comp3021.MiniMendeleyEngine.lambda$processConcurrentQuery$14(MiniMendeleyEngine.java:648)
	at java.base/java.lang.Thread.run(Thread.java:833)
Exception in thread "Thread-16" java.lang.NullPointerException: Cannot invoke "hk.ust.comp3021.utils.Query$QueryType.ordinal()" because the return value of "hk.ust.comp3021.utils.Query.getType()" is null
	at hk.ust.comp3021.MiniMendeleyEngine.processQuery(MiniMendeleyEngine.java:660)
	at hk.ust.comp3021.MiniMendeleyEngine.lambda$processConcurrentQuery$14(MiniMendeleyEngine.java:648)
	at java.base/java.lang.Thread.run(Thread.java:833)
Exception in thread "Thread-31" java.lang.NullPointerException: Cannot invoke "hk.ust.comp3021.utils.Query$QueryType.ordinal()" because the return value of "hk.ust.comp3021.utils.Query.getType()" is null
	at hk.ust.comp3021.MiniMendeleyEngine.processQuery(MiniMendeleyEngine.java:660)
	at hk.ust.comp3021.MiniMendeleyEngine.lambda$processConcurrentQuery$14(MiniMendeleyEngine.java:648)
	at java.base/java.lang.Thread.run(Thread.java:833)
Exception in thread "Thread-132" java.lang.NullPointerException: Cannot invoke "hk.ust.comp3021.utils.Query$QueryType.ordinal()" because the return value of "hk.ust.comp3021.utils.Query.getType()" is null
	at hk.ust.comp3021.MiniMendeleyEngine.processQuery(MiniMendeleyEngine.java:660)
	at hk.ust.comp3021.MiniMendeleyEngine.lambda$processConcurrentQuery$14(MiniMendeleyEngine.java:648)
	at java.base/java.lang.Thread.run(Thread.java:833)
Exception in thread "Thread-131" java.lang.NullPointerException: Cannot invoke "hk.ust.comp3021.utils.Query$QueryType.ordinal()" because the return value of "hk.ust.comp3021.utils.Query.getType()" is null
	at hk.ust.comp3021.MiniMendeleyEngine.processQuery(MiniMendeleyEngine.java:660)
	at hk.ust.comp3021.MiniMendeleyEngine.lambda$processConcurrentQuery$14(MiniMendeleyEngine.java:648)
	at java.base/java.lang.Thread.run(Thread.java:833)
Exception in thread "Thread-11" java.lang.NullPointerException: Cannot invoke "hk.ust.comp3021.utils.Query$QueryType.ordinal()" because the return value of "hk.ust.comp3021.utils.Query.getType()" is null
	at hk.ust.comp3021.MiniMendeleyEngine.processQuery(MiniMendeleyEngine.java:660)
	at hk.ust.comp3021.MiniMendeleyEngine.lambda$processConcurrentQuery$14(MiniMendeleyEngine.java:648)
	at java.base/java.lang.Thread.run(Thread.java:833)
Exception in thread "Thread-135" java.lang.NullPointerException: Cannot invoke "hk.ust.comp3021.utils.Query$QueryType.ordinal()" because the return value of "hk.ust.comp3021.utils.Query.getType()" is null
	at hk.ust.comp3021.MiniMendeleyEngine.processQuery(MiniMendeleyEngine.java:660)
	at hk.ust.comp3021.MiniMendeleyEngine.lambda$processConcurrentQuery$14(MiniMendeleyEngine.java:648)
	at java.base/java.lang.Thread.run(Thread.java:833)
Exception in thread "Thread-20" java.lang.NullPointerException: Cannot invoke "hk.ust.comp3021.utils.Query$QueryType.ordinal()" because the return value of "hk.ust.comp3021.utils.Query.getType()" is null
	at hk.ust.comp3021.MiniMendeleyEngine.processQuery(MiniMendeleyEngine.java:660)
	at hk.ust.comp3021.MiniMendeleyEngine.lambda$processConcurrentQuery$14(MiniMendeleyEngine.java:648)
	at java.base/java.lang.Thread.run(Thread.java:833)
Exception in thread "Thread-14" java.lang.NullPointerException: Cannot invoke "hk.ust.comp3021.utils.Query$QueryType.ordinal()" because the return value of "hk.ust.comp3021.utils.Query.getType()" is null
	at hk.ust.comp3021.MiniMendeleyEngine.processQuery(MiniMendeleyEngine.java:660)
	at hk.ust.comp3021.MiniMendeleyEngine.lambda$processConcurrentQuery$14(MiniMendeleyEngine.java:648)
	at java.base/java.lang.Thread.run(Thread.java:833)
Exception in thread "Thread-29" java.lang.NullPointerException: Cannot invoke "hk.ust.comp3021.utils.Query$QueryType.ordinal()" because the return value of "hk.ust.comp3021.utils.Query.getType()" is null
	at hk.ust.comp3021.MiniMendeleyEngine.processQuery(MiniMendeleyEngine.java:660)
	at hk.ust.comp3021.MiniMendeleyEngine.lambda$processConcurrentQuery$14(MiniMendeleyEngine.java:648)
	at java.base/java.lang.Thread.run(Thread.java:833)
Exception in thread "Thread-139" java.lang.NullPointerException: Cannot invoke "hk.ust.comp3021.utils.Query$QueryType.ordinal()" because the return value of "hk.ust.comp3021.utils.Query.getType()" is null
	at hk.ust.comp3021.MiniMendeleyEngine.processQuery(MiniMendeleyEngine.java:660)
	at hk.ust.comp3021.MiniMendeleyEngine.lambda$processConcurrentQuery$14(MiniMendeleyEngine.java:648)
	at java.base/java.lang.Thread.run(Thread.java:833)
Exception in thread "Thread-141" java.lang.NullPointerException: Cannot invoke "hk.ust.comp3021.utils.Query$QueryType.ordinal()" because the return value of "hk.ust.comp3021.utils.Query.getType()" is null
	at hk.ust.comp3021.MiniMendeleyEngine.processQuery(MiniMendeleyEngine.java:660)
	at hk.ust.comp3021.MiniMendeleyEngine.lambda$processConcurrentQuery$14(MiniMendeleyEngine.java:648)
	at java.base/java.lang.Thread.run(Thread.java:833)
Exception in thread "Thread-142" java.lang.NullPointerException: Cannot invoke "hk.ust.comp3021.utils.Query$QueryType.ordinal()" because the return value of "hk.ust.comp3021.utils.Query.getType()" is null
	at hk.ust.comp3021.MiniMendeleyEngine.processQuery(MiniMendeleyEngine.java:660)
	at hk.ust.comp3021.MiniMendeleyEngine.lambda$processConcurrentQuery$14(MiniMendeleyEngine.java:648)
	at java.base/java.lang.Thread.run(Thread.java:833)
Exception in thread "Thread-32" java.lang.NullPointerException: Cannot invoke "hk.ust.comp3021.utils.Query$QueryType.ordinal()" because the return value of "hk.ust.comp3021.utils.Query.getType()" is null
	at hk.ust.comp3021.MiniMendeleyEngine.processQuery(MiniMendeleyEngine.java:660)
	at hk.ust.comp3021.MiniMendeleyEngine.lambda$processConcurrentQuery$14(MiniMendeleyEngine.java:648)
	at java.base/java.lang.Thread.run(Thread.java:833)
Exception in thread "Thread-28" java.lang.NullPointerException: Cannot invoke "hk.ust.comp3021.utils.Query$QueryType.ordinal()" because the return value of "hk.ust.comp3021.utils.Query.getType()" is null
	at hk.ust.comp3021.MiniMendeleyEngine.processQuery(MiniMendeleyEngine.java:660)
	at hk.ust.comp3021.MiniMendeleyEngine.lambda$processConcurrentQuery$14(MiniMendeleyEngine.java:648)
	at java.base/java.lang.Thread.run(Thread.java:833)
Exception in thread "Thread-25" java.lang.NullPointerException: Cannot invoke "hk.ust.comp3021.utils.Query$QueryType.ordinal()" because the return value of "hk.ust.comp3021.utils.Query.getType()" is null
	at hk.ust.comp3021.MiniMendeleyEngine.processQuery(MiniMendeleyEngine.java:660)
	at hk.ust.comp3021.MiniMendeleyEngine.lambda$processConcurrentQuery$14(MiniMendeleyEngine.java:648)
	at java.base/java.lang.Thread.run(Thread.java:833)
Exception in thread "Thread-146" java.lang.NullPointerException: Cannot invoke "hk.ust.comp3021.utils.Query$QueryType.ordinal()" because the return value of "hk.ust.comp3021.utils.Query.getType()" is null
	at hk.ust.comp3021.MiniMendeleyEngine.processQuery(MiniMendeleyEngine.java:660)
	at hk.ust.comp3021.MiniMendeleyEngine.lambda$processConcurrentQuery$14(MiniMendeleyEngine.java:648)
	at java.base/java.lang.Thread.run(Thread.java:833)
Exception in thread "Thread-147" java.lang.NullPointerException: Cannot invoke "hk.ust.comp3021.utils.Query$QueryType.ordinal()" because the return value of "hk.ust.comp3021.utils.Query.getType()" is null
	at hk.ust.comp3021.MiniMendeleyEngine.processQuery(MiniMendeleyEngine.java:660)
	at hk.ust.comp3021.MiniMendeleyEngine.lambda$processConcurrentQuery$14(MiniMendeleyEngine.java:648)
	at java.base/java.lang.Thread.run(Thread.java:833)
Exception in thread "Thread-19" java.lang.NullPointerException: Cannot invoke "hk.ust.comp3021.utils.Query$QueryType.ordinal()" because the return value of "hk.ust.comp3021.utils.Query.getType()" is null
	at hk.ust.comp3021.MiniMendeleyEngine.processQuery(MiniMendeleyEngine.java:660)
	at hk.ust.comp3021.MiniMendeleyEngine.lambda$processConcurrentQuery$14(MiniMendeleyEngine.java:648)
	at java.base/java.lang.Thread.run(Thread.java:833)
Exception in thread "Thread-12" java.lang.NullPointerException: Cannot invoke "hk.ust.comp3021.utils.Query$QueryType.ordinal()" because the return value of "hk.ust.comp3021.utils.Query.getType()" is null
	at hk.ust.comp3021.MiniMendeleyEngine.processQuery(MiniMendeleyEngine.java:660)
	at hk.ust.comp3021.MiniMendeleyEngine.lambda$processConcurrentQuery$14(MiniMendeleyEngine.java:648)
	at java.base/java.lang.Thread.run(Thread.java:833)
Exception in thread "Thread-150" java.lang.NullPointerException: Cannot invoke "hk.ust.comp3021.utils.Query$QueryType.ordinal()" because the return value of "hk.ust.comp3021.utils.Query.getType()" is null
	at hk.ust.comp3021.MiniMendeleyEngine.processQuery(MiniMendeleyEngine.java:660)
	at hk.ust.comp3021.MiniMendeleyEngine.lambda$processConcurrentQuery$14(MiniMendeleyEngine.java:648)
	at java.base/java.lang.Thread.run(Thread.java:833)
Exception in thread "Thread-149" java.lang.NullPointerException: Cannot invoke "hk.ust.comp3021.utils.Query$QueryType.ordinal()" because the return value of "hk.ust.comp3021.utils.Query.getType()" is null
	at hk.ust.comp3021.MiniMendeleyEngine.processQuery(MiniMendeleyEngine.java:660)
	at hk.ust.comp3021.MiniMendeleyEngine.lambda$processConcurrentQuery$14(MiniMendeleyEngine.java:648)
	at java.base/java.lang.Thread.run(Thread.java:833)
Exception in thread "Thread-148" java.lang.NullPointerException: Cannot invoke "hk.ust.comp3021.utils.Query$QueryType.ordinal()" because the return value of "hk.ust.comp3021.utils.Query.getType()" is null
	at hk.ust.comp3021.MiniMendeleyEngine.processQuery(MiniMendeleyEngine.java:660)
	at hk.ust.comp3021.MiniMendeleyEngine.lambda$processConcurrentQuery$14(MiniMendeleyEngine.java:648)
	at java.base/java.lang.Thread.run(Thread.java:833)
Exception in thread "Thread-152" java.lang.NullPointerException: Cannot invoke "hk.ust.comp3021.utils.Query$QueryType.ordinal()" because the return value of "hk.ust.comp3021.utils.Query.getType()" is null
	at hk.ust.comp3021.MiniMendeleyEngine.processQuery(MiniMendeleyEngine.java:660)
	at hk.ust.comp3021.MiniMendeleyEngine.lambda$processConcurrentQuery$14(MiniMendeleyEngine.java:648)
	at java.base/java.lang.Thread.run(Thread.java:833)
Exception in thread "Thread-144" java.lang.NullPointerException: Cannot invoke "hk.ust.comp3021.utils.Query$QueryType.ordinal()" because the return value of "hk.ust.comp3021.utils.Query.getType()" is null
	at hk.ust.comp3021.MiniMendeleyEngine.processQuery(MiniMendeleyEngine.java:660)
	at hk.ust.comp3021.MiniMendeleyEngine.lambda$processConcurrentQuery$14(MiniMendeleyEngine.java:648)
	at java.base/java.lang.Thread.run(Thread.java:833)
Exception in thread "Thread-154" java.lang.NullPointerException: Cannot invoke "hk.ust.comp3021.utils.Query$QueryType.ordinal()" because the return value of "hk.ust.comp3021.utils.Query.getType()" is null
	at hk.ust.comp3021.MiniMendeleyEngine.processQuery(MiniMendeleyEngine.java:660)
	at hk.ust.comp3021.MiniMendeleyEngine.lambda$processConcurrentQuery$14(MiniMendeleyEngine.java:648)
	at java.base/java.lang.Thread.run(Thread.java:833)
Exception in thread "Thread-145" java.lang.NullPointerException: Cannot invoke "hk.ust.comp3021.utils.Query$QueryType.ordinal()" because the return value of "hk.ust.comp3021.utils.Query.getType()" is null
	at hk.ust.comp3021.MiniMendeleyEngine.processQuery(MiniMendeleyEngine.java:660)
	at hk.ust.comp3021.MiniMendeleyEngine.lambda$processConcurrentQuery$14(MiniMendeleyEngine.java:648)
	at java.base/java.lang.Thread.run(Thread.java:833)
Exception in thread "Thread-155" java.lang.NullPointerException: Cannot invoke "hk.ust.comp3021.utils.Query$QueryType.ordinal()" because the return value of "hk.ust.comp3021.utils.Query.getType()" is null
	at hk.ust.comp3021.MiniMendeleyEngine.processQuery(MiniMendeleyEngine.java:660)
	at hk.ust.comp3021.MiniMendeleyEngine.lambda$processConcurrentQuery$14(MiniMendeleyEngine.java:648)
	at java.base/java.lang.Thread.run(Thread.java:833)
Exception in thread "Thread-158" java.lang.NullPointerException: Cannot invoke "hk.ust.comp3021.utils.Query$QueryType.ordinal()" because the return value of "hk.ust.comp3021.utils.Query.getType()" is null
	at hk.ust.comp3021.MiniMendeleyEngine.processQuery(MiniMendeleyEngine.java:660)
	at hk.ust.comp3021.MiniMendeleyEngine.lambda$processConcurrentQuery$14(MiniMendeleyEngine.java:648)
	at java.base/java.lang.Thread.run(Thread.java:833)
Exception in thread "Thread-160" java.lang.NullPointerException: Cannot invoke "hk.ust.comp3021.utils.Query$QueryType.ordinal()" because the return value of "hk.ust.comp3021.utils.Query.getType()" is null
	at hk.ust.comp3021.MiniMendeleyEngine.processQuery(MiniMendeleyEngine.java:660)
	at hk.ust.comp3021.MiniMendeleyEngine.lambda$processConcurrentQuery$14(MiniMendeleyEngine.java:648)
	at java.base/java.lang.Thread.run(Thread.java:833)
Exception in thread "Thread-143" java.lang.NullPointerException: Cannot invoke "hk.ust.comp3021.utils.Query$QueryType.ordinal()" because the return value of "hk.ust.comp3021.utils.Query.getType()" is null
	at hk.ust.comp3021.MiniMendeleyEngine.processQuery(MiniMendeleyEngine.java:660)
	at hk.ust.comp3021.MiniMendeleyEngine.lambda$processConcurrentQuery$14(MiniMendeleyEngine.java:648)
	at java.base/java.lang.Thread.run(Thread.java:833)
Exception in thread "Thread-140" java.lang.NullPointerException: Cannot invoke "hk.ust.comp3021.utils.Query$QueryType.ordinal()" because the return value of "hk.ust.comp3021.utils.Query.getType()" is null
	at hk.ust.comp3021.MiniMendeleyEngine.processQuery(MiniMendeleyEngine.java:660)
	at hk.ust.comp3021.MiniMendeleyEngine.lambda$processConcurrentQuery$14(MiniMendeleyEngine.java:648)
	at java.base/java.lang.Thread.run(Thread.java:833)
Exception in thread "Thread-161" java.lang.NullPointerException: Cannot invoke "hk.ust.comp3021.utils.Query$QueryType.ordinal()" because the return value of "hk.ust.comp3021.utils.Query.getType()" is null
	at hk.ust.comp3021.MiniMendeleyEngine.processQuery(MiniMendeleyEngine.java:660)
	at hk.ust.comp3021.MiniMendeleyEngine.lambda$processConcurrentQuery$14(MiniMendeleyEngine.java:648)
	at java.base/java.lang.Thread.run(Thread.java:833)
Exception in thread "Thread-138" java.lang.NullPointerException: Cannot invoke "hk.ust.comp3021.utils.Query$QueryType.ordinal()" because the return value of "hk.ust.comp3021.utils.Query.getType()" is null
	at hk.ust.comp3021.MiniMendeleyEngine.processQuery(MiniMendeleyEngine.java:660)
	at hk.ust.comp3021.MiniMendeleyEngine.lambda$processConcurrentQuery$14(MiniMendeleyEngine.java:648)
	at java.base/java.lang.Thread.run(Thread.java:833)
Exception in thread "Thread-137" java.lang.NullPointerException: Cannot invoke "hk.ust.comp3021.utils.Query$QueryType.ordinal()" because the return value of "hk.ust.comp3021.utils.Query.getType()" is null
	at hk.ust.comp3021.MiniMendeleyEngine.processQuery(MiniMendeleyEngine.java:660)
	at hk.ust.comp3021.MiniMendeleyEngine.lambda$processConcurrentQuery$14(MiniMendeleyEngine.java:648)
	at java.base/java.lang.Thread.run(Thread.java:833)
Exception in thread "Thread-136" java.lang.NullPointerException: Cannot invoke "hk.ust.comp3021.utils.Query$QueryType.ordinal()" because the return value of "hk.ust.comp3021.utils.Query.getType()" is null
	at hk.ust.comp3021.MiniMendeleyEngine.processQuery(MiniMendeleyEngine.java:660)
	at hk.ust.comp3021.MiniMendeleyEngine.lambda$processConcurrentQuery$14(MiniMendeleyEngine.java:648)
	at java.base/java.lang.Thread.run(Thread.java:833)
Exception in thread "Thread-134" java.lang.NullPointerException: Cannot invoke "hk.ust.comp3021.utils.Query$QueryType.ordinal()" because the return value of "hk.ust.comp3021.utils.Query.getType()" is null
	at hk.ust.comp3021.MiniMendeleyEngine.processQuery(MiniMendeleyEngine.java:660)
	at hk.ust.comp3021.MiniMendeleyEngine.lambda$processConcurrentQuery$14(MiniMendeleyEngine.java:648)
	at java.base/java.lang.Thread.run(Thread.java:833)
Exception in thread "Thread-170" java.lang.NullPointerException: Cannot invoke "hk.ust.comp3021.utils.Query$QueryType.ordinal()" because the return value of "hk.ust.comp3021.utils.Query.getType()" is null
	at hk.ust.comp3021.MiniMendeleyEngine.processQuery(MiniMendeleyEngine.java:660)
	at hk.ust.comp3021.MiniMendeleyEngine.lambda$processConcurrentQuery$14(MiniMendeleyEngine.java:648)
	at java.base/java.lang.Thread.run(Thread.java:833)
Exception in thread "Thread-171" java.lang.NullPointerException: Cannot invoke "hk.ust.comp3021.utils.Query$QueryType.ordinal()" because the return value of "hk.ust.comp3021.utils.Query.getType()" is null
	at hk.ust.comp3021.MiniMendeleyEngine.processQuery(MiniMendeleyEngine.java:660)
	at hk.ust.comp3021.MiniMendeleyEngine.lambda$processConcurrentQuery$14(MiniMendeleyEngine.java:648)
	at java.base/java.lang.Thread.run(Thread.java:833)
Exception in thread "Thread-172" java.lang.NullPointerException: Cannot invoke "hk.ust.comp3021.utils.Query$QueryType.ordinal()" because the return value of "hk.ust.comp3021.utils.Query.getType()" is null
	at hk.ust.comp3021.MiniMendeleyEngine.processQuery(MiniMendeleyEngine.java:660)
	at hk.ust.comp3021.MiniMendeleyEngine.lambda$processConcurrentQuery$14(MiniMendeleyEngine.java:648)
	at java.base/java.lang.Thread.run(Thread.java:833)
Exception in thread "Thread-133" java.lang.NullPointerException: Cannot invoke "hk.ust.comp3021.utils.Query$QueryType.ordinal()" because the return value of "hk.ust.comp3021.utils.Query.getType()" is null
	at hk.ust.comp3021.MiniMendeleyEngine.processQuery(MiniMendeleyEngine.java:660)
	at hk.ust.comp3021.MiniMendeleyEngine.lambda$processConcurrentQuery$14(MiniMendeleyEngine.java:648)
	at java.base/java.lang.Thread.run(Thread.java:833)
Exception in thread "Thread-130" java.lang.NullPointerException: Cannot invoke "hk.ust.comp3021.utils.Query$QueryType.ordinal()" because the return value of "hk.ust.comp3021.utils.Query.getType()" is null
	at hk.ust.comp3021.MiniMendeleyEngine.processQuery(MiniMendeleyEngine.java:660)
	at hk.ust.comp3021.MiniMendeleyEngine.lambda$processConcurrentQuery$14(MiniMendeleyEngine.java:648)
	at java.base/java.lang.Thread.run(Thread.java:833)
Exception in thread "Thread-129" java.lang.NullPointerException: Cannot invoke "hk.ust.comp3021.utils.Query$QueryType.ordinal()" because the return value of "hk.ust.comp3021.utils.Query.getType()" is null
	at hk.ust.comp3021.MiniMendeleyEngine.processQuery(MiniMendeleyEngine.java:660)
	at hk.ust.comp3021.MiniMendeleyEngine.lambda$processConcurrentQuery$14(MiniMendeleyEngine.java:648)
	at java.base/java.lang.Thread.run(Thread.java:833)
Exception in thread "Thread-128" java.lang.NullPointerException: Cannot invoke "hk.ust.comp3021.utils.Query$QueryType.ordinal()" because the return value of "hk.ust.comp3021.utils.Query.getType()" is null
	at hk.ust.comp3021.MiniMendeleyEngine.processQuery(MiniMendeleyEngine.java:660)
	at hk.ust.comp3021.MiniMendeleyEngine.lambda$processConcurrentQuery$14(MiniMendeleyEngine.java:648)
	at java.base/java.lang.Thread.run(Thread.java:833)
Exception in thread "Thread-176" java.lang.NullPointerException: Cannot invoke "hk.ust.comp3021.utils.Query$QueryType.ordinal()" because the return value of "hk.ust.comp3021.utils.Query.getType()" is null
	at hk.ust.comp3021.MiniMendeleyEngine.processQuery(MiniMendeleyEngine.java:660)
	at hk.ust.comp3021.MiniMendeleyEngine.lambda$processConcurrentQuery$14(MiniMendeleyEngine.java:648)
	at java.base/java.lang.Thread.run(Thread.java:833)
Exception in thread "Thread-126" java.lang.NullPointerException: Cannot invoke "hk.ust.comp3021.utils.Query$QueryType.ordinal()" because the return value of "hk.ust.comp3021.utils.Query.getType()" is null
	at hk.ust.comp3021.MiniMendeleyEngine.processQuery(MiniMendeleyEngine.java:660)
	at hk.ust.comp3021.MiniMendeleyEngine.lambda$processConcurrentQuery$14(MiniMendeleyEngine.java:648)
	at java.base/java.lang.Thread.run(Thread.java:833)
Exception in thread "Thread-127" java.lang.NullPointerException: Cannot invoke "hk.ust.comp3021.utils.Query$QueryType.ordinal()" because the return value of "hk.ust.comp3021.utils.Query.getType()" is null
	at hk.ust.comp3021.MiniMendeleyEngine.processQuery(MiniMendeleyEngine.java:660)
	at hk.ust.comp3021.MiniMendeleyEngine.lambda$processConcurrentQuery$14(MiniMendeleyEngine.java:648)
	at java.base/java.lang.Thread.run(Thread.java:833)
Exception in thread "Thread-125" java.lang.NullPointerException: Cannot invoke "hk.ust.comp3021.utils.Query$QueryType.ordinal()" because the return value of "hk.ust.comp3021.utils.Query.getType()" is null
	at hk.ust.comp3021.MiniMendeleyEngine.processQuery(MiniMendeleyEngine.java:660)
	at hk.ust.comp3021.MiniMendeleyEngine.lambda$processConcurrentQuery$14(MiniMendeleyEngine.java:648)
	at java.base/java.lang.Thread.run(Thread.java:833)
Exception in thread "Thread-124" java.lang.NullPointerException: Cannot invoke "hk.ust.comp3021.utils.Query$QueryType.ordinal()" because the return value of "hk.ust.comp3021.utils.Query.getType()" is null
	at hk.ust.comp3021.MiniMendeleyEngine.processQuery(MiniMendeleyEngine.java:660)
	at hk.ust.comp3021.MiniMendeleyEngine.lambda$processConcurrentQuery$14(MiniMendeleyEngine.java:648)
	at java.base/java.lang.Thread.run(Thread.java:833)
Exception in thread "Thread-123" java.lang.NullPointerException: Cannot invoke "hk.ust.comp3021.utils.Query$QueryType.ordinal()" because the return value of "hk.ust.comp3021.utils.Query.getType()" is null
	at hk.ust.comp3021.MiniMendeleyEngine.processQuery(MiniMendeleyEngine.java:660)
	at hk.ust.comp3021.MiniMendeleyEngine.lambda$processConcurrentQuery$14(MiniMendeleyEngine.java:648)
	at java.base/java.lang.Thread.run(Thread.java:833)
Exception in thread "Thread-122" java.lang.NullPointerException: Cannot invoke "hk.ust.comp3021.utils.Query$QueryType.ordinal()" because the return value of "hk.ust.comp3021.utils.Query.getType()" is null
	at hk.ust.comp3021.MiniMendeleyEngine.processQuery(MiniMendeleyEngine.java:660)
	at hk.ust.comp3021.MiniMendeleyEngine.lambda$processConcurrentQuery$14(MiniMendeleyEngine.java:648)
	at java.base/java.lang.Thread.run(Thread.java:833)
Exception in thread "Thread-121" java.lang.NullPointerException: Cannot invoke "hk.ust.comp3021.utils.Query$QueryType.ordinal()" because the return value of "hk.ust.comp3021.utils.Query.getType()" is null
	at hk.ust.comp3021.MiniMendeleyEngine.processQuery(MiniMendeleyEngine.java:660)
	at hk.ust.comp3021.MiniMendeleyEngine.lambda$processConcurrentQuery$14(MiniMendeleyEngine.java:648)
	at java.base/java.lang.Thread.run(Thread.java:833)
Exception in thread "Thread-181" java.lang.NullPointerException: Cannot invoke "hk.ust.comp3021.utils.Query$QueryType.ordinal()" because the return value of "hk.ust.comp3021.utils.Query.getType()" is null
	at hk.ust.comp3021.MiniMendeleyEngine.processQuery(MiniMendeleyEngine.java:660)
	at hk.ust.comp3021.MiniMendeleyEngine.lambda$processConcurrentQuery$14(MiniMendeleyEngine.java:648)
	at java.base/java.lang.Thread.run(Thread.java:833)
Exception in thread "Thread-180" java.lang.NullPointerException: Cannot invoke "hk.ust.comp3021.utils.Query$QueryType.ordinal()" because the return value of "hk.ust.comp3021.utils.Query.getType()" is null
	at hk.ust.comp3021.MiniMendeleyEngine.processQuery(MiniMendeleyEngine.java:660)
	at hk.ust.comp3021.MiniMendeleyEngine.lambda$processConcurrentQuery$14(MiniMendeleyEngine.java:648)
	at java.base/java.lang.Thread.run(Thread.java:833)
Exception in thread "Thread-120" java.lang.NullPointerException: Cannot invoke "hk.ust.comp3021.utils.Query$QueryType.ordinal()" because the return value of "hk.ust.comp3021.utils.Query.getType()" is null
	at hk.ust.comp3021.MiniMendeleyEngine.processQuery(MiniMendeleyEngine.java:660)
	at hk.ust.comp3021.MiniMendeleyEngine.lambda$processConcurrentQuery$14(MiniMendeleyEngine.java:648)
	at java.base/java.lang.Thread.run(Thread.java:833)
Exception in thread "Thread-119" java.lang.NullPointerException: Cannot invoke "hk.ust.comp3021.utils.Query$QueryType.ordinal()" because the return value of "hk.ust.comp3021.utils.Query.getType()" is null
	at hk.ust.comp3021.MiniMendeleyEngine.processQuery(MiniMendeleyEngine.java:660)
	at hk.ust.comp3021.MiniMendeleyEngine.lambda$processConcurrentQuery$14(MiniMendeleyEngine.java:648)
	at java.base/java.lang.Thread.run(Thread.java:833)
Exception in thread "Thread-118" java.lang.NullPointerException: Cannot invoke "hk.ust.comp3021.utils.Query$QueryType.ordinal()" because the return value of "hk.ust.comp3021.utils.Query.getType()" is null
	at hk.ust.comp3021.MiniMendeleyEngine.processQuery(MiniMendeleyEngine.java:660)
	at hk.ust.comp3021.MiniMendeleyEngine.lambda$processConcurrentQuery$14(MiniMendeleyEngine.java:648)
	at java.base/java.lang.Thread.run(Thread.java:833)
Exception in thread "Thread-116" java.lang.NullPointerException: Cannot invoke "hk.ust.comp3021.utils.Query$QueryType.ordinal()" because the return value of "hk.ust.comp3021.utils.Query.getType()" is null
	at hk.ust.comp3021.MiniMendeleyEngine.processQuery(MiniMendeleyEngine.java:660)
	at hk.ust.comp3021.MiniMendeleyEngine.lambda$processConcurrentQuery$14(MiniMendeleyEngine.java:648)
	at java.base/java.lang.Thread.run(Thread.java:833)
Exception in thread "Thread-190" java.lang.NullPointerException: Cannot invoke "hk.ust.comp3021.utils.Query$QueryType.ordinal()" because the return value of "hk.ust.comp3021.utils.Query.getType()" is null
	at hk.ust.comp3021.MiniMendeleyEngine.processQuery(MiniMendeleyEngine.java:660)
	at hk.ust.comp3021.MiniMendeleyEngine.lambda$processConcurrentQuery$14(MiniMendeleyEngine.java:648)
	at java.base/java.lang.Thread.run(Thread.java:833)
Exception in thread "Thread-117" java.lang.NullPointerException: Cannot invoke "hk.ust.comp3021.utils.Query$QueryType.ordinal()" because the return value of "hk.ust.comp3021.utils.Query.getType()" is null
	at hk.ust.comp3021.MiniMendeleyEngine.processQuery(MiniMendeleyEngine.java:660)
	at hk.ust.comp3021.MiniMendeleyEngine.lambda$processConcurrentQuery$14(MiniMendeleyEngine.java:648)
	at java.base/java.lang.Thread.run(Thread.java:833)
Exception in thread "Thread-191" java.lang.NullPointerException: Cannot invoke "hk.ust.comp3021.utils.Query$QueryType.ordinal()" because the return value of "hk.ust.comp3021.utils.Query.getType()" is null
	at hk.ust.comp3021.MiniMendeleyEngine.processQuery(MiniMendeleyEngine.java:660)
	at hk.ust.comp3021.MiniMendeleyEngine.lambda$processConcurrentQuery$14(MiniMendeleyEngine.java:648)
	at java.base/java.lang.Thread.run(Thread.java:833)
Exception in thread "Thread-115" java.lang.NullPointerException: Cannot invoke "hk.ust.comp3021.utils.Query$QueryType.ordinal()" because the return value of "hk.ust.comp3021.utils.Query.getType()" is null
	at hk.ust.comp3021.MiniMendeleyEngine.processQuery(MiniMendeleyEngine.java:660)
	at hk.ust.comp3021.MiniMendeleyEngine.lambda$processConcurrentQuery$14(MiniMendeleyEngine.java:648)
	at java.base/java.lang.Thread.run(Thread.java:833)
Exception in thread "Thread-193" java.lang.NullPointerException: Cannot invoke "hk.ust.comp3021.utils.Query$QueryType.ordinal()" because the return value of "hk.ust.comp3021.utils.Query.getType()" is null
	at hk.ust.comp3021.MiniMendeleyEngine.processQuery(MiniMendeleyEngine.java:660)
	at hk.ust.comp3021.MiniMendeleyEngine.lambda$processConcurrentQuery$14(MiniMendeleyEngine.java:648)
	at java.base/java.lang.Thread.run(Thread.java:833)
Exception in thread "Thread-114" java.lang.NullPointerException: Cannot invoke "hk.ust.comp3021.utils.Query$QueryType.ordinal()" because the return value of "hk.ust.comp3021.utils.Query.getType()" is null
	at hk.ust.comp3021.MiniMendeleyEngine.processQuery(MiniMendeleyEngine.java:660)
	at hk.ust.comp3021.MiniMendeleyEngine.lambda$processConcurrentQuery$14(MiniMendeleyEngine.java:648)
	at java.base/java.lang.Thread.run(Thread.java:833)
Exception in thread "Thread-113" java.lang.NullPointerException: Cannot invoke "hk.ust.comp3021.utils.Query$QueryType.ordinal()" because the return value of "hk.ust.comp3021.utils.Query.getType()" is null
	at hk.ust.comp3021.MiniMendeleyEngine.processQuery(MiniMendeleyEngine.java:660)
	at hk.ust.comp3021.MiniMendeleyEngine.lambda$processConcurrentQuery$14(MiniMendeleyEngine.java:648)
	at java.base/java.lang.Thread.run(Thread.java:833)
Exception in thread "Thread-112" java.lang.NullPointerException: Cannot invoke "hk.ust.comp3021.utils.Query$QueryType.ordinal()" because the return value of "hk.ust.comp3021.utils.Query.getType()" is null
	at hk.ust.comp3021.MiniMendeleyEngine.processQuery(MiniMendeleyEngine.java:660)
	at hk.ust.comp3021.MiniMendeleyEngine.lambda$processConcurrentQuery$14(MiniMendeleyEngine.java:648)
	at java.base/java.lang.Thread.run(Thread.java:833)
Exception in thread "Thread-199" java.lang.NullPointerException: Cannot invoke "hk.ust.comp3021.utils.Query$QueryType.ordinal()" because the return value of "hk.ust.comp3021.utils.Query.getType()" is null
	at hk.ust.comp3021.MiniMendeleyEngine.processQuery(MiniMendeleyEngine.java:660)
	at hk.ust.comp3021.MiniMendeleyEngine.lambda$processConcurrentQuery$14(MiniMendeleyEngine.java:648)
	at java.base/java.lang.Thread.run(Thread.java:833)
Exception in thread "Thread-200" java.lang.NullPointerException: Cannot invoke "hk.ust.comp3021.utils.Query$QueryType.ordinal()" because the return value of "hk.ust.comp3021.utils.Query.getType()" is null
	at hk.ust.comp3021.MiniMendeleyEngine.processQuery(MiniMendeleyEngine.java:660)
	at hk.ust.comp3021.MiniMendeleyEngine.lambda$processConcurrentQuery$14(MiniMendeleyEngine.java:648)
	at java.base/java.lang.Thread.run(Thread.java:833)
Exception in thread "Thread-111" java.lang.NullPointerException: Cannot invoke "hk.ust.comp3021.utils.Query$QueryType.ordinal()" because the return value of "hk.ust.comp3021.utils.Query.getType()" is null
	at hk.ust.comp3021.MiniMendeleyEngine.processQuery(MiniMendeleyEngine.java:660)
	at hk.ust.comp3021.MiniMendeleyEngine.lambda$processConcurrentQuery$14(MiniMendeleyEngine.java:648)
	at java.base/java.lang.Thread.run(Thread.java:833)
Exception in thread "Thread-206" java.lang.NullPointerException: Cannot invoke "hk.ust.comp3021.utils.Query$QueryType.ordinal()" because the return value of "hk.ust.comp3021.utils.Query.getType()" is null
	at hk.ust.comp3021.MiniMendeleyEngine.processQuery(MiniMendeleyEngine.java:660)
	at hk.ust.comp3021.MiniMendeleyEngine.lambda$processConcurrentQuery$14(MiniMendeleyEngine.java:648)
	at java.base/java.lang.Thread.run(Thread.java:833)
Exception in thread "Thread-109" java.lang.NullPointerException: Cannot invoke "hk.ust.comp3021.utils.Query$QueryType.ordinal()" because the return value of "hk.ust.comp3021.utils.Query.getType()" is null
	at hk.ust.comp3021.MiniMendeleyEngine.processQuery(MiniMendeleyEngine.java:660)
	at hk.ust.comp3021.MiniMendeleyEngine.lambda$processConcurrentQuery$14(MiniMendeleyEngine.java:648)
	at java.base/java.lang.Thread.run(Thread.java:833)
Exception in thread "Thread-207" java.lang.NullPointerException: Cannot invoke "hk.ust.comp3021.utils.Query$QueryType.ordinal()" because the return value of "hk.ust.comp3021.utils.Query.getType()" is null
	at hk.ust.comp3021.MiniMendeleyEngine.processQuery(MiniMendeleyEngine.java:660)
	at hk.ust.comp3021.MiniMendeleyEngine.lambda$processConcurrentQuery$14(MiniMendeleyEngine.java:648)
	at java.base/java.lang.Thread.run(Thread.java:833)
Exception in thread "Thread-107" java.lang.NullPointerException: Cannot invoke "hk.ust.comp3021.utils.Query$QueryType.ordinal()" because the return value of "hk.ust.comp3021.utils.Query.getType()" is null
	at hk.ust.comp3021.MiniMendeleyEngine.processQuery(MiniMendeleyEngine.java:660)
	at hk.ust.comp3021.MiniMendeleyEngine.lambda$processConcurrentQuery$14(MiniMendeleyEngine.java:648)
	at java.base/java.lang.Thread.run(Thread.java:833)
Exception in thread "Thread-106" java.lang.NullPointerException: Cannot invoke "hk.ust.comp3021.utils.Query$QueryType.ordinal()" because the return value of "hk.ust.comp3021.utils.Query.getType()" is null
	at hk.ust.comp3021.MiniMendeleyEngine.processQuery(MiniMendeleyEngine.java:660)
	at hk.ust.comp3021.MiniMendeleyEngine.lambda$processConcurrentQuery$14(MiniMendeleyEngine.java:648)
	at java.base/java.lang.Thread.run(Thread.java:833)
Exception in thread "Thread-208" java.lang.NullPointerException: Cannot invoke "hk.ust.comp3021.utils.Query$QueryType.ordinal()" because the return value of "hk.ust.comp3021.utils.Query.getType()" is null
	at hk.ust.comp3021.MiniMendeleyEngine.processQuery(MiniMendeleyEngine.java:660)
	at hk.ust.comp3021.MiniMendeleyEngine.lambda$processConcurrentQuery$14(MiniMendeleyEngine.java:648)
	at java.base/java.lang.Thread.run(Thread.java:833)
Exception in thread "Thread-211" java.lang.NullPointerException: Cannot invoke "hk.ust.comp3021.utils.Query$QueryType.ordinal()" because the return value of "hk.ust.comp3021.utils.Query.getType()" is null
	at hk.ust.comp3021.MiniMendeleyEngine.processQuery(MiniMendeleyEngine.java:660)
	at hk.ust.comp3021.MiniMendeleyEngine.lambda$processConcurrentQuery$14(MiniMendeleyEngine.java:648)
	at java.base/java.lang.Thread.run(Thread.java:833)
Exception in thread "Thread-212" java.lang.NullPointerException: Cannot invoke "hk.ust.comp3021.utils.Query$QueryType.ordinal()" because the return value of "hk.ust.comp3021.utils.Query.getType()" is null
	at hk.ust.comp3021.MiniMendeleyEngine.processQuery(MiniMendeleyEngine.java:660)
	at hk.ust.comp3021.MiniMendeleyEngine.lambda$processConcurrentQuery$14(MiniMendeleyEngine.java:648)
	at java.base/java.lang.Thread.run(Thread.java:833)
Exception in thread "Thread-105" java.lang.NullPointerException: Cannot invoke "hk.ust.comp3021.utils.Query$QueryType.ordinal()" because the return value of "hk.ust.comp3021.utils.Query.getType()" is null
	at hk.ust.comp3021.MiniMendeleyEngine.processQuery(MiniMendeleyEngine.java:660)
	at hk.ust.comp3021.MiniMendeleyEngine.lambda$processConcurrentQuery$14(MiniMendeleyEngine.java:648)
	at java.base/java.lang.Thread.run(Thread.java:833)
Exception in thread "Thread-104" java.lang.NullPointerException: Cannot invoke "hk.ust.comp3021.utils.Query$QueryType.ordinal()" because the return value of "hk.ust.comp3021.utils.Query.getType()" is null
	at hk.ust.comp3021.MiniMendeleyEngine.processQuery(MiniMendeleyEngine.java:660)
	at hk.ust.comp3021.MiniMendeleyEngine.lambda$processConcurrentQuery$14(MiniMendeleyEngine.java:648)
	at java.base/java.lang.Thread.run(Thread.java:833)
Exception in thread "Thread-216" java.lang.NullPointerException: Cannot invoke "hk.ust.comp3021.utils.Query$QueryType.ordinal()" because the return value of "hk.ust.comp3021.utils.Query.getType()" is null
	at hk.ust.comp3021.MiniMendeleyEngine.processQuery(MiniMendeleyEngine.java:660)
	at hk.ust.comp3021.MiniMendeleyEngine.lambda$processConcurrentQuery$14(MiniMendeleyEngine.java:648)
	at java.base/java.lang.Thread.run(Thread.java:833)
Exception in thread "Thread-103" java.lang.NullPointerException: Cannot invoke "hk.ust.comp3021.utils.Query$QueryType.ordinal()" because the return value of "hk.ust.comp3021.utils.Query.getType()" is null
	at hk.ust.comp3021.MiniMendeleyEngine.processQuery(MiniMendeleyEngine.java:660)
	at hk.ust.comp3021.MiniMendeleyEngine.lambda$processConcurrentQuery$14(MiniMendeleyEngine.java:648)
	at java.base/java.lang.Thread.run(Thread.java:833)
Exception in thread "Thread-102" java.lang.NullPointerException: Cannot invoke "hk.ust.comp3021.utils.Query$QueryType.ordinal()" because the return value of "hk.ust.comp3021.utils.Query.getType()" is null
	at hk.ust.comp3021.MiniMendeleyEngine.processQuery(MiniMendeleyEngine.java:660)
	at hk.ust.comp3021.MiniMendeleyEngine.lambda$processConcurrentQuery$14(MiniMendeleyEngine.java:648)
	at java.base/java.lang.Thread.run(Thread.java:833)
Exception in thread "Thread-101" java.lang.NullPointerException: Cannot invoke "hk.ust.comp3021.utils.Query$QueryType.ordinal()" because the return value of "hk.ust.comp3021.utils.Query.getType()" is null
	at hk.ust.comp3021.MiniMendeleyEngine.processQuery(MiniMendeleyEngine.java:660)
	at hk.ust.comp3021.MiniMendeleyEngine.lambda$processConcurrentQuery$14(MiniMendeleyEngine.java:648)
	at java.base/java.lang.Thread.run(Thread.java:833)
Exception in thread "Thread-100" java.lang.NullPointerException: Cannot invoke "hk.ust.comp3021.utils.Query$QueryType.ordinal()" because the return value of "hk.ust.comp3021.utils.Query.getType()" is null
	at hk.ust.comp3021.MiniMendeleyEngine.processQuery(MiniMendeleyEngine.java:660)
	at hk.ust.comp3021.MiniMendeleyEngine.lambda$processConcurrentQuery$14(MiniMendeleyEngine.java:648)
	at java.base/java.lang.Thread.run(Thread.java:833)
Exception in thread "Thread-99" java.lang.NullPointerException: Cannot invoke "hk.ust.comp3021.utils.Query$QueryType.ordinal()" because the return value of "hk.ust.comp3021.utils.Query.getType()" is null
	at hk.ust.comp3021.MiniMendeleyEngine.processQuery(MiniMendeleyEngine.java:660)
	at hk.ust.comp3021.MiniMendeleyEngine.lambda$processConcurrentQuery$14(MiniMendeleyEngine.java:648)
	at java.base/java.lang.Thread.run(Thread.java:833)
Exception in thread "Thread-224" java.lang.NullPointerException: Cannot invoke "hk.ust.comp3021.utils.Query$QueryType.ordinal()" because the return value of "hk.ust.comp3021.utils.Query.getType()" is null
	at hk.ust.comp3021.MiniMendeleyEngine.processQuery(MiniMendeleyEngine.java:660)
	at hk.ust.comp3021.MiniMendeleyEngine.lambda$processConcurrentQuery$14(MiniMendeleyEngine.java:648)
	at java.base/java.lang.Thread.run(Thread.java:833)
Exception in thread "Thread-98" java.lang.NullPointerException: Cannot invoke "hk.ust.comp3021.utils.Query$QueryType.ordinal()" because the return value of "hk.ust.comp3021.utils.Query.getType()" is null
	at hk.ust.comp3021.MiniMendeleyEngine.processQuery(MiniMendeleyEngine.java:660)
	at hk.ust.comp3021.MiniMendeleyEngine.lambda$processConcurrentQuery$14(MiniMendeleyEngine.java:648)
	at java.base/java.lang.Thread.run(Thread.java:833)
Exception in thread "Thread-97" java.lang.NullPointerException: Cannot invoke "hk.ust.comp3021.utils.Query$QueryType.ordinal()" because the return value of "hk.ust.comp3021.utils.Query.getType()" is null
	at hk.ust.comp3021.MiniMendeleyEngine.processQuery(MiniMendeleyEngine.java:660)
	at hk.ust.comp3021.MiniMendeleyEngine.lambda$processConcurrentQuery$14(MiniMendeleyEngine.java:648)
	at java.base/java.lang.Thread.run(Thread.java:833)
Exception in thread "Thread-95" java.lang.NullPointerException: Cannot invoke "hk.ust.comp3021.utils.Query$QueryType.ordinal()" because the return value of "hk.ust.comp3021.utils.Query.getType()" is null
	at hk.ust.comp3021.MiniMendeleyEngine.processQuery(MiniMendeleyEngine.java:660)
	at hk.ust.comp3021.MiniMendeleyEngine.lambda$processConcurrentQuery$14(MiniMendeleyEngine.java:648)
	at java.base/java.lang.Thread.run(Thread.java:833)
Exception in thread "Thread-229" java.lang.NullPointerException: Cannot invoke "hk.ust.comp3021.utils.Query$QueryType.ordinal()" because the return value of "hk.ust.comp3021.utils.Query.getType()" is null
	at hk.ust.comp3021.MiniMendeleyEngine.processQuery(MiniMendeleyEngine.java:660)
	at hk.ust.comp3021.MiniMendeleyEngine.lambda$processConcurrentQuery$14(MiniMendeleyEngine.java:648)
	at java.base/java.lang.Thread.run(Thread.java:833)
Exception in thread "Thread-96" java.lang.NullPointerException: Cannot invoke "hk.ust.comp3021.utils.Query$QueryType.ordinal()" because the return value of "hk.ust.comp3021.utils.Query.getType()" is null
	at hk.ust.comp3021.MiniMendeleyEngine.processQuery(MiniMendeleyEngine.java:660)
	at hk.ust.comp3021.MiniMendeleyEngine.lambda$processConcurrentQuery$14(MiniMendeleyEngine.java:648)
	at java.base/java.lang.Thread.run(Thread.java:833)
Exception in thread "Thread-94" java.lang.NullPointerException: Cannot invoke "hk.ust.comp3021.utils.Query$QueryType.ordinal()" because the return value of "hk.ust.comp3021.utils.Query.getType()" is null
	at hk.ust.comp3021.MiniMendeleyEngine.processQuery(MiniMendeleyEngine.java:660)
	at hk.ust.comp3021.MiniMendeleyEngine.lambda$processConcurrentQuery$14(MiniMendeleyEngine.java:648)
	at java.base/java.lang.Thread.run(Thread.java:833)
Exception in thread "Thread-93" java.lang.NullPointerException: Cannot invoke "hk.ust.comp3021.utils.Query$QueryType.ordinal()" because the return value of "hk.ust.comp3021.utils.Query.getType()" is null
	at hk.ust.comp3021.MiniMendeleyEngine.processQuery(MiniMendeleyEngine.java:660)
	at hk.ust.comp3021.MiniMendeleyEngine.lambda$processConcurrentQuery$14(MiniMendeleyEngine.java:648)
	at java.base/java.lang.Thread.run(Thread.java:833)
Exception in thread "Thread-92" java.lang.NullPointerException: Cannot invoke "hk.ust.comp3021.utils.Query$QueryType.ordinal()" because the return value of "hk.ust.comp3021.utils.Query.getType()" is null
	at hk.ust.comp3021.MiniMendeleyEngine.processQuery(MiniMendeleyEngine.java:660)
	at hk.ust.comp3021.MiniMendeleyEngine.lambda$processConcurrentQuery$14(MiniMendeleyEngine.java:648)
	at java.base/java.lang.Thread.run(Thread.java:833)
Exception in thread "Thread-91" java.lang.NullPointerException: Cannot invoke "hk.ust.comp3021.utils.Query$QueryType.ordinal()" because the return value of "hk.ust.comp3021.utils.Query.getType()" is null
	at hk.ust.comp3021.MiniMendeleyEngine.processQuery(MiniMendeleyEngine.java:660)
	at hk.ust.comp3021.MiniMendeleyEngine.lambda$processConcurrentQuery$14(MiniMendeleyEngine.java:648)
	at java.base/java.lang.Thread.run(Thread.java:833)
Exception in thread "Thread-233" java.lang.NullPointerException: Cannot invoke "hk.ust.comp3021.utils.Query$QueryType.ordinal()" because the return value of "hk.ust.comp3021.utils.Query.getType()" is null
	at hk.ust.comp3021.MiniMendeleyEngine.processQuery(MiniMendeleyEngine.java:660)
	at hk.ust.comp3021.MiniMendeleyEngine.lambda$processConcurrentQuery$14(MiniMendeleyEngine.java:648)
	at java.base/java.lang.Thread.run(Thread.java:833)
Exception in thread "Thread-89" java.lang.NullPointerException: Cannot invoke "hk.ust.comp3021.utils.Query$QueryType.ordinal()" because the return value of "hk.ust.comp3021.utils.Query.getType()" is null
	at hk.ust.comp3021.MiniMendeleyEngine.processQuery(MiniMendeleyEngine.java:660)
	at hk.ust.comp3021.MiniMendeleyEngine.lambda$processConcurrentQuery$14(MiniMendeleyEngine.java:648)
	at java.base/java.lang.Thread.run(Thread.java:833)
Exception in thread "Thread-88" java.lang.NullPointerException: Cannot invoke "hk.ust.comp3021.utils.Query$QueryType.ordinal()" because the return value of "hk.ust.comp3021.utils.Query.getType()" is null
	at hk.ust.comp3021.MiniMendeleyEngine.processQuery(MiniMendeleyEngine.java:660)
	at hk.ust.comp3021.MiniMendeleyEngine.lambda$processConcurrentQuery$14(MiniMendeleyEngine.java:648)
	at java.base/java.lang.Thread.run(Thread.java:833)
Exception in thread "Thread-87" java.lang.NullPointerException: Cannot invoke "hk.ust.comp3021.utils.Query$QueryType.ordinal()" because the return value of "hk.ust.comp3021.utils.Query.getType()" is null
	at hk.ust.comp3021.MiniMendeleyEngine.processQuery(MiniMendeleyEngine.java:660)
	at hk.ust.comp3021.MiniMendeleyEngine.lambda$processConcurrentQuery$14(MiniMendeleyEngine.java:648)
	at java.base/java.lang.Thread.run(Thread.java:833)
Exception in thread "Thread-86" java.lang.NullPointerException: Cannot invoke "hk.ust.comp3021.utils.Query$QueryType.ordinal()" because the return value of "hk.ust.comp3021.utils.Query.getType()" is null
	at hk.ust.comp3021.MiniMendeleyEngine.processQuery(MiniMendeleyEngine.java:660)
	at hk.ust.comp3021.MiniMendeleyEngine.lambda$processConcurrentQuery$14(MiniMendeleyEngine.java:648)
	at java.base/java.lang.Thread.run(Thread.java:833)
Exception in thread "Thread-240" java.lang.NullPointerException: Cannot invoke "hk.ust.comp3021.utils.Query$QueryType.ordinal()" because the return value of "hk.ust.comp3021.utils.Query.getType()" is null
	at hk.ust.comp3021.MiniMendeleyEngine.processQuery(MiniMendeleyEngine.java:660)
	at hk.ust.comp3021.MiniMendeleyEngine.lambda$processConcurrentQuery$14(MiniMendeleyEngine.java:648)
	at java.base/java.lang.Thread.run(Thread.java:833)
Exception in thread "Thread-241" java.lang.NullPointerException: Cannot invoke "hk.ust.comp3021.utils.Query$QueryType.ordinal()" because the return value of "hk.ust.comp3021.utils.Query.getType()" is null
	at hk.ust.comp3021.MiniMendeleyEngine.processQuery(MiniMendeleyEngine.java:660)
	at hk.ust.comp3021.MiniMendeleyEngine.lambda$processConcurrentQuery$14(MiniMendeleyEngine.java:648)
	at java.base/java.lang.Thread.run(Thread.java:833)
Exception in thread "Thread-84" java.lang.NullPointerException: Cannot invoke "hk.ust.comp3021.utils.Query$QueryType.ordinal()" because the return value of "hk.ust.comp3021.utils.Query.getType()" is null
	at hk.ust.comp3021.MiniMendeleyEngine.processQuery(MiniMendeleyEngine.java:660)
	at hk.ust.comp3021.MiniMendeleyEngine.lambda$processConcurrentQuery$14(MiniMendeleyEngine.java:648)
	at java.base/java.lang.Thread.run(Thread.java:833)
Exception in thread "Thread-243" java.lang.NullPointerException: Cannot invoke "hk.ust.comp3021.utils.Query$QueryType.ordinal()" because the return value of "hk.ust.comp3021.utils.Query.getType()" is null
	at hk.ust.comp3021.MiniMendeleyEngine.processQuery(MiniMendeleyEngine.java:660)
	at hk.ust.comp3021.MiniMendeleyEngine.lambda$processConcurrentQuery$14(MiniMendeleyEngine.java:648)
	at java.base/java.lang.Thread.run(Thread.java:833)
Exception in thread "Thread-85" java.lang.NullPointerException: Cannot invoke "hk.ust.comp3021.utils.Query$QueryType.ordinal()" because the return value of "hk.ust.comp3021.utils.Query.getType()" is null
	at hk.ust.comp3021.MiniMendeleyEngine.processQuery(MiniMendeleyEngine.java:660)
	at hk.ust.comp3021.MiniMendeleyEngine.lambda$processConcurrentQuery$14(MiniMendeleyEngine.java:648)
	at java.base/java.lang.Thread.run(Thread.java:833)
Exception in thread "Thread-83" java.lang.NullPointerException: Cannot invoke "hk.ust.comp3021.utils.Query$QueryType.ordinal()" because the return value of "hk.ust.comp3021.utils.Query.getType()" is null
	at hk.ust.comp3021.MiniMendeleyEngine.processQuery(MiniMendeleyEngine.java:660)
	at hk.ust.comp3021.MiniMendeleyEngine.lambda$processConcurrentQuery$14(MiniMendeleyEngine.java:648)
	at java.base/java.lang.Thread.run(Thread.java:833)
Exception in thread "Thread-82" java.lang.NullPointerException: Cannot invoke "hk.ust.comp3021.utils.Query$QueryType.ordinal()" because the return value of "hk.ust.comp3021.utils.Query.getType()" is null
	at hk.ust.comp3021.MiniMendeleyEngine.processQuery(MiniMendeleyEngine.java:660)
	at hk.ust.comp3021.MiniMendeleyEngine.lambda$processConcurrentQuery$14(MiniMendeleyEngine.java:648)
	at java.base/java.lang.Thread.run(Thread.java:833)
Exception in thread "Thread-244" java.lang.NullPointerException: Cannot invoke "hk.ust.comp3021.utils.Query$QueryType.ordinal()" because the return value of "hk.ust.comp3021.utils.Query.getType()" is null
	at hk.ust.comp3021.MiniMendeleyEngine.processQuery(MiniMendeleyEngine.java:660)
	at hk.ust.comp3021.MiniMendeleyEngine.lambda$processConcurrentQuery$14(MiniMendeleyEngine.java:648)
	at java.base/java.lang.Thread.run(Thread.java:833)
Exception in thread "Thread-247" java.lang.NullPointerException: Cannot invoke "hk.ust.comp3021.utils.Query$QueryType.ordinal()" because the return value of "hk.ust.comp3021.utils.Query.getType()" is null
	at hk.ust.comp3021.MiniMendeleyEngine.processQuery(MiniMendeleyEngine.java:660)
	at hk.ust.comp3021.MiniMendeleyEngine.lambda$processConcurrentQuery$14(MiniMendeleyEngine.java:648)
	at java.base/java.lang.Thread.run(Thread.java:833)
Exception in thread "Thread-80" java.lang.NullPointerException: Cannot invoke "hk.ust.comp3021.utils.Query$QueryType.ordinal()" because the return value of "hk.ust.comp3021.utils.Query.getType()" is null
	at hk.ust.comp3021.MiniMendeleyEngine.processQuery(MiniMendeleyEngine.java:660)
	at hk.ust.comp3021.MiniMendeleyEngine.lambda$processConcurrentQuery$14(MiniMendeleyEngine.java:648)
	at java.base/java.lang.Thread.run(Thread.java:833)
Exception in thread "Thread-81" java.lang.NullPointerException: Cannot invoke "hk.ust.comp3021.utils.Query$QueryType.ordinal()" because the return value of "hk.ust.comp3021.utils.Query.getType()" is null
	at hk.ust.comp3021.MiniMendeleyEngine.processQuery(MiniMendeleyEngine.java:660)
	at hk.ust.comp3021.MiniMendeleyEngine.lambda$processConcurrentQuery$14(MiniMendeleyEngine.java:648)
	at java.base/java.lang.Thread.run(Thread.java:833)
Exception in thread "Thread-249" java.lang.NullPointerException: Cannot invoke "hk.ust.comp3021.utils.Query$QueryType.ordinal()" because the return value of "hk.ust.comp3021.utils.Query.getType()" is null
	at hk.ust.comp3021.MiniMendeleyEngine.processQuery(MiniMendeleyEngine.java:660)
	at hk.ust.comp3021.MiniMendeleyEngine.lambda$processConcurrentQuery$14(MiniMendeleyEngine.java:648)
	at java.base/java.lang.Thread.run(Thread.java:833)
Exception in thread "Thread-78" java.lang.NullPointerException: Cannot invoke "hk.ust.comp3021.utils.Query$QueryType.ordinal()" because the return value of "hk.ust.comp3021.utils.Query.getType()" is null
	at hk.ust.comp3021.MiniMendeleyEngine.processQuery(MiniMendeleyEngine.java:660)
	at hk.ust.comp3021.MiniMendeleyEngine.lambda$processConcurrentQuery$14(MiniMendeleyEngine.java:648)
	at java.base/java.lang.Thread.run(Thread.java:833)
Exception in thread "Thread-77" java.lang.NullPointerException: Cannot invoke "hk.ust.comp3021.utils.Query$QueryType.ordinal()" because the return value of "hk.ust.comp3021.utils.Query.getType()" is null
	at hk.ust.comp3021.MiniMendeleyEngine.processQuery(MiniMendeleyEngine.java:660)
	at hk.ust.comp3021.MiniMendeleyEngine.lambda$processConcurrentQuery$14(MiniMendeleyEngine.java:648)
	at java.base/java.lang.Thread.run(Thread.java:833)
Exception in thread "Thread-251" java.lang.NullPointerException: Cannot invoke "hk.ust.comp3021.utils.Query$QueryType.ordinal()" because the return value of "hk.ust.comp3021.utils.Query.getType()" is null
	at hk.ust.comp3021.MiniMendeleyEngine.processQuery(MiniMendeleyEngine.java:660)
	at hk.ust.comp3021.MiniMendeleyEngine.lambda$processConcurrentQuery$14(MiniMendeleyEngine.java:648)
	at java.base/java.lang.Thread.run(Thread.java:833)
Exception in thread "Thread-76" java.lang.NullPointerException: Cannot invoke "hk.ust.comp3021.utils.Query$QueryType.ordinal()" because the return value of "hk.ust.comp3021.utils.Query.getType()" is null
	at hk.ust.comp3021.MiniMendeleyEngine.processQuery(MiniMendeleyEngine.java:660)
	at hk.ust.comp3021.MiniMendeleyEngine.lambda$processConcurrentQuery$14(MiniMendeleyEngine.java:648)
	at java.base/java.lang.Thread.run(Thread.java:833)
Exception in thread "Thread-75" java.lang.NullPointerException: Cannot invoke "hk.ust.comp3021.utils.Query$QueryType.ordinal()" because the return value of "hk.ust.comp3021.utils.Query.getType()" is null
	at hk.ust.comp3021.MiniMendeleyEngine.processQuery(MiniMendeleyEngine.java:660)
	at hk.ust.comp3021.MiniMendeleyEngine.lambda$processConcurrentQuery$14(MiniMendeleyEngine.java:648)
	at java.base/java.lang.Thread.run(Thread.java:833)
Exception in thread "Thread-255" java.lang.NullPointerException: Cannot invoke "hk.ust.comp3021.utils.Query$QueryType.ordinal()" because the return value of "hk.ust.comp3021.utils.Query.getType()" is null
	at hk.ust.comp3021.MiniMendeleyEngine.processQuery(MiniMendeleyEngine.java:660)
	at hk.ust.comp3021.MiniMendeleyEngine.lambda$processConcurrentQuery$14(MiniMendeleyEngine.java:648)
	at java.base/java.lang.Thread.run(Thread.java:833)
Exception in thread "Thread-257" java.lang.NullPointerException: Cannot invoke "hk.ust.comp3021.utils.Query$QueryType.ordinal()" because the return value of "hk.ust.comp3021.utils.Query.getType()" is null
	at hk.ust.comp3021.MiniMendeleyEngine.processQuery(MiniMendeleyEngine.java:660)
	at hk.ust.comp3021.MiniMendeleyEngine.lambda$processConcurrentQuery$14(MiniMendeleyEngine.java:648)
	at java.base/java.lang.Thread.run(Thread.java:833)
Exception in thread "Thread-258" java.lang.NullPointerException: Cannot invoke "hk.ust.comp3021.utils.Query$QueryType.ordinal()" because the return value of "hk.ust.comp3021.utils.Query.getType()" is null
	at hk.ust.comp3021.MiniMendeleyEngine.processQuery(MiniMendeleyEngine.java:660)
	at hk.ust.comp3021.MiniMendeleyEngine.lambda$processConcurrentQuery$14(MiniMendeleyEngine.java:648)
	at java.base/java.lang.Thread.run(Thread.java:833)
Exception in thread "Thread-73" java.lang.NullPointerException: Cannot invoke "hk.ust.comp3021.utils.Query$QueryType.ordinal()" because the return value of "hk.ust.comp3021.utils.Query.getType()" is null
	at hk.ust.comp3021.MiniMendeleyEngine.processQuery(MiniMendeleyEngine.java:660)
	at hk.ust.comp3021.MiniMendeleyEngine.lambda$processConcurrentQuery$14(MiniMendeleyEngine.java:648)
	at java.base/java.lang.Thread.run(Thread.java:833)
Exception in thread "Thread-72" java.lang.NullPointerException: Cannot invoke "hk.ust.comp3021.utils.Query$QueryType.ordinal()" because the return value of "hk.ust.comp3021.utils.Query.getType()" is null
	at hk.ust.comp3021.MiniMendeleyEngine.processQuery(MiniMendeleyEngine.java:660)
	at hk.ust.comp3021.MiniMendeleyEngine.lambda$processConcurrentQuery$14(MiniMendeleyEngine.java:648)
	at java.base/java.lang.Thread.run(Thread.java:833)
Exception in thread "Thread-260" java.lang.NullPointerException: Cannot invoke "hk.ust.comp3021.utils.Query$QueryType.ordinal()" because the return value of "hk.ust.comp3021.utils.Query.getType()" is null
	at hk.ust.comp3021.MiniMendeleyEngine.processQuery(MiniMendeleyEngine.java:660)
	at hk.ust.comp3021.MiniMendeleyEngine.lambda$processConcurrentQuery$14(MiniMendeleyEngine.java:648)
	at java.base/java.lang.Thread.run(Thread.java:833)
Exception in thread "Thread-71" java.lang.NullPointerException: Cannot invoke "hk.ust.comp3021.utils.Query$QueryType.ordinal()" because the return value of "hk.ust.comp3021.utils.Query.getType()" is null
	at hk.ust.comp3021.MiniMendeleyEngine.processQuery(MiniMendeleyEngine.java:660)
	at hk.ust.comp3021.MiniMendeleyEngine.lambda$processConcurrentQuery$14(MiniMendeleyEngine.java:648)
	at java.base/java.lang.Thread.run(Thread.java:833)
Exception in thread "Thread-69" java.lang.NullPointerException: Cannot invoke "hk.ust.comp3021.utils.Query$QueryType.ordinal()" because the return value of "hk.ust.comp3021.utils.Query.getType()" is null
	at hk.ust.comp3021.MiniMendeleyEngine.processQuery(MiniMendeleyEngine.java:660)
	at hk.ust.comp3021.MiniMendeleyEngine.lambda$processConcurrentQuery$14(MiniMendeleyEngine.java:648)
	at java.base/java.lang.Thread.run(Thread.java:833)
Exception in thread "Thread-262" java.lang.NullPointerException: Cannot invoke "hk.ust.comp3021.utils.Query$QueryType.ordinal()" because the return value of "hk.ust.comp3021.utils.Query.getType()" is null
	at hk.ust.comp3021.MiniMendeleyEngine.processQuery(MiniMendeleyEngine.java:660)
	at hk.ust.comp3021.MiniMendeleyEngine.lambda$processConcurrentQuery$14(MiniMendeleyEngine.java:648)
	at java.base/java.lang.Thread.run(Thread.java:833)
Exception in thread "Thread-67" java.lang.NullPointerException: Cannot invoke "hk.ust.comp3021.utils.Query$QueryType.ordinal()" because the return value of "hk.ust.comp3021.utils.Query.getType()" is null
	at hk.ust.comp3021.MiniMendeleyEngine.processQuery(MiniMendeleyEngine.java:660)
	at hk.ust.comp3021.MiniMendeleyEngine.lambda$processConcurrentQuery$14(MiniMendeleyEngine.java:648)
	at java.base/java.lang.Thread.run(Thread.java:833)
Exception in thread "Thread-65" java.lang.NullPointerException: Cannot invoke "hk.ust.comp3021.utils.Query$QueryType.ordinal()" because the return value of "hk.ust.comp3021.utils.Query.getType()" is null
	at hk.ust.comp3021.MiniMendeleyEngine.processQuery(MiniMendeleyEngine.java:660)
	at hk.ust.comp3021.MiniMendeleyEngine.lambda$processConcurrentQuery$14(MiniMendeleyEngine.java:648)
	at java.base/java.lang.Thread.run(Thread.java:833)
Exception in thread "Thread-66" java.lang.NullPointerException: Cannot invoke "hk.ust.comp3021.utils.Query$QueryType.ordinal()" because the return value of "hk.ust.comp3021.utils.Query.getType()" is null
	at hk.ust.comp3021.MiniMendeleyEngine.processQuery(MiniMendeleyEngine.java:660)
	at hk.ust.comp3021.MiniMendeleyEngine.lambda$processConcurrentQuery$14(MiniMendeleyEngine.java:648)
	at java.base/java.lang.Thread.run(Thread.java:833)
Exception in thread "Thread-63" java.lang.NullPointerException: Cannot invoke "hk.ust.comp3021.utils.Query$QueryType.ordinal()" because the return value of "hk.ust.comp3021.utils.Query.getType()" is null
	at hk.ust.comp3021.MiniMendeleyEngine.processQuery(MiniMendeleyEngine.java:660)
	at hk.ust.comp3021.MiniMendeleyEngine.lambda$processConcurrentQuery$14(MiniMendeleyEngine.java:648)
	at java.base/java.lang.Thread.run(Thread.java:833)
Exception in thread "Thread-265" java.lang.NullPointerException: Cannot invoke "hk.ust.comp3021.utils.Query$QueryType.ordinal()" because the return value of "hk.ust.comp3021.utils.Query.getType()" is null
	at hk.ust.comp3021.MiniMendeleyEngine.processQuery(MiniMendeleyEngine.java:660)
	at hk.ust.comp3021.MiniMendeleyEngine.lambda$processConcurrentQuery$14(MiniMendeleyEngine.java:648)
	at java.base/java.lang.Thread.run(Thread.java:833)
Exception in thread "Thread-62" java.lang.NullPointerException: Cannot invoke "hk.ust.comp3021.utils.Query$QueryType.ordinal()" because the return value of "hk.ust.comp3021.utils.Query.getType()" is null
	at hk.ust.comp3021.MiniMendeleyEngine.processQuery(MiniMendeleyEngine.java:660)
	at hk.ust.comp3021.MiniMendeleyEngine.lambda$processConcurrentQuery$14(MiniMendeleyEngine.java:648)
	at java.base/java.lang.Thread.run(Thread.java:833)
Exception in thread "Thread-266" java.lang.NullPointerException: Cannot invoke "hk.ust.comp3021.utils.Query$QueryType.ordinal()" because the return value of "hk.ust.comp3021.utils.Query.getType()" is null
	at hk.ust.comp3021.MiniMendeleyEngine.processQuery(MiniMendeleyEngine.java:660)
	at hk.ust.comp3021.MiniMendeleyEngine.lambda$processConcurrentQuery$14(MiniMendeleyEngine.java:648)
	at java.base/java.lang.Thread.run(Thread.java:833)
Exception in thread "Thread-61" java.lang.NullPointerException: Cannot invoke "hk.ust.comp3021.utils.Query$QueryType.ordinal()" because the return value of "hk.ust.comp3021.utils.Query.getType()" is null
	at hk.ust.comp3021.MiniMendeleyEngine.processQuery(MiniMendeleyEngine.java:660)
	at hk.ust.comp3021.MiniMendeleyEngine.lambda$processConcurrentQuery$14(MiniMendeleyEngine.java:648)
	at java.base/java.lang.Thread.run(Thread.java:833)
Exception in thread "Thread-267" java.lang.NullPointerException: Cannot invoke "hk.ust.comp3021.utils.Query$QueryType.ordinal()" because the return value of "hk.ust.comp3021.utils.Query.getType()" is null
	at hk.ust.comp3021.MiniMendeleyEngine.processQuery(MiniMendeleyEngine.java:660)
	at hk.ust.comp3021.MiniMendeleyEngine.lambda$processConcurrentQuery$14(MiniMendeleyEngine.java:648)
	at java.base/java.lang.Thread.run(Thread.java:833)
Exception in thread "Thread-59" java.lang.NullPointerException: Cannot invoke "hk.ust.comp3021.utils.Query$QueryType.ordinal()" because the return value of "hk.ust.comp3021.utils.Query.getType()" is null
	at hk.ust.comp3021.MiniMendeleyEngine.processQuery(MiniMendeleyEngine.java:660)
	at hk.ust.comp3021.MiniMendeleyEngine.lambda$processConcurrentQuery$14(MiniMendeleyEngine.java:648)
	at java.base/java.lang.Thread.run(Thread.java:833)
Exception in thread "Thread-58" java.lang.NullPointerException: Cannot invoke "hk.ust.comp3021.utils.Query$QueryType.ordinal()" because the return value of "hk.ust.comp3021.utils.Query.getType()" is null
	at hk.ust.comp3021.MiniMendeleyEngine.processQuery(MiniMendeleyEngine.java:660)
	at hk.ust.comp3021.MiniMendeleyEngine.lambda$processConcurrentQuery$14(MiniMendeleyEngine.java:648)
	at java.base/java.lang.Thread.run(Thread.java:833)
Exception in thread "Thread-268" java.lang.NullPointerException: Cannot invoke "hk.ust.comp3021.utils.Query$QueryType.ordinal()" because the return value of "hk.ust.comp3021.utils.Query.getType()" is null
	at hk.ust.comp3021.MiniMendeleyEngine.processQuery(MiniMendeleyEngine.java:660)
	at hk.ust.comp3021.MiniMendeleyEngine.lambda$processConcurrentQuery$14(MiniMendeleyEngine.java:648)
	at java.base/java.lang.Thread.run(Thread.java:833)
Exception in thread "Thread-57" java.lang.NullPointerException: Cannot invoke "hk.ust.comp3021.utils.Query$QueryType.ordinal()" because the return value of "hk.ust.comp3021.utils.Query.getType()" is null
	at hk.ust.comp3021.MiniMendeleyEngine.processQuery(MiniMendeleyEngine.java:660)
	at hk.ust.comp3021.MiniMendeleyEngine.lambda$processConcurrentQuery$14(MiniMendeleyEngine.java:648)
	at java.base/java.lang.Thread.run(Thread.java:833)
Exception in thread "Thread-270" java.lang.NullPointerException: Cannot invoke "hk.ust.comp3021.utils.Query$QueryType.ordinal()" because the return value of "hk.ust.comp3021.utils.Query.getType()" is null
	at hk.ust.comp3021.MiniMendeleyEngine.processQuery(MiniMendeleyEngine.java:660)
	at hk.ust.comp3021.MiniMendeleyEngine.lambda$processConcurrentQuery$14(MiniMendeleyEngine.java:648)
	at java.base/java.lang.Thread.run(Thread.java:833)
Exception in thread "Thread-272" java.lang.NullPointerException: Cannot invoke "hk.ust.comp3021.utils.Query$QueryType.ordinal()" because the return value of "hk.ust.comp3021.utils.Query.getType()" is null
	at hk.ust.comp3021.MiniMendeleyEngine.processQuery(MiniMendeleyEngine.java:660)
	at hk.ust.comp3021.MiniMendeleyEngine.lambda$processConcurrentQuery$14(MiniMendeleyEngine.java:648)
	at java.base/java.lang.Thread.run(Thread.java:833)
Exception in thread "Thread-273" java.lang.NullPointerException: Cannot invoke "hk.ust.comp3021.utils.Query$QueryType.ordinal()" because the return value of "hk.ust.comp3021.utils.Query.getType()" is null
	at hk.ust.comp3021.MiniMendeleyEngine.processQuery(MiniMendeleyEngine.java:660)
	at hk.ust.comp3021.MiniMendeleyEngine.lambda$processConcurrentQuery$14(MiniMendeleyEngine.java:648)
	at java.base/java.lang.Thread.run(Thread.java:833)
Exception in thread "Thread-274" java.lang.NullPointerException: Cannot invoke "hk.ust.comp3021.utils.Query$QueryType.ordinal()" because the return value of "hk.ust.comp3021.utils.Query.getType()" is null
	at hk.ust.comp3021.MiniMendeleyEngine.processQuery(MiniMendeleyEngine.java:660)
	at hk.ust.comp3021.MiniMendeleyEngine.lambda$processConcurrentQuery$14(MiniMendeleyEngine.java:648)
	at java.base/java.lang.Thread.run(Thread.java:833)
Exception in thread "Thread-56" java.lang.NullPointerException: Cannot invoke "hk.ust.comp3021.utils.Query$QueryType.ordinal()" because the return value of "hk.ust.comp3021.utils.Query.getType()" is null
	at hk.ust.comp3021.MiniMendeleyEngine.processQuery(MiniMendeleyEngine.java:660)
	at hk.ust.comp3021.MiniMendeleyEngine.lambda$processConcurrentQuery$14(MiniMendeleyEngine.java:648)
	at java.base/java.lang.Thread.run(Thread.java:833)
Exception in thread "Thread-55" java.lang.NullPointerException: Cannot invoke "hk.ust.comp3021.utils.Query$QueryType.ordinal()" because the return value of "hk.ust.comp3021.utils.Query.getType()" is null
	at hk.ust.comp3021.MiniMendeleyEngine.processQuery(MiniMendeleyEngine.java:660)
	at hk.ust.comp3021.MiniMendeleyEngine.lambda$processConcurrentQuery$14(MiniMendeleyEngine.java:648)
	at java.base/java.lang.Thread.run(Thread.java:833)
Exception in thread "Thread-54" java.lang.NullPointerException: Cannot invoke "hk.ust.comp3021.utils.Query$QueryType.ordinal()" because the return value of "hk.ust.comp3021.utils.Query.getType()" is null
	at hk.ust.comp3021.MiniMendeleyEngine.processQuery(MiniMendeleyEngine.java:660)
	at hk.ust.comp3021.MiniMendeleyEngine.lambda$processConcurrentQuery$14(MiniMendeleyEngine.java:648)
	at java.base/java.lang.Thread.run(Thread.java:833)
Exception in thread "Thread-52" java.lang.NullPointerException: Cannot invoke "hk.ust.comp3021.utils.Query$QueryType.ordinal()" because the return value of "hk.ust.comp3021.utils.Query.getType()" is null
	at hk.ust.comp3021.MiniMendeleyEngine.processQuery(MiniMendeleyEngine.java:660)
	at hk.ust.comp3021.MiniMendeleyEngine.lambda$processConcurrentQuery$14(MiniMendeleyEngine.java:648)
	at java.base/java.lang.Thread.run(Thread.java:833)
Exception in thread "Thread-275" java.lang.NullPointerException: Cannot invoke "hk.ust.comp3021.utils.Query$QueryType.ordinal()" because the return value of "hk.ust.comp3021.utils.Query.getType()" is null
	at hk.ust.comp3021.MiniMendeleyEngine.processQuery(MiniMendeleyEngine.java:660)
	at hk.ust.comp3021.MiniMendeleyEngine.lambda$processConcurrentQuery$14(MiniMendeleyEngine.java:648)
	at java.base/java.lang.Thread.run(Thread.java:833)
Exception in thread "Thread-53" java.lang.NullPointerException: Cannot invoke "hk.ust.comp3021.utils.Query$QueryType.ordinal()" because the return value of "hk.ust.comp3021.utils.Query.getType()" is null
	at hk.ust.comp3021.MiniMendeleyEngine.processQuery(MiniMendeleyEngine.java:660)
	at hk.ust.comp3021.MiniMendeleyEngine.lambda$processConcurrentQuery$14(MiniMendeleyEngine.java:648)
	at java.base/java.lang.Thread.run(Thread.java:833)
Exception in thread "Thread-279" java.lang.NullPointerException: Cannot invoke "hk.ust.comp3021.utils.Query$QueryType.ordinal()" because the return value of "hk.ust.comp3021.utils.Query.getType()" is null
	at hk.ust.comp3021.MiniMendeleyEngine.processQuery(MiniMendeleyEngine.java:660)
	at hk.ust.comp3021.MiniMendeleyEngine.lambda$processConcurrentQuery$14(MiniMendeleyEngine.java:648)
	at java.base/java.lang.Thread.run(Thread.java:833)
Exception in thread "Thread-51" java.lang.NullPointerException: Cannot invoke "hk.ust.comp3021.utils.Query$QueryType.ordinal()" because the return value of "hk.ust.comp3021.utils.Query.getType()" is null
	at hk.ust.comp3021.MiniMendeleyEngine.processQuery(MiniMendeleyEngine.java:660)
	at hk.ust.comp3021.MiniMendeleyEngine.lambda$processConcurrentQuery$14(MiniMendeleyEngine.java:648)
	at java.base/java.lang.Thread.run(Thread.java:833)
Exception in thread "Thread-49" java.lang.NullPointerException: Cannot invoke "hk.ust.comp3021.utils.Query$QueryType.ordinal()" because the return value of "hk.ust.comp3021.utils.Query.getType()" is null
	at hk.ust.comp3021.MiniMendeleyEngine.processQuery(MiniMendeleyEngine.java:660)
	at hk.ust.comp3021.MiniMendeleyEngine.lambda$processConcurrentQuery$14(MiniMendeleyEngine.java:648)
	at java.base/java.lang.Thread.run(Thread.java:833)
Exception in thread "Thread-50" java.lang.NullPointerException: Cannot invoke "hk.ust.comp3021.utils.Query$QueryType.ordinal()" because the return value of "hk.ust.comp3021.utils.Query.getType()" is null
	at hk.ust.comp3021.MiniMendeleyEngine.processQuery(MiniMendeleyEngine.java:660)
	at hk.ust.comp3021.MiniMendeleyEngine.lambda$processConcurrentQuery$14(MiniMendeleyEngine.java:648)
	at java.base/java.lang.Thread.run(Thread.java:833)
Exception in thread "Thread-281" java.lang.NullPointerException: Cannot invoke "hk.ust.comp3021.utils.Query$QueryType.ordinal()" because the return value of "hk.ust.comp3021.utils.Query.getType()" is null
	at hk.ust.comp3021.MiniMendeleyEngine.processQuery(MiniMendeleyEngine.java:660)
	at hk.ust.comp3021.MiniMendeleyEngine.lambda$processConcurrentQuery$14(MiniMendeleyEngine.java:648)
	at java.base/java.lang.Thread.run(Thread.java:833)
Exception in thread "Thread-48" java.lang.NullPointerException: Cannot invoke "hk.ust.comp3021.utils.Query$QueryType.ordinal()" because the return value of "hk.ust.comp3021.utils.Query.getType()" is null
	at hk.ust.comp3021.MiniMendeleyEngine.processQuery(MiniMendeleyEngine.java:660)
	at hk.ust.comp3021.MiniMendeleyEngine.lambda$processConcurrentQuery$14(MiniMendeleyEngine.java:648)
	at java.base/java.lang.Thread.run(Thread.java:833)
Exception in thread "Thread-282" java.lang.NullPointerException: Cannot invoke "hk.ust.comp3021.utils.Query$QueryType.ordinal()" because the return value of "hk.ust.comp3021.utils.Query.getType()" is null
	at hk.ust.comp3021.MiniMendeleyEngine.processQuery(MiniMendeleyEngine.java:660)
	at hk.ust.comp3021.MiniMendeleyEngine.lambda$processConcurrentQuery$14(MiniMendeleyEngine.java:648)
	at java.base/java.lang.Thread.run(Thread.java:833)
Exception in thread "Thread-47" java.lang.NullPointerException: Cannot invoke "hk.ust.comp3021.utils.Query$QueryType.ordinal()" because the return value of "hk.ust.comp3021.utils.Query.getType()" is null
	at hk.ust.comp3021.MiniMendeleyEngine.processQuery(MiniMendeleyEngine.java:660)
	at hk.ust.comp3021.MiniMendeleyEngine.lambda$processConcurrentQuery$14(MiniMendeleyEngine.java:648)
	at java.base/java.lang.Thread.run(Thread.java:833)
Exception in thread "Thread-45" java.lang.NullPointerException: Cannot invoke "hk.ust.comp3021.utils.Query$QueryType.ordinal()" because the return value of "hk.ust.comp3021.utils.Query.getType()" is null
	at hk.ust.comp3021.MiniMendeleyEngine.processQuery(MiniMendeleyEngine.java:660)
	at hk.ust.comp3021.MiniMendeleyEngine.lambda$processConcurrentQuery$14(MiniMendeleyEngine.java:648)
	at java.base/java.lang.Thread.run(Thread.java:833)
Exception in thread "Thread-283" java.lang.NullPointerException: Cannot invoke "hk.ust.comp3021.utils.Query$QueryType.ordinal()" because the return value of "hk.ust.comp3021.utils.Query.getType()" is null
	at hk.ust.comp3021.MiniMendeleyEngine.processQuery(MiniMendeleyEngine.java:660)
	at hk.ust.comp3021.MiniMendeleyEngine.lambda$processConcurrentQuery$14(MiniMendeleyEngine.java:648)
	at java.base/java.lang.Thread.run(Thread.java:833)
Exception in thread "Thread-285" java.lang.NullPointerException: Cannot invoke "hk.ust.comp3021.utils.Query$QueryType.ordinal()" because the return value of "hk.ust.comp3021.utils.Query.getType()" is null
	at hk.ust.comp3021.MiniMendeleyEngine.processQuery(MiniMendeleyEngine.java:660)
	at hk.ust.comp3021.MiniMendeleyEngine.lambda$processConcurrentQuery$14(MiniMendeleyEngine.java:648)
	at java.base/java.lang.Thread.run(Thread.java:833)
Exception in thread "Thread-286" java.lang.NullPointerException: Cannot invoke "hk.ust.comp3021.utils.Query$QueryType.ordinal()" because the return value of "hk.ust.comp3021.utils.Query.getType()" is null
	at hk.ust.comp3021.MiniMendeleyEngine.processQuery(MiniMendeleyEngine.java:660)
	at hk.ust.comp3021.MiniMendeleyEngine.lambda$processConcurrentQuery$14(MiniMendeleyEngine.java:648)
	at java.base/java.lang.Thread.run(Thread.java:833)
Exception in thread "Thread-287" java.lang.NullPointerException: Cannot invoke "hk.ust.comp3021.utils.Query$QueryType.ordinal()" because the return value of "hk.ust.comp3021.utils.Query.getType()" is null
	at hk.ust.comp3021.MiniMendeleyEngine.processQuery(MiniMendeleyEngine.java:660)
	at hk.ust.comp3021.MiniMendeleyEngine.lambda$processConcurrentQuery$14(MiniMendeleyEngine.java:648)
	at java.base/java.lang.Thread.run(Thread.java:833)
Exception in thread "Thread-44" java.lang.NullPointerException: Cannot invoke "hk.ust.comp3021.utils.Query$QueryType.ordinal()" because the return value of "hk.ust.comp3021.utils.Query.getType()" is null
	at hk.ust.comp3021.MiniMendeleyEngine.processQuery(MiniMendeleyEngine.java:660)
	at hk.ust.comp3021.MiniMendeleyEngine.lambda$processConcurrentQuery$14(MiniMendeleyEngine.java:648)
	at java.base/java.lang.Thread.run(Thread.java:833)
Exception in thread "Thread-288" java.lang.NullPointerException: Cannot invoke "hk.ust.comp3021.utils.Query$QueryType.ordinal()" because the return value of "hk.ust.comp3021.utils.Query.getType()" is null
	at hk.ust.comp3021.MiniMendeleyEngine.processQuery(MiniMendeleyEngine.java:660)
	at hk.ust.comp3021.MiniMendeleyEngine.lambda$processConcurrentQuery$14(MiniMendeleyEngine.java:648)
	at java.base/java.lang.Thread.run(Thread.java:833)
Exception in thread "Thread-284" java.lang.NullPointerException: Cannot invoke "hk.ust.comp3021.utils.Query$QueryType.ordinal()" because the return value of "hk.ust.comp3021.utils.Query.getType()" is null
	at hk.ust.comp3021.MiniMendeleyEngine.processQuery(MiniMendeleyEngine.java:660)
	at hk.ust.comp3021.MiniMendeleyEngine.lambda$processConcurrentQuery$14(MiniMendeleyEngine.java:648)
	at java.base/java.lang.Thread.run(Thread.java:833)
Exception in thread "Thread-280" java.lang.NullPointerException: Cannot invoke "hk.ust.comp3021.utils.Query$QueryType.ordinal()" because the return value of "hk.ust.comp3021.utils.Query.getType()" is null
	at hk.ust.comp3021.MiniMendeleyEngine.processQuery(MiniMendeleyEngine.java:660)
	at hk.ust.comp3021.MiniMendeleyEngine.lambda$processConcurrentQuery$14(MiniMendeleyEngine.java:648)
	at java.base/java.lang.Thread.run(Thread.java:833)
Exception in thread "Thread-277" java.lang.NullPointerException: Cannot invoke "hk.ust.comp3021.utils.Query$QueryType.ordinal()" because the return value of "hk.ust.comp3021.utils.Query.getType()" is null
	at hk.ust.comp3021.MiniMendeleyEngine.processQuery(MiniMendeleyEngine.java:660)
	at hk.ust.comp3021.MiniMendeleyEngine.lambda$processConcurrentQuery$14(MiniMendeleyEngine.java:648)
	at java.base/java.lang.Thread.run(Thread.java:833)
Exception in thread "Thread-276" java.lang.NullPointerException: Cannot invoke "hk.ust.comp3021.utils.Query$QueryType.ordinal()" because the return value of "hk.ust.comp3021.utils.Query.getType()" is null
	at hk.ust.comp3021.MiniMendeleyEngine.processQuery(MiniMendeleyEngine.java:660)
	at hk.ust.comp3021.MiniMendeleyEngine.lambda$processConcurrentQuery$14(MiniMendeleyEngine.java:648)
	at java.base/java.lang.Thread.run(Thread.java:833)
Exception in thread "Thread-278" java.lang.NullPointerException: Cannot invoke "hk.ust.comp3021.utils.Query$QueryType.ordinal()" because the return value of "hk.ust.comp3021.utils.Query.getType()" is null
	at hk.ust.comp3021.MiniMendeleyEngine.processQuery(MiniMendeleyEngine.java:660)
	at hk.ust.comp3021.MiniMendeleyEngine.lambda$processConcurrentQuery$14(MiniMendeleyEngine.java:648)
	at java.base/java.lang.Thread.run(Thread.java:833)
Exception in thread "Thread-291" java.lang.NullPointerException: Cannot invoke "hk.ust.comp3021.utils.Query$QueryType.ordinal()" because the return value of "hk.ust.comp3021.utils.Query.getType()" is null
	at hk.ust.comp3021.MiniMendeleyEngine.processQuery(MiniMendeleyEngine.java:660)
	at hk.ust.comp3021.MiniMendeleyEngine.lambda$processConcurrentQuery$14(MiniMendeleyEngine.java:648)
	at java.base/java.lang.Thread.run(Thread.java:833)
Exception in thread "Thread-271" java.lang.NullPointerException: Cannot invoke "hk.ust.comp3021.utils.Query$QueryType.ordinal()" because the return value of "hk.ust.comp3021.utils.Query.getType()" is null
	at hk.ust.comp3021.MiniMendeleyEngine.processQuery(MiniMendeleyEngine.java:660)
	at hk.ust.comp3021.MiniMendeleyEngine.lambda$processConcurrentQuery$14(MiniMendeleyEngine.java:648)
	at java.base/java.lang.Thread.run(Thread.java:833)
Exception in thread "Thread-292" java.lang.NullPointerException: Cannot invoke "hk.ust.comp3021.utils.Query$QueryType.ordinal()" because the return value of "hk.ust.comp3021.utils.Query.getType()" is null
	at hk.ust.comp3021.MiniMendeleyEngine.processQuery(MiniMendeleyEngine.java:660)
	at hk.ust.comp3021.MiniMendeleyEngine.lambda$processConcurrentQuery$14(MiniMendeleyEngine.java:648)
	at java.base/java.lang.Thread.run(Thread.java:833)
Exception in thread "Thread-269" java.lang.NullPointerException: Cannot invoke "hk.ust.comp3021.utils.Query$QueryType.ordinal()" because the return value of "hk.ust.comp3021.utils.Query.getType()" is null
	at hk.ust.comp3021.MiniMendeleyEngine.processQuery(MiniMendeleyEngine.java:660)
	at hk.ust.comp3021.MiniMendeleyEngine.lambda$processConcurrentQuery$14(MiniMendeleyEngine.java:648)
	at java.base/java.lang.Thread.run(Thread.java:833)
Exception in thread "Thread-293" java.lang.NullPointerException: Cannot invoke "hk.ust.comp3021.utils.Query$QueryType.ordinal()" because the return value of "hk.ust.comp3021.utils.Query.getType()" is null
	at hk.ust.comp3021.MiniMendeleyEngine.processQuery(MiniMendeleyEngine.java:660)
	at hk.ust.comp3021.MiniMendeleyEngine.lambda$processConcurrentQuery$14(MiniMendeleyEngine.java:648)
	at java.base/java.lang.Thread.run(Thread.java:833)
Exception in thread "Thread-264" java.lang.NullPointerException: Cannot invoke "hk.ust.comp3021.utils.Query$QueryType.ordinal()" because the return value of "hk.ust.comp3021.utils.Query.getType()" is null
	at hk.ust.comp3021.MiniMendeleyEngine.processQuery(MiniMendeleyEngine.java:660)
	at hk.ust.comp3021.MiniMendeleyEngine.lambda$processConcurrentQuery$14(MiniMendeleyEngine.java:648)
	at java.base/java.lang.Thread.run(Thread.java:833)
Exception in thread "Thread-263" java.lang.NullPointerException: Cannot invoke "hk.ust.comp3021.utils.Query$QueryType.ordinal()" because the return value of "hk.ust.comp3021.utils.Query.getType()" is null
	at hk.ust.comp3021.MiniMendeleyEngine.processQuery(MiniMendeleyEngine.java:660)
	at hk.ust.comp3021.MiniMendeleyEngine.lambda$processConcurrentQuery$14(MiniMendeleyEngine.java:648)
	at java.base/java.lang.Thread.run(Thread.java:833)
Exception in thread "Thread-261" java.lang.NullPointerException: Cannot invoke "hk.ust.comp3021.utils.Query$QueryType.ordinal()" because the return value of "hk.ust.comp3021.utils.Query.getType()" is null
	at hk.ust.comp3021.MiniMendeleyEngine.processQuery(MiniMendeleyEngine.java:660)
	at hk.ust.comp3021.MiniMendeleyEngine.lambda$processConcurrentQuery$14(MiniMendeleyEngine.java:648)
	at java.base/java.lang.Thread.run(Thread.java:833)
Exception in thread "Thread-296" java.lang.NullPointerException: Cannot invoke "hk.ust.comp3021.utils.Query$QueryType.ordinal()" because the return value of "hk.ust.comp3021.utils.Query.getType()" is null
	at hk.ust.comp3021.MiniMendeleyEngine.processQuery(MiniMendeleyEngine.java:660)
	at hk.ust.comp3021.MiniMendeleyEngine.lambda$processConcurrentQuery$14(MiniMendeleyEngine.java:648)
	at java.base/java.lang.Thread.run(Thread.java:833)
Exception in thread "Thread-259" java.lang.NullPointerException: Cannot invoke "hk.ust.comp3021.utils.Query$QueryType.ordinal()" because the return value of "hk.ust.comp3021.utils.Query.getType()" is null
	at hk.ust.comp3021.MiniMendeleyEngine.processQuery(MiniMendeleyEngine.java:660)
	at hk.ust.comp3021.MiniMendeleyEngine.lambda$processConcurrentQuery$14(MiniMendeleyEngine.java:648)
	at java.base/java.lang.Thread.run(Thread.java:833)
Exception in thread "Thread-256" java.lang.NullPointerException: Cannot invoke "hk.ust.comp3021.utils.Query$QueryType.ordinal()" because the return value of "hk.ust.comp3021.utils.Query.getType()" is null
	at hk.ust.comp3021.MiniMendeleyEngine.processQuery(MiniMendeleyEngine.java:660)
	at hk.ust.comp3021.MiniMendeleyEngine.lambda$processConcurrentQuery$14(MiniMendeleyEngine.java:648)
	at java.base/java.lang.Thread.run(Thread.java:833)
Exception in thread "Thread-254" java.lang.NullPointerException: Cannot invoke "hk.ust.comp3021.utils.Query$QueryType.ordinal()" because the return value of "hk.ust.comp3021.utils.Query.getType()" is null
	at hk.ust.comp3021.MiniMendeleyEngine.processQuery(MiniMendeleyEngine.java:660)
	at hk.ust.comp3021.MiniMendeleyEngine.lambda$processConcurrentQuery$14(MiniMendeleyEngine.java:648)
	at java.base/java.lang.Thread.run(Thread.java:833)
Exception in thread "Thread-253" java.lang.NullPointerException: Cannot invoke "hk.ust.comp3021.utils.Query$QueryType.ordinal()" because the return value of "hk.ust.comp3021.utils.Query.getType()" is null
	at hk.ust.comp3021.MiniMendeleyEngine.processQuery(MiniMendeleyEngine.java:660)
	at hk.ust.comp3021.MiniMendeleyEngine.lambda$processConcurrentQuery$14(MiniMendeleyEngine.java:648)
	at java.base/java.lang.Thread.run(Thread.java:833)
Exception in thread "Thread-252" java.lang.NullPointerException: Cannot invoke "hk.ust.comp3021.utils.Query$QueryType.ordinal()" because the return value of "hk.ust.comp3021.utils.Query.getType()" is null
	at hk.ust.comp3021.MiniMendeleyEngine.processQuery(MiniMendeleyEngine.java:660)
	at hk.ust.comp3021.MiniMendeleyEngine.lambda$processConcurrentQuery$14(MiniMendeleyEngine.java:648)
	at java.base/java.lang.Thread.run(Thread.java:833)
Exception in thread "Thread-250" java.lang.NullPointerException: Cannot invoke "hk.ust.comp3021.utils.Query$QueryType.ordinal()" because the return value of "hk.ust.comp3021.utils.Query.getType()" is null
	at hk.ust.comp3021.MiniMendeleyEngine.processQuery(MiniMendeleyEngine.java:660)
	at hk.ust.comp3021.MiniMendeleyEngine.lambda$processConcurrentQuery$14(MiniMendeleyEngine.java:648)
	at java.base/java.lang.Thread.run(Thread.java:833)
Exception in thread "Thread-248" java.lang.NullPointerException: Cannot invoke "hk.ust.comp3021.utils.Query$QueryType.ordinal()" because the return value of "hk.ust.comp3021.utils.Query.getType()" is null
	at hk.ust.comp3021.MiniMendeleyEngine.processQuery(MiniMendeleyEngine.java:660)
	at hk.ust.comp3021.MiniMendeleyEngine.lambda$processConcurrentQuery$14(MiniMendeleyEngine.java:648)
	at java.base/java.lang.Thread.run(Thread.java:833)
Exception in thread "Thread-302" java.lang.NullPointerException: Cannot invoke "hk.ust.comp3021.utils.Query$QueryType.ordinal()" because the return value of "hk.ust.comp3021.utils.Query.getType()" is null
	at hk.ust.comp3021.MiniMendeleyEngine.processQuery(MiniMendeleyEngine.java:660)
	at hk.ust.comp3021.MiniMendeleyEngine.lambda$processConcurrentQuery$14(MiniMendeleyEngine.java:648)
	at java.base/java.lang.Thread.run(Thread.java:833)
Exception in thread "Thread-301" java.lang.NullPointerException: Cannot invoke "hk.ust.comp3021.utils.Query$QueryType.ordinal()" because the return value of "hk.ust.comp3021.utils.Query.getType()" is null
	at hk.ust.comp3021.MiniMendeleyEngine.processQuery(MiniMendeleyEngine.java:660)
	at hk.ust.comp3021.MiniMendeleyEngine.lambda$processConcurrentQuery$14(MiniMendeleyEngine.java:648)
	at java.base/java.lang.Thread.run(Thread.java:833)
Exception in thread "Thread-303" java.lang.NullPointerException: Cannot invoke "hk.ust.comp3021.utils.Query$QueryType.ordinal()" because the return value of "hk.ust.comp3021.utils.Query.getType()" is null
	at hk.ust.comp3021.MiniMendeleyEngine.processQuery(MiniMendeleyEngine.java:660)
	at hk.ust.comp3021.MiniMendeleyEngine.lambda$processConcurrentQuery$14(MiniMendeleyEngine.java:648)
	at java.base/java.lang.Thread.run(Thread.java:833)
Exception in thread "Thread-246" java.lang.NullPointerException: Cannot invoke "hk.ust.comp3021.utils.Query$QueryType.ordinal()" because the return value of "hk.ust.comp3021.utils.Query.getType()" is null
	at hk.ust.comp3021.MiniMendeleyEngine.processQuery(MiniMendeleyEngine.java:660)
	at hk.ust.comp3021.MiniMendeleyEngine.lambda$processConcurrentQuery$14(MiniMendeleyEngine.java:648)
	at java.base/java.lang.Thread.run(Thread.java:833)
Exception in thread "Thread-245" java.lang.NullPointerException: Cannot invoke "hk.ust.comp3021.utils.Query$QueryType.ordinal()" because the return value of "hk.ust.comp3021.utils.Query.getType()" is null
	at hk.ust.comp3021.MiniMendeleyEngine.processQuery(MiniMendeleyEngine.java:660)
	at hk.ust.comp3021.MiniMendeleyEngine.lambda$processConcurrentQuery$14(MiniMendeleyEngine.java:648)
	at java.base/java.lang.Thread.run(Thread.java:833)
Exception in thread "Thread-242" java.lang.NullPointerException: Cannot invoke "hk.ust.comp3021.utils.Query$QueryType.ordinal()" because the return value of "hk.ust.comp3021.utils.Query.getType()" is null
	at hk.ust.comp3021.MiniMendeleyEngine.processQuery(MiniMendeleyEngine.java:660)
	at hk.ust.comp3021.MiniMendeleyEngine.lambda$processConcurrentQuery$14(MiniMendeleyEngine.java:648)
	at java.base/java.lang.Thread.run(Thread.java:833)
Exception in thread "Thread-238" java.lang.NullPointerException: Cannot invoke "hk.ust.comp3021.utils.Query$QueryType.ordinal()" because the return value of "hk.ust.comp3021.utils.Query.getType()" is null
	at hk.ust.comp3021.MiniMendeleyEngine.processQuery(MiniMendeleyEngine.java:660)
	at hk.ust.comp3021.MiniMendeleyEngine.lambda$processConcurrentQuery$14(MiniMendeleyEngine.java:648)
	at java.base/java.lang.Thread.run(Thread.java:833)
Exception in thread "Thread-305" java.lang.NullPointerException: Cannot invoke "hk.ust.comp3021.utils.Query$QueryType.ordinal()" because the return value of "hk.ust.comp3021.utils.Query.getType()" is null
	at hk.ust.comp3021.MiniMendeleyEngine.processQuery(MiniMendeleyEngine.java:660)
	at hk.ust.comp3021.MiniMendeleyEngine.lambda$processConcurrentQuery$14(MiniMendeleyEngine.java:648)
	at java.base/java.lang.Thread.run(Thread.java:833)
Exception in thread "Thread-237" java.lang.NullPointerException: Cannot invoke "hk.ust.comp3021.utils.Query$QueryType.ordinal()" because the return value of "hk.ust.comp3021.utils.Query.getType()" is null
	at hk.ust.comp3021.MiniMendeleyEngine.processQuery(MiniMendeleyEngine.java:660)
	at hk.ust.comp3021.MiniMendeleyEngine.lambda$processConcurrentQuery$14(MiniMendeleyEngine.java:648)
	at java.base/java.lang.Thread.run(Thread.java:833)
Exception in thread "Thread-307" java.lang.NullPointerException: Cannot invoke "hk.ust.comp3021.utils.Query$QueryType.ordinal()" because the return value of "hk.ust.comp3021.utils.Query.getType()" is null
	at hk.ust.comp3021.MiniMendeleyEngine.processQuery(MiniMendeleyEngine.java:660)
	at hk.ust.comp3021.MiniMendeleyEngine.lambda$processConcurrentQuery$14(MiniMendeleyEngine.java:648)
	at java.base/java.lang.Thread.run(Thread.java:833)
Exception in thread "Thread-239" java.lang.NullPointerException: Cannot invoke "hk.ust.comp3021.utils.Query$QueryType.ordinal()" because the return value of "hk.ust.comp3021.utils.Query.getType()" is null
	at hk.ust.comp3021.MiniMendeleyEngine.processQuery(MiniMendeleyEngine.java:660)
	at hk.ust.comp3021.MiniMendeleyEngine.lambda$processConcurrentQuery$14(MiniMendeleyEngine.java:648)
	at java.base/java.lang.Thread.run(Thread.java:833)
Exception in thread "Thread-236" java.lang.NullPointerException: Cannot invoke "hk.ust.comp3021.utils.Query$QueryType.ordinal()" because the return value of "hk.ust.comp3021.utils.Query.getType()" is null
	at hk.ust.comp3021.MiniMendeleyEngine.processQuery(MiniMendeleyEngine.java:660)
	at hk.ust.comp3021.MiniMendeleyEngine.lambda$processConcurrentQuery$14(MiniMendeleyEngine.java:648)
	at java.base/java.lang.Thread.run(Thread.java:833)
Exception in thread "Thread-308" java.lang.NullPointerException: Cannot invoke "hk.ust.comp3021.utils.Query$QueryType.ordinal()" because the return value of "hk.ust.comp3021.utils.Query.getType()" is null
	at hk.ust.comp3021.MiniMendeleyEngine.processQuery(MiniMendeleyEngine.java:660)
	at hk.ust.comp3021.MiniMendeleyEngine.lambda$processConcurrentQuery$14(MiniMendeleyEngine.java:648)
	at java.base/java.lang.Thread.run(Thread.java:833)
Exception in thread "Thread-235" java.lang.NullPointerException: Cannot invoke "hk.ust.comp3021.utils.Query$QueryType.ordinal()" because the return value of "hk.ust.comp3021.utils.Query.getType()" is null
	at hk.ust.comp3021.MiniMendeleyEngine.processQuery(MiniMendeleyEngine.java:660)
	at hk.ust.comp3021.MiniMendeleyEngine.lambda$processConcurrentQuery$14(MiniMendeleyEngine.java:648)
	at java.base/java.lang.Thread.run(Thread.java:833)
Exception in thread "Thread-311" java.lang.NullPointerException: Cannot invoke "hk.ust.comp3021.utils.Query$QueryType.ordinal()" because the return value of "hk.ust.comp3021.utils.Query.getType()" is null
	at hk.ust.comp3021.MiniMendeleyEngine.processQuery(MiniMendeleyEngine.java:660)
	at hk.ust.comp3021.MiniMendeleyEngine.lambda$processConcurrentQuery$14(MiniMendeleyEngine.java:648)
	at java.base/java.lang.Thread.run(Thread.java:833)
Exception in thread "Thread-234" java.lang.NullPointerException: Cannot invoke "hk.ust.comp3021.utils.Query$QueryType.ordinal()" because the return value of "hk.ust.comp3021.utils.Query.getType()" is null
	at hk.ust.comp3021.MiniMendeleyEngine.processQuery(MiniMendeleyEngine.java:660)
	at hk.ust.comp3021.MiniMendeleyEngine.lambda$processConcurrentQuery$14(MiniMendeleyEngine.java:648)
	at java.base/java.lang.Thread.run(Thread.java:833)
Exception in thread "Thread-312" java.lang.NullPointerException: Cannot invoke "hk.ust.comp3021.utils.Query$QueryType.ordinal()" because the return value of "hk.ust.comp3021.utils.Query.getType()" is null
	at hk.ust.comp3021.MiniMendeleyEngine.processQuery(MiniMendeleyEngine.java:660)
	at hk.ust.comp3021.MiniMendeleyEngine.lambda$processConcurrentQuery$14(MiniMendeleyEngine.java:648)
	at java.base/java.lang.Thread.run(Thread.java:833)
Exception in thread "Thread-313" java.lang.NullPointerException: Cannot invoke "hk.ust.comp3021.utils.Query$QueryType.ordinal()" because the return value of "hk.ust.comp3021.utils.Query.getType()" is null
	at hk.ust.comp3021.MiniMendeleyEngine.processQuery(MiniMendeleyEngine.java:660)
	at hk.ust.comp3021.MiniMendeleyEngine.lambda$processConcurrentQuery$14(MiniMendeleyEngine.java:648)
	at java.base/java.lang.Thread.run(Thread.java:833)
Exception in thread "Thread-232" java.lang.NullPointerException: Cannot invoke "hk.ust.comp3021.utils.Query$QueryType.ordinal()" because the return value of "hk.ust.comp3021.utils.Query.getType()" is null
	at hk.ust.comp3021.MiniMendeleyEngine.processQuery(MiniMendeleyEngine.java:660)
	at hk.ust.comp3021.MiniMendeleyEngine.lambda$processConcurrentQuery$14(MiniMendeleyEngine.java:648)
	at java.base/java.lang.Thread.run(Thread.java:833)
Exception in thread "Thread-231" java.lang.NullPointerException: Cannot invoke "hk.ust.comp3021.utils.Query$QueryType.ordinal()" because the return value of "hk.ust.comp3021.utils.Query.getType()" is null
	at hk.ust.comp3021.MiniMendeleyEngine.processQuery(MiniMendeleyEngine.java:660)
	at hk.ust.comp3021.MiniMendeleyEngine.lambda$processConcurrentQuery$14(MiniMendeleyEngine.java:648)
	at java.base/java.lang.Thread.run(Thread.java:833)
Exception in thread "Thread-230" java.lang.NullPointerException: Cannot invoke "hk.ust.comp3021.utils.Query$QueryType.ordinal()" because the return value of "hk.ust.comp3021.utils.Query.getType()" is null
	at hk.ust.comp3021.MiniMendeleyEngine.processQuery(MiniMendeleyEngine.java:660)
	at hk.ust.comp3021.MiniMendeleyEngine.lambda$processConcurrentQuery$14(MiniMendeleyEngine.java:648)
	at java.base/java.lang.Thread.run(Thread.java:833)
Exception in thread "Thread-228" java.lang.NullPointerException: Cannot invoke "hk.ust.comp3021.utils.Query$QueryType.ordinal()" because the return value of "hk.ust.comp3021.utils.Query.getType()" is null
	at hk.ust.comp3021.MiniMendeleyEngine.processQuery(MiniMendeleyEngine.java:660)
	at hk.ust.comp3021.MiniMendeleyEngine.lambda$processConcurrentQuery$14(MiniMendeleyEngine.java:648)
	at java.base/java.lang.Thread.run(Thread.java:833)
Exception in thread "Thread-227" java.lang.NullPointerException: Cannot invoke "hk.ust.comp3021.utils.Query$QueryType.ordinal()" because the return value of "hk.ust.comp3021.utils.Query.getType()" is null
	at hk.ust.comp3021.MiniMendeleyEngine.processQuery(MiniMendeleyEngine.java:660)
	at hk.ust.comp3021.MiniMendeleyEngine.lambda$processConcurrentQuery$14(MiniMendeleyEngine.java:648)
	at java.base/java.lang.Thread.run(Thread.java:833)
Exception in thread "Thread-226" java.lang.NullPointerException: Cannot invoke "hk.ust.comp3021.utils.Query$QueryType.ordinal()" because the return value of "hk.ust.comp3021.utils.Query.getType()" is null
	at hk.ust.comp3021.MiniMendeleyEngine.processQuery(MiniMendeleyEngine.java:660)
	at hk.ust.comp3021.MiniMendeleyEngine.lambda$processConcurrentQuery$14(MiniMendeleyEngine.java:648)
	at java.base/java.lang.Thread.run(Thread.java:833)
Exception in thread "Thread-225" java.lang.NullPointerException: Cannot invoke "hk.ust.comp3021.utils.Query$QueryType.ordinal()" because the return value of "hk.ust.comp3021.utils.Query.getType()" is null
	at hk.ust.comp3021.MiniMendeleyEngine.processQuery(MiniMendeleyEngine.java:660)
	at hk.ust.comp3021.MiniMendeleyEngine.lambda$processConcurrentQuery$14(MiniMendeleyEngine.java:648)
	at java.base/java.lang.Thread.run(Thread.java:833)
Exception in thread "Thread-319" java.lang.NullPointerException: Cannot invoke "hk.ust.comp3021.utils.Query$QueryType.ordinal()" because the return value of "hk.ust.comp3021.utils.Query.getType()" is null
	at hk.ust.comp3021.MiniMendeleyEngine.processQuery(MiniMendeleyEngine.java:660)
	at hk.ust.comp3021.MiniMendeleyEngine.lambda$processConcurrentQuery$14(MiniMendeleyEngine.java:648)
	at java.base/java.lang.Thread.run(Thread.java:833)
Exception in thread "Thread-223" java.lang.NullPointerException: Cannot invoke "hk.ust.comp3021.utils.Query$QueryType.ordinal()" because the return value of "hk.ust.comp3021.utils.Query.getType()" is null
	at hk.ust.comp3021.MiniMendeleyEngine.processQuery(MiniMendeleyEngine.java:660)
	at hk.ust.comp3021.MiniMendeleyEngine.lambda$processConcurrentQuery$14(MiniMendeleyEngine.java:648)
	at java.base/java.lang.Thread.run(Thread.java:833)
Exception in thread "Thread-222" java.lang.NullPointerException: Cannot invoke "hk.ust.comp3021.utils.Query$QueryType.ordinal()" because the return value of "hk.ust.comp3021.utils.Query.getType()" is null
	at hk.ust.comp3021.MiniMendeleyEngine.processQuery(MiniMendeleyEngine.java:660)
	at hk.ust.comp3021.MiniMendeleyEngine.lambda$processConcurrentQuery$14(MiniMendeleyEngine.java:648)
	at java.base/java.lang.Thread.run(Thread.java:833)
Exception in thread "Thread-221" java.lang.NullPointerException: Cannot invoke "hk.ust.comp3021.utils.Query$QueryType.ordinal()" because the return value of "hk.ust.comp3021.utils.Query.getType()" is null
	at hk.ust.comp3021.MiniMendeleyEngine.processQuery(MiniMendeleyEngine.java:660)
	at hk.ust.comp3021.MiniMendeleyEngine.lambda$processConcurrentQuery$14(MiniMendeleyEngine.java:648)
	at java.base/java.lang.Thread.run(Thread.java:833)
Exception in thread "Thread-220" java.lang.NullPointerException: Cannot invoke "hk.ust.comp3021.utils.Query$QueryType.ordinal()" because the return value of "hk.ust.comp3021.utils.Query.getType()" is null
	at hk.ust.comp3021.MiniMendeleyEngine.processQuery(MiniMendeleyEngine.java:660)
	at hk.ust.comp3021.MiniMendeleyEngine.lambda$processConcurrentQuery$14(MiniMendeleyEngine.java:648)
	at java.base/java.lang.Thread.run(Thread.java:833)
Exception in thread "Thread-219" java.lang.NullPointerException: Cannot invoke "hk.ust.comp3021.utils.Query$QueryType.ordinal()" because the return value of "hk.ust.comp3021.utils.Query.getType()" is null
	at hk.ust.comp3021.MiniMendeleyEngine.processQuery(MiniMendeleyEngine.java:660)
	at hk.ust.comp3021.MiniMendeleyEngine.lambda$processConcurrentQuery$14(MiniMendeleyEngine.java:648)
	at java.base/java.lang.Thread.run(Thread.java:833)
Exception in thread "Thread-322" java.lang.NullPointerException: Cannot invoke "hk.ust.comp3021.utils.Query$QueryType.ordinal()" because the return value of "hk.ust.comp3021.utils.Query.getType()" is null
	at hk.ust.comp3021.MiniMendeleyEngine.processQuery(MiniMendeleyEngine.java:660)
	at hk.ust.comp3021.MiniMendeleyEngine.lambda$processConcurrentQuery$14(MiniMendeleyEngine.java:648)
	at java.base/java.lang.Thread.run(Thread.java:833)
Exception in thread "Thread-218" java.lang.NullPointerException: Cannot invoke "hk.ust.comp3021.utils.Query$QueryType.ordinal()" because the return value of "hk.ust.comp3021.utils.Query.getType()" is null
	at hk.ust.comp3021.MiniMendeleyEngine.processQuery(MiniMendeleyEngine.java:660)
	at hk.ust.comp3021.MiniMendeleyEngine.lambda$processConcurrentQuery$14(MiniMendeleyEngine.java:648)
	at java.base/java.lang.Thread.run(Thread.java:833)
Exception in thread "Thread-217" java.lang.NullPointerException: Cannot invoke "hk.ust.comp3021.utils.Query$QueryType.ordinal()" because the return value of "hk.ust.comp3021.utils.Query.getType()" is null
	at hk.ust.comp3021.MiniMendeleyEngine.processQuery(MiniMendeleyEngine.java:660)
	at hk.ust.comp3021.MiniMendeleyEngine.lambda$processConcurrentQuery$14(MiniMendeleyEngine.java:648)
	at java.base/java.lang.Thread.run(Thread.java:833)
Exception in thread "Thread-215" java.lang.NullPointerException: Cannot invoke "hk.ust.comp3021.utils.Query$QueryType.ordinal()" because the return value of "hk.ust.comp3021.utils.Query.getType()" is null
	at hk.ust.comp3021.MiniMendeleyEngine.processQuery(MiniMendeleyEngine.java:660)
	at hk.ust.comp3021.MiniMendeleyEngine.lambda$processConcurrentQuery$14(MiniMendeleyEngine.java:648)
	at java.base/java.lang.Thread.run(Thread.java:833)
Exception in thread "Thread-214" java.lang.NullPointerException: Cannot invoke "hk.ust.comp3021.utils.Query$QueryType.ordinal()" because the return value of "hk.ust.comp3021.utils.Query.getType()" is null
	at hk.ust.comp3021.MiniMendeleyEngine.processQuery(MiniMendeleyEngine.java:660)
	at hk.ust.comp3021.MiniMendeleyEngine.lambda$processConcurrentQuery$14(MiniMendeleyEngine.java:648)
	at java.base/java.lang.Thread.run(Thread.java:833)
Exception in thread "Thread-329" java.lang.NullPointerException: Cannot invoke "hk.ust.comp3021.utils.Query$QueryType.ordinal()" because the return value of "hk.ust.comp3021.utils.Query.getType()" is null
	at hk.ust.comp3021.MiniMendeleyEngine.processQuery(MiniMendeleyEngine.java:660)
	at hk.ust.comp3021.MiniMendeleyEngine.lambda$processConcurrentQuery$14(MiniMendeleyEngine.java:648)
	at java.base/java.lang.Thread.run(Thread.java:833)
Exception in thread "Thread-213" java.lang.NullPointerException: Cannot invoke "hk.ust.comp3021.utils.Query$QueryType.ordinal()" because the return value of "hk.ust.comp3021.utils.Query.getType()" is null
	at hk.ust.comp3021.MiniMendeleyEngine.processQuery(MiniMendeleyEngine.java:660)
	at hk.ust.comp3021.MiniMendeleyEngine.lambda$processConcurrentQuery$14(MiniMendeleyEngine.java:648)
	at java.base/java.lang.Thread.run(Thread.java:833)
Exception in thread "Thread-210" java.lang.NullPointerException: Cannot invoke "hk.ust.comp3021.utils.Query$QueryType.ordinal()" because the return value of "hk.ust.comp3021.utils.Query.getType()" is null
	at hk.ust.comp3021.MiniMendeleyEngine.processQuery(MiniMendeleyEngine.java:660)
	at hk.ust.comp3021.MiniMendeleyEngine.lambda$processConcurrentQuery$14(MiniMendeleyEngine.java:648)
	at java.base/java.lang.Thread.run(Thread.java:833)
Exception in thread "Thread-209" java.lang.NullPointerException: Cannot invoke "hk.ust.comp3021.utils.Query$QueryType.ordinal()" because the return value of "hk.ust.comp3021.utils.Query.getType()" is null
	at hk.ust.comp3021.MiniMendeleyEngine.processQuery(MiniMendeleyEngine.java:660)
	at hk.ust.comp3021.MiniMendeleyEngine.lambda$processConcurrentQuery$14(MiniMendeleyEngine.java:648)
	at java.base/java.lang.Thread.run(Thread.java:833)
Exception in thread "Thread-205" java.lang.NullPointerException: Cannot invoke "hk.ust.comp3021.utils.Query$QueryType.ordinal()" because the return value of "hk.ust.comp3021.utils.Query.getType()" is null
	at hk.ust.comp3021.MiniMendeleyEngine.processQuery(MiniMendeleyEngine.java:660)
	at hk.ust.comp3021.MiniMendeleyEngine.lambda$processConcurrentQuery$14(MiniMendeleyEngine.java:648)
	at java.base/java.lang.Thread.run(Thread.java:833)
Exception in thread "Thread-204" java.lang.NullPointerException: Cannot invoke "hk.ust.comp3021.utils.Query$QueryType.ordinal()" because the return value of "hk.ust.comp3021.utils.Query.getType()" is null
	at hk.ust.comp3021.MiniMendeleyEngine.processQuery(MiniMendeleyEngine.java:660)
	at hk.ust.comp3021.MiniMendeleyEngine.lambda$processConcurrentQuery$14(MiniMendeleyEngine.java:648)
	at java.base/java.lang.Thread.run(Thread.java:833)
Exception in thread "Thread-203" java.lang.NullPointerException: Cannot invoke "hk.ust.comp3021.utils.Query$QueryType.ordinal()" because the return value of "hk.ust.comp3021.utils.Query.getType()" is null
	at hk.ust.comp3021.MiniMendeleyEngine.processQuery(MiniMendeleyEngine.java:660)
	at hk.ust.comp3021.MiniMendeleyEngine.lambda$processConcurrentQuery$14(MiniMendeleyEngine.java:648)
	at java.base/java.lang.Thread.run(Thread.java:833)
Exception in thread "Thread-202" java.lang.NullPointerException: Cannot invoke "hk.ust.comp3021.utils.Query$QueryType.ordinal()" because the return value of "hk.ust.comp3021.utils.Query.getType()" is null
	at hk.ust.comp3021.MiniMendeleyEngine.processQuery(MiniMendeleyEngine.java:660)
	at hk.ust.comp3021.MiniMendeleyEngine.lambda$processConcurrentQuery$14(MiniMendeleyEngine.java:648)
	at java.base/java.lang.Thread.run(Thread.java:833)
Exception in thread "Thread-334" java.lang.NullPointerException: Cannot invoke "hk.ust.comp3021.utils.Query$QueryType.ordinal()" because the return value of "hk.ust.comp3021.utils.Query.getType()" is null
	at hk.ust.comp3021.MiniMendeleyEngine.processQuery(MiniMendeleyEngine.java:660)
	at hk.ust.comp3021.MiniMendeleyEngine.lambda$processConcurrentQuery$14(MiniMendeleyEngine.java:648)
	at java.base/java.lang.Thread.run(Thread.java:833)
Exception in thread "Thread-335" java.lang.NullPointerException: Cannot invoke "hk.ust.comp3021.utils.Query$QueryType.ordinal()" because the return value of "hk.ust.comp3021.utils.Query.getType()" is null
	at hk.ust.comp3021.MiniMendeleyEngine.processQuery(MiniMendeleyEngine.java:660)
	at hk.ust.comp3021.MiniMendeleyEngine.lambda$processConcurrentQuery$14(MiniMendeleyEngine.java:648)
	at java.base/java.lang.Thread.run(Thread.java:833)
Exception in thread "Thread-201" java.lang.NullPointerException: Cannot invoke "hk.ust.comp3021.utils.Query$QueryType.ordinal()" because the return value of "hk.ust.comp3021.utils.Query.getType()" is null
	at hk.ust.comp3021.MiniMendeleyEngine.processQuery(MiniMendeleyEngine.java:660)
	at hk.ust.comp3021.MiniMendeleyEngine.lambda$processConcurrentQuery$14(MiniMendeleyEngine.java:648)
	at java.base/java.lang.Thread.run(Thread.java:833)
Exception in thread "Thread-338" java.lang.NullPointerException: Cannot invoke "hk.ust.comp3021.utils.Query$QueryType.ordinal()" because the return value of "hk.ust.comp3021.utils.Query.getType()" is null
	at hk.ust.comp3021.MiniMendeleyEngine.processQuery(MiniMendeleyEngine.java:660)
	at hk.ust.comp3021.MiniMendeleyEngine.lambda$processConcurrentQuery$14(MiniMendeleyEngine.java:648)
	at java.base/java.lang.Thread.run(Thread.java:833)
Exception in thread "Thread-198" java.lang.NullPointerException: Cannot invoke "hk.ust.comp3021.utils.Query$QueryType.ordinal()" because the return value of "hk.ust.comp3021.utils.Query.getType()" is null
	at hk.ust.comp3021.MiniMendeleyEngine.processQuery(MiniMendeleyEngine.java:660)
	at hk.ust.comp3021.MiniMendeleyEngine.lambda$processConcurrentQuery$14(MiniMendeleyEngine.java:648)
	at java.base/java.lang.Thread.run(Thread.java:833)
Exception in thread "Thread-197" java.lang.NullPointerException: Cannot invoke "hk.ust.comp3021.utils.Query$QueryType.ordinal()" because the return value of "hk.ust.comp3021.utils.Query.getType()" is null
	at hk.ust.comp3021.MiniMendeleyEngine.processQuery(MiniMendeleyEngine.java:660)
	at hk.ust.comp3021.MiniMendeleyEngine.lambda$processConcurrentQuery$14(MiniMendeleyEngine.java:648)
	at java.base/java.lang.Thread.run(Thread.java:833)
Exception in thread "Thread-339" java.lang.NullPointerException: Cannot invoke "hk.ust.comp3021.utils.Query$QueryType.ordinal()" because the return value of "hk.ust.comp3021.utils.Query.getType()" is null
	at hk.ust.comp3021.MiniMendeleyEngine.processQuery(MiniMendeleyEngine.java:660)
	at hk.ust.comp3021.MiniMendeleyEngine.lambda$processConcurrentQuery$14(MiniMendeleyEngine.java:648)
	at java.base/java.lang.Thread.run(Thread.java:833)
Exception in thread "Thread-340" java.lang.NullPointerException: Cannot invoke "hk.ust.comp3021.utils.Query$QueryType.ordinal()" because the return value of "hk.ust.comp3021.utils.Query.getType()" is null
	at hk.ust.comp3021.MiniMendeleyEngine.processQuery(MiniMendeleyEngine.java:660)
	at hk.ust.comp3021.MiniMendeleyEngine.lambda$processConcurrentQuery$14(MiniMendeleyEngine.java:648)
	at java.base/java.lang.Thread.run(Thread.java:833)
Exception in thread "Thread-343" java.lang.NullPointerException: Cannot invoke "hk.ust.comp3021.utils.Query$QueryType.ordinal()" because the return value of "hk.ust.comp3021.utils.Query.getType()" is null
	at hk.ust.comp3021.MiniMendeleyEngine.processQuery(MiniMendeleyEngine.java:660)
	at hk.ust.comp3021.MiniMendeleyEngine.lambda$processConcurrentQuery$14(MiniMendeleyEngine.java:648)
	at java.base/java.lang.Thread.run(Thread.java:833)
Exception in thread "Thread-196" java.lang.NullPointerException: Cannot invoke "hk.ust.comp3021.utils.Query$QueryType.ordinal()" because the return value of "hk.ust.comp3021.utils.Query.getType()" is null
	at hk.ust.comp3021.MiniMendeleyEngine.processQuery(MiniMendeleyEngine.java:660)
	at hk.ust.comp3021.MiniMendeleyEngine.lambda$processConcurrentQuery$14(MiniMendeleyEngine.java:648)
	at java.base/java.lang.Thread.run(Thread.java:833)
Exception in thread "Thread-348" java.lang.NullPointerException: Cannot invoke "hk.ust.comp3021.utils.Query$QueryType.ordinal()" because the return value of "hk.ust.comp3021.utils.Query.getType()" is null
	at hk.ust.comp3021.MiniMendeleyEngine.processQuery(MiniMendeleyEngine.java:660)
	at hk.ust.comp3021.MiniMendeleyEngine.lambda$processConcurrentQuery$14(MiniMendeleyEngine.java:648)
	at java.base/java.lang.Thread.run(Thread.java:833)
Exception in thread "Thread-195" java.lang.NullPointerException: Cannot invoke "hk.ust.comp3021.utils.Query$QueryType.ordinal()" because the return value of "hk.ust.comp3021.utils.Query.getType()" is null
	at hk.ust.comp3021.MiniMendeleyEngine.processQuery(MiniMendeleyEngine.java:660)
	at hk.ust.comp3021.MiniMendeleyEngine.lambda$processConcurrentQuery$14(MiniMendeleyEngine.java:648)
	at java.base/java.lang.Thread.run(Thread.java:833)
Exception in thread "Thread-194" java.lang.NullPointerException: Cannot invoke "hk.ust.comp3021.utils.Query$QueryType.ordinal()" because the return value of "hk.ust.comp3021.utils.Query.getType()" is null
	at hk.ust.comp3021.MiniMendeleyEngine.processQuery(MiniMendeleyEngine.java:660)
	at hk.ust.comp3021.MiniMendeleyEngine.lambda$processConcurrentQuery$14(MiniMendeleyEngine.java:648)
	at java.base/java.lang.Thread.run(Thread.java:833)
Exception in thread "Thread-350" java.lang.NullPointerException: Cannot invoke "hk.ust.comp3021.utils.Query$QueryType.ordinal()" because the return value of "hk.ust.comp3021.utils.Query.getType()" is null
	at hk.ust.comp3021.MiniMendeleyEngine.processQuery(MiniMendeleyEngine.java:660)
	at hk.ust.comp3021.MiniMendeleyEngine.lambda$processConcurrentQuery$14(MiniMendeleyEngine.java:648)
	at java.base/java.lang.Thread.run(Thread.java:833)
Exception in thread "Thread-192" java.lang.NullPointerException: Cannot invoke "hk.ust.comp3021.utils.Query$QueryType.ordinal()" because the return value of "hk.ust.comp3021.utils.Query.getType()" is null
	at hk.ust.comp3021.MiniMendeleyEngine.processQuery(MiniMendeleyEngine.java:660)
	at hk.ust.comp3021.MiniMendeleyEngine.lambda$processConcurrentQuery$14(MiniMendeleyEngine.java:648)
	at java.base/java.lang.Thread.run(Thread.java:833)
Exception in thread "Thread-189" java.lang.NullPointerException: Cannot invoke "hk.ust.comp3021.utils.Query$QueryType.ordinal()" because the return value of "hk.ust.comp3021.utils.Query.getType()" is null
	at hk.ust.comp3021.MiniMendeleyEngine.processQuery(MiniMendeleyEngine.java:660)
	at hk.ust.comp3021.MiniMendeleyEngine.lambda$processConcurrentQuery$14(MiniMendeleyEngine.java:648)
	at java.base/java.lang.Thread.run(Thread.java:833)
Exception in thread "Thread-188" java.lang.NullPointerException: Cannot invoke "hk.ust.comp3021.utils.Query$QueryType.ordinal()" because the return value of "hk.ust.comp3021.utils.Query.getType()" is null
	at hk.ust.comp3021.MiniMendeleyEngine.processQuery(MiniMendeleyEngine.java:660)
	at hk.ust.comp3021.MiniMendeleyEngine.lambda$processConcurrentQuery$14(MiniMendeleyEngine.java:648)
	at java.base/java.lang.Thread.run(Thread.java:833)
Exception in thread "Thread-187" java.lang.NullPointerException: Cannot invoke "hk.ust.comp3021.utils.Query$QueryType.ordinal()" because the return value of "hk.ust.comp3021.utils.Query.getType()" is null
	at hk.ust.comp3021.MiniMendeleyEngine.processQuery(MiniMendeleyEngine.java:660)
	at hk.ust.comp3021.MiniMendeleyEngine.lambda$processConcurrentQuery$14(MiniMendeleyEngine.java:648)
	at java.base/java.lang.Thread.run(Thread.java:833)
Exception in thread "Thread-186" java.lang.NullPointerException: Cannot invoke "hk.ust.comp3021.utils.Query$QueryType.ordinal()" because the return value of "hk.ust.comp3021.utils.Query.getType()" is null
	at hk.ust.comp3021.MiniMendeleyEngine.processQuery(MiniMendeleyEngine.java:660)
	at hk.ust.comp3021.MiniMendeleyEngine.lambda$processConcurrentQuery$14(MiniMendeleyEngine.java:648)
	at java.base/java.lang.Thread.run(Thread.java:833)
Exception in thread "Thread-353" java.lang.NullPointerException: Cannot invoke "hk.ust.comp3021.utils.Query$QueryType.ordinal()" because the return value of "hk.ust.comp3021.utils.Query.getType()" is null
	at hk.ust.comp3021.MiniMendeleyEngine.processQuery(MiniMendeleyEngine.java:660)
	at hk.ust.comp3021.MiniMendeleyEngine.lambda$processConcurrentQuery$14(MiniMendeleyEngine.java:648)
	at java.base/java.lang.Thread.run(Thread.java:833)
Exception in thread "Thread-185" java.lang.NullPointerException: Cannot invoke "hk.ust.comp3021.utils.Query$QueryType.ordinal()" because the return value of "hk.ust.comp3021.utils.Query.getType()" is null
	at hk.ust.comp3021.MiniMendeleyEngine.processQuery(MiniMendeleyEngine.java:660)
	at hk.ust.comp3021.MiniMendeleyEngine.lambda$processConcurrentQuery$14(MiniMendeleyEngine.java:648)
	at java.base/java.lang.Thread.run(Thread.java:833)
Exception in thread "Thread-182" java.lang.NullPointerException: Cannot invoke "hk.ust.comp3021.utils.Query$QueryType.ordinal()" because the return value of "hk.ust.comp3021.utils.Query.getType()" is null
	at hk.ust.comp3021.MiniMendeleyEngine.processQuery(MiniMendeleyEngine.java:660)
	at hk.ust.comp3021.MiniMendeleyEngine.lambda$processConcurrentQuery$14(MiniMendeleyEngine.java:648)
	at java.base/java.lang.Thread.run(Thread.java:833)
Exception in thread "Thread-183" java.lang.NullPointerException: Cannot invoke "hk.ust.comp3021.utils.Query$QueryType.ordinal()" because the return value of "hk.ust.comp3021.utils.Query.getType()" is null
	at hk.ust.comp3021.MiniMendeleyEngine.processQuery(MiniMendeleyEngine.java:660)
	at hk.ust.comp3021.MiniMendeleyEngine.lambda$processConcurrentQuery$14(MiniMendeleyEngine.java:648)
	at java.base/java.lang.Thread.run(Thread.java:833)
Exception in thread "Thread-356" java.lang.NullPointerException: Cannot invoke "hk.ust.comp3021.utils.Query$QueryType.ordinal()" because the return value of "hk.ust.comp3021.utils.Query.getType()" is null
	at hk.ust.comp3021.MiniMendeleyEngine.processQuery(MiniMendeleyEngine.java:660)
	at hk.ust.comp3021.MiniMendeleyEngine.lambda$processConcurrentQuery$14(MiniMendeleyEngine.java:648)
	at java.base/java.lang.Thread.run(Thread.java:833)
Exception in thread "Thread-184" java.lang.NullPointerException: Cannot invoke "hk.ust.comp3021.utils.Query$QueryType.ordinal()" because the return value of "hk.ust.comp3021.utils.Query.getType()" is null
	at hk.ust.comp3021.MiniMendeleyEngine.processQuery(MiniMendeleyEngine.java:660)
	at hk.ust.comp3021.MiniMendeleyEngine.lambda$processConcurrentQuery$14(MiniMendeleyEngine.java:648)
	at java.base/java.lang.Thread.run(Thread.java:833)
Exception in thread "Thread-357" java.lang.NullPointerException: Cannot invoke "hk.ust.comp3021.utils.Query$QueryType.ordinal()" because the return value of "hk.ust.comp3021.utils.Query.getType()" is null
	at hk.ust.comp3021.MiniMendeleyEngine.processQuery(MiniMendeleyEngine.java:660)
	at hk.ust.comp3021.MiniMendeleyEngine.lambda$processConcurrentQuery$14(MiniMendeleyEngine.java:648)
	at java.base/java.lang.Thread.run(Thread.java:833)
Exception in thread "Thread-179" java.lang.NullPointerException: Cannot invoke "hk.ust.comp3021.utils.Query$QueryType.ordinal()" because the return value of "hk.ust.comp3021.utils.Query.getType()" is null
	at hk.ust.comp3021.MiniMendeleyEngine.processQuery(MiniMendeleyEngine.java:660)
	at hk.ust.comp3021.MiniMendeleyEngine.lambda$processConcurrentQuery$14(MiniMendeleyEngine.java:648)
	at java.base/java.lang.Thread.run(Thread.java:833)
Exception in thread "Thread-358" java.lang.NullPointerException: Cannot invoke "hk.ust.comp3021.utils.Query$QueryType.ordinal()" because the return value of "hk.ust.comp3021.utils.Query.getType()" is null
	at hk.ust.comp3021.MiniMendeleyEngine.processQuery(MiniMendeleyEngine.java:660)
	at hk.ust.comp3021.MiniMendeleyEngine.lambda$processConcurrentQuery$14(MiniMendeleyEngine.java:648)
	at java.base/java.lang.Thread.run(Thread.java:833)
Exception in thread "Thread-178" java.lang.NullPointerException: Cannot invoke "hk.ust.comp3021.utils.Query$QueryType.ordinal()" because the return value of "hk.ust.comp3021.utils.Query.getType()" is null
	at hk.ust.comp3021.MiniMendeleyEngine.processQuery(MiniMendeleyEngine.java:660)
	at hk.ust.comp3021.MiniMendeleyEngine.lambda$processConcurrentQuery$14(MiniMendeleyEngine.java:648)
	at java.base/java.lang.Thread.run(Thread.java:833)
Exception in thread "Thread-359" java.lang.NullPointerException: Cannot invoke "hk.ust.comp3021.utils.Query$QueryType.ordinal()" because the return value of "hk.ust.comp3021.utils.Query.getType()" is null
	at hk.ust.comp3021.MiniMendeleyEngine.processQuery(MiniMendeleyEngine.java:660)
	at hk.ust.comp3021.MiniMendeleyEngine.lambda$processConcurrentQuery$14(MiniMendeleyEngine.java:648)
	at java.base/java.lang.Thread.run(Thread.java:833)
Exception in thread "Thread-177" java.lang.NullPointerException: Cannot invoke "hk.ust.comp3021.utils.Query$QueryType.ordinal()" because the return value of "hk.ust.comp3021.utils.Query.getType()" is null
	at hk.ust.comp3021.MiniMendeleyEngine.processQuery(MiniMendeleyEngine.java:660)
	at hk.ust.comp3021.MiniMendeleyEngine.lambda$processConcurrentQuery$14(MiniMendeleyEngine.java:648)
	at java.base/java.lang.Thread.run(Thread.java:833)
Exception in thread "Thread-175" java.lang.NullPointerException: Cannot invoke "hk.ust.comp3021.utils.Query$QueryType.ordinal()" because the return value of "hk.ust.comp3021.utils.Query.getType()" is null
	at hk.ust.comp3021.MiniMendeleyEngine.processQuery(MiniMendeleyEngine.java:660)
	at hk.ust.comp3021.MiniMendeleyEngine.lambda$processConcurrentQuery$14(MiniMendeleyEngine.java:648)
	at java.base/java.lang.Thread.run(Thread.java:833)
Exception in thread "Thread-174" java.lang.NullPointerException: Cannot invoke "hk.ust.comp3021.utils.Query$QueryType.ordinal()" because the return value of "hk.ust.comp3021.utils.Query.getType()" is null
	at hk.ust.comp3021.MiniMendeleyEngine.processQuery(MiniMendeleyEngine.java:660)
	at hk.ust.comp3021.MiniMendeleyEngine.lambda$processConcurrentQuery$14(MiniMendeleyEngine.java:648)
	at java.base/java.lang.Thread.run(Thread.java:833)
Exception in thread "Thread-173" java.lang.NullPointerException: Cannot invoke "hk.ust.comp3021.utils.Query$QueryType.ordinal()" because the return value of "hk.ust.comp3021.utils.Query.getType()" is null
	at hk.ust.comp3021.MiniMendeleyEngine.processQuery(MiniMendeleyEngine.java:660)
	at hk.ust.comp3021.MiniMendeleyEngine.lambda$processConcurrentQuery$14(MiniMendeleyEngine.java:648)
	at java.base/java.lang.Thread.run(Thread.java:833)
Exception in thread "Thread-169" java.lang.NullPointerException: Cannot invoke "hk.ust.comp3021.utils.Query$QueryType.ordinal()" because the return value of "hk.ust.comp3021.utils.Query.getType()" is null
	at hk.ust.comp3021.MiniMendeleyEngine.processQuery(MiniMendeleyEngine.java:660)
	at hk.ust.comp3021.MiniMendeleyEngine.lambda$processConcurrentQuery$14(MiniMendeleyEngine.java:648)
	at java.base/java.lang.Thread.run(Thread.java:833)
Exception in thread "Thread-168" java.lang.NullPointerException: Cannot invoke "hk.ust.comp3021.utils.Query$QueryType.ordinal()" because the return value of "hk.ust.comp3021.utils.Query.getType()" is null
	at hk.ust.comp3021.MiniMendeleyEngine.processQuery(MiniMendeleyEngine.java:660)
	at hk.ust.comp3021.MiniMendeleyEngine.lambda$processConcurrentQuery$14(MiniMendeleyEngine.java:648)
	at java.base/java.lang.Thread.run(Thread.java:833)
Exception in thread "Thread-366" java.lang.NullPointerException: Cannot invoke "hk.ust.comp3021.utils.Query$QueryType.ordinal()" because the return value of "hk.ust.comp3021.utils.Query.getType()" is null
	at hk.ust.comp3021.MiniMendeleyEngine.processQuery(MiniMendeleyEngine.java:660)
	at hk.ust.comp3021.MiniMendeleyEngine.lambda$processConcurrentQuery$14(MiniMendeleyEngine.java:648)
	at java.base/java.lang.Thread.run(Thread.java:833)
Exception in thread "Thread-167" java.lang.NullPointerException: Cannot invoke "hk.ust.comp3021.utils.Query$QueryType.ordinal()" because the return value of "hk.ust.comp3021.utils.Query.getType()" is null
	at hk.ust.comp3021.MiniMendeleyEngine.processQuery(MiniMendeleyEngine.java:660)
	at hk.ust.comp3021.MiniMendeleyEngine.lambda$processConcurrentQuery$14(MiniMendeleyEngine.java:648)
	at java.base/java.lang.Thread.run(Thread.java:833)
Exception in thread "Thread-166" java.lang.NullPointerException: Cannot invoke "hk.ust.comp3021.utils.Query$QueryType.ordinal()" because the return value of "hk.ust.comp3021.utils.Query.getType()" is null
	at hk.ust.comp3021.MiniMendeleyEngine.processQuery(MiniMendeleyEngine.java:660)
	at hk.ust.comp3021.MiniMendeleyEngine.lambda$processConcurrentQuery$14(MiniMendeleyEngine.java:648)
	at java.base/java.lang.Thread.run(Thread.java:833)
Exception in thread "Thread-165" java.lang.NullPointerException: Cannot invoke "hk.ust.comp3021.utils.Query$QueryType.ordinal()" because the return value of "hk.ust.comp3021.utils.Query.getType()" is null
	at hk.ust.comp3021.MiniMendeleyEngine.processQuery(MiniMendeleyEngine.java:660)
	at hk.ust.comp3021.MiniMendeleyEngine.lambda$processConcurrentQuery$14(MiniMendeleyEngine.java:648)
	at java.base/java.lang.Thread.run(Thread.java:833)
Exception in thread "Thread-367" java.lang.NullPointerException: Cannot invoke "hk.ust.comp3021.utils.Query$QueryType.ordinal()" because the return value of "hk.ust.comp3021.utils.Query.getType()" is null
	at hk.ust.comp3021.MiniMendeleyEngine.processQuery(MiniMendeleyEngine.java:660)
	at hk.ust.comp3021.MiniMendeleyEngine.lambda$processConcurrentQuery$14(MiniMendeleyEngine.java:648)
	at java.base/java.lang.Thread.run(Thread.java:833)
Exception in thread "Thread-164" java.lang.NullPointerException: Cannot invoke "hk.ust.comp3021.utils.Query$QueryType.ordinal()" because the return value of "hk.ust.comp3021.utils.Query.getType()" is null
	at hk.ust.comp3021.MiniMendeleyEngine.processQuery(MiniMendeleyEngine.java:660)
	at hk.ust.comp3021.MiniMendeleyEngine.lambda$processConcurrentQuery$14(MiniMendeleyEngine.java:648)
	at java.base/java.lang.Thread.run(Thread.java:833)
Exception in thread "Thread-368" java.lang.NullPointerException: Cannot invoke "hk.ust.comp3021.utils.Query$QueryType.ordinal()" because the return value of "hk.ust.comp3021.utils.Query.getType()" is null
	at hk.ust.comp3021.MiniMendeleyEngine.processQuery(MiniMendeleyEngine.java:660)
	at hk.ust.comp3021.MiniMendeleyEngine.lambda$processConcurrentQuery$14(MiniMendeleyEngine.java:648)
	at java.base/java.lang.Thread.run(Thread.java:833)
Exception in thread "Thread-162" java.lang.NullPointerException: Cannot invoke "hk.ust.comp3021.utils.Query$QueryType.ordinal()" because the return value of "hk.ust.comp3021.utils.Query.getType()" is null
	at hk.ust.comp3021.MiniMendeleyEngine.processQuery(MiniMendeleyEngine.java:660)
	at hk.ust.comp3021.MiniMendeleyEngine.lambda$processConcurrentQuery$14(MiniMendeleyEngine.java:648)
	at java.base/java.lang.Thread.run(Thread.java:833)
Exception in thread "Thread-163" java.lang.NullPointerException: Cannot invoke "hk.ust.comp3021.utils.Query$QueryType.ordinal()" because the return value of "hk.ust.comp3021.utils.Query.getType()" is null
	at hk.ust.comp3021.MiniMendeleyEngine.processQuery(MiniMendeleyEngine.java:660)
	at hk.ust.comp3021.MiniMendeleyEngine.lambda$processConcurrentQuery$14(MiniMendeleyEngine.java:648)
	at java.base/java.lang.Thread.run(Thread.java:833)
Exception in thread "Thread-159" java.lang.NullPointerException: Cannot invoke "hk.ust.comp3021.utils.Query$QueryType.ordinal()" because the return value of "hk.ust.comp3021.utils.Query.getType()" is null
	at hk.ust.comp3021.MiniMendeleyEngine.processQuery(MiniMendeleyEngine.java:660)
	at hk.ust.comp3021.MiniMendeleyEngine.lambda$processConcurrentQuery$14(MiniMendeleyEngine.java:648)
	at java.base/java.lang.Thread.run(Thread.java:833)
Exception in thread "Thread-369" java.lang.NullPointerException: Cannot invoke "hk.ust.comp3021.utils.Query$QueryType.ordinal()" because the return value of "hk.ust.comp3021.utils.Query.getType()" is null
	at hk.ust.comp3021.MiniMendeleyEngine.processQuery(MiniMendeleyEngine.java:660)
	at hk.ust.comp3021.MiniMendeleyEngine.lambda$processConcurrentQuery$14(MiniMendeleyEngine.java:648)
	at java.base/java.lang.Thread.run(Thread.java:833)
Exception in thread "Thread-157" java.lang.NullPointerException: Cannot invoke "hk.ust.comp3021.utils.Query$QueryType.ordinal()" because the return value of "hk.ust.comp3021.utils.Query.getType()" is null
	at hk.ust.comp3021.MiniMendeleyEngine.processQuery(MiniMendeleyEngine.java:660)
	at hk.ust.comp3021.MiniMendeleyEngine.lambda$processConcurrentQuery$14(MiniMendeleyEngine.java:648)
	at java.base/java.lang.Thread.run(Thread.java:833)
Exception in thread "Thread-156" java.lang.NullPointerException: Cannot invoke "hk.ust.comp3021.utils.Query$QueryType.ordinal()" because the return value of "hk.ust.comp3021.utils.Query.getType()" is null
	at hk.ust.comp3021.MiniMendeleyEngine.processQuery(MiniMendeleyEngine.java:660)
	at hk.ust.comp3021.MiniMendeleyEngine.lambda$processConcurrentQuery$14(MiniMendeleyEngine.java:648)
	at java.base/java.lang.Thread.run(Thread.java:833)
Exception in thread "Thread-153" java.lang.NullPointerException: Cannot invoke "hk.ust.comp3021.utils.Query$QueryType.ordinal()" because the return value of "hk.ust.comp3021.utils.Query.getType()" is null
	at hk.ust.comp3021.MiniMendeleyEngine.processQuery(MiniMendeleyEngine.java:660)
	at hk.ust.comp3021.MiniMendeleyEngine.lambda$processConcurrentQuery$14(MiniMendeleyEngine.java:648)
	at java.base/java.lang.Thread.run(Thread.java:833)
Exception in thread "Thread-151" java.lang.NullPointerException: Cannot invoke "hk.ust.comp3021.utils.Query$QueryType.ordinal()" because the return value of "hk.ust.comp3021.utils.Query.getType()" is null
	at hk.ust.comp3021.MiniMendeleyEngine.processQuery(MiniMendeleyEngine.java:660)
	at hk.ust.comp3021.MiniMendeleyEngine.lambda$processConcurrentQuery$14(MiniMendeleyEngine.java:648)
	at java.base/java.lang.Thread.run(Thread.java:833)
Exception in thread "Thread-373" java.lang.NullPointerException: Cannot invoke "hk.ust.comp3021.utils.Query$QueryType.ordinal()" because the return value of "hk.ust.comp3021.utils.Query.getType()" is null
	at hk.ust.comp3021.MiniMendeleyEngine.processQuery(MiniMendeleyEngine.java:660)
	at hk.ust.comp3021.MiniMendeleyEngine.lambda$processConcurrentQuery$14(MiniMendeleyEngine.java:648)
	at java.base/java.lang.Thread.run(Thread.java:833)
Exception in thread "Thread-372" java.lang.NullPointerException: Cannot invoke "hk.ust.comp3021.utils.Query$QueryType.ordinal()" because the return value of "hk.ust.comp3021.utils.Query.getType()" is null
	at hk.ust.comp3021.MiniMendeleyEngine.processQuery(MiniMendeleyEngine.java:660)
	at hk.ust.comp3021.MiniMendeleyEngine.lambda$processConcurrentQuery$14(MiniMendeleyEngine.java:648)
	at java.base/java.lang.Thread.run(Thread.java:833)
Exception in thread "Thread-371" java.lang.NullPointerException: Cannot invoke "hk.ust.comp3021.utils.Query$QueryType.ordinal()" because the return value of "hk.ust.comp3021.utils.Query.getType()" is null
	at hk.ust.comp3021.MiniMendeleyEngine.processQuery(MiniMendeleyEngine.java:660)
	at hk.ust.comp3021.MiniMendeleyEngine.lambda$processConcurrentQuery$14(MiniMendeleyEngine.java:648)
	at java.base/java.lang.Thread.run(Thread.java:833)
Exception in thread "Thread-374" java.lang.NullPointerException: Cannot invoke "hk.ust.comp3021.utils.Query$QueryType.ordinal()" because the return value of "hk.ust.comp3021.utils.Query.getType()" is null
	at hk.ust.comp3021.MiniMendeleyEngine.processQuery(MiniMendeleyEngine.java:660)
	at hk.ust.comp3021.MiniMendeleyEngine.lambda$processConcurrentQuery$14(MiniMendeleyEngine.java:648)
	at java.base/java.lang.Thread.run(Thread.java:833)
Exception in thread "Thread-370" java.lang.NullPointerException: Cannot invoke "hk.ust.comp3021.utils.Query$QueryType.ordinal()" because the return value of "hk.ust.comp3021.utils.Query.getType()" is null
	at hk.ust.comp3021.MiniMendeleyEngine.processQuery(MiniMendeleyEngine.java:660)
	at hk.ust.comp3021.MiniMendeleyEngine.lambda$processConcurrentQuery$14(MiniMendeleyEngine.java:648)
	at java.base/java.lang.Thread.run(Thread.java:833)
Exception in thread "Thread-376" java.lang.NullPointerException: Cannot invoke "hk.ust.comp3021.utils.Query$QueryType.ordinal()" because the return value of "hk.ust.comp3021.utils.Query.getType()" is null
	at hk.ust.comp3021.MiniMendeleyEngine.processQuery(MiniMendeleyEngine.java:660)
	at hk.ust.comp3021.MiniMendeleyEngine.lambda$processConcurrentQuery$14(MiniMendeleyEngine.java:648)
	at java.base/java.lang.Thread.run(Thread.java:833)
Exception in thread "Thread-364" java.lang.NullPointerException: Cannot invoke "hk.ust.comp3021.utils.Query$QueryType.ordinal()" because the return value of "hk.ust.comp3021.utils.Query.getType()" is null
	at hk.ust.comp3021.MiniMendeleyEngine.processQuery(MiniMendeleyEngine.java:660)
	at hk.ust.comp3021.MiniMendeleyEngine.lambda$processConcurrentQuery$14(MiniMendeleyEngine.java:648)
	at java.base/java.lang.Thread.run(Thread.java:833)
Exception in thread "Thread-365" java.lang.NullPointerException: Cannot invoke "hk.ust.comp3021.utils.Query$QueryType.ordinal()" because the return value of "hk.ust.comp3021.utils.Query.getType()" is null
	at hk.ust.comp3021.MiniMendeleyEngine.processQuery(MiniMendeleyEngine.java:660)
	at hk.ust.comp3021.MiniMendeleyEngine.lambda$processConcurrentQuery$14(MiniMendeleyEngine.java:648)
	at java.base/java.lang.Thread.run(Thread.java:833)
Exception in thread "Thread-378" java.lang.NullPointerException: Cannot invoke "hk.ust.comp3021.utils.Query$QueryType.ordinal()" because the return value of "hk.ust.comp3021.utils.Query.getType()" is null
	at hk.ust.comp3021.MiniMendeleyEngine.processQuery(MiniMendeleyEngine.java:660)
	at hk.ust.comp3021.MiniMendeleyEngine.lambda$processConcurrentQuery$14(MiniMendeleyEngine.java:648)
	at java.base/java.lang.Thread.run(Thread.java:833)
Exception in thread "Thread-363" java.lang.NullPointerException: Cannot invoke "hk.ust.comp3021.utils.Query$QueryType.ordinal()" because the return value of "hk.ust.comp3021.utils.Query.getType()" is null
	at hk.ust.comp3021.MiniMendeleyEngine.processQuery(MiniMendeleyEngine.java:660)
	at hk.ust.comp3021.MiniMendeleyEngine.lambda$processConcurrentQuery$14(MiniMendeleyEngine.java:648)
	at java.base/java.lang.Thread.run(Thread.java:833)
Exception in thread "Thread-361" java.lang.NullPointerException: Cannot invoke "hk.ust.comp3021.utils.Query$QueryType.ordinal()" because the return value of "hk.ust.comp3021.utils.Query.getType()" is null
	at hk.ust.comp3021.MiniMendeleyEngine.processQuery(MiniMendeleyEngine.java:660)
	at hk.ust.comp3021.MiniMendeleyEngine.lambda$processConcurrentQuery$14(MiniMendeleyEngine.java:648)
	at java.base/java.lang.Thread.run(Thread.java:833)
Exception in thread "Thread-362" java.lang.NullPointerException: Cannot invoke "hk.ust.comp3021.utils.Query$QueryType.ordinal()" because the return value of "hk.ust.comp3021.utils.Query.getType()" is null
	at hk.ust.comp3021.MiniMendeleyEngine.processQuery(MiniMendeleyEngine.java:660)
	at hk.ust.comp3021.MiniMendeleyEngine.lambda$processConcurrentQuery$14(MiniMendeleyEngine.java:648)
	at java.base/java.lang.Thread.run(Thread.java:833)
Exception in thread "Thread-360" java.lang.NullPointerException: Cannot invoke "hk.ust.comp3021.utils.Query$QueryType.ordinal()" because the return value of "hk.ust.comp3021.utils.Query.getType()" is null
	at hk.ust.comp3021.MiniMendeleyEngine.processQuery(MiniMendeleyEngine.java:660)
	at hk.ust.comp3021.MiniMendeleyEngine.lambda$processConcurrentQuery$14(MiniMendeleyEngine.java:648)
	at java.base/java.lang.Thread.run(Thread.java:833)
Exception in thread "Thread-379" java.lang.NullPointerException: Cannot invoke "hk.ust.comp3021.utils.Query$QueryType.ordinal()" because the return value of "hk.ust.comp3021.utils.Query.getType()" is null
	at hk.ust.comp3021.MiniMendeleyEngine.processQuery(MiniMendeleyEngine.java:660)
	at hk.ust.comp3021.MiniMendeleyEngine.lambda$processConcurrentQuery$14(MiniMendeleyEngine.java:648)
	at java.base/java.lang.Thread.run(Thread.java:833)
Exception in thread "Thread-355" java.lang.NullPointerException: Cannot invoke "hk.ust.comp3021.utils.Query$QueryType.ordinal()" because the return value of "hk.ust.comp3021.utils.Query.getType()" is null
	at hk.ust.comp3021.MiniMendeleyEngine.processQuery(MiniMendeleyEngine.java:660)
	at hk.ust.comp3021.MiniMendeleyEngine.lambda$processConcurrentQuery$14(MiniMendeleyEngine.java:648)
	at java.base/java.lang.Thread.run(Thread.java:833)
Exception in thread "Thread-354" java.lang.NullPointerException: Cannot invoke "hk.ust.comp3021.utils.Query$QueryType.ordinal()" because the return value of "hk.ust.comp3021.utils.Query.getType()" is null
	at hk.ust.comp3021.MiniMendeleyEngine.processQuery(MiniMendeleyEngine.java:660)
	at hk.ust.comp3021.MiniMendeleyEngine.lambda$processConcurrentQuery$14(MiniMendeleyEngine.java:648)
	at java.base/java.lang.Thread.run(Thread.java:833)
Exception in thread "Thread-352" java.lang.NullPointerException: Cannot invoke "hk.ust.comp3021.utils.Query$QueryType.ordinal()" because the return value of "hk.ust.comp3021.utils.Query.getType()" is null
	at hk.ust.comp3021.MiniMendeleyEngine.processQuery(MiniMendeleyEngine.java:660)
	at hk.ust.comp3021.MiniMendeleyEngine.lambda$processConcurrentQuery$14(MiniMendeleyEngine.java:648)
	at java.base/java.lang.Thread.run(Thread.java:833)
Exception in thread "Thread-351" java.lang.NullPointerException: Cannot invoke "hk.ust.comp3021.utils.Query$QueryType.ordinal()" because the return value of "hk.ust.comp3021.utils.Query.getType()" is null
	at hk.ust.comp3021.MiniMendeleyEngine.processQuery(MiniMendeleyEngine.java:660)
	at hk.ust.comp3021.MiniMendeleyEngine.lambda$processConcurrentQuery$14(MiniMendeleyEngine.java:648)
	at java.base/java.lang.Thread.run(Thread.java:833)
Exception in thread "Thread-349" java.lang.NullPointerException: Cannot invoke "hk.ust.comp3021.utils.Query$QueryType.ordinal()" because the return value of "hk.ust.comp3021.utils.Query.getType()" is null
	at hk.ust.comp3021.MiniMendeleyEngine.processQuery(MiniMendeleyEngine.java:660)
	at hk.ust.comp3021.MiniMendeleyEngine.lambda$processConcurrentQuery$14(MiniMendeleyEngine.java:648)
	at java.base/java.lang.Thread.run(Thread.java:833)
Exception in thread "Thread-347" java.lang.NullPointerException: Cannot invoke "hk.ust.comp3021.utils.Query$QueryType.ordinal()" because the return value of "hk.ust.comp3021.utils.Query.getType()" is null
	at hk.ust.comp3021.MiniMendeleyEngine.processQuery(MiniMendeleyEngine.java:660)
	at hk.ust.comp3021.MiniMendeleyEngine.lambda$processConcurrentQuery$14(MiniMendeleyEngine.java:648)
	at java.base/java.lang.Thread.run(Thread.java:833)
Exception in thread "Thread-346" java.lang.NullPointerException: Cannot invoke "hk.ust.comp3021.utils.Query$QueryType.ordinal()" because the return value of "hk.ust.comp3021.utils.Query.getType()" is null
	at hk.ust.comp3021.MiniMendeleyEngine.processQuery(MiniMendeleyEngine.java:660)
	at hk.ust.comp3021.MiniMendeleyEngine.lambda$processConcurrentQuery$14(MiniMendeleyEngine.java:648)
	at java.base/java.lang.Thread.run(Thread.java:833)
Exception in thread "Thread-345" java.lang.NullPointerException: Cannot invoke "hk.ust.comp3021.utils.Query$QueryType.ordinal()" because the return value of "hk.ust.comp3021.utils.Query.getType()" is null
	at hk.ust.comp3021.MiniMendeleyEngine.processQuery(MiniMendeleyEngine.java:660)
	at hk.ust.comp3021.MiniMendeleyEngine.lambda$processConcurrentQuery$14(MiniMendeleyEngine.java:648)
	at java.base/java.lang.Thread.run(Thread.java:833)
Exception in thread "Thread-344" java.lang.NullPointerException: Cannot invoke "hk.ust.comp3021.utils.Query$QueryType.ordinal()" because the return value of "hk.ust.comp3021.utils.Query.getType()" is null
	at hk.ust.comp3021.MiniMendeleyEngine.processQuery(MiniMendeleyEngine.java:660)
	at hk.ust.comp3021.MiniMendeleyEngine.lambda$processConcurrentQuery$14(MiniMendeleyEngine.java:648)
	at java.base/java.lang.Thread.run(Thread.java:833)
Exception in thread "Thread-342" java.lang.NullPointerException: Cannot invoke "hk.ust.comp3021.utils.Query$QueryType.ordinal()" because the return value of "hk.ust.comp3021.utils.Query.getType()" is null
	at hk.ust.comp3021.MiniMendeleyEngine.processQuery(MiniMendeleyEngine.java:660)
	at hk.ust.comp3021.MiniMendeleyEngine.lambda$processConcurrentQuery$14(MiniMendeleyEngine.java:648)
	at java.base/java.lang.Thread.run(Thread.java:833)
Exception in thread "Thread-341" java.lang.NullPointerException: Cannot invoke "hk.ust.comp3021.utils.Query$QueryType.ordinal()" because the return value of "hk.ust.comp3021.utils.Query.getType()" is null
	at hk.ust.comp3021.MiniMendeleyEngine.processQuery(MiniMendeleyEngine.java:660)
	at hk.ust.comp3021.MiniMendeleyEngine.lambda$processConcurrentQuery$14(MiniMendeleyEngine.java:648)
	at java.base/java.lang.Thread.run(Thread.java:833)
Exception in thread "Thread-386" java.lang.NullPointerException: Cannot invoke "hk.ust.comp3021.utils.Query$QueryType.ordinal()" because the return value of "hk.ust.comp3021.utils.Query.getType()" is null
	at hk.ust.comp3021.MiniMendeleyEngine.processQuery(MiniMendeleyEngine.java:660)
	at hk.ust.comp3021.MiniMendeleyEngine.lambda$processConcurrentQuery$14(MiniMendeleyEngine.java:648)
	at java.base/java.lang.Thread.run(Thread.java:833)
Exception in thread "Thread-337" java.lang.NullPointerException: Cannot invoke "hk.ust.comp3021.utils.Query$QueryType.ordinal()" because the return value of "hk.ust.comp3021.utils.Query.getType()" is null
	at hk.ust.comp3021.MiniMendeleyEngine.processQuery(MiniMendeleyEngine.java:660)
	at hk.ust.comp3021.MiniMendeleyEngine.lambda$processConcurrentQuery$14(MiniMendeleyEngine.java:648)
	at java.base/java.lang.Thread.run(Thread.java:833)
Exception in thread "Thread-336" java.lang.NullPointerException: Cannot invoke "hk.ust.comp3021.utils.Query$QueryType.ordinal()" because the return value of "hk.ust.comp3021.utils.Query.getType()" is null
	at hk.ust.comp3021.MiniMendeleyEngine.processQuery(MiniMendeleyEngine.java:660)
	at hk.ust.comp3021.MiniMendeleyEngine.lambda$processConcurrentQuery$14(MiniMendeleyEngine.java:648)
	at java.base/java.lang.Thread.run(Thread.java:833)
Exception in thread "Thread-333" java.lang.NullPointerException: Cannot invoke "hk.ust.comp3021.utils.Query$QueryType.ordinal()" because the return value of "hk.ust.comp3021.utils.Query.getType()" is null
	at hk.ust.comp3021.MiniMendeleyEngine.processQuery(MiniMendeleyEngine.java:660)
	at hk.ust.comp3021.MiniMendeleyEngine.lambda$processConcurrentQuery$14(MiniMendeleyEngine.java:648)
	at java.base/java.lang.Thread.run(Thread.java:833)
Exception in thread "Thread-390" java.lang.NullPointerException: Cannot invoke "hk.ust.comp3021.utils.Query$QueryType.ordinal()" because the return value of "hk.ust.comp3021.utils.Query.getType()" is null
	at hk.ust.comp3021.MiniMendeleyEngine.processQuery(MiniMendeleyEngine.java:660)
	at hk.ust.comp3021.MiniMendeleyEngine.lambda$processConcurrentQuery$14(MiniMendeleyEngine.java:648)
	at java.base/java.lang.Thread.run(Thread.java:833)
Exception in thread "Thread-392" java.lang.NullPointerException: Cannot invoke "hk.ust.comp3021.utils.Query$QueryType.ordinal()" because the return value of "hk.ust.comp3021.utils.Query.getType()" is null
	at hk.ust.comp3021.MiniMendeleyEngine.processQuery(MiniMendeleyEngine.java:660)
	at hk.ust.comp3021.MiniMendeleyEngine.lambda$processConcurrentQuery$14(MiniMendeleyEngine.java:648)
	at java.base/java.lang.Thread.run(Thread.java:833)
Exception in thread "Thread-393" java.lang.NullPointerException: Cannot invoke "hk.ust.comp3021.utils.Query$QueryType.ordinal()" because the return value of "hk.ust.comp3021.utils.Query.getType()" is null
	at hk.ust.comp3021.MiniMendeleyEngine.processQuery(MiniMendeleyEngine.java:660)
	at hk.ust.comp3021.MiniMendeleyEngine.lambda$processConcurrentQuery$14(MiniMendeleyEngine.java:648)
	at java.base/java.lang.Thread.run(Thread.java:833)
Exception in thread "Thread-332" java.lang.NullPointerException: Cannot invoke "hk.ust.comp3021.utils.Query$QueryType.ordinal()" because the return value of "hk.ust.comp3021.utils.Query.getType()" is null
	at hk.ust.comp3021.MiniMendeleyEngine.processQuery(MiniMendeleyEngine.java:660)
	at hk.ust.comp3021.MiniMendeleyEngine.lambda$processConcurrentQuery$14(MiniMendeleyEngine.java:648)
	at java.base/java.lang.Thread.run(Thread.java:833)
Exception in thread "Thread-331" java.lang.NullPointerException: Cannot invoke "hk.ust.comp3021.utils.Query$QueryType.ordinal()" because the return value of "hk.ust.comp3021.utils.Query.getType()" is null
	at hk.ust.comp3021.MiniMendeleyEngine.processQuery(MiniMendeleyEngine.java:660)
	at hk.ust.comp3021.MiniMendeleyEngine.lambda$processConcurrentQuery$14(MiniMendeleyEngine.java:648)
	at java.base/java.lang.Thread.run(Thread.java:833)
Exception in thread "Thread-330" java.lang.NullPointerException: Cannot invoke "hk.ust.comp3021.utils.Query$QueryType.ordinal()" because the return value of "hk.ust.comp3021.utils.Query.getType()" is null
	at hk.ust.comp3021.MiniMendeleyEngine.processQuery(MiniMendeleyEngine.java:660)
	at hk.ust.comp3021.MiniMendeleyEngine.lambda$processConcurrentQuery$14(MiniMendeleyEngine.java:648)
	at java.base/java.lang.Thread.run(Thread.java:833)
Exception in thread "Thread-396" java.lang.NullPointerException: Cannot invoke "hk.ust.comp3021.utils.Query$QueryType.ordinal()" because the return value of "hk.ust.comp3021.utils.Query.getType()" is null
	at hk.ust.comp3021.MiniMendeleyEngine.processQuery(MiniMendeleyEngine.java:660)
	at hk.ust.comp3021.MiniMendeleyEngine.lambda$processConcurrentQuery$14(MiniMendeleyEngine.java:648)
	at java.base/java.lang.Thread.run(Thread.java:833)
Exception in thread "Thread-328" java.lang.NullPointerException: Cannot invoke "hk.ust.comp3021.utils.Query$QueryType.ordinal()" because the return value of "hk.ust.comp3021.utils.Query.getType()" is null
	at hk.ust.comp3021.MiniMendeleyEngine.processQuery(MiniMendeleyEngine.java:660)
	at hk.ust.comp3021.MiniMendeleyEngine.lambda$processConcurrentQuery$14(MiniMendeleyEngine.java:648)
	at java.base/java.lang.Thread.run(Thread.java:833)
Exception in thread "Thread-327" java.lang.NullPointerException: Cannot invoke "hk.ust.comp3021.utils.Query$QueryType.ordinal()" because the return value of "hk.ust.comp3021.utils.Query.getType()" is null
	at hk.ust.comp3021.MiniMendeleyEngine.processQuery(MiniMendeleyEngine.java:660)
	at hk.ust.comp3021.MiniMendeleyEngine.lambda$processConcurrentQuery$14(MiniMendeleyEngine.java:648)
	at java.base/java.lang.Thread.run(Thread.java:833)
Exception in thread "Thread-326" java.lang.NullPointerException: Cannot invoke "hk.ust.comp3021.utils.Query$QueryType.ordinal()" because the return value of "hk.ust.comp3021.utils.Query.getType()" is null
	at hk.ust.comp3021.MiniMendeleyEngine.processQuery(MiniMendeleyEngine.java:660)
	at hk.ust.comp3021.MiniMendeleyEngine.lambda$processConcurrentQuery$14(MiniMendeleyEngine.java:648)
	at java.base/java.lang.Thread.run(Thread.java:833)
Exception in thread "Thread-325" java.lang.NullPointerException: Cannot invoke "hk.ust.comp3021.utils.Query$QueryType.ordinal()" because the return value of "hk.ust.comp3021.utils.Query.getType()" is null
	at hk.ust.comp3021.MiniMendeleyEngine.processQuery(MiniMendeleyEngine.java:660)
	at hk.ust.comp3021.MiniMendeleyEngine.lambda$processConcurrentQuery$14(MiniMendeleyEngine.java:648)
	at java.base/java.lang.Thread.run(Thread.java:833)
Exception in thread "Thread-324" java.lang.NullPointerException: Cannot invoke "hk.ust.comp3021.utils.Query$QueryType.ordinal()" because the return value of "hk.ust.comp3021.utils.Query.getType()" is null
	at hk.ust.comp3021.MiniMendeleyEngine.processQuery(MiniMendeleyEngine.java:660)
	at hk.ust.comp3021.MiniMendeleyEngine.lambda$processConcurrentQuery$14(MiniMendeleyEngine.java:648)
	at java.base/java.lang.Thread.run(Thread.java:833)
Exception in thread "Thread-323" java.lang.NullPointerException: Cannot invoke "hk.ust.comp3021.utils.Query$QueryType.ordinal()" because the return value of "hk.ust.comp3021.utils.Query.getType()" is null
	at hk.ust.comp3021.MiniMendeleyEngine.processQuery(MiniMendeleyEngine.java:660)
	at hk.ust.comp3021.MiniMendeleyEngine.lambda$processConcurrentQuery$14(MiniMendeleyEngine.java:648)
	at java.base/java.lang.Thread.run(Thread.java:833)
Exception in thread "Thread-400" java.lang.NullPointerException: Cannot invoke "hk.ust.comp3021.utils.Query$QueryType.ordinal()" because the return value of "hk.ust.comp3021.utils.Query.getType()" is null
	at hk.ust.comp3021.MiniMendeleyEngine.processQuery(MiniMendeleyEngine.java:660)
	at hk.ust.comp3021.MiniMendeleyEngine.lambda$processConcurrentQuery$14(MiniMendeleyEngine.java:648)
	at java.base/java.lang.Thread.run(Thread.java:833)
Exception in thread "Thread-320" java.lang.NullPointerException: Cannot invoke "hk.ust.comp3021.utils.Query$QueryType.ordinal()" because the return value of "hk.ust.comp3021.utils.Query.getType()" is null
	at hk.ust.comp3021.MiniMendeleyEngine.processQuery(MiniMendeleyEngine.java:660)
	at hk.ust.comp3021.MiniMendeleyEngine.lambda$processConcurrentQuery$14(MiniMendeleyEngine.java:648)
	at java.base/java.lang.Thread.run(Thread.java:833)
Exception in thread "Thread-321" java.lang.NullPointerException: Cannot invoke "hk.ust.comp3021.utils.Query$QueryType.ordinal()" because the return value of "hk.ust.comp3021.utils.Query.getType()" is null
	at hk.ust.comp3021.MiniMendeleyEngine.processQuery(MiniMendeleyEngine.java:660)
	at hk.ust.comp3021.MiniMendeleyEngine.lambda$processConcurrentQuery$14(MiniMendeleyEngine.java:648)
	at java.base/java.lang.Thread.run(Thread.java:833)
Exception in thread "Thread-318" java.lang.NullPointerException: Cannot invoke "hk.ust.comp3021.utils.Query$QueryType.ordinal()" because the return value of "hk.ust.comp3021.utils.Query.getType()" is null
	at hk.ust.comp3021.MiniMendeleyEngine.processQuery(MiniMendeleyEngine.java:660)
	at hk.ust.comp3021.MiniMendeleyEngine.lambda$processConcurrentQuery$14(MiniMendeleyEngine.java:648)
	at java.base/java.lang.Thread.run(Thread.java:833)
Exception in thread "Thread-317" java.lang.NullPointerException: Cannot invoke "hk.ust.comp3021.utils.Query$QueryType.ordinal()" because the return value of "hk.ust.comp3021.utils.Query.getType()" is null
	at hk.ust.comp3021.MiniMendeleyEngine.processQuery(MiniMendeleyEngine.java:660)
	at hk.ust.comp3021.MiniMendeleyEngine.lambda$processConcurrentQuery$14(MiniMendeleyEngine.java:648)
	at java.base/java.lang.Thread.run(Thread.java:833)
Exception in thread "Thread-314" java.lang.NullPointerException: Cannot invoke "hk.ust.comp3021.utils.Query$QueryType.ordinal()" because the return value of "hk.ust.comp3021.utils.Query.getType()" is null
	at hk.ust.comp3021.MiniMendeleyEngine.processQuery(MiniMendeleyEngine.java:660)
	at hk.ust.comp3021.MiniMendeleyEngine.lambda$processConcurrentQuery$14(MiniMendeleyEngine.java:648)
	at java.base/java.lang.Thread.run(Thread.java:833)
Exception in thread "Thread-316" java.lang.NullPointerException: Cannot invoke "hk.ust.comp3021.utils.Query$QueryType.ordinal()" because the return value of "hk.ust.comp3021.utils.Query.getType()" is null
	at hk.ust.comp3021.MiniMendeleyEngine.processQuery(MiniMendeleyEngine.java:660)
	at hk.ust.comp3021.MiniMendeleyEngine.lambda$processConcurrentQuery$14(MiniMendeleyEngine.java:648)
	at java.base/java.lang.Thread.run(Thread.java:833)
Exception in thread "Thread-315" java.lang.NullPointerException: Cannot invoke "hk.ust.comp3021.utils.Query$QueryType.ordinal()" because the return value of "hk.ust.comp3021.utils.Query.getType()" is null
	at hk.ust.comp3021.MiniMendeleyEngine.processQuery(MiniMendeleyEngine.java:660)
	at hk.ust.comp3021.MiniMendeleyEngine.lambda$processConcurrentQuery$14(MiniMendeleyEngine.java:648)
	at java.base/java.lang.Thread.run(Thread.java:833)
Exception in thread "Thread-310" java.lang.NullPointerException: Cannot invoke "hk.ust.comp3021.utils.Query$QueryType.ordinal()" because the return value of "hk.ust.comp3021.utils.Query.getType()" is null
	at hk.ust.comp3021.MiniMendeleyEngine.processQuery(MiniMendeleyEngine.java:660)
	at hk.ust.comp3021.MiniMendeleyEngine.lambda$processConcurrentQuery$14(MiniMendeleyEngine.java:648)
	at java.base/java.lang.Thread.run(Thread.java:833)
Exception in thread "Thread-309" java.lang.NullPointerException: Cannot invoke "hk.ust.comp3021.utils.Query$QueryType.ordinal()" because the return value of "hk.ust.comp3021.utils.Query.getType()" is null
	at hk.ust.comp3021.MiniMendeleyEngine.processQuery(MiniMendeleyEngine.java:660)
	at hk.ust.comp3021.MiniMendeleyEngine.lambda$processConcurrentQuery$14(MiniMendeleyEngine.java:648)
	at java.base/java.lang.Thread.run(Thread.java:833)
Exception in thread "Thread-306" java.lang.NullPointerException: Cannot invoke "hk.ust.comp3021.utils.Query$QueryType.ordinal()" because the return value of "hk.ust.comp3021.utils.Query.getType()" is null
	at hk.ust.comp3021.MiniMendeleyEngine.processQuery(MiniMendeleyEngine.java:660)
	at hk.ust.comp3021.MiniMendeleyEngine.lambda$processConcurrentQuery$14(MiniMendeleyEngine.java:648)
	at java.base/java.lang.Thread.run(Thread.java:833)
Exception in thread "Thread-404" java.lang.NullPointerException: Cannot invoke "hk.ust.comp3021.utils.Query$QueryType.ordinal()" because the return value of "hk.ust.comp3021.utils.Query.getType()" is null
	at hk.ust.comp3021.MiniMendeleyEngine.processQuery(MiniMendeleyEngine.java:660)
	at hk.ust.comp3021.MiniMendeleyEngine.lambda$processConcurrentQuery$14(MiniMendeleyEngine.java:648)
	at java.base/java.lang.Thread.run(Thread.java:833)
Exception in thread "Thread-304" java.lang.NullPointerException: Cannot invoke "hk.ust.comp3021.utils.Query$QueryType.ordinal()" because the return value of "hk.ust.comp3021.utils.Query.getType()" is null
	at hk.ust.comp3021.MiniMendeleyEngine.processQuery(MiniMendeleyEngine.java:660)
	at hk.ust.comp3021.MiniMendeleyEngine.lambda$processConcurrentQuery$14(MiniMendeleyEngine.java:648)
	at java.base/java.lang.Thread.run(Thread.java:833)
Exception in thread "Thread-300" java.lang.NullPointerException: Cannot invoke "hk.ust.comp3021.utils.Query$QueryType.ordinal()" because the return value of "hk.ust.comp3021.utils.Query.getType()" is null
	at hk.ust.comp3021.MiniMendeleyEngine.processQuery(MiniMendeleyEngine.java:660)
	at hk.ust.comp3021.MiniMendeleyEngine.lambda$processConcurrentQuery$14(MiniMendeleyEngine.java:648)
	at java.base/java.lang.Thread.run(Thread.java:833)
Exception in thread "Thread-299" java.lang.NullPointerException: Cannot invoke "hk.ust.comp3021.utils.Query$QueryType.ordinal()" because the return value of "hk.ust.comp3021.utils.Query.getType()" is null
	at hk.ust.comp3021.MiniMendeleyEngine.processQuery(MiniMendeleyEngine.java:660)
	at hk.ust.comp3021.MiniMendeleyEngine.lambda$processConcurrentQuery$14(MiniMendeleyEngine.java:648)
	at java.base/java.lang.Thread.run(Thread.java:833)
Exception in thread "Thread-406" java.lang.NullPointerException: Cannot invoke "hk.ust.comp3021.utils.Query$QueryType.ordinal()" because the return value of "hk.ust.comp3021.utils.Query.getType()" is null
	at hk.ust.comp3021.MiniMendeleyEngine.processQuery(MiniMendeleyEngine.java:660)
	at hk.ust.comp3021.MiniMendeleyEngine.lambda$processConcurrentQuery$14(MiniMendeleyEngine.java:648)
	at java.base/java.lang.Thread.run(Thread.java:833)
Exception in thread "Thread-298" java.lang.NullPointerException: Cannot invoke "hk.ust.comp3021.utils.Query$QueryType.ordinal()" because the return value of "hk.ust.comp3021.utils.Query.getType()" is null
	at hk.ust.comp3021.MiniMendeleyEngine.processQuery(MiniMendeleyEngine.java:660)
	at hk.ust.comp3021.MiniMendeleyEngine.lambda$processConcurrentQuery$14(MiniMendeleyEngine.java:648)
	at java.base/java.lang.Thread.run(Thread.java:833)
Exception in thread "Thread-407" java.lang.NullPointerException: Cannot invoke "hk.ust.comp3021.utils.Query$QueryType.ordinal()" because the return value of "hk.ust.comp3021.utils.Query.getType()" is null
	at hk.ust.comp3021.MiniMendeleyEngine.processQuery(MiniMendeleyEngine.java:660)
	at hk.ust.comp3021.MiniMendeleyEngine.lambda$processConcurrentQuery$14(MiniMendeleyEngine.java:648)
	at java.base/java.lang.Thread.run(Thread.java:833)
Exception in thread "Thread-408" java.lang.NullPointerException: Cannot invoke "hk.ust.comp3021.utils.Query$QueryType.ordinal()" because the return value of "hk.ust.comp3021.utils.Query.getType()" is null
	at hk.ust.comp3021.MiniMendeleyEngine.processQuery(MiniMendeleyEngine.java:660)
	at hk.ust.comp3021.MiniMendeleyEngine.lambda$processConcurrentQuery$14(MiniMendeleyEngine.java:648)
	at java.base/java.lang.Thread.run(Thread.java:833)
Exception in thread "Thread-297" java.lang.NullPointerException: Cannot invoke "hk.ust.comp3021.utils.Query$QueryType.ordinal()" because the return value of "hk.ust.comp3021.utils.Query.getType()" is null
	at hk.ust.comp3021.MiniMendeleyEngine.processQuery(MiniMendeleyEngine.java:660)
	at hk.ust.comp3021.MiniMendeleyEngine.lambda$processConcurrentQuery$14(MiniMendeleyEngine.java:648)
	at java.base/java.lang.Thread.run(Thread.java:833)
Exception in thread "Thread-295" java.lang.NullPointerException: Cannot invoke "hk.ust.comp3021.utils.Query$QueryType.ordinal()" because the return value of "hk.ust.comp3021.utils.Query.getType()" is null
	at hk.ust.comp3021.MiniMendeleyEngine.processQuery(MiniMendeleyEngine.java:660)
	at hk.ust.comp3021.MiniMendeleyEngine.lambda$processConcurrentQuery$14(MiniMendeleyEngine.java:648)
	at java.base/java.lang.Thread.run(Thread.java:833)
Exception in thread "Thread-294" java.lang.NullPointerException: Cannot invoke "hk.ust.comp3021.utils.Query$QueryType.ordinal()" because the return value of "hk.ust.comp3021.utils.Query.getType()" is null
	at hk.ust.comp3021.MiniMendeleyEngine.processQuery(MiniMendeleyEngine.java:660)
	at hk.ust.comp3021.MiniMendeleyEngine.lambda$processConcurrentQuery$14(MiniMendeleyEngine.java:648)
	at java.base/java.lang.Thread.run(Thread.java:833)
Exception in thread "Thread-411" java.lang.NullPointerException: Cannot invoke "hk.ust.comp3021.utils.Query$QueryType.ordinal()" because the return value of "hk.ust.comp3021.utils.Query.getType()" is null
	at hk.ust.comp3021.MiniMendeleyEngine.processQuery(MiniMendeleyEngine.java:660)
	at hk.ust.comp3021.MiniMendeleyEngine.lambda$processConcurrentQuery$14(MiniMendeleyEngine.java:648)
	at java.base/java.lang.Thread.run(Thread.java:833)
Exception in thread "Thread-290" java.lang.NullPointerException: Cannot invoke "hk.ust.comp3021.utils.Query$QueryType.ordinal()" because the return value of "hk.ust.comp3021.utils.Query.getType()" is null
	at hk.ust.comp3021.MiniMendeleyEngine.processQuery(MiniMendeleyEngine.java:660)
	at hk.ust.comp3021.MiniMendeleyEngine.lambda$processConcurrentQuery$14(MiniMendeleyEngine.java:648)
	at java.base/java.lang.Thread.run(Thread.java:833)
Exception in thread "Thread-412" java.lang.NullPointerException: Cannot invoke "hk.ust.comp3021.utils.Query$QueryType.ordinal()" because the return value of "hk.ust.comp3021.utils.Query.getType()" is null
	at hk.ust.comp3021.MiniMendeleyEngine.processQuery(MiniMendeleyEngine.java:660)
	at hk.ust.comp3021.MiniMendeleyEngine.lambda$processConcurrentQuery$14(MiniMendeleyEngine.java:648)
	at java.base/java.lang.Thread.run(Thread.java:833)
Exception in thread "Thread-289" java.lang.NullPointerException: Cannot invoke "hk.ust.comp3021.utils.Query$QueryType.ordinal()" because the return value of "hk.ust.comp3021.utils.Query.getType()" is null
	at hk.ust.comp3021.MiniMendeleyEngine.processQuery(MiniMendeleyEngine.java:660)
	at hk.ust.comp3021.MiniMendeleyEngine.lambda$processConcurrentQuery$14(MiniMendeleyEngine.java:648)
	at java.base/java.lang.Thread.run(Thread.java:833)
Exception in thread "Thread-414" java.lang.NullPointerException: Cannot invoke "hk.ust.comp3021.utils.Query$QueryType.ordinal()" because the return value of "hk.ust.comp3021.utils.Query.getType()" is null
	at hk.ust.comp3021.MiniMendeleyEngine.processQuery(MiniMendeleyEngine.java:660)
	at hk.ust.comp3021.MiniMendeleyEngine.lambda$processConcurrentQuery$14(MiniMendeleyEngine.java:648)
	at java.base/java.lang.Thread.run(Thread.java:833)
Exception in thread "Thread-413" java.lang.NullPointerException: Cannot invoke "hk.ust.comp3021.utils.Query$QueryType.ordinal()" because the return value of "hk.ust.comp3021.utils.Query.getType()" is null
	at hk.ust.comp3021.MiniMendeleyEngine.processQuery(MiniMendeleyEngine.java:660)
	at hk.ust.comp3021.MiniMendeleyEngine.lambda$processConcurrentQuery$14(MiniMendeleyEngine.java:648)
	at java.base/java.lang.Thread.run(Thread.java:833)
Exception in thread "Thread-410" java.lang.NullPointerException: Cannot invoke "hk.ust.comp3021.utils.Query$QueryType.ordinal()" because the return value of "hk.ust.comp3021.utils.Query.getType()" is null
	at hk.ust.comp3021.MiniMendeleyEngine.processQuery(MiniMendeleyEngine.java:660)
	at hk.ust.comp3021.MiniMendeleyEngine.lambda$processConcurrentQuery$14(MiniMendeleyEngine.java:648)
	at java.base/java.lang.Thread.run(Thread.java:833)
Exception in thread "Thread-409" java.lang.NullPointerException: Cannot invoke "hk.ust.comp3021.utils.Query$QueryType.ordinal()" because the return value of "hk.ust.comp3021.utils.Query.getType()" is null
	at hk.ust.comp3021.MiniMendeleyEngine.processQuery(MiniMendeleyEngine.java:660)
	at hk.ust.comp3021.MiniMendeleyEngine.lambda$processConcurrentQuery$14(MiniMendeleyEngine.java:648)
	at java.base/java.lang.Thread.run(Thread.java:833)
Exception in thread "Thread-405" java.lang.NullPointerException: Cannot invoke "hk.ust.comp3021.utils.Query$QueryType.ordinal()" because the return value of "hk.ust.comp3021.utils.Query.getType()" is null
	at hk.ust.comp3021.MiniMendeleyEngine.processQuery(MiniMendeleyEngine.java:660)
	at hk.ust.comp3021.MiniMendeleyEngine.lambda$processConcurrentQuery$14(MiniMendeleyEngine.java:648)
	at java.base/java.lang.Thread.run(Thread.java:833)
Exception in thread "Thread-403" java.lang.NullPointerException: Cannot invoke "hk.ust.comp3021.utils.Query$QueryType.ordinal()" because the return value of "hk.ust.comp3021.utils.Query.getType()" is null
	at hk.ust.comp3021.MiniMendeleyEngine.processQuery(MiniMendeleyEngine.java:660)
	at hk.ust.comp3021.MiniMendeleyEngine.lambda$processConcurrentQuery$14(MiniMendeleyEngine.java:648)
	at java.base/java.lang.Thread.run(Thread.java:833)
Exception in thread "Thread-402" java.lang.NullPointerException: Cannot invoke "hk.ust.comp3021.utils.Query$QueryType.ordinal()" because the return value of "hk.ust.comp3021.utils.Query.getType()" is null
	at hk.ust.comp3021.MiniMendeleyEngine.processQuery(MiniMendeleyEngine.java:660)
	at hk.ust.comp3021.MiniMendeleyEngine.lambda$processConcurrentQuery$14(MiniMendeleyEngine.java:648)
	at java.base/java.lang.Thread.run(Thread.java:833)
Exception in thread "Thread-415" java.lang.NullPointerException: Cannot invoke "hk.ust.comp3021.utils.Query$QueryType.ordinal()" because the return value of "hk.ust.comp3021.utils.Query.getType()" is null
	at hk.ust.comp3021.MiniMendeleyEngine.processQuery(MiniMendeleyEngine.java:660)
	at hk.ust.comp3021.MiniMendeleyEngine.lambda$processConcurrentQuery$14(MiniMendeleyEngine.java:648)
	at java.base/java.lang.Thread.run(Thread.java:833)
Exception in thread "Thread-401" java.lang.NullPointerException: Cannot invoke "hk.ust.comp3021.utils.Query$QueryType.ordinal()" because the return value of "hk.ust.comp3021.utils.Query.getType()" is null
	at hk.ust.comp3021.MiniMendeleyEngine.processQuery(MiniMendeleyEngine.java:660)
	at hk.ust.comp3021.MiniMendeleyEngine.lambda$processConcurrentQuery$14(MiniMendeleyEngine.java:648)
	at java.base/java.lang.Thread.run(Thread.java:833)
Exception in thread "Thread-399" java.lang.NullPointerException: Cannot invoke "hk.ust.comp3021.utils.Query$QueryType.ordinal()" because the return value of "hk.ust.comp3021.utils.Query.getType()" is null
	at hk.ust.comp3021.MiniMendeleyEngine.processQuery(MiniMendeleyEngine.java:660)
	at hk.ust.comp3021.MiniMendeleyEngine.lambda$processConcurrentQuery$14(MiniMendeleyEngine.java:648)
	at java.base/java.lang.Thread.run(Thread.java:833)
Exception in thread "Thread-398" java.lang.NullPointerException: Cannot invoke "hk.ust.comp3021.utils.Query$QueryType.ordinal()" because the return value of "hk.ust.comp3021.utils.Query.getType()" is null
	at hk.ust.comp3021.MiniMendeleyEngine.processQuery(MiniMendeleyEngine.java:660)
	at hk.ust.comp3021.MiniMendeleyEngine.lambda$processConcurrentQuery$14(MiniMendeleyEngine.java:648)
	at java.base/java.lang.Thread.run(Thread.java:833)
Exception in thread "Thread-397" java.lang.NullPointerException: Cannot invoke "hk.ust.comp3021.utils.Query$QueryType.ordinal()" because the return value of "hk.ust.comp3021.utils.Query.getType()" is null
	at hk.ust.comp3021.MiniMendeleyEngine.processQuery(MiniMendeleyEngine.java:660)
	at hk.ust.comp3021.MiniMendeleyEngine.lambda$processConcurrentQuery$14(MiniMendeleyEngine.java:648)
	at java.base/java.lang.Thread.run(Thread.java:833)
Exception in thread "Thread-417" java.lang.NullPointerException: Cannot invoke "hk.ust.comp3021.utils.Query$QueryType.ordinal()" because the return value of "hk.ust.comp3021.utils.Query.getType()" is null
	at hk.ust.comp3021.MiniMendeleyEngine.processQuery(MiniMendeleyEngine.java:660)
	at hk.ust.comp3021.MiniMendeleyEngine.lambda$processConcurrentQuery$14(MiniMendeleyEngine.java:648)
	at java.base/java.lang.Thread.run(Thread.java:833)
Exception in thread "Thread-395" java.lang.NullPointerException: Cannot invoke "hk.ust.comp3021.utils.Query$QueryType.ordinal()" because the return value of "hk.ust.comp3021.utils.Query.getType()" is null
	at hk.ust.comp3021.MiniMendeleyEngine.processQuery(MiniMendeleyEngine.java:660)
	at hk.ust.comp3021.MiniMendeleyEngine.lambda$processConcurrentQuery$14(MiniMendeleyEngine.java:648)
	at java.base/java.lang.Thread.run(Thread.java:833)
Exception in thread "Thread-418" java.lang.NullPointerException: Cannot invoke "hk.ust.comp3021.utils.Query$QueryType.ordinal()" because the return value of "hk.ust.comp3021.utils.Query.getType()" is null
	at hk.ust.comp3021.MiniMendeleyEngine.processQuery(MiniMendeleyEngine.java:660)
	at hk.ust.comp3021.MiniMendeleyEngine.lambda$processConcurrentQuery$14(MiniMendeleyEngine.java:648)
	at java.base/java.lang.Thread.run(Thread.java:833)
Exception in thread "Thread-420" java.lang.NullPointerException: Cannot invoke "hk.ust.comp3021.utils.Query$QueryType.ordinal()" because the return value of "hk.ust.comp3021.utils.Query.getType()" is null
	at hk.ust.comp3021.MiniMendeleyEngine.processQuery(MiniMendeleyEngine.java:660)
	at hk.ust.comp3021.MiniMendeleyEngine.lambda$processConcurrentQuery$14(MiniMendeleyEngine.java:648)
	at java.base/java.lang.Thread.run(Thread.java:833)
Exception in thread "Thread-394" java.lang.NullPointerException: Cannot invoke "hk.ust.comp3021.utils.Query$QueryType.ordinal()" because the return value of "hk.ust.comp3021.utils.Query.getType()" is null
	at hk.ust.comp3021.MiniMendeleyEngine.processQuery(MiniMendeleyEngine.java:660)
	at hk.ust.comp3021.MiniMendeleyEngine.lambda$processConcurrentQuery$14(MiniMendeleyEngine.java:648)
	at java.base/java.lang.Thread.run(Thread.java:833)
Exception in thread "Thread-391" java.lang.NullPointerException: Cannot invoke "hk.ust.comp3021.utils.Query$QueryType.ordinal()" because the return value of "hk.ust.comp3021.utils.Query.getType()" is null
	at hk.ust.comp3021.MiniMendeleyEngine.processQuery(MiniMendeleyEngine.java:660)
	at hk.ust.comp3021.MiniMendeleyEngine.lambda$processConcurrentQuery$14(MiniMendeleyEngine.java:648)
	at java.base/java.lang.Thread.run(Thread.java:833)
Exception in thread "Thread-389" java.lang.NullPointerException: Cannot invoke "hk.ust.comp3021.utils.Query$QueryType.ordinal()" because the return value of "hk.ust.comp3021.utils.Query.getType()" is null
	at hk.ust.comp3021.MiniMendeleyEngine.processQuery(MiniMendeleyEngine.java:660)
	at hk.ust.comp3021.MiniMendeleyEngine.lambda$processConcurrentQuery$14(MiniMendeleyEngine.java:648)
	at java.base/java.lang.Thread.run(Thread.java:833)
Exception in thread "Thread-388" java.lang.NullPointerException: Cannot invoke "hk.ust.comp3021.utils.Query$QueryType.ordinal()" because the return value of "hk.ust.comp3021.utils.Query.getType()" is null
	at hk.ust.comp3021.MiniMendeleyEngine.processQuery(MiniMendeleyEngine.java:660)
	at hk.ust.comp3021.MiniMendeleyEngine.lambda$processConcurrentQuery$14(MiniMendeleyEngine.java:648)
	at java.base/java.lang.Thread.run(Thread.java:833)
Exception in thread "Thread-387" java.lang.NullPointerException: Cannot invoke "hk.ust.comp3021.utils.Query$QueryType.ordinal()" because the return value of "hk.ust.comp3021.utils.Query.getType()" is null
	at hk.ust.comp3021.MiniMendeleyEngine.processQuery(MiniMendeleyEngine.java:660)
	at hk.ust.comp3021.MiniMendeleyEngine.lambda$processConcurrentQuery$14(MiniMendeleyEngine.java:648)
	at java.base/java.lang.Thread.run(Thread.java:833)
Exception in thread "Thread-385" java.lang.NullPointerException: Cannot invoke "hk.ust.comp3021.utils.Query$QueryType.ordinal()" because the return value of "hk.ust.comp3021.utils.Query.getType()" is null
	at hk.ust.comp3021.MiniMendeleyEngine.processQuery(MiniMendeleyEngine.java:660)
	at hk.ust.comp3021.MiniMendeleyEngine.lambda$processConcurrentQuery$14(MiniMendeleyEngine.java:648)
	at java.base/java.lang.Thread.run(Thread.java:833)
Exception in thread "Thread-384" java.lang.NullPointerException: Cannot invoke "hk.ust.comp3021.utils.Query$QueryType.ordinal()" because the return value of "hk.ust.comp3021.utils.Query.getType()" is null
	at hk.ust.comp3021.MiniMendeleyEngine.processQuery(MiniMendeleyEngine.java:660)
	at hk.ust.comp3021.MiniMendeleyEngine.lambda$processConcurrentQuery$14(MiniMendeleyEngine.java:648)
	at java.base/java.lang.Thread.run(Thread.java:833)
Exception in thread "Thread-382" java.lang.NullPointerException: Cannot invoke "hk.ust.comp3021.utils.Query$QueryType.ordinal()" because the return value of "hk.ust.comp3021.utils.Query.getType()" is null
	at hk.ust.comp3021.MiniMendeleyEngine.processQuery(MiniMendeleyEngine.java:660)
	at hk.ust.comp3021.MiniMendeleyEngine.lambda$processConcurrentQuery$14(MiniMendeleyEngine.java:648)
	at java.base/java.lang.Thread.run(Thread.java:833)
Exception in thread "Thread-383" java.lang.NullPointerException: Cannot invoke "hk.ust.comp3021.utils.Query$QueryType.ordinal()" because the return value of "hk.ust.comp3021.utils.Query.getType()" is null
	at hk.ust.comp3021.MiniMendeleyEngine.processQuery(MiniMendeleyEngine.java:660)
	at hk.ust.comp3021.MiniMendeleyEngine.lambda$processConcurrentQuery$14(MiniMendeleyEngine.java:648)
	at java.base/java.lang.Thread.run(Thread.java:833)
Exception in thread "Thread-381" java.lang.NullPointerException: Cannot invoke "hk.ust.comp3021.utils.Query$QueryType.ordinal()" because the return value of "hk.ust.comp3021.utils.Query.getType()" is null
	at hk.ust.comp3021.MiniMendeleyEngine.processQuery(MiniMendeleyEngine.java:660)
	at hk.ust.comp3021.MiniMendeleyEngine.lambda$processConcurrentQuery$14(MiniMendeleyEngine.java:648)
	at java.base/java.lang.Thread.run(Thread.java:833)
Exception in thread "Thread-380" java.lang.NullPointerException: Cannot invoke "hk.ust.comp3021.utils.Query$QueryType.ordinal()" because the return value of "hk.ust.comp3021.utils.Query.getType()" is null
	at hk.ust.comp3021.MiniMendeleyEngine.processQuery(MiniMendeleyEngine.java:660)
	at hk.ust.comp3021.MiniMendeleyEngine.lambda$processConcurrentQuery$14(MiniMendeleyEngine.java:648)
	at java.base/java.lang.Thread.run(Thread.java:833)
Exception in thread "Thread-377" java.lang.NullPointerException: Cannot invoke "hk.ust.comp3021.utils.Query$QueryType.ordinal()" because the return value of "hk.ust.comp3021.utils.Query.getType()" is null
	at hk.ust.comp3021.MiniMendeleyEngine.processQuery(MiniMendeleyEngine.java:660)
	at hk.ust.comp3021.MiniMendeleyEngine.lambda$processConcurrentQuery$14(MiniMendeleyEngine.java:648)
	at java.base/java.lang.Thread.run(Thread.java:833)
Exception in thread "Thread-375" java.lang.NullPointerException: Cannot invoke "hk.ust.comp3021.utils.Query$QueryType.ordinal()" because the return value of "hk.ust.comp3021.utils.Query.getType()" is null
	at hk.ust.comp3021.MiniMendeleyEngine.processQuery(MiniMendeleyEngine.java:660)
	at hk.ust.comp3021.MiniMendeleyEngine.lambda$processConcurrentQuery$14(MiniMendeleyEngine.java:648)
	at java.base/java.lang.Thread.run(Thread.java:833)
Exception in thread "Thread-427" java.lang.NullPointerException: Cannot invoke "hk.ust.comp3021.utils.Query$QueryType.ordinal()" because the return value of "hk.ust.comp3021.utils.Query.getType()" is null
	at hk.ust.comp3021.MiniMendeleyEngine.processQuery(MiniMendeleyEngine.java:660)
	at hk.ust.comp3021.MiniMendeleyEngine.lambda$processConcurrentQuery$14(MiniMendeleyEngine.java:648)
	at java.base/java.lang.Thread.run(Thread.java:833)
Exception in thread "Thread-426" java.lang.NullPointerException: Cannot invoke "hk.ust.comp3021.utils.Query$QueryType.ordinal()" because the return value of "hk.ust.comp3021.utils.Query.getType()" is null
	at hk.ust.comp3021.MiniMendeleyEngine.processQuery(MiniMendeleyEngine.java:660)
	at hk.ust.comp3021.MiniMendeleyEngine.lambda$processConcurrentQuery$14(MiniMendeleyEngine.java:648)
	at java.base/java.lang.Thread.run(Thread.java:833)
Exception in thread "Thread-425" java.lang.NullPointerException: Cannot invoke "hk.ust.comp3021.utils.Query$QueryType.ordinal()" because the return value of "hk.ust.comp3021.utils.Query.getType()" is null
	at hk.ust.comp3021.MiniMendeleyEngine.processQuery(MiniMendeleyEngine.java:660)
	at hk.ust.comp3021.MiniMendeleyEngine.lambda$processConcurrentQuery$14(MiniMendeleyEngine.java:648)
	at java.base/java.lang.Thread.run(Thread.java:833)
Exception in thread "Thread-424" java.lang.NullPointerException: Cannot invoke "hk.ust.comp3021.utils.Query$QueryType.ordinal()" because the return value of "hk.ust.comp3021.utils.Query.getType()" is null
	at hk.ust.comp3021.MiniMendeleyEngine.processQuery(MiniMendeleyEngine.java:660)
	at hk.ust.comp3021.MiniMendeleyEngine.lambda$processConcurrentQuery$14(MiniMendeleyEngine.java:648)
	at java.base/java.lang.Thread.run(Thread.java:833)
Exception in thread "Thread-423" java.lang.NullPointerException: Cannot invoke "hk.ust.comp3021.utils.Query$QueryType.ordinal()" because the return value of "hk.ust.comp3021.utils.Query.getType()" is null
	at hk.ust.comp3021.MiniMendeleyEngine.processQuery(MiniMendeleyEngine.java:660)
	at hk.ust.comp3021.MiniMendeleyEngine.lambda$processConcurrentQuery$14(MiniMendeleyEngine.java:648)
	at java.base/java.lang.Thread.run(Thread.java:833)
Exception in thread "Thread-422" java.lang.NullPointerException: Cannot invoke "hk.ust.comp3021.utils.Query$QueryType.ordinal()" because the return value of "hk.ust.comp3021.utils.Query.getType()" is null
	at hk.ust.comp3021.MiniMendeleyEngine.processQuery(MiniMendeleyEngine.java:660)
	at hk.ust.comp3021.MiniMendeleyEngine.lambda$processConcurrentQuery$14(MiniMendeleyEngine.java:648)
	at java.base/java.lang.Thread.run(Thread.java:833)
Exception in thread "Thread-433" java.lang.NullPointerException: Cannot invoke "hk.ust.comp3021.utils.Query$QueryType.ordinal()" because the return value of "hk.ust.comp3021.utils.Query.getType()" is null
	at hk.ust.comp3021.MiniMendeleyEngine.processQuery(MiniMendeleyEngine.java:660)
	at hk.ust.comp3021.MiniMendeleyEngine.lambda$processConcurrentQuery$14(MiniMendeleyEngine.java:648)
	at java.base/java.lang.Thread.run(Thread.java:833)
Exception in thread "Thread-421" java.lang.NullPointerException: Cannot invoke "hk.ust.comp3021.utils.Query$QueryType.ordinal()" because the return value of "hk.ust.comp3021.utils.Query.getType()" is null
	at hk.ust.comp3021.MiniMendeleyEngine.processQuery(MiniMendeleyEngine.java:660)
	at hk.ust.comp3021.MiniMendeleyEngine.lambda$processConcurrentQuery$14(MiniMendeleyEngine.java:648)
	at java.base/java.lang.Thread.run(Thread.java:833)
Exception in thread "Thread-419" java.lang.NullPointerException: Cannot invoke "hk.ust.comp3021.utils.Query$QueryType.ordinal()" because the return value of "hk.ust.comp3021.utils.Query.getType()" is null
	at hk.ust.comp3021.MiniMendeleyEngine.processQuery(MiniMendeleyEngine.java:660)
	at hk.ust.comp3021.MiniMendeleyEngine.lambda$processConcurrentQuery$14(MiniMendeleyEngine.java:648)
	at java.base/java.lang.Thread.run(Thread.java:833)
Exception in thread "Thread-416" java.lang.NullPointerException: Cannot invoke "hk.ust.comp3021.utils.Query$QueryType.ordinal()" because the return value of "hk.ust.comp3021.utils.Query.getType()" is null
	at hk.ust.comp3021.MiniMendeleyEngine.processQuery(MiniMendeleyEngine.java:660)
	at hk.ust.comp3021.MiniMendeleyEngine.lambda$processConcurrentQuery$14(MiniMendeleyEngine.java:648)
	at java.base/java.lang.Thread.run(Thread.java:833)
Exception in thread "Thread-435" java.lang.NullPointerException: Cannot invoke "hk.ust.comp3021.utils.Query$QueryType.ordinal()" because the return value of "hk.ust.comp3021.utils.Query.getType()" is null
	at hk.ust.comp3021.MiniMendeleyEngine.processQuery(MiniMendeleyEngine.java:660)
	at hk.ust.comp3021.MiniMendeleyEngine.lambda$processConcurrentQuery$14(MiniMendeleyEngine.java:648)
	at java.base/java.lang.Thread.run(Thread.java:833)
Exception in thread "Thread-432" java.lang.NullPointerException: Cannot invoke "hk.ust.comp3021.utils.Query$QueryType.ordinal()" because the return value of "hk.ust.comp3021.utils.Query.getType()" is null
	at hk.ust.comp3021.MiniMendeleyEngine.processQuery(MiniMendeleyEngine.java:660)
	at hk.ust.comp3021.MiniMendeleyEngine.lambda$processConcurrentQuery$14(MiniMendeleyEngine.java:648)
	at java.base/java.lang.Thread.run(Thread.java:833)
Exception in thread "Thread-437" java.lang.NullPointerException: Cannot invoke "hk.ust.comp3021.utils.Query$QueryType.ordinal()" because the return value of "hk.ust.comp3021.utils.Query.getType()" is null
	at hk.ust.comp3021.MiniMendeleyEngine.processQuery(MiniMendeleyEngine.java:660)
	at hk.ust.comp3021.MiniMendeleyEngine.lambda$processConcurrentQuery$14(MiniMendeleyEngine.java:648)
	at java.base/java.lang.Thread.run(Thread.java:833)
Exception in thread "Thread-431" java.lang.NullPointerException: Cannot invoke "hk.ust.comp3021.utils.Query$QueryType.ordinal()" because the return value of "hk.ust.comp3021.utils.Query.getType()" is null
	at hk.ust.comp3021.MiniMendeleyEngine.processQuery(MiniMendeleyEngine.java:660)
	at hk.ust.comp3021.MiniMendeleyEngine.lambda$processConcurrentQuery$14(MiniMendeleyEngine.java:648)
	at java.base/java.lang.Thread.run(Thread.java:833)
Exception in thread "Thread-438" java.lang.NullPointerException: Cannot invoke "hk.ust.comp3021.utils.Query$QueryType.ordinal()" because the return value of "hk.ust.comp3021.utils.Query.getType()" is null
	at hk.ust.comp3021.MiniMendeleyEngine.processQuery(MiniMendeleyEngine.java:660)
	at hk.ust.comp3021.MiniMendeleyEngine.lambda$processConcurrentQuery$14(MiniMendeleyEngine.java:648)
	at java.base/java.lang.Thread.run(Thread.java:833)
Exception in thread "Thread-429" java.lang.NullPointerException: Cannot invoke "hk.ust.comp3021.utils.Query$QueryType.ordinal()" because the return value of "hk.ust.comp3021.utils.Query.getType()" is null
	at hk.ust.comp3021.MiniMendeleyEngine.processQuery(MiniMendeleyEngine.java:660)
	at hk.ust.comp3021.MiniMendeleyEngine.lambda$processConcurrentQuery$14(MiniMendeleyEngine.java:648)
	at java.base/java.lang.Thread.run(Thread.java:833)
Exception in thread "Thread-430" java.lang.NullPointerException: Cannot invoke "hk.ust.comp3021.utils.Query$QueryType.ordinal()" because the return value of "hk.ust.comp3021.utils.Query.getType()" is null
	at hk.ust.comp3021.MiniMendeleyEngine.processQuery(MiniMendeleyEngine.java:660)
	at hk.ust.comp3021.MiniMendeleyEngine.lambda$processConcurrentQuery$14(MiniMendeleyEngine.java:648)
	at java.base/java.lang.Thread.run(Thread.java:833)
Exception in thread "Thread-428" java.lang.NullPointerException: Cannot invoke "hk.ust.comp3021.utils.Query$QueryType.ordinal()" because the return value of "hk.ust.comp3021.utils.Query.getType()" is null
	at hk.ust.comp3021.MiniMendeleyEngine.processQuery(MiniMendeleyEngine.java:660)
	at hk.ust.comp3021.MiniMendeleyEngine.lambda$processConcurrentQuery$14(MiniMendeleyEngine.java:648)
	at java.base/java.lang.Thread.run(Thread.java:833)
Exception in thread "Thread-434" java.lang.NullPointerException: Cannot invoke "hk.ust.comp3021.utils.Query$QueryType.ordinal()" because the return value of "hk.ust.comp3021.utils.Query.getType()" is null
	at hk.ust.comp3021.MiniMendeleyEngine.processQuery(MiniMendeleyEngine.java:660)
	at hk.ust.comp3021.MiniMendeleyEngine.lambda$processConcurrentQuery$14(MiniMendeleyEngine.java:648)
	at java.base/java.lang.Thread.run(Thread.java:833)
Exception in thread "Thread-436" java.lang.NullPointerException: Cannot invoke "hk.ust.comp3021.utils.Query$QueryType.ordinal()" because the return value of "hk.ust.comp3021.utils.Query.getType()" is null
	at hk.ust.comp3021.MiniMendeleyEngine.processQuery(MiniMendeleyEngine.java:660)
	at hk.ust.comp3021.MiniMendeleyEngine.lambda$processConcurrentQuery$14(MiniMendeleyEngine.java:648)
	at java.base/java.lang.Thread.run(Thread.java:833)
Exception in thread "Thread-439" java.lang.NullPointerException: Cannot invoke "hk.ust.comp3021.utils.Query$QueryType.ordinal()" because the return value of "hk.ust.comp3021.utils.Query.getType()" is null
	at hk.ust.comp3021.MiniMendeleyEngine.processQuery(MiniMendeleyEngine.java:660)
	at hk.ust.comp3021.MiniMendeleyEngine.lambda$processConcurrentQuery$14(MiniMendeleyEngine.java:648)
	at java.base/java.lang.Thread.run(Thread.java:833)
Exception in thread "Thread-440" java.lang.NullPointerException: Cannot invoke "hk.ust.comp3021.utils.Query$QueryType.ordinal()" because the return value of "hk.ust.comp3021.utils.Query.getType()" is null
	at hk.ust.comp3021.MiniMendeleyEngine.processQuery(MiniMendeleyEngine.java:660)
	at hk.ust.comp3021.MiniMendeleyEngine.lambda$processConcurrentQuery$14(MiniMendeleyEngine.java:648)
	at java.base/java.lang.Thread.run(Thread.java:833)
Exception in thread "Thread-441" java.lang.NullPointerException: Cannot invoke "hk.ust.comp3021.utils.Query$QueryType.ordinal()" because the return value of "hk.ust.comp3021.utils.Query.getType()" is null
	at hk.ust.comp3021.MiniMendeleyEngine.processQuery(MiniMendeleyEngine.java:660)
	at hk.ust.comp3021.MiniMendeleyEngine.lambda$processConcurrentQuery$14(MiniMendeleyEngine.java:648)
	at java.base/java.lang.Thread.run(Thread.java:833)
Exception in thread "Thread-442" java.lang.NullPointerException: Cannot invoke "hk.ust.comp3021.utils.Query$QueryType.ordinal()" because the return value of "hk.ust.comp3021.utils.Query.getType()" is null
	at hk.ust.comp3021.MiniMendeleyEngine.processQuery(MiniMendeleyEngine.java:660)
	at hk.ust.comp3021.MiniMendeleyEngine.lambda$processConcurrentQuery$14(MiniMendeleyEngine.java:648)
	at java.base/java.lang.Thread.run(Thread.java:833)
Exception in thread "Thread-443" java.lang.NullPointerException: Cannot invoke "hk.ust.comp3021.utils.Query$QueryType.ordinal()" because the return value of "hk.ust.comp3021.utils.Query.getType()" is null
	at hk.ust.comp3021.MiniMendeleyEngine.processQuery(MiniMendeleyEngine.java:660)
	at hk.ust.comp3021.MiniMendeleyEngine.lambda$processConcurrentQuery$14(MiniMendeleyEngine.java:648)
	at java.base/java.lang.Thread.run(Thread.java:833)
Exception in thread "Thread-444" java.lang.NullPointerException: Cannot invoke "hk.ust.comp3021.utils.Query$QueryType.ordinal()" because the return value of "hk.ust.comp3021.utils.Query.getType()" is null
	at hk.ust.comp3021.MiniMendeleyEngine.processQuery(MiniMendeleyEngine.java:660)
	at hk.ust.comp3021.MiniMendeleyEngine.lambda$processConcurrentQuery$14(MiniMendeleyEngine.java:648)
	at java.base/java.lang.Thread.run(Thread.java:833)
Exception in thread "Thread-445" java.lang.NullPointerException: Cannot invoke "hk.ust.comp3021.utils.Query$QueryType.ordinal()" because the return value of "hk.ust.comp3021.utils.Query.getType()" is null
	at hk.ust.comp3021.MiniMendeleyEngine.processQuery(MiniMendeleyEngine.java:660)
	at hk.ust.comp3021.MiniMendeleyEngine.lambda$processConcurrentQuery$14(MiniMendeleyEngine.java:648)
	at java.base/java.lang.Thread.run(Thread.java:833)
Exception in thread "Thread-446" java.lang.NullPointerException: Cannot invoke "hk.ust.comp3021.utils.Query$QueryType.ordinal()" because the return value of "hk.ust.comp3021.utils.Query.getType()" is null
	at hk.ust.comp3021.MiniMendeleyEngine.processQuery(MiniMendeleyEngine.java:660)
	at hk.ust.comp3021.MiniMendeleyEngine.lambda$processConcurrentQuery$14(MiniMendeleyEngine.java:648)
	at java.base/java.lang.Thread.run(Thread.java:833)
Exception in thread "Thread-447" java.lang.NullPointerException: Cannot invoke "hk.ust.comp3021.utils.Query$QueryType.ordinal()" because the return value of "hk.ust.comp3021.utils.Query.getType()" is null
	at hk.ust.comp3021.MiniMendeleyEngine.processQuery(MiniMendeleyEngine.java:660)
	at hk.ust.comp3021.MiniMendeleyEngine.lambda$processConcurrentQuery$14(MiniMendeleyEngine.java:648)
	at java.base/java.lang.Thread.run(Thread.java:833)
Exception in thread "Thread-448" java.lang.NullPointerException: Cannot invoke "hk.ust.comp3021.utils.Query$QueryType.ordinal()" because the return value of "hk.ust.comp3021.utils.Query.getType()" is null
	at hk.ust.comp3021.MiniMendeleyEngine.processQuery(MiniMendeleyEngine.java:660)
	at hk.ust.comp3021.MiniMendeleyEngine.lambda$processConcurrentQuery$14(MiniMendeleyEngine.java:648)
	at java.base/java.lang.Thread.run(Thread.java:833)
Exception in thread "Thread-449" java.lang.NullPointerException: Cannot invoke "hk.ust.comp3021.utils.Query$QueryType.ordinal()" because the return value of "hk.ust.comp3021.utils.Query.getType()" is null
	at hk.ust.comp3021.MiniMendeleyEngine.processQuery(MiniMendeleyEngine.java:660)
	at hk.ust.comp3021.MiniMendeleyEngine.lambda$processConcurrentQuery$14(MiniMendeleyEngine.java:648)
	at java.base/java.lang.Thread.run(Thread.java:833)
Exception in thread "Thread-450" java.lang.NullPointerException: Cannot invoke "hk.ust.comp3021.utils.Query$QueryType.ordinal()" because the return value of "hk.ust.comp3021.utils.Query.getType()" is null
	at hk.ust.comp3021.MiniMendeleyEngine.processQuery(MiniMendeleyEngine.java:660)
	at hk.ust.comp3021.MiniMendeleyEngine.lambda$processConcurrentQuery$14(MiniMendeleyEngine.java:648)
	at java.base/java.lang.Thread.run(Thread.java:833)
Exception in thread "Thread-451" java.lang.NullPointerException: Cannot invoke "hk.ust.comp3021.utils.Query$QueryType.ordinal()" because the return value of "hk.ust.comp3021.utils.Query.getType()" is null
	at hk.ust.comp3021.MiniMendeleyEngine.processQuery(MiniMendeleyEngine.java:660)
	at hk.ust.comp3021.MiniMendeleyEngine.lambda$processConcurrentQuery$14(MiniMendeleyEngine.java:648)
	at java.base/java.lang.Thread.run(Thread.java:833)
Exception in thread "Thread-452" java.lang.NullPointerException: Cannot invoke "hk.ust.comp3021.utils.Query$QueryType.ordinal()" because the return value of "hk.ust.comp3021.utils.Query.getType()" is null
	at hk.ust.comp3021.MiniMendeleyEngine.processQuery(MiniMendeleyEngine.java:660)
	at hk.ust.comp3021.MiniMendeleyEngine.lambda$processConcurrentQuery$14(MiniMendeleyEngine.java:648)
	at java.base/java.lang.Thread.run(Thread.java:833)
Exception in thread "Thread-454" java.lang.NullPointerException: Cannot invoke "hk.ust.comp3021.utils.Query$QueryType.ordinal()" because the return value of "hk.ust.comp3021.utils.Query.getType()" is null
	at hk.ust.comp3021.MiniMendeleyEngine.processQuery(MiniMendeleyEngine.java:660)
	at hk.ust.comp3021.MiniMendeleyEngine.lambda$processConcurrentQuery$14(MiniMendeleyEngine.java:648)
	at java.base/java.lang.Thread.run(Thread.java:833)
Exception in thread "Thread-453" java.lang.NullPointerException: Cannot invoke "hk.ust.comp3021.utils.Query$QueryType.ordinal()" because the return value of "hk.ust.comp3021.utils.Query.getType()" is null
	at hk.ust.comp3021.MiniMendeleyEngine.processQuery(MiniMendeleyEngine.java:660)
	at hk.ust.comp3021.MiniMendeleyEngine.lambda$processConcurrentQuery$14(MiniMendeleyEngine.java:648)
	at java.base/java.lang.Thread.run(Thread.java:833)
Exception in thread "Thread-455" java.lang.NullPointerException: Cannot invoke "hk.ust.comp3021.utils.Query$QueryType.ordinal()" because the return value of "hk.ust.comp3021.utils.Query.getType()" is null
	at hk.ust.comp3021.MiniMendeleyEngine.processQuery(MiniMendeleyEngine.java:660)
	at hk.ust.comp3021.MiniMendeleyEngine.lambda$processConcurrentQuery$14(MiniMendeleyEngine.java:648)
	at java.base/java.lang.Thread.run(Thread.java:833)
Exception in thread "Thread-456" java.lang.NullPointerException: Cannot invoke "hk.ust.comp3021.utils.Query$QueryType.ordinal()" because the return value of "hk.ust.comp3021.utils.Query.getType()" is null
	at hk.ust.comp3021.MiniMendeleyEngine.processQuery(MiniMendeleyEngine.java:660)
	at hk.ust.comp3021.MiniMendeleyEngine.lambda$processConcurrentQuery$14(MiniMendeleyEngine.java:648)
	at java.base/java.lang.Thread.run(Thread.java:833)
Exception in thread "Thread-457" java.lang.NullPointerException: Cannot invoke "hk.ust.comp3021.utils.Query$QueryType.ordinal()" because the return value of "hk.ust.comp3021.utils.Query.getType()" is null
	at hk.ust.comp3021.MiniMendeleyEngine.processQuery(MiniMendeleyEngine.java:660)
	at hk.ust.comp3021.MiniMendeleyEngine.lambda$processConcurrentQuery$14(MiniMendeleyEngine.java:648)
	at java.base/java.lang.Thread.run(Thread.java:833)
Exception in thread "Thread-458" java.lang.NullPointerException: Cannot invoke "hk.ust.comp3021.utils.Query$QueryType.ordinal()" because the return value of "hk.ust.comp3021.utils.Query.getType()" is null
	at hk.ust.comp3021.MiniMendeleyEngine.processQuery(MiniMendeleyEngine.java:660)
	at hk.ust.comp3021.MiniMendeleyEngine.lambda$processConcurrentQuery$14(MiniMendeleyEngine.java:648)
	at java.base/java.lang.Thread.run(Thread.java:833)
Exception in thread "Thread-459" java.lang.NullPointerException: Cannot invoke "hk.ust.comp3021.utils.Query$QueryType.ordinal()" because the return value of "hk.ust.comp3021.utils.Query.getType()" is null
	at hk.ust.comp3021.MiniMendeleyEngine.processQuery(MiniMendeleyEngine.java:660)
	at hk.ust.comp3021.MiniMendeleyEngine.lambda$processConcurrentQuery$14(MiniMendeleyEngine.java:648)
	at java.base/java.lang.Thread.run(Thread.java:833)
Exception in thread "Thread-460" java.lang.NullPointerException: Cannot invoke "hk.ust.comp3021.utils.Query$QueryType.ordinal()" because the return value of "hk.ust.comp3021.utils.Query.getType()" is null
	at hk.ust.comp3021.MiniMendeleyEngine.processQuery(MiniMendeleyEngine.java:660)
	at hk.ust.comp3021.MiniMendeleyEngine.lambda$processConcurrentQuery$14(MiniMendeleyEngine.java:648)
	at java.base/java.lang.Thread.run(Thread.java:833)
Exception in thread "Thread-461" java.lang.NullPointerException: Cannot invoke "hk.ust.comp3021.utils.Query$QueryType.ordinal()" because the return value of "hk.ust.comp3021.utils.Query.getType()" is null
	at hk.ust.comp3021.MiniMendeleyEngine.processQuery(MiniMendeleyEngine.java:660)
	at hk.ust.comp3021.MiniMendeleyEngine.lambda$processConcurrentQuery$14(MiniMendeleyEngine.java:648)
	at java.base/java.lang.Thread.run(Thread.java:833)
Exception in thread "Thread-462" java.lang.NullPointerException: Cannot invoke "hk.ust.comp3021.utils.Query$QueryType.ordinal()" because the return value of "hk.ust.comp3021.utils.Query.getType()" is null
	at hk.ust.comp3021.MiniMendeleyEngine.processQuery(MiniMendeleyEngine.java:660)
	at hk.ust.comp3021.MiniMendeleyEngine.lambda$processConcurrentQuery$14(MiniMendeleyEngine.java:648)
	at java.base/java.lang.Thread.run(Thread.java:833)
Exception in thread "Thread-463" java.lang.NullPointerException: Cannot invoke "hk.ust.comp3021.utils.Query$QueryType.ordinal()" because the return value of "hk.ust.comp3021.utils.Query.getType()" is null
	at hk.ust.comp3021.MiniMendeleyEngine.processQuery(MiniMendeleyEngine.java:660)
	at hk.ust.comp3021.MiniMendeleyEngine.lambda$processConcurrentQuery$14(MiniMendeleyEngine.java:648)
	at java.base/java.lang.Thread.run(Thread.java:833)
Exception in thread "Thread-465" java.lang.NullPointerException: Cannot invoke "hk.ust.comp3021.utils.Query$QueryType.ordinal()" because the return value of "hk.ust.comp3021.utils.Query.getType()" is null
	at hk.ust.comp3021.MiniMendeleyEngine.processQuery(MiniMendeleyEngine.java:660)
	at hk.ust.comp3021.MiniMendeleyEngine.lambda$processConcurrentQuery$14(MiniMendeleyEngine.java:648)
	at java.base/java.lang.Thread.run(Thread.java:833)
Exception in thread "Thread-464" java.lang.NullPointerException: Cannot invoke "hk.ust.comp3021.utils.Query$QueryType.ordinal()" because the return value of "hk.ust.comp3021.utils.Query.getType()" is null
	at hk.ust.comp3021.MiniMendeleyEngine.processQuery(MiniMendeleyEngine.java:660)
	at hk.ust.comp3021.MiniMendeleyEngine.lambda$processConcurrentQuery$14(MiniMendeleyEngine.java:648)
	at java.base/java.lang.Thread.run(Thread.java:833)
Exception in thread "Thread-466" java.lang.NullPointerException: Cannot invoke "hk.ust.comp3021.utils.Query$QueryType.ordinal()" because the return value of "hk.ust.comp3021.utils.Query.getType()" is null
	at hk.ust.comp3021.MiniMendeleyEngine.processQuery(MiniMendeleyEngine.java:660)
	at hk.ust.comp3021.MiniMendeleyEngine.lambda$processConcurrentQuery$14(MiniMendeleyEngine.java:648)
	at java.base/java.lang.Thread.run(Thread.java:833)
Exception in thread "Thread-467" java.lang.NullPointerException: Cannot invoke "hk.ust.comp3021.utils.Query$QueryType.ordinal()" because the return value of "hk.ust.comp3021.utils.Query.getType()" is null
	at hk.ust.comp3021.MiniMendeleyEngine.processQuery(MiniMendeleyEngine.java:660)
	at hk.ust.comp3021.MiniMendeleyEngine.lambda$processConcurrentQuery$14(MiniMendeleyEngine.java:648)
	at java.base/java.lang.Thread.run(Thread.java:833)
Exception in thread "Thread-468" java.lang.NullPointerException: Cannot invoke "hk.ust.comp3021.utils.Query$QueryType.ordinal()" because the return value of "hk.ust.comp3021.utils.Query.getType()" is null
	at hk.ust.comp3021.MiniMendeleyEngine.processQuery(MiniMendeleyEngine.java:660)
	at hk.ust.comp3021.MiniMendeleyEngine.lambda$processConcurrentQuery$14(MiniMendeleyEngine.java:648)
	at java.base/java.lang.Thread.run(Thread.java:833)
Exception in thread "Thread-469" java.lang.NullPointerException: Cannot invoke "hk.ust.comp3021.utils.Query$QueryType.ordinal()" because the return value of "hk.ust.comp3021.utils.Query.getType()" is null
	at hk.ust.comp3021.MiniMendeleyEngine.processQuery(MiniMendeleyEngine.java:660)
	at hk.ust.comp3021.MiniMendeleyEngine.lambda$processConcurrentQuery$14(MiniMendeleyEngine.java:648)
	at java.base/java.lang.Thread.run(Thread.java:833)
Exception in thread "Thread-470" java.lang.NullPointerException: Cannot invoke "hk.ust.comp3021.utils.Query$QueryType.ordinal()" because the return value of "hk.ust.comp3021.utils.Query.getType()" is null
	at hk.ust.comp3021.MiniMendeleyEngine.processQuery(MiniMendeleyEngine.java:660)
	at hk.ust.comp3021.MiniMendeleyEngine.lambda$processConcurrentQuery$14(MiniMendeleyEngine.java:648)
	at java.base/java.lang.Thread.run(Thread.java:833)
Exception in thread "Thread-471" java.lang.NullPointerException: Cannot invoke "hk.ust.comp3021.utils.Query$QueryType.ordinal()" because the return value of "hk.ust.comp3021.utils.Query.getType()" is null
	at hk.ust.comp3021.MiniMendeleyEngine.processQuery(MiniMendeleyEngine.java:660)
	at hk.ust.comp3021.MiniMendeleyEngine.lambda$processConcurrentQuery$14(MiniMendeleyEngine.java:648)
	at java.base/java.lang.Thread.run(Thread.java:833)
Exception in thread "Thread-472" java.lang.NullPointerException: Cannot invoke "hk.ust.comp3021.utils.Query$QueryType.ordinal()" because the return value of "hk.ust.comp3021.utils.Query.getType()" is null
	at hk.ust.comp3021.MiniMendeleyEngine.processQuery(MiniMendeleyEngine.java:660)
	at hk.ust.comp3021.MiniMendeleyEngine.lambda$processConcurrentQuery$14(MiniMendeleyEngine.java:648)
	at java.base/java.lang.Thread.run(Thread.java:833)
Exception in thread "Thread-473" java.lang.NullPointerException: Cannot invoke "hk.ust.comp3021.utils.Query$QueryType.ordinal()" because the return value of "hk.ust.comp3021.utils.Query.getType()" is null
	at hk.ust.comp3021.MiniMendeleyEngine.processQuery(MiniMendeleyEngine.java:660)
	at hk.ust.comp3021.MiniMendeleyEngine.lambda$processConcurrentQuery$14(MiniMendeleyEngine.java:648)
	at java.base/java.lang.Thread.run(Thread.java:833)
Exception in thread "Thread-474" java.lang.NullPointerException: Cannot invoke "hk.ust.comp3021.utils.Query$QueryType.ordinal()" because the return value of "hk.ust.comp3021.utils.Query.getType()" is null
	at hk.ust.comp3021.MiniMendeleyEngine.processQuery(MiniMendeleyEngine.java:660)
	at hk.ust.comp3021.MiniMendeleyEngine.lambda$processConcurrentQuery$14(MiniMendeleyEngine.java:648)
	at java.base/java.lang.Thread.run(Thread.java:833)
Exception in thread "Thread-475" java.lang.NullPointerException: Cannot invoke "hk.ust.comp3021.utils.Query$QueryType.ordinal()" because the return value of "hk.ust.comp3021.utils.Query.getType()" is null
	at hk.ust.comp3021.MiniMendeleyEngine.processQuery(MiniMendeleyEngine.java:660)
	at hk.ust.comp3021.MiniMendeleyEngine.lambda$processConcurrentQuery$14(MiniMendeleyEngine.java:648)
	at java.base/java.lang.Thread.run(Thread.java:833)
Exception in thread "Thread-476" java.lang.NullPointerException: Cannot invoke "hk.ust.comp3021.utils.Query$QueryType.ordinal()" because the return value of "hk.ust.comp3021.utils.Query.getType()" is null
	at hk.ust.comp3021.MiniMendeleyEngine.processQuery(MiniMendeleyEngine.java:660)
	at hk.ust.comp3021.MiniMendeleyEngine.lambda$processConcurrentQuery$14(MiniMendeleyEngine.java:648)
	at java.base/java.lang.Thread.run(Thread.java:833)
Exception in thread "Thread-477" java.lang.NullPointerException: Cannot invoke "hk.ust.comp3021.utils.Query$QueryType.ordinal()" because the return value of "hk.ust.comp3021.utils.Query.getType()" is null
	at hk.ust.comp3021.MiniMendeleyEngine.processQuery(MiniMendeleyEngine.java:660)
	at hk.ust.comp3021.MiniMendeleyEngine.lambda$processConcurrentQuery$14(MiniMendeleyEngine.java:648)
	at java.base/java.lang.Thread.run(Thread.java:833)
Exception in thread "Thread-478" java.lang.NullPointerException: Cannot invoke "hk.ust.comp3021.utils.Query$QueryType.ordinal()" because the return value of "hk.ust.comp3021.utils.Query.getType()" is null
	at hk.ust.comp3021.MiniMendeleyEngine.processQuery(MiniMendeleyEngine.java:660)
	at hk.ust.comp3021.MiniMendeleyEngine.lambda$processConcurrentQuery$14(MiniMendeleyEngine.java:648)
	at java.base/java.lang.Thread.run(Thread.java:833)
Exception in thread "Thread-479" java.lang.NullPointerException: Cannot invoke "hk.ust.comp3021.utils.Query$QueryType.ordinal()" because the return value of "hk.ust.comp3021.utils.Query.getType()" is null
	at hk.ust.comp3021.MiniMendeleyEngine.processQuery(MiniMendeleyEngine.java:660)
	at hk.ust.comp3021.MiniMendeleyEngine.lambda$processConcurrentQuery$14(MiniMendeleyEngine.java:648)
	at java.base/java.lang.Thread.run(Thread.java:833)
Exception in thread "Thread-480" java.lang.NullPointerException: Cannot invoke "hk.ust.comp3021.utils.Query$QueryType.ordinal()" because the return value of "hk.ust.comp3021.utils.Query.getType()" is null
	at hk.ust.comp3021.MiniMendeleyEngine.processQuery(MiniMendeleyEngine.java:660)
	at hk.ust.comp3021.MiniMendeleyEngine.lambda$processConcurrentQuery$14(MiniMendeleyEngine.java:648)
	at java.base/java.lang.Thread.run(Thread.java:833)
Exception in thread "Thread-481" java.lang.NullPointerException: Cannot invoke "hk.ust.comp3021.utils.Query$QueryType.ordinal()" because the return value of "hk.ust.comp3021.utils.Query.getType()" is null
	at hk.ust.comp3021.MiniMendeleyEngine.processQuery(MiniMendeleyEngine.java:660)
	at hk.ust.comp3021.MiniMendeleyEngine.lambda$processConcurrentQuery$14(MiniMendeleyEngine.java:648)
	at java.base/java.lang.Thread.run(Thread.java:833)
Exception in thread "Thread-482" java.lang.NullPointerException: Cannot invoke "hk.ust.comp3021.utils.Query$QueryType.ordinal()" because the return value of "hk.ust.comp3021.utils.Query.getType()" is null
	at hk.ust.comp3021.MiniMendeleyEngine.processQuery(MiniMendeleyEngine.java:660)
	at hk.ust.comp3021.MiniMendeleyEngine.lambda$processConcurrentQuery$14(MiniMendeleyEngine.java:648)
	at java.base/java.lang.Thread.run(Thread.java:833)
Exception in thread "Thread-483" java.lang.NullPointerException: Cannot invoke "hk.ust.comp3021.utils.Query$QueryType.ordinal()" because the return value of "hk.ust.comp3021.utils.Query.getType()" is null
	at hk.ust.comp3021.MiniMendeleyEngine.processQuery(MiniMendeleyEngine.java:660)
	at hk.ust.comp3021.MiniMendeleyEngine.lambda$processConcurrentQuery$14(MiniMendeleyEngine.java:648)
	at java.base/java.lang.Thread.run(Thread.java:833)
Exception in thread "Thread-484" java.lang.NullPointerException: Cannot invoke "hk.ust.comp3021.utils.Query$QueryType.ordinal()" because the return value of "hk.ust.comp3021.utils.Query.getType()" is null
	at hk.ust.comp3021.MiniMendeleyEngine.processQuery(MiniMendeleyEngine.java:660)
	at hk.ust.comp3021.MiniMendeleyEngine.lambda$processConcurrentQuery$14(MiniMendeleyEngine.java:648)
	at java.base/java.lang.Thread.run(Thread.java:833)
Exception in thread "Thread-485" java.lang.NullPointerException: Cannot invoke "hk.ust.comp3021.utils.Query$QueryType.ordinal()" because the return value of "hk.ust.comp3021.utils.Query.getType()" is null
	at hk.ust.comp3021.MiniMendeleyEngine.processQuery(MiniMendeleyEngine.java:660)
	at hk.ust.comp3021.MiniMendeleyEngine.lambda$processConcurrentQuery$14(MiniMendeleyEngine.java:648)
	at java.base/java.lang.Thread.run(Thread.java:833)
Exception in thread "Thread-486" java.lang.NullPointerException: Cannot invoke "hk.ust.comp3021.utils.Query$QueryType.ordinal()" because the return value of "hk.ust.comp3021.utils.Query.getType()" is null
	at hk.ust.comp3021.MiniMendeleyEngine.processQuery(MiniMendeleyEngine.java:660)
	at hk.ust.comp3021.MiniMendeleyEngine.lambda$processConcurrentQuery$14(MiniMendeleyEngine.java:648)
	at java.base/java.lang.Thread.run(Thread.java:833)
Exception in thread "Thread-487" java.lang.NullPointerException: Cannot invoke "hk.ust.comp3021.utils.Query$QueryType.ordinal()" because the return value of "hk.ust.comp3021.utils.Query.getType()" is null
	at hk.ust.comp3021.MiniMendeleyEngine.processQuery(MiniMendeleyEngine.java:660)
	at hk.ust.comp3021.MiniMendeleyEngine.lambda$processConcurrentQuery$14(MiniMendeleyEngine.java:648)
	at java.base/java.lang.Thread.run(Thread.java:833)
Exception in thread "Thread-488" java.lang.NullPointerException: Cannot invoke "hk.ust.comp3021.utils.Query$QueryType.ordinal()" because the return value of "hk.ust.comp3021.utils.Query.getType()" is null
	at hk.ust.comp3021.MiniMendeleyEngine.processQuery(MiniMendeleyEngine.java:660)
	at hk.ust.comp3021.MiniMendeleyEngine.lambda$processConcurrentQuery$14(MiniMendeleyEngine.java:648)
	at java.base/java.lang.Thread.run(Thread.java:833)
Exception in thread "Thread-489" java.lang.NullPointerException: Cannot invoke "hk.ust.comp3021.utils.Query$QueryType.ordinal()" because the return value of "hk.ust.comp3021.utils.Query.getType()" is null
	at hk.ust.comp3021.MiniMendeleyEngine.processQuery(MiniMendeleyEngine.java:660)
	at hk.ust.comp3021.MiniMendeleyEngine.lambda$processConcurrentQuery$14(MiniMendeleyEngine.java:648)
	at java.base/java.lang.Thread.run(Thread.java:833)
Exception in thread "Thread-490" java.lang.NullPointerException: Cannot invoke "hk.ust.comp3021.utils.Query$QueryType.ordinal()" because the return value of "hk.ust.comp3021.utils.Query.getType()" is null
	at hk.ust.comp3021.MiniMendeleyEngine.processQuery(MiniMendeleyEngine.java:660)
	at hk.ust.comp3021.MiniMendeleyEngine.lambda$processConcurrentQuery$14(MiniMendeleyEngine.java:648)
	at java.base/java.lang.Thread.run(Thread.java:833)
Exception in thread "Thread-491" java.lang.NullPointerException: Cannot invoke "hk.ust.comp3021.utils.Query$QueryType.ordinal()" because the return value of "hk.ust.comp3021.utils.Query.getType()" is null
	at hk.ust.comp3021.MiniMendeleyEngine.processQuery(MiniMendeleyEngine.java:660)
	at hk.ust.comp3021.MiniMendeleyEngine.lambda$processConcurrentQuery$14(MiniMendeleyEngine.java:648)
	at java.base/java.lang.Thread.run(Thread.java:833)
Exception in thread "Thread-492" java.lang.NullPointerException: Cannot invoke "hk.ust.comp3021.utils.Query$QueryType.ordinal()" because the return value of "hk.ust.comp3021.utils.Query.getType()" is null
	at hk.ust.comp3021.MiniMendeleyEngine.processQuery(MiniMendeleyEngine.java:660)
	at hk.ust.comp3021.MiniMendeleyEngine.lambda$processConcurrentQuery$14(MiniMendeleyEngine.java:648)
	at java.base/java.lang.Thread.run(Thread.java:833)
Exception in thread "Thread-493" java.lang.NullPointerException: Cannot invoke "hk.ust.comp3021.utils.Query$QueryType.ordinal()" because the return value of "hk.ust.comp3021.utils.Query.getType()" is null
	at hk.ust.comp3021.MiniMendeleyEngine.processQuery(MiniMendeleyEngine.java:660)
	at hk.ust.comp3021.MiniMendeleyEngine.lambda$processConcurrentQuery$14(MiniMendeleyEngine.java:648)
	at java.base/java.lang.Thread.run(Thread.java:833)
Exception in thread "Thread-495" java.lang.NullPointerException: Cannot invoke "hk.ust.comp3021.utils.Query$QueryType.ordinal()" because the return value of "hk.ust.comp3021.utils.Query.getType()" is null
	at hk.ust.comp3021.MiniMendeleyEngine.processQuery(MiniMendeleyEngine.java:660)
	at hk.ust.comp3021.MiniMendeleyEngine.lambda$processConcurrentQuery$14(MiniMendeleyEngine.java:648)
	at java.base/java.lang.Thread.run(Thread.java:833)
Exception in thread "Thread-494" java.lang.NullPointerException: Cannot invoke "hk.ust.comp3021.utils.Query$QueryType.ordinal()" because the return value of "hk.ust.comp3021.utils.Query.getType()" is null
	at hk.ust.comp3021.MiniMendeleyEngine.processQuery(MiniMendeleyEngine.java:660)
	at hk.ust.comp3021.MiniMendeleyEngine.lambda$processConcurrentQuery$14(MiniMendeleyEngine.java:648)
	at java.base/java.lang.Thread.run(Thread.java:833)
Exception in thread "Thread-496" java.lang.NullPointerException: Cannot invoke "hk.ust.comp3021.utils.Query$QueryType.ordinal()" because the return value of "hk.ust.comp3021.utils.Query.getType()" is null
	at hk.ust.comp3021.MiniMendeleyEngine.processQuery(MiniMendeleyEngine.java:660)
	at hk.ust.comp3021.MiniMendeleyEngine.lambda$processConcurrentQuery$14(MiniMendeleyEngine.java:648)
	at java.base/java.lang.Thread.run(Thread.java:833)
Exception in thread "Thread-497" java.lang.NullPointerException: Cannot invoke "hk.ust.comp3021.utils.Query$QueryType.ordinal()" because the return value of "hk.ust.comp3021.utils.Query.getType()" is null
	at hk.ust.comp3021.MiniMendeleyEngine.processQuery(MiniMendeleyEngine.java:660)
	at hk.ust.comp3021.MiniMendeleyEngine.lambda$processConcurrentQuery$14(MiniMendeleyEngine.java:648)
	at java.base/java.lang.Thread.run(Thread.java:833)
Exception in thread "Thread-499" java.lang.NullPointerException: Cannot invoke "hk.ust.comp3021.utils.Query$QueryType.ordinal()" because the return value of "hk.ust.comp3021.utils.Query.getType()" is null
	at hk.ust.comp3021.MiniMendeleyEngine.processQuery(MiniMendeleyEngine.java:660)
	at hk.ust.comp3021.MiniMendeleyEngine.lambda$processConcurrentQuery$14(MiniMendeleyEngine.java:648)
	at java.base/java.lang.Thread.run(Thread.java:833)
Exception in thread "Thread-498" java.lang.NullPointerException: Cannot invoke "hk.ust.comp3021.utils.Query$QueryType.ordinal()" because the return value of "hk.ust.comp3021.utils.Query.getType()" is null
	at hk.ust.comp3021.MiniMendeleyEngine.processQuery(MiniMendeleyEngine.java:660)
	at hk.ust.comp3021.MiniMendeleyEngine.lambda$processConcurrentQuery$14(MiniMendeleyEngine.java:648)
	at java.base/java.lang.Thread.run(Thread.java:833)
Exception in thread "Thread-500" java.lang.NullPointerException: Cannot invoke "hk.ust.comp3021.utils.Query$QueryType.ordinal()" because the return value of "hk.ust.comp3021.utils.Query.getType()" is null
	at hk.ust.comp3021.MiniMendeleyEngine.processQuery(MiniMendeleyEngine.java:660)
	at hk.ust.comp3021.MiniMendeleyEngine.lambda$processConcurrentQuery$14(MiniMendeleyEngine.java:648)
	at java.base/java.lang.Thread.run(Thread.java:833)
Exception in thread "Thread-501" java.lang.NullPointerException: Cannot invoke "hk.ust.comp3021.utils.Query$QueryType.ordinal()" because the return value of "hk.ust.comp3021.utils.Query.getType()" is null
	at hk.ust.comp3021.MiniMendeleyEngine.processQuery(MiniMendeleyEngine.java:660)
	at hk.ust.comp3021.MiniMendeleyEngine.lambda$processConcurrentQuery$14(MiniMendeleyEngine.java:648)
	at java.base/java.lang.Thread.run(Thread.java:833)
Exception in thread "Thread-502" java.lang.NullPointerException: Cannot invoke "hk.ust.comp3021.utils.Query$QueryType.ordinal()" because the return value of "hk.ust.comp3021.utils.Query.getType()" is null
	at hk.ust.comp3021.MiniMendeleyEngine.processQuery(MiniMendeleyEngine.java:660)
	at hk.ust.comp3021.MiniMendeleyEngine.lambda$processConcurrentQuery$14(MiniMendeleyEngine.java:648)
	at java.base/java.lang.Thread.run(Thread.java:833)
Exception in thread "Thread-503" java.lang.NullPointerException: Cannot invoke "hk.ust.comp3021.utils.Query$QueryType.ordinal()" because the return value of "hk.ust.comp3021.utils.Query.getType()" is null
	at hk.ust.comp3021.MiniMendeleyEngine.processQuery(MiniMendeleyEngine.java:660)
	at hk.ust.comp3021.MiniMendeleyEngine.lambda$processConcurrentQuery$14(MiniMendeleyEngine.java:648)
	at java.base/java.lang.Thread.run(Thread.java:833)
Exception in thread "Thread-504" java.lang.NullPointerException: Cannot invoke "hk.ust.comp3021.utils.Query$QueryType.ordinal()" because the return value of "hk.ust.comp3021.utils.Query.getType()" is null
	at hk.ust.comp3021.MiniMendeleyEngine.processQuery(MiniMendeleyEngine.java:660)
	at hk.ust.comp3021.MiniMendeleyEngine.lambda$processConcurrentQuery$14(MiniMendeleyEngine.java:648)
	at java.base/java.lang.Thread.run(Thread.java:833)
Exception in thread "Thread-505" java.lang.NullPointerException: Cannot invoke "hk.ust.comp3021.utils.Query$QueryType.ordinal()" because the return value of "hk.ust.comp3021.utils.Query.getType()" is null
	at hk.ust.comp3021.MiniMendeleyEngine.processQuery(MiniMendeleyEngine.java:660)
	at hk.ust.comp3021.MiniMendeleyEngine.lambda$processConcurrentQuery$14(MiniMendeleyEngine.java:648)
	at java.base/java.lang.Thread.run(Thread.java:833)
Exception in thread "Thread-506" java.lang.NullPointerException: Cannot invoke "hk.ust.comp3021.utils.Query$QueryType.ordinal()" because the return value of "hk.ust.comp3021.utils.Query.getType()" is null
	at hk.ust.comp3021.MiniMendeleyEngine.processQuery(MiniMendeleyEngine.java:660)
	at hk.ust.comp3021.MiniMendeleyEngine.lambda$processConcurrentQuery$14(MiniMendeleyEngine.java:648)
	at java.base/java.lang.Thread.run(Thread.java:833)
Exception in thread "Thread-507" java.lang.NullPointerException: Cannot invoke "hk.ust.comp3021.utils.Query$QueryType.ordinal()" because the return value of "hk.ust.comp3021.utils.Query.getType()" is null
	at hk.ust.comp3021.MiniMendeleyEngine.processQuery(MiniMendeleyEngine.java:660)
	at hk.ust.comp3021.MiniMendeleyEngine.lambda$processConcurrentQuery$14(MiniMendeleyEngine.java:648)
	at java.base/java.lang.Thread.run(Thread.java:833)
Exception in thread "Thread-508" java.lang.NullPointerException: Cannot invoke "hk.ust.comp3021.utils.Query$QueryType.ordinal()" because the return value of "hk.ust.comp3021.utils.Query.getType()" is null
	at hk.ust.comp3021.MiniMendeleyEngine.processQuery(MiniMendeleyEngine.java:660)
	at hk.ust.comp3021.MiniMendeleyEngine.lambda$processConcurrentQuery$14(MiniMendeleyEngine.java:648)
	at java.base/java.lang.Thread.run(Thread.java:833)
Exception in thread "Thread-509" java.lang.NullPointerException: Cannot invoke "hk.ust.comp3021.utils.Query$QueryType.ordinal()" because the return value of "hk.ust.comp3021.utils.Query.getType()" is null
	at hk.ust.comp3021.MiniMendeleyEngine.processQuery(MiniMendeleyEngine.java:660)
	at hk.ust.comp3021.MiniMendeleyEngine.lambda$processConcurrentQuery$14(MiniMendeleyEngine.java:648)
	at java.base/java.lang.Thread.run(Thread.java:833)
Exception in thread "Thread-510" java.lang.NullPointerException: Cannot invoke "hk.ust.comp3021.utils.Query$QueryType.ordinal()" because the return value of "hk.ust.comp3021.utils.Query.getType()" is null
	at hk.ust.comp3021.MiniMendeleyEngine.processQuery(MiniMendeleyEngine.java:660)
	at hk.ust.comp3021.MiniMendeleyEngine.lambda$processConcurrentQuery$14(MiniMendeleyEngine.java:648)
	at java.base/java.lang.Thread.run(Thread.java:833)
Exception in thread "Thread-511" java.lang.NullPointerException: Cannot invoke "hk.ust.comp3021.utils.Query$QueryType.ordinal()" because the return value of "hk.ust.comp3021.utils.Query.getType()" is null
	at hk.ust.comp3021.MiniMendeleyEngine.processQuery(MiniMendeleyEngine.java:660)
	at hk.ust.comp3021.MiniMendeleyEngine.lambda$processConcurrentQuery$14(MiniMendeleyEngine.java:648)
	at java.base/java.lang.Thread.run(Thread.java:833)
Exception in thread "Thread-512" java.lang.NullPointerException: Cannot invoke "hk.ust.comp3021.utils.Query$QueryType.ordinal()" because the return value of "hk.ust.comp3021.utils.Query.getType()" is null
	at hk.ust.comp3021.MiniMendeleyEngine.processQuery(MiniMendeleyEngine.java:660)
	at hk.ust.comp3021.MiniMendeleyEngine.lambda$processConcurrentQuery$14(MiniMendeleyEngine.java:648)
	at java.base/java.lang.Thread.run(Thread.java:833)
Exception in thread "Thread-514" java.lang.NullPointerException: Cannot invoke "hk.ust.comp3021.utils.Query$QueryType.ordinal()" because the return value of "hk.ust.comp3021.utils.Query.getType()" is null
	at hk.ust.comp3021.MiniMendeleyEngine.processQuery(MiniMendeleyEngine.java:660)
	at hk.ust.comp3021.MiniMendeleyEngine.lambda$processConcurrentQuery$14(MiniMendeleyEngine.java:648)
	at java.base/java.lang.Thread.run(Thread.java:833)
Exception in thread "Thread-513" java.lang.NullPointerException: Cannot invoke "hk.ust.comp3021.utils.Query$QueryType.ordinal()" because the return value of "hk.ust.comp3021.utils.Query.getType()" is null
	at hk.ust.comp3021.MiniMendeleyEngine.processQuery(MiniMendeleyEngine.java:660)
	at hk.ust.comp3021.MiniMendeleyEngine.lambda$processConcurrentQuery$14(MiniMendeleyEngine.java:648)
	at java.base/java.lang.Thread.run(Thread.java:833)
Exception in thread "Thread-515" java.lang.NullPointerException: Cannot invoke "hk.ust.comp3021.utils.Query$QueryType.ordinal()" because the return value of "hk.ust.comp3021.utils.Query.getType()" is null
	at hk.ust.comp3021.MiniMendeleyEngine.processQuery(MiniMendeleyEngine.java:660)
	at hk.ust.comp3021.MiniMendeleyEngine.lambda$processConcurrentQuery$14(MiniMendeleyEngine.java:648)
	at java.base/java.lang.Thread.run(Thread.java:833)
Exception in thread "Thread-516" java.lang.NullPointerException: Cannot invoke "hk.ust.comp3021.utils.Query$QueryType.ordinal()" because the return value of "hk.ust.comp3021.utils.Query.getType()" is null
	at hk.ust.comp3021.MiniMendeleyEngine.processQuery(MiniMendeleyEngine.java:660)
	at hk.ust.comp3021.MiniMendeleyEngine.lambda$processConcurrentQuery$14(MiniMendeleyEngine.java:648)
	at java.base/java.lang.Thread.run(Thread.java:833)
Exception in thread "Thread-517" java.lang.NullPointerException: Cannot invoke "hk.ust.comp3021.utils.Query$QueryType.ordinal()" because the return value of "hk.ust.comp3021.utils.Query.getType()" is null
	at hk.ust.comp3021.MiniMendeleyEngine.processQuery(MiniMendeleyEngine.java:660)
	at hk.ust.comp3021.MiniMendeleyEngine.lambda$processConcurrentQuery$14(MiniMendeleyEngine.java:648)
	at java.base/java.lang.Thread.run(Thread.java:833)
Exception in thread "Thread-518" java.lang.NullPointerException: Cannot invoke "hk.ust.comp3021.utils.Query$QueryType.ordinal()" because the return value of "hk.ust.comp3021.utils.Query.getType()" is null
	at hk.ust.comp3021.MiniMendeleyEngine.processQuery(MiniMendeleyEngine.java:660)
	at hk.ust.comp3021.MiniMendeleyEngine.lambda$processConcurrentQuery$14(MiniMendeleyEngine.java:648)
	at java.base/java.lang.Thread.run(Thread.java:833)
Exception in thread "Thread-519" java.lang.NullPointerException: Cannot invoke "hk.ust.comp3021.utils.Query$QueryType.ordinal()" because the return value of "hk.ust.comp3021.utils.Query.getType()" is null
	at hk.ust.comp3021.MiniMendeleyEngine.processQuery(MiniMendeleyEngine.java:660)
	at hk.ust.comp3021.MiniMendeleyEngine.lambda$processConcurrentQuery$14(MiniMendeleyEngine.java:648)
	at java.base/java.lang.Thread.run(Thread.java:833)
Exception in thread "Thread-520" java.lang.NullPointerException: Cannot invoke "hk.ust.comp3021.utils.Query$QueryType.ordinal()" because the return value of "hk.ust.comp3021.utils.Query.getType()" is null
	at hk.ust.comp3021.MiniMendeleyEngine.processQuery(MiniMendeleyEngine.java:660)
	at hk.ust.comp3021.MiniMendeleyEngine.lambda$processConcurrentQuery$14(MiniMendeleyEngine.java:648)
	at java.base/java.lang.Thread.run(Thread.java:833)
Exception in thread "Thread-521" java.lang.NullPointerException: Cannot invoke "hk.ust.comp3021.utils.Query$QueryType.ordinal()" because the return value of "hk.ust.comp3021.utils.Query.getType()" is null
	at hk.ust.comp3021.MiniMendeleyEngine.processQuery(MiniMendeleyEngine.java:660)
	at hk.ust.comp3021.MiniMendeleyEngine.lambda$processConcurrentQuery$14(MiniMendeleyEngine.java:648)
	at java.base/java.lang.Thread.run(Thread.java:833)
Exception in thread "Thread-522" java.lang.NullPointerException: Cannot invoke "hk.ust.comp3021.utils.Query$QueryType.ordinal()" because the return value of "hk.ust.comp3021.utils.Query.getType()" is null
	at hk.ust.comp3021.MiniMendeleyEngine.processQuery(MiniMendeleyEngine.java:660)
	at hk.ust.comp3021.MiniMendeleyEngine.lambda$processConcurrentQuery$14(MiniMendeleyEngine.java:648)
	at java.base/java.lang.Thread.run(Thread.java:833)
Exception in thread "Thread-523" java.lang.NullPointerException: Cannot invoke "hk.ust.comp3021.utils.Query$QueryType.ordinal()" because the return value of "hk.ust.comp3021.utils.Query.getType()" is null
	at hk.ust.comp3021.MiniMendeleyEngine.processQuery(MiniMendeleyEngine.java:660)
	at hk.ust.comp3021.MiniMendeleyEngine.lambda$processConcurrentQuery$14(MiniMendeleyEngine.java:648)
	at java.base/java.lang.Thread.run(Thread.java:833)
Exception in thread "Thread-524" java.lang.NullPointerException: Cannot invoke "hk.ust.comp3021.utils.Query$QueryType.ordinal()" because the return value of "hk.ust.comp3021.utils.Query.getType()" is null
	at hk.ust.comp3021.MiniMendeleyEngine.processQuery(MiniMendeleyEngine.java:660)
	at hk.ust.comp3021.MiniMendeleyEngine.lambda$processConcurrentQuery$14(MiniMendeleyEngine.java:648)
	at java.base/java.lang.Thread.run(Thread.java:833)
Exception in thread "Thread-527" java.lang.NullPointerException: Cannot invoke "hk.ust.comp3021.utils.Query$QueryType.ordinal()" because the return value of "hk.ust.comp3021.utils.Query.getType()" is null
	at hk.ust.comp3021.MiniMendeleyEngine.processQuery(MiniMendeleyEngine.java:660)
	at hk.ust.comp3021.MiniMendeleyEngine.lambda$processConcurrentQuery$14(MiniMendeleyEngine.java:648)
	at java.base/java.lang.Thread.run(Thread.java:833)
Exception in thread "Thread-526" java.lang.NullPointerException: Cannot invoke "hk.ust.comp3021.utils.Query$QueryType.ordinal()" because the return value of "hk.ust.comp3021.utils.Query.getType()" is null
	at hk.ust.comp3021.MiniMendeleyEngine.processQuery(MiniMendeleyEngine.java:660)
	at hk.ust.comp3021.MiniMendeleyEngine.lambda$processConcurrentQuery$14(MiniMendeleyEngine.java:648)
	at java.base/java.lang.Thread.run(Thread.java:833)
Exception in thread "Thread-525" java.lang.NullPointerException: Cannot invoke "hk.ust.comp3021.utils.Query$QueryType.ordinal()" because the return value of "hk.ust.comp3021.utils.Query.getType()" is null
	at hk.ust.comp3021.MiniMendeleyEngine.processQuery(MiniMendeleyEngine.java:660)
	at hk.ust.comp3021.MiniMendeleyEngine.lambda$processConcurrentQuery$14(MiniMendeleyEngine.java:648)
	at java.base/java.lang.Thread.run(Thread.java:833)
Exception in thread "Thread-528" java.lang.NullPointerException: Cannot invoke "hk.ust.comp3021.utils.Query$QueryType.ordinal()" because the return value of "hk.ust.comp3021.utils.Query.getType()" is null
	at hk.ust.comp3021.MiniMendeleyEngine.processQuery(MiniMendeleyEngine.java:660)
	at hk.ust.comp3021.MiniMendeleyEngine.lambda$processConcurrentQuery$14(MiniMendeleyEngine.java:648)
	at java.base/java.lang.Thread.run(Thread.java:833)
Exception in thread "Thread-529" java.lang.NullPointerException: Cannot invoke "hk.ust.comp3021.utils.Query$QueryType.ordinal()" because the return value of "hk.ust.comp3021.utils.Query.getType()" is null
	at hk.ust.comp3021.MiniMendeleyEngine.processQuery(MiniMendeleyEngine.java:660)
	at hk.ust.comp3021.MiniMendeleyEngine.lambda$processConcurrentQuery$14(MiniMendeleyEngine.java:648)
	at java.base/java.lang.Thread.run(Thread.java:833)
Exception in thread "Thread-530" java.lang.NullPointerException: Cannot invoke "hk.ust.comp3021.utils.Query$QueryType.ordinal()" because the return value of "hk.ust.comp3021.utils.Query.getType()" is null
	at hk.ust.comp3021.MiniMendeleyEngine.processQuery(MiniMendeleyEngine.java:660)
	at hk.ust.comp3021.MiniMendeleyEngine.lambda$processConcurrentQuery$14(MiniMendeleyEngine.java:648)
	at java.base/java.lang.Thread.run(Thread.java:833)
Exception in thread "Thread-531" java.lang.NullPointerException: Cannot invoke "hk.ust.comp3021.utils.Query$QueryType.ordinal()" because the return value of "hk.ust.comp3021.utils.Query.getType()" is null
	at hk.ust.comp3021.MiniMendeleyEngine.processQuery(MiniMendeleyEngine.java:660)
	at hk.ust.comp3021.MiniMendeleyEngine.lambda$processConcurrentQuery$14(MiniMendeleyEngine.java:648)
	at java.base/java.lang.Thread.run(Thread.java:833)
Exception in thread "Thread-532" java.lang.NullPointerException: Cannot invoke "hk.ust.comp3021.utils.Query$QueryType.ordinal()" because the return value of "hk.ust.comp3021.utils.Query.getType()" is null
	at hk.ust.comp3021.MiniMendeleyEngine.processQuery(MiniMendeleyEngine.java:660)
	at hk.ust.comp3021.MiniMendeleyEngine.lambda$processConcurrentQuery$14(MiniMendeleyEngine.java:648)
	at java.base/java.lang.Thread.run(Thread.java:833)
Exception in thread "Thread-533" java.lang.NullPointerException: Cannot invoke "hk.ust.comp3021.utils.Query$QueryType.ordinal()" because the return value of "hk.ust.comp3021.utils.Query.getType()" is null
	at hk.ust.comp3021.MiniMendeleyEngine.processQuery(MiniMendeleyEngine.java:660)
	at hk.ust.comp3021.MiniMendeleyEngine.lambda$processConcurrentQuery$14(MiniMendeleyEngine.java:648)
	at java.base/java.lang.Thread.run(Thread.java:833)
Exception in thread "Thread-534" java.lang.NullPointerException: Cannot invoke "hk.ust.comp3021.utils.Query$QueryType.ordinal()" because the return value of "hk.ust.comp3021.utils.Query.getType()" is null
	at hk.ust.comp3021.MiniMendeleyEngine.processQuery(MiniMendeleyEngine.java:660)
	at hk.ust.comp3021.MiniMendeleyEngine.lambda$processConcurrentQuery$14(MiniMendeleyEngine.java:648)
	at java.base/java.lang.Thread.run(Thread.java:833)
Exception in thread "Thread-535" java.lang.NullPointerException: Cannot invoke "hk.ust.comp3021.utils.Query$QueryType.ordinal()" because the return value of "hk.ust.comp3021.utils.Query.getType()" is null
	at hk.ust.comp3021.MiniMendeleyEngine.processQuery(MiniMendeleyEngine.java:660)
	at hk.ust.comp3021.MiniMendeleyEngine.lambda$processConcurrentQuery$14(MiniMendeleyEngine.java:648)
	at java.base/java.lang.Thread.run(Thread.java:833)
Exception in thread "Thread-536" java.lang.NullPointerException: Cannot invoke "hk.ust.comp3021.utils.Query$QueryType.ordinal()" because the return value of "hk.ust.comp3021.utils.Query.getType()" is null
	at hk.ust.comp3021.MiniMendeleyEngine.processQuery(MiniMendeleyEngine.java:660)
	at hk.ust.comp3021.MiniMendeleyEngine.lambda$processConcurrentQuery$14(MiniMendeleyEngine.java:648)
	at java.base/java.lang.Thread.run(Thread.java:833)
Exception in thread "Thread-537" java.lang.NullPointerException: Cannot invoke "hk.ust.comp3021.utils.Query$QueryType.ordinal()" because the return value of "hk.ust.comp3021.utils.Query.getType()" is null
	at hk.ust.comp3021.MiniMendeleyEngine.processQuery(MiniMendeleyEngine.java:660)
	at hk.ust.comp3021.MiniMendeleyEngine.lambda$processConcurrentQuery$14(MiniMendeleyEngine.java:648)
	at java.base/java.lang.Thread.run(Thread.java:833)
Exception in thread "Thread-538" java.lang.NullPointerException: Cannot invoke "hk.ust.comp3021.utils.Query$QueryType.ordinal()" because the return value of "hk.ust.comp3021.utils.Query.getType()" is null
	at hk.ust.comp3021.MiniMendeleyEngine.processQuery(MiniMendeleyEngine.java:660)
	at hk.ust.comp3021.MiniMendeleyEngine.lambda$processConcurrentQuery$14(MiniMendeleyEngine.java:648)
	at java.base/java.lang.Thread.run(Thread.java:833)
Exception in thread "Thread-539" java.lang.NullPointerException: Cannot invoke "hk.ust.comp3021.utils.Query$QueryType.ordinal()" because the return value of "hk.ust.comp3021.utils.Query.getType()" is null
	at hk.ust.comp3021.MiniMendeleyEngine.processQuery(MiniMendeleyEngine.java:660)
	at hk.ust.comp3021.MiniMendeleyEngine.lambda$processConcurrentQuery$14(MiniMendeleyEngine.java:648)
	at java.base/java.lang.Thread.run(Thread.java:833)
Exception in thread "Thread-540" java.lang.NullPointerException: Cannot invoke "hk.ust.comp3021.utils.Query$QueryType.ordinal()" because the return value of "hk.ust.comp3021.utils.Query.getType()" is null
	at hk.ust.comp3021.MiniMendeleyEngine.processQuery(MiniMendeleyEngine.java:660)
	at hk.ust.comp3021.MiniMendeleyEngine.lambda$processConcurrentQuery$14(MiniMendeleyEngine.java:648)
	at java.base/java.lang.Thread.run(Thread.java:833)
Exception in thread "Thread-541" java.lang.NullPointerException: Cannot invoke "hk.ust.comp3021.utils.Query$QueryType.ordinal()" because the return value of "hk.ust.comp3021.utils.Query.getType()" is null
	at hk.ust.comp3021.MiniMendeleyEngine.processQuery(MiniMendeleyEngine.java:660)
	at hk.ust.comp3021.MiniMendeleyEngine.lambda$processConcurrentQuery$14(MiniMendeleyEngine.java:648)
	at java.base/java.lang.Thread.run(Thread.java:833)
Exception in thread "Thread-542" java.lang.NullPointerException: Cannot invoke "hk.ust.comp3021.utils.Query$QueryType.ordinal()" because the return value of "hk.ust.comp3021.utils.Query.getType()" is null
	at hk.ust.comp3021.MiniMendeleyEngine.processQuery(MiniMendeleyEngine.java:660)
	at hk.ust.comp3021.MiniMendeleyEngine.lambda$processConcurrentQuery$14(MiniMendeleyEngine.java:648)
	at java.base/java.lang.Thread.run(Thread.java:833)
Exception in thread "Thread-543" java.lang.NullPointerException: Cannot invoke "hk.ust.comp3021.utils.Query$QueryType.ordinal()" because the return value of "hk.ust.comp3021.utils.Query.getType()" is null
	at hk.ust.comp3021.MiniMendeleyEngine.processQuery(MiniMendeleyEngine.java:660)
	at hk.ust.comp3021.MiniMendeleyEngine.lambda$processConcurrentQuery$14(MiniMendeleyEngine.java:648)
	at java.base/java.lang.Thread.run(Thread.java:833)
Exception in thread "Thread-544" java.lang.NullPointerException: Cannot invoke "hk.ust.comp3021.utils.Query$QueryType.ordinal()" because the return value of "hk.ust.comp3021.utils.Query.getType()" is null
	at hk.ust.comp3021.MiniMendeleyEngine.processQuery(MiniMendeleyEngine.java:660)
	at hk.ust.comp3021.MiniMendeleyEngine.lambda$processConcurrentQuery$14(MiniMendeleyEngine.java:648)
	at java.base/java.lang.Thread.run(Thread.java:833)
Exception in thread "Thread-545" java.lang.NullPointerException: Cannot invoke "hk.ust.comp3021.utils.Query$QueryType.ordinal()" because the return value of "hk.ust.comp3021.utils.Query.getType()" is null
	at hk.ust.comp3021.MiniMendeleyEngine.processQuery(MiniMendeleyEngine.java:660)
	at hk.ust.comp3021.MiniMendeleyEngine.lambda$processConcurrentQuery$14(MiniMendeleyEngine.java:648)
	at java.base/java.lang.Thread.run(Thread.java:833)
Exception in thread "Thread-546" java.lang.NullPointerException: Cannot invoke "hk.ust.comp3021.utils.Query$QueryType.ordinal()" because the return value of "hk.ust.comp3021.utils.Query.getType()" is null
	at hk.ust.comp3021.MiniMendeleyEngine.processQuery(MiniMendeleyEngine.java:660)
	at hk.ust.comp3021.MiniMendeleyEngine.lambda$processConcurrentQuery$14(MiniMendeleyEngine.java:648)
	at java.base/java.lang.Thread.run(Thread.java:833)
Exception in thread "Thread-547" java.lang.NullPointerException: Cannot invoke "hk.ust.comp3021.utils.Query$QueryType.ordinal()" because the return value of "hk.ust.comp3021.utils.Query.getType()" is null
	at hk.ust.comp3021.MiniMendeleyEngine.processQuery(MiniMendeleyEngine.java:660)
	at hk.ust.comp3021.MiniMendeleyEngine.lambda$processConcurrentQuery$14(MiniMendeleyEngine.java:648)
	at java.base/java.lang.Thread.run(Thread.java:833)
Exception in thread "Thread-548" java.lang.NullPointerException: Cannot invoke "hk.ust.comp3021.utils.Query$QueryType.ordinal()" because the return value of "hk.ust.comp3021.utils.Query.getType()" is null
	at hk.ust.comp3021.MiniMendeleyEngine.processQuery(MiniMendeleyEngine.java:660)
	at hk.ust.comp3021.MiniMendeleyEngine.lambda$processConcurrentQuery$14(MiniMendeleyEngine.java:648)
	at java.base/java.lang.Thread.run(Thread.java:833)
Exception in thread "Thread-549" java.lang.NullPointerException: Cannot invoke "hk.ust.comp3021.utils.Query$QueryType.ordinal()" because the return value of "hk.ust.comp3021.utils.Query.getType()" is null
	at hk.ust.comp3021.MiniMendeleyEngine.processQuery(MiniMendeleyEngine.java:660)
	at hk.ust.comp3021.MiniMendeleyEngine.lambda$processConcurrentQuery$14(MiniMendeleyEngine.java:648)
	at java.base/java.lang.Thread.run(Thread.java:833)
Exception in thread "Thread-550" java.lang.NullPointerException: Cannot invoke "hk.ust.comp3021.utils.Query$QueryType.ordinal()" because the return value of "hk.ust.comp3021.utils.Query.getType()" is null
	at hk.ust.comp3021.MiniMendeleyEngine.processQuery(MiniMendeleyEngine.java:660)
	at hk.ust.comp3021.MiniMendeleyEngine.lambda$processConcurrentQuery$14(MiniMendeleyEngine.java:648)
	at java.base/java.lang.Thread.run(Thread.java:833)
Exception in thread "Thread-551" java.lang.NullPointerException: Cannot invoke "hk.ust.comp3021.utils.Query$QueryType.ordinal()" because the return value of "hk.ust.comp3021.utils.Query.getType()" is null
	at hk.ust.comp3021.MiniMendeleyEngine.processQuery(MiniMendeleyEngine.java:660)
	at hk.ust.comp3021.MiniMendeleyEngine.lambda$processConcurrentQuery$14(MiniMendeleyEngine.java:648)
	at java.base/java.lang.Thread.run(Thread.java:833)
Exception in thread "Thread-552" java.lang.NullPointerException: Cannot invoke "hk.ust.comp3021.utils.Query$QueryType.ordinal()" because the return value of "hk.ust.comp3021.utils.Query.getType()" is null
	at hk.ust.comp3021.MiniMendeleyEngine.processQuery(MiniMendeleyEngine.java:660)
	at hk.ust.comp3021.MiniMendeleyEngine.lambda$processConcurrentQuery$14(MiniMendeleyEngine.java:648)
	at java.base/java.lang.Thread.run(Thread.java:833)
Exception in thread "Thread-553" java.lang.NullPointerException: Cannot invoke "hk.ust.comp3021.utils.Query$QueryType.ordinal()" because the return value of "hk.ust.comp3021.utils.Query.getType()" is null
	at hk.ust.comp3021.MiniMendeleyEngine.processQuery(MiniMendeleyEngine.java:660)
	at hk.ust.comp3021.MiniMendeleyEngine.lambda$processConcurrentQuery$14(MiniMendeleyEngine.java:648)
	at java.base/java.lang.Thread.run(Thread.java:833)
Exception in thread "Thread-554" java.lang.NullPointerException: Cannot invoke "hk.ust.comp3021.utils.Query$QueryType.ordinal()" because the return value of "hk.ust.comp3021.utils.Query.getType()" is null
	at hk.ust.comp3021.MiniMendeleyEngine.processQuery(MiniMendeleyEngine.java:660)
	at hk.ust.comp3021.MiniMendeleyEngine.lambda$processConcurrentQuery$14(MiniMendeleyEngine.java:648)
	at java.base/java.lang.Thread.run(Thread.java:833)
Exception in thread "Thread-555" java.lang.NullPointerException: Cannot invoke "hk.ust.comp3021.utils.Query$QueryType.ordinal()" because the return value of "hk.ust.comp3021.utils.Query.getType()" is null
	at hk.ust.comp3021.MiniMendeleyEngine.processQuery(MiniMendeleyEngine.java:660)
	at hk.ust.comp3021.MiniMendeleyEngine.lambda$processConcurrentQuery$14(MiniMendeleyEngine.java:648)
	at java.base/java.lang.Thread.run(Thread.java:833)
Exception in thread "Thread-556" java.lang.NullPointerException: Cannot invoke "hk.ust.comp3021.utils.Query$QueryType.ordinal()" because the return value of "hk.ust.comp3021.utils.Query.getType()" is null
	at hk.ust.comp3021.MiniMendeleyEngine.processQuery(MiniMendeleyEngine.java:660)
	at hk.ust.comp3021.MiniMendeleyEngine.lambda$processConcurrentQuery$14(MiniMendeleyEngine.java:648)
	at java.base/java.lang.Thread.run(Thread.java:833)
Exception in thread "Thread-557" java.lang.NullPointerException: Cannot invoke "hk.ust.comp3021.utils.Query$QueryType.ordinal()" because the return value of "hk.ust.comp3021.utils.Query.getType()" is null
	at hk.ust.comp3021.MiniMendeleyEngine.processQuery(MiniMendeleyEngine.java:660)
	at hk.ust.comp3021.MiniMendeleyEngine.lambda$processConcurrentQuery$14(MiniMendeleyEngine.java:648)
	at java.base/java.lang.Thread.run(Thread.java:833)
Exception in thread "Thread-559" java.lang.NullPointerException: Cannot invoke "hk.ust.comp3021.utils.Query$QueryType.ordinal()" because the return value of "hk.ust.comp3021.utils.Query.getType()" is null
	at hk.ust.comp3021.MiniMendeleyEngine.processQuery(MiniMendeleyEngine.java:660)
	at hk.ust.comp3021.MiniMendeleyEngine.lambda$processConcurrentQuery$14(MiniMendeleyEngine.java:648)
	at java.base/java.lang.Thread.run(Thread.java:833)
Exception in thread "Thread-558" java.lang.NullPointerException: Cannot invoke "hk.ust.comp3021.utils.Query$QueryType.ordinal()" because the return value of "hk.ust.comp3021.utils.Query.getType()" is null
	at hk.ust.comp3021.MiniMendeleyEngine.processQuery(MiniMendeleyEngine.java:660)
	at hk.ust.comp3021.MiniMendeleyEngine.lambda$processConcurrentQuery$14(MiniMendeleyEngine.java:648)
	at java.base/java.lang.Thread.run(Thread.java:833)
Exception in thread "Thread-560" java.lang.NullPointerException: Cannot invoke "hk.ust.comp3021.utils.Query$QueryType.ordinal()" because the return value of "hk.ust.comp3021.utils.Query.getType()" is null
	at hk.ust.comp3021.MiniMendeleyEngine.processQuery(MiniMendeleyEngine.java:660)
	at hk.ust.comp3021.MiniMendeleyEngine.lambda$processConcurrentQuery$14(MiniMendeleyEngine.java:648)
	at java.base/java.lang.Thread.run(Thread.java:833)
Exception in thread "Thread-561" java.lang.NullPointerException: Cannot invoke "hk.ust.comp3021.utils.Query$QueryType.ordinal()" because the return value of "hk.ust.comp3021.utils.Query.getType()" is null
	at hk.ust.comp3021.MiniMendeleyEngine.processQuery(MiniMendeleyEngine.java:660)
	at hk.ust.comp3021.MiniMendeleyEngine.lambda$processConcurrentQuery$14(MiniMendeleyEngine.java:648)
	at java.base/java.lang.Thread.run(Thread.java:833)
Exception in thread "Thread-562" java.lang.NullPointerException: Cannot invoke "hk.ust.comp3021.utils.Query$QueryType.ordinal()" because the return value of "hk.ust.comp3021.utils.Query.getType()" is null
	at hk.ust.comp3021.MiniMendeleyEngine.processQuery(MiniMendeleyEngine.java:660)
	at hk.ust.comp3021.MiniMendeleyEngine.lambda$processConcurrentQuery$14(MiniMendeleyEngine.java:648)
	at java.base/java.lang.Thread.run(Thread.java:833)
Exception in thread "Thread-564" java.lang.NullPointerException: Cannot invoke "hk.ust.comp3021.utils.Query$QueryType.ordinal()" because the return value of "hk.ust.comp3021.utils.Query.getType()" is null
	at hk.ust.comp3021.MiniMendeleyEngine.processQuery(MiniMendeleyEngine.java:660)
	at hk.ust.comp3021.MiniMendeleyEngine.lambda$processConcurrentQuery$14(MiniMendeleyEngine.java:648)
	at java.base/java.lang.Thread.run(Thread.java:833)
Exception in thread "Thread-563" java.lang.NullPointerException: Cannot invoke "hk.ust.comp3021.utils.Query$QueryType.ordinal()" because the return value of "hk.ust.comp3021.utils.Query.getType()" is null
	at hk.ust.comp3021.MiniMendeleyEngine.processQuery(MiniMendeleyEngine.java:660)
	at hk.ust.comp3021.MiniMendeleyEngine.lambda$processConcurrentQuery$14(MiniMendeleyEngine.java:648)
	at java.base/java.lang.Thread.run(Thread.java:833)
Exception in thread "Thread-565" java.lang.NullPointerException: Cannot invoke "hk.ust.comp3021.utils.Query$QueryType.ordinal()" because the return value of "hk.ust.comp3021.utils.Query.getType()" is null
	at hk.ust.comp3021.MiniMendeleyEngine.processQuery(MiniMendeleyEngine.java:660)
	at hk.ust.comp3021.MiniMendeleyEngine.lambda$processConcurrentQuery$14(MiniMendeleyEngine.java:648)
	at java.base/java.lang.Thread.run(Thread.java:833)
Exception in thread "Thread-566" java.lang.NullPointerException: Cannot invoke "hk.ust.comp3021.utils.Query$QueryType.ordinal()" because the return value of "hk.ust.comp3021.utils.Query.getType()" is null
	at hk.ust.comp3021.MiniMendeleyEngine.processQuery(MiniMendeleyEngine.java:660)
	at hk.ust.comp3021.MiniMendeleyEngine.lambda$processConcurrentQuery$14(MiniMendeleyEngine.java:648)
	at java.base/java.lang.Thread.run(Thread.java:833)
Exception in thread "Thread-567" java.lang.NullPointerException: Cannot invoke "hk.ust.comp3021.utils.Query$QueryType.ordinal()" because the return value of "hk.ust.comp3021.utils.Query.getType()" is null
	at hk.ust.comp3021.MiniMendeleyEngine.processQuery(MiniMendeleyEngine.java:660)
	at hk.ust.comp3021.MiniMendeleyEngine.lambda$processConcurrentQuery$14(MiniMendeleyEngine.java:648)
	at java.base/java.lang.Thread.run(Thread.java:833)
Exception in thread "Thread-568" java.lang.NullPointerException: Cannot invoke "hk.ust.comp3021.utils.Query$QueryType.ordinal()" because the return value of "hk.ust.comp3021.utils.Query.getType()" is null
	at hk.ust.comp3021.MiniMendeleyEngine.processQuery(MiniMendeleyEngine.java:660)
	at hk.ust.comp3021.MiniMendeleyEngine.lambda$processConcurrentQuery$14(MiniMendeleyEngine.java:648)
	at java.base/java.lang.Thread.run(Thread.java:833)
Exception in thread "Thread-569" java.lang.NullPointerException: Cannot invoke "hk.ust.comp3021.utils.Query$QueryType.ordinal()" because the return value of "hk.ust.comp3021.utils.Query.getType()" is null
	at hk.ust.comp3021.MiniMendeleyEngine.processQuery(MiniMendeleyEngine.java:660)
	at hk.ust.comp3021.MiniMendeleyEngine.lambda$processConcurrentQuery$14(MiniMendeleyEngine.java:648)
	at java.base/java.lang.Thread.run(Thread.java:833)
Exception in thread "Thread-570" java.lang.NullPointerException: Cannot invoke "hk.ust.comp3021.utils.Query$QueryType.ordinal()" because the return value of "hk.ust.comp3021.utils.Query.getType()" is null
	at hk.ust.comp3021.MiniMendeleyEngine.processQuery(MiniMendeleyEngine.java:660)
	at hk.ust.comp3021.MiniMendeleyEngine.lambda$processConcurrentQuery$14(MiniMendeleyEngine.java:648)
	at java.base/java.lang.Thread.run(Thread.java:833)
Exception in thread "Thread-571" java.lang.NullPointerException: Cannot invoke "hk.ust.comp3021.utils.Query$QueryType.ordinal()" because the return value of "hk.ust.comp3021.utils.Query.getType()" is null
	at hk.ust.comp3021.MiniMendeleyEngine.processQuery(MiniMendeleyEngine.java:660)
	at hk.ust.comp3021.MiniMendeleyEngine.lambda$processConcurrentQuery$14(MiniMendeleyEngine.java:648)
	at java.base/java.lang.Thread.run(Thread.java:833)
Exception in thread "Thread-572" java.lang.NullPointerException: Cannot invoke "hk.ust.comp3021.utils.Query$QueryType.ordinal()" because the return value of "hk.ust.comp3021.utils.Query.getType()" is null
	at hk.ust.comp3021.MiniMendeleyEngine.processQuery(MiniMendeleyEngine.java:660)
	at hk.ust.comp3021.MiniMendeleyEngine.lambda$processConcurrentQuery$14(MiniMendeleyEngine.java:648)
	at java.base/java.lang.Thread.run(Thread.java:833)
Exception in thread "Thread-573" java.lang.NullPointerException: Cannot invoke "hk.ust.comp3021.utils.Query$QueryType.ordinal()" because the return value of "hk.ust.comp3021.utils.Query.getType()" is null
	at hk.ust.comp3021.MiniMendeleyEngine.processQuery(MiniMendeleyEngine.java:660)
	at hk.ust.comp3021.MiniMendeleyEngine.lambda$processConcurrentQuery$14(MiniMendeleyEngine.java:648)
	at java.base/java.lang.Thread.run(Thread.java:833)
Exception in thread "Thread-574" java.lang.NullPointerException: Cannot invoke "hk.ust.comp3021.utils.Query$QueryType.ordinal()" because the return value of "hk.ust.comp3021.utils.Query.getType()" is null
	at hk.ust.comp3021.MiniMendeleyEngine.processQuery(MiniMendeleyEngine.java:660)
	at hk.ust.comp3021.MiniMendeleyEngine.lambda$processConcurrentQuery$14(MiniMendeleyEngine.java:648)
	at java.base/java.lang.Thread.run(Thread.java:833)
Exception in thread "Thread-575" java.lang.NullPointerException: Cannot invoke "hk.ust.comp3021.utils.Query$QueryType.ordinal()" because the return value of "hk.ust.comp3021.utils.Query.getType()" is null
	at hk.ust.comp3021.MiniMendeleyEngine.processQuery(MiniMendeleyEngine.java:660)
	at hk.ust.comp3021.MiniMendeleyEngine.lambda$processConcurrentQuery$14(MiniMendeleyEngine.java:648)
	at java.base/java.lang.Thread.run(Thread.java:833)
Exception in thread "Thread-576" java.lang.NullPointerException: Cannot invoke "hk.ust.comp3021.utils.Query$QueryType.ordinal()" because the return value of "hk.ust.comp3021.utils.Query.getType()" is null
	at hk.ust.comp3021.MiniMendeleyEngine.processQuery(MiniMendeleyEngine.java:660)
	at hk.ust.comp3021.MiniMendeleyEngine.lambda$processConcurrentQuery$14(MiniMendeleyEngine.java:648)
	at java.base/java.lang.Thread.run(Thread.java:833)
Exception in thread "Thread-577" java.lang.NullPointerException: Cannot invoke "hk.ust.comp3021.utils.Query$QueryType.ordinal()" because the return value of "hk.ust.comp3021.utils.Query.getType()" is null
	at hk.ust.comp3021.MiniMendeleyEngine.processQuery(MiniMendeleyEngine.java:660)
	at hk.ust.comp3021.MiniMendeleyEngine.lambda$processConcurrentQuery$14(MiniMendeleyEngine.java:648)
	at java.base/java.lang.Thread.run(Thread.java:833)
Exception in thread "Thread-578" java.lang.NullPointerException: Cannot invoke "hk.ust.comp3021.utils.Query$QueryType.ordinal()" because the return value of "hk.ust.comp3021.utils.Query.getType()" is null
	at hk.ust.comp3021.MiniMendeleyEngine.processQuery(MiniMendeleyEngine.java:660)
	at hk.ust.comp3021.MiniMendeleyEngine.lambda$processConcurrentQuery$14(MiniMendeleyEngine.java:648)
	at java.base/java.lang.Thread.run(Thread.java:833)
Exception in thread "Thread-579" java.lang.NullPointerException: Cannot invoke "hk.ust.comp3021.utils.Query$QueryType.ordinal()" because the return value of "hk.ust.comp3021.utils.Query.getType()" is null
	at hk.ust.comp3021.MiniMendeleyEngine.processQuery(MiniMendeleyEngine.java:660)
	at hk.ust.comp3021.MiniMendeleyEngine.lambda$processConcurrentQuery$14(MiniMendeleyEngine.java:648)
	at java.base/java.lang.Thread.run(Thread.java:833)
Exception in thread "Thread-580" java.lang.NullPointerException: Cannot invoke "hk.ust.comp3021.utils.Query$QueryType.ordinal()" because the return value of "hk.ust.comp3021.utils.Query.getType()" is null
	at hk.ust.comp3021.MiniMendeleyEngine.processQuery(MiniMendeleyEngine.java:660)
	at hk.ust.comp3021.MiniMendeleyEngine.lambda$processConcurrentQuery$14(MiniMendeleyEngine.java:648)
	at java.base/java.lang.Thread.run(Thread.java:833)
Exception in thread "Thread-581" java.lang.NullPointerException: Cannot invoke "hk.ust.comp3021.utils.Query$QueryType.ordinal()" because the return value of "hk.ust.comp3021.utils.Query.getType()" is null
	at hk.ust.comp3021.MiniMendeleyEngine.processQuery(MiniMendeleyEngine.java:660)
	at hk.ust.comp3021.MiniMendeleyEngine.lambda$processConcurrentQuery$14(MiniMendeleyEngine.java:648)
	at java.base/java.lang.Thread.run(Thread.java:833)
Exception in thread "Thread-582" java.lang.NullPointerException: Cannot invoke "hk.ust.comp3021.utils.Query$QueryType.ordinal()" because the return value of "hk.ust.comp3021.utils.Query.getType()" is null
	at hk.ust.comp3021.MiniMendeleyEngine.processQuery(MiniMendeleyEngine.java:660)
	at hk.ust.comp3021.MiniMendeleyEngine.lambda$processConcurrentQuery$14(MiniMendeleyEngine.java:648)
	at java.base/java.lang.Thread.run(Thread.java:833)
Exception in thread "Thread-583" java.lang.NullPointerException: Cannot invoke "hk.ust.comp3021.utils.Query$QueryType.ordinal()" because the return value of "hk.ust.comp3021.utils.Query.getType()" is null
	at hk.ust.comp3021.MiniMendeleyEngine.processQuery(MiniMendeleyEngine.java:660)
	at hk.ust.comp3021.MiniMendeleyEngine.lambda$processConcurrentQuery$14(MiniMendeleyEngine.java:648)
	at java.base/java.lang.Thread.run(Thread.java:833)
Exception in thread "Thread-584" java.lang.NullPointerException: Cannot invoke "hk.ust.comp3021.utils.Query$QueryType.ordinal()" because the return value of "hk.ust.comp3021.utils.Query.getType()" is null
	at hk.ust.comp3021.MiniMendeleyEngine.processQuery(MiniMendeleyEngine.java:660)
	at hk.ust.comp3021.MiniMendeleyEngine.lambda$processConcurrentQuery$14(MiniMendeleyEngine.java:648)
	at java.base/java.lang.Thread.run(Thread.java:833)
Exception in thread "Thread-585" java.lang.NullPointerException: Cannot invoke "hk.ust.comp3021.utils.Query$QueryType.ordinal()" because the return value of "hk.ust.comp3021.utils.Query.getType()" is null
	at hk.ust.comp3021.MiniMendeleyEngine.processQuery(MiniMendeleyEngine.java:660)
	at hk.ust.comp3021.MiniMendeleyEngine.lambda$processConcurrentQuery$14(MiniMendeleyEngine.java:648)
	at java.base/java.lang.Thread.run(Thread.java:833)
Exception in thread "Thread-586" java.lang.NullPointerException: Cannot invoke "hk.ust.comp3021.utils.Query$QueryType.ordinal()" because the return value of "hk.ust.comp3021.utils.Query.getType()" is null
	at hk.ust.comp3021.MiniMendeleyEngine.processQuery(MiniMendeleyEngine.java:660)
	at hk.ust.comp3021.MiniMendeleyEngine.lambda$processConcurrentQuery$14(MiniMendeleyEngine.java:648)
	at java.base/java.lang.Thread.run(Thread.java:833)
Exception in thread "Thread-587" java.lang.NullPointerException: Cannot invoke "hk.ust.comp3021.utils.Query$QueryType.ordinal()" because the return value of "hk.ust.comp3021.utils.Query.getType()" is null
	at hk.ust.comp3021.MiniMendeleyEngine.processQuery(MiniMendeleyEngine.java:660)
	at hk.ust.comp3021.MiniMendeleyEngine.lambda$processConcurrentQuery$14(MiniMendeleyEngine.java:648)
	at java.base/java.lang.Thread.run(Thread.java:833)
Exception in thread "Thread-588" java.lang.NullPointerException: Cannot invoke "hk.ust.comp3021.utils.Query$QueryType.ordinal()" because the return value of "hk.ust.comp3021.utils.Query.getType()" is null
	at hk.ust.comp3021.MiniMendeleyEngine.processQuery(MiniMendeleyEngine.java:660)
	at hk.ust.comp3021.MiniMendeleyEngine.lambda$processConcurrentQuery$14(MiniMendeleyEngine.java:648)
	at java.base/java.lang.Thread.run(Thread.java:833)
Exception in thread "Thread-589" java.lang.NullPointerException: Cannot invoke "hk.ust.comp3021.utils.Query$QueryType.ordinal()" because the return value of "hk.ust.comp3021.utils.Query.getType()" is null
	at hk.ust.comp3021.MiniMendeleyEngine.processQuery(MiniMendeleyEngine.java:660)
	at hk.ust.comp3021.MiniMendeleyEngine.lambda$processConcurrentQuery$14(MiniMendeleyEngine.java:648)
	at java.base/java.lang.Thread.run(Thread.java:833)
Exception in thread "Thread-590" java.lang.NullPointerException: Cannot invoke "hk.ust.comp3021.utils.Query$QueryType.ordinal()" because the return value of "hk.ust.comp3021.utils.Query.getType()" is null
	at hk.ust.comp3021.MiniMendeleyEngine.processQuery(MiniMendeleyEngine.java:660)
	at hk.ust.comp3021.MiniMendeleyEngine.lambda$processConcurrentQuery$14(MiniMendeleyEngine.java:648)
	at java.base/java.lang.Thread.run(Thread.java:833)
Exception in thread "Thread-591" java.lang.NullPointerException: Cannot invoke "hk.ust.comp3021.utils.Query$QueryType.ordinal()" because the return value of "hk.ust.comp3021.utils.Query.getType()" is null
	at hk.ust.comp3021.MiniMendeleyEngine.processQuery(MiniMendeleyEngine.java:660)
	at hk.ust.comp3021.MiniMendeleyEngine.lambda$processConcurrentQuery$14(MiniMendeleyEngine.java:648)
	at java.base/java.lang.Thread.run(Thread.java:833)
Exception in thread "Thread-592" java.lang.NullPointerException: Cannot invoke "hk.ust.comp3021.utils.Query$QueryType.ordinal()" because the return value of "hk.ust.comp3021.utils.Query.getType()" is null
	at hk.ust.comp3021.MiniMendeleyEngine.processQuery(MiniMendeleyEngine.java:660)
	at hk.ust.comp3021.MiniMendeleyEngine.lambda$processConcurrentQuery$14(MiniMendeleyEngine.java:648)
	at java.base/java.lang.Thread.run(Thread.java:833)
Exception in thread "Thread-595" java.lang.NullPointerException: Cannot invoke "hk.ust.comp3021.utils.Query$QueryType.ordinal()" because the return value of "hk.ust.comp3021.utils.Query.getType()" is null
	at hk.ust.comp3021.MiniMendeleyEngine.processQuery(MiniMendeleyEngine.java:660)
	at hk.ust.comp3021.MiniMendeleyEngine.lambda$processConcurrentQuery$14(MiniMendeleyEngine.java:648)
	at java.base/java.lang.Thread.run(Thread.java:833)
Exception in thread "Thread-593" java.lang.NullPointerException: Cannot invoke "hk.ust.comp3021.utils.Query$QueryType.ordinal()" because the return value of "hk.ust.comp3021.utils.Query.getType()" is null
	at hk.ust.comp3021.MiniMendeleyEngine.processQuery(MiniMendeleyEngine.java:660)
	at hk.ust.comp3021.MiniMendeleyEngine.lambda$processConcurrentQuery$14(MiniMendeleyEngine.java:648)
	at java.base/java.lang.Thread.run(Thread.java:833)
Exception in thread "Thread-594" java.lang.NullPointerException: Cannot invoke "hk.ust.comp3021.utils.Query$QueryType.ordinal()" because the return value of "hk.ust.comp3021.utils.Query.getType()" is null
	at hk.ust.comp3021.MiniMendeleyEngine.processQuery(MiniMendeleyEngine.java:660)
	at hk.ust.comp3021.MiniMendeleyEngine.lambda$processConcurrentQuery$14(MiniMendeleyEngine.java:648)
	at java.base/java.lang.Thread.run(Thread.java:833)
Exception in thread "Thread-596" java.lang.NullPointerException: Cannot invoke "hk.ust.comp3021.utils.Query$QueryType.ordinal()" because the return value of "hk.ust.comp3021.utils.Query.getType()" is null
	at hk.ust.comp3021.MiniMendeleyEngine.processQuery(MiniMendeleyEngine.java:660)
	at hk.ust.comp3021.MiniMendeleyEngine.lambda$processConcurrentQuery$14(MiniMendeleyEngine.java:648)
	at java.base/java.lang.Thread.run(Thread.java:833)
Exception in thread "Thread-597" java.lang.NullPointerException: Cannot invoke "hk.ust.comp3021.utils.Query$QueryType.ordinal()" because the return value of "hk.ust.comp3021.utils.Query.getType()" is null
	at hk.ust.comp3021.MiniMendeleyEngine.processQuery(MiniMendeleyEngine.java:660)
	at hk.ust.comp3021.MiniMendeleyEngine.lambda$processConcurrentQuery$14(MiniMendeleyEngine.java:648)
	at java.base/java.lang.Thread.run(Thread.java:833)
Exception in thread "Thread-598" java.lang.NullPointerException: Cannot invoke "hk.ust.comp3021.utils.Query$QueryType.ordinal()" because the return value of "hk.ust.comp3021.utils.Query.getType()" is null
	at hk.ust.comp3021.MiniMendeleyEngine.processQuery(MiniMendeleyEngine.java:660)
	at hk.ust.comp3021.MiniMendeleyEngine.lambda$processConcurrentQuery$14(MiniMendeleyEngine.java:648)
	at java.base/java.lang.Thread.run(Thread.java:833)
Exception in thread "Thread-599" java.lang.NullPointerException: Cannot invoke "hk.ust.comp3021.utils.Query$QueryType.ordinal()" because the return value of "hk.ust.comp3021.utils.Query.getType()" is null
	at hk.ust.comp3021.MiniMendeleyEngine.processQuery(MiniMendeleyEngine.java:660)
	at hk.ust.comp3021.MiniMendeleyEngine.lambda$processConcurrentQuery$14(MiniMendeleyEngine.java:648)
	at java.base/java.lang.Thread.run(Thread.java:833)
Exception in thread "Thread-600" java.lang.NullPointerException: Cannot invoke "hk.ust.comp3021.utils.Query$QueryType.ordinal()" because the return value of "hk.ust.comp3021.utils.Query.getType()" is null
	at hk.ust.comp3021.MiniMendeleyEngine.processQuery(MiniMendeleyEngine.java:660)
	at hk.ust.comp3021.MiniMendeleyEngine.lambda$processConcurrentQuery$14(MiniMendeleyEngine.java:648)
	at java.base/java.lang.Thread.run(Thread.java:833)
Exception in thread "Thread-601" java.lang.NullPointerException: Cannot invoke "hk.ust.comp3021.utils.Query$QueryType.ordinal()" because the return value of "hk.ust.comp3021.utils.Query.getType()" is null
	at hk.ust.comp3021.MiniMendeleyEngine.processQuery(MiniMendeleyEngine.java:660)
	at hk.ust.comp3021.MiniMendeleyEngine.lambda$processConcurrentQuery$14(MiniMendeleyEngine.java:648)
	at java.base/java.lang.Thread.run(Thread.java:833)
Exception in thread "Thread-602" java.lang.NullPointerException: Cannot invoke "hk.ust.comp3021.utils.Query$QueryType.ordinal()" because the return value of "hk.ust.comp3021.utils.Query.getType()" is null
	at hk.ust.comp3021.MiniMendeleyEngine.processQuery(MiniMendeleyEngine.java:660)
	at hk.ust.comp3021.MiniMendeleyEngine.lambda$processConcurrentQuery$14(MiniMendeleyEngine.java:648)
	at java.base/java.lang.Thread.run(Thread.java:833)
Exception in thread "Thread-603" java.lang.NullPointerException: Cannot invoke "hk.ust.comp3021.utils.Query$QueryType.ordinal()" because the return value of "hk.ust.comp3021.utils.Query.getType()" is null
	at hk.ust.comp3021.MiniMendeleyEngine.processQuery(MiniMendeleyEngine.java:660)
	at hk.ust.comp3021.MiniMendeleyEngine.lambda$processConcurrentQuery$14(MiniMendeleyEngine.java:648)
	at java.base/java.lang.Thread.run(Thread.java:833)
Exception in thread "Thread-604" java.lang.NullPointerException: Cannot invoke "hk.ust.comp3021.utils.Query$QueryType.ordinal()" because the return value of "hk.ust.comp3021.utils.Query.getType()" is null
	at hk.ust.comp3021.MiniMendeleyEngine.processQuery(MiniMendeleyEngine.java:660)
	at hk.ust.comp3021.MiniMendeleyEngine.lambda$processConcurrentQuery$14(MiniMendeleyEngine.java:648)
	at java.base/java.lang.Thread.run(Thread.java:833)
Exception in thread "Thread-605" java.lang.NullPointerException: Cannot invoke "hk.ust.comp3021.utils.Query$QueryType.ordinal()" because the return value of "hk.ust.comp3021.utils.Query.getType()" is null
	at hk.ust.comp3021.MiniMendeleyEngine.processQuery(MiniMendeleyEngine.java:660)
	at hk.ust.comp3021.MiniMendeleyEngine.lambda$processConcurrentQuery$14(MiniMendeleyEngine.java:648)
	at java.base/java.lang.Thread.run(Thread.java:833)
Exception in thread "Thread-607" java.lang.NullPointerException: Cannot invoke "hk.ust.comp3021.utils.Query$QueryType.ordinal()" because the return value of "hk.ust.comp3021.utils.Query.getType()" is null
	at hk.ust.comp3021.MiniMendeleyEngine.processQuery(MiniMendeleyEngine.java:660)
	at hk.ust.comp3021.MiniMendeleyEngine.lambda$processConcurrentQuery$14(MiniMendeleyEngine.java:648)
	at java.base/java.lang.Thread.run(Thread.java:833)
Exception in thread "Thread-606" java.lang.NullPointerException: Cannot invoke "hk.ust.comp3021.utils.Query$QueryType.ordinal()" because the return value of "hk.ust.comp3021.utils.Query.getType()" is null
	at hk.ust.comp3021.MiniMendeleyEngine.processQuery(MiniMendeleyEngine.java:660)
	at hk.ust.comp3021.MiniMendeleyEngine.lambda$processConcurrentQuery$14(MiniMendeleyEngine.java:648)
	at java.base/java.lang.Thread.run(Thread.java:833)
Exception in thread "Thread-608" java.lang.NullPointerException: Cannot invoke "hk.ust.comp3021.utils.Query$QueryType.ordinal()" because the return value of "hk.ust.comp3021.utils.Query.getType()" is null
	at hk.ust.comp3021.MiniMendeleyEngine.processQuery(MiniMendeleyEngine.java:660)
	at hk.ust.comp3021.MiniMendeleyEngine.lambda$processConcurrentQuery$14(MiniMendeleyEngine.java:648)
	at java.base/java.lang.Thread.run(Thread.java:833)
Exception in thread "Thread-609" java.lang.NullPointerException: Cannot invoke "hk.ust.comp3021.utils.Query$QueryType.ordinal()" because the return value of "hk.ust.comp3021.utils.Query.getType()" is null
	at hk.ust.comp3021.MiniMendeleyEngine.processQuery(MiniMendeleyEngine.java:660)
	at hk.ust.comp3021.MiniMendeleyEngine.lambda$processConcurrentQuery$14(MiniMendeleyEngine.java:648)
	at java.base/java.lang.Thread.run(Thread.java:833)
Exception in thread "Thread-611" java.lang.NullPointerException: Cannot invoke "hk.ust.comp3021.utils.Query$QueryType.ordinal()" because the return value of "hk.ust.comp3021.utils.Query.getType()" is null
	at hk.ust.comp3021.MiniMendeleyEngine.processQuery(MiniMendeleyEngine.java:660)
	at hk.ust.comp3021.MiniMendeleyEngine.lambda$processConcurrentQuery$14(MiniMendeleyEngine.java:648)
	at java.base/java.lang.Thread.run(Thread.java:833)
Exception in thread "Thread-610" java.lang.NullPointerException: Cannot invoke "hk.ust.comp3021.utils.Query$QueryType.ordinal()" because the return value of "hk.ust.comp3021.utils.Query.getType()" is null
	at hk.ust.comp3021.MiniMendeleyEngine.processQuery(MiniMendeleyEngine.java:660)
	at hk.ust.comp3021.MiniMendeleyEngine.lambda$processConcurrentQuery$14(MiniMendeleyEngine.java:648)
	at java.base/java.lang.Thread.run(Thread.java:833)
Exception in thread "Thread-612" java.lang.NullPointerException: Cannot invoke "hk.ust.comp3021.utils.Query$QueryType.ordinal()" because the return value of "hk.ust.comp3021.utils.Query.getType()" is null
	at hk.ust.comp3021.MiniMendeleyEngine.processQuery(MiniMendeleyEngine.java:660)
	at hk.ust.comp3021.MiniMendeleyEngine.lambda$processConcurrentQuery$14(MiniMendeleyEngine.java:648)
	at java.base/java.lang.Thread.run(Thread.java:833)
Exception in thread "Thread-613" java.lang.NullPointerException: Cannot invoke "hk.ust.comp3021.utils.Query$QueryType.ordinal()" because the return value of "hk.ust.comp3021.utils.Query.getType()" is null
	at hk.ust.comp3021.MiniMendeleyEngine.processQuery(MiniMendeleyEngine.java:660)
	at hk.ust.comp3021.MiniMendeleyEngine.lambda$processConcurrentQuery$14(MiniMendeleyEngine.java:648)
	at java.base/java.lang.Thread.run(Thread.java:833)
Exception in thread "Thread-614" java.lang.NullPointerException: Cannot invoke "hk.ust.comp3021.utils.Query$QueryType.ordinal()" because the return value of "hk.ust.comp3021.utils.Query.getType()" is null
	at hk.ust.comp3021.MiniMendeleyEngine.processQuery(MiniMendeleyEngine.java:660)
	at hk.ust.comp3021.MiniMendeleyEngine.lambda$processConcurrentQuery$14(MiniMendeleyEngine.java:648)
	at java.base/java.lang.Thread.run(Thread.java:833)
Exception in thread "Thread-615" java.lang.NullPointerException: Cannot invoke "hk.ust.comp3021.utils.Query$QueryType.ordinal()" because the return value of "hk.ust.comp3021.utils.Query.getType()" is null
	at hk.ust.comp3021.MiniMendeleyEngine.processQuery(MiniMendeleyEngine.java:660)
	at hk.ust.comp3021.MiniMendeleyEngine.lambda$processConcurrentQuery$14(MiniMendeleyEngine.java:648)
	at java.base/java.lang.Thread.run(Thread.java:833)
Exception in thread "Thread-616" java.lang.NullPointerException: Cannot invoke "hk.ust.comp3021.utils.Query$QueryType.ordinal()" because the return value of "hk.ust.comp3021.utils.Query.getType()" is null
	at hk.ust.comp3021.MiniMendeleyEngine.processQuery(MiniMendeleyEngine.java:660)
	at hk.ust.comp3021.MiniMendeleyEngine.lambda$processConcurrentQuery$14(MiniMendeleyEngine.java:648)
	at java.base/java.lang.Thread.run(Thread.java:833)
Exception in thread "Thread-617" java.lang.NullPointerException: Cannot invoke "hk.ust.comp3021.utils.Query$QueryType.ordinal()" because the return value of "hk.ust.comp3021.utils.Query.getType()" is null
	at hk.ust.comp3021.MiniMendeleyEngine.processQuery(MiniMendeleyEngine.java:660)
	at hk.ust.comp3021.MiniMendeleyEngine.lambda$processConcurrentQuery$14(MiniMendeleyEngine.java:648)
	at java.base/java.lang.Thread.run(Thread.java:833)
Exception in thread "Thread-618" java.lang.NullPointerException: Cannot invoke "hk.ust.comp3021.utils.Query$QueryType.ordinal()" because the return value of "hk.ust.comp3021.utils.Query.getType()" is null
	at hk.ust.comp3021.MiniMendeleyEngine.processQuery(MiniMendeleyEngine.java:660)
	at hk.ust.comp3021.MiniMendeleyEngine.lambda$processConcurrentQuery$14(MiniMendeleyEngine.java:648)
	at java.base/java.lang.Thread.run(Thread.java:833)
Exception in thread "Thread-619" java.lang.NullPointerException: Cannot invoke "hk.ust.comp3021.utils.Query$QueryType.ordinal()" because the return value of "hk.ust.comp3021.utils.Query.getType()" is null
	at hk.ust.comp3021.MiniMendeleyEngine.processQuery(MiniMendeleyEngine.java:660)
	at hk.ust.comp3021.MiniMendeleyEngine.lambda$processConcurrentQuery$14(MiniMendeleyEngine.java:648)
	at java.base/java.lang.Thread.run(Thread.java:833)
Exception in thread "Thread-620" java.lang.NullPointerException: Cannot invoke "hk.ust.comp3021.utils.Query$QueryType.ordinal()" because the return value of "hk.ust.comp3021.utils.Query.getType()" is null
	at hk.ust.comp3021.MiniMendeleyEngine.processQuery(MiniMendeleyEngine.java:660)
	at hk.ust.comp3021.MiniMendeleyEngine.lambda$processConcurrentQuery$14(MiniMendeleyEngine.java:648)
	at java.base/java.lang.Thread.run(Thread.java:833)
Exception in thread "Thread-622" java.lang.NullPointerException: Cannot invoke "hk.ust.comp3021.utils.Query$QueryType.ordinal()" because the return value of "hk.ust.comp3021.utils.Query.getType()" is null
	at hk.ust.comp3021.MiniMendeleyEngine.processQuery(MiniMendeleyEngine.java:660)
	at hk.ust.comp3021.MiniMendeleyEngine.lambda$processConcurrentQuery$14(MiniMendeleyEngine.java:648)
	at java.base/java.lang.Thread.run(Thread.java:833)
Exception in thread "Thread-621" java.lang.NullPointerException: Cannot invoke "hk.ust.comp3021.utils.Query$QueryType.ordinal()" because the return value of "hk.ust.comp3021.utils.Query.getType()" is null
	at hk.ust.comp3021.MiniMendeleyEngine.processQuery(MiniMendeleyEngine.java:660)
	at hk.ust.comp3021.MiniMendeleyEngine.lambda$processConcurrentQuery$14(MiniMendeleyEngine.java:648)
	at java.base/java.lang.Thread.run(Thread.java:833)
Exception in thread "Thread-623" java.lang.NullPointerException: Cannot invoke "hk.ust.comp3021.utils.Query$QueryType.ordinal()" because the return value of "hk.ust.comp3021.utils.Query.getType()" is null
	at hk.ust.comp3021.MiniMendeleyEngine.processQuery(MiniMendeleyEngine.java:660)
	at hk.ust.comp3021.MiniMendeleyEngine.lambda$processConcurrentQuery$14(MiniMendeleyEngine.java:648)
	at java.base/java.lang.Thread.run(Thread.java:833)
Exception in thread "Thread-624" java.lang.NullPointerException: Cannot invoke "hk.ust.comp3021.utils.Query$QueryType.ordinal()" because the return value of "hk.ust.comp3021.utils.Query.getType()" is null
	at hk.ust.comp3021.MiniMendeleyEngine.processQuery(MiniMendeleyEngine.java:660)
	at hk.ust.comp3021.MiniMendeleyEngine.lambda$processConcurrentQuery$14(MiniMendeleyEngine.java:648)
	at java.base/java.lang.Thread.run(Thread.java:833)
Exception in thread "Thread-625" java.lang.NullPointerException: Cannot invoke "hk.ust.comp3021.utils.Query$QueryType.ordinal()" because the return value of "hk.ust.comp3021.utils.Query.getType()" is null
	at hk.ust.comp3021.MiniMendeleyEngine.processQuery(MiniMendeleyEngine.java:660)
	at hk.ust.comp3021.MiniMendeleyEngine.lambda$processConcurrentQuery$14(MiniMendeleyEngine.java:648)
	at java.base/java.lang.Thread.run(Thread.java:833)
Exception in thread "Thread-626" java.lang.NullPointerException: Cannot invoke "hk.ust.comp3021.utils.Query$QueryType.ordinal()" because the return value of "hk.ust.comp3021.utils.Query.getType()" is null
	at hk.ust.comp3021.MiniMendeleyEngine.processQuery(MiniMendeleyEngine.java:660)
	at hk.ust.comp3021.MiniMendeleyEngine.lambda$processConcurrentQuery$14(MiniMendeleyEngine.java:648)
	at java.base/java.lang.Thread.run(Thread.java:833)
Exception in thread "Thread-627" java.lang.NullPointerException: Cannot invoke "hk.ust.comp3021.utils.Query$QueryType.ordinal()" because the return value of "hk.ust.comp3021.utils.Query.getType()" is null
	at hk.ust.comp3021.MiniMendeleyEngine.processQuery(MiniMendeleyEngine.java:660)
	at hk.ust.comp3021.MiniMendeleyEngine.lambda$processConcurrentQuery$14(MiniMendeleyEngine.java:648)
	at java.base/java.lang.Thread.run(Thread.java:833)
Exception in thread "Thread-628" java.lang.NullPointerException: Cannot invoke "hk.ust.comp3021.utils.Query$QueryType.ordinal()" because the return value of "hk.ust.comp3021.utils.Query.getType()" is null
	at hk.ust.comp3021.MiniMendeleyEngine.processQuery(MiniMendeleyEngine.java:660)
	at hk.ust.comp3021.MiniMendeleyEngine.lambda$processConcurrentQuery$14(MiniMendeleyEngine.java:648)
	at java.base/java.lang.Thread.run(Thread.java:833)
Exception in thread "Thread-629" java.lang.NullPointerException: Cannot invoke "hk.ust.comp3021.utils.Query$QueryType.ordinal()" because the return value of "hk.ust.comp3021.utils.Query.getType()" is null
	at hk.ust.comp3021.MiniMendeleyEngine.processQuery(MiniMendeleyEngine.java:660)
	at hk.ust.comp3021.MiniMendeleyEngine.lambda$processConcurrentQuery$14(MiniMendeleyEngine.java:648)
	at java.base/java.lang.Thread.run(Thread.java:833)
Exception in thread "Thread-630" java.lang.NullPointerException: Cannot invoke "hk.ust.comp3021.utils.Query$QueryType.ordinal()" because the return value of "hk.ust.comp3021.utils.Query.getType()" is null
	at hk.ust.comp3021.MiniMendeleyEngine.processQuery(MiniMendeleyEngine.java:660)
	at hk.ust.comp3021.MiniMendeleyEngine.lambda$processConcurrentQuery$14(MiniMendeleyEngine.java:648)
	at java.base/java.lang.Thread.run(Thread.java:833)
Exception in thread "Thread-631" java.lang.NullPointerException: Cannot invoke "hk.ust.comp3021.utils.Query$QueryType.ordinal()" because the return value of "hk.ust.comp3021.utils.Query.getType()" is null
	at hk.ust.comp3021.MiniMendeleyEngine.processQuery(MiniMendeleyEngine.java:660)
	at hk.ust.comp3021.MiniMendeleyEngine.lambda$processConcurrentQuery$14(MiniMendeleyEngine.java:648)
	at java.base/java.lang.Thread.run(Thread.java:833)
Exception in thread "Thread-632" java.lang.NullPointerException: Cannot invoke "hk.ust.comp3021.utils.Query$QueryType.ordinal()" because the return value of "hk.ust.comp3021.utils.Query.getType()" is null
	at hk.ust.comp3021.MiniMendeleyEngine.processQuery(MiniMendeleyEngine.java:660)
	at hk.ust.comp3021.MiniMendeleyEngine.lambda$processConcurrentQuery$14(MiniMendeleyEngine.java:648)
	at java.base/java.lang.Thread.run(Thread.java:833)
Exception in thread "Thread-634" java.lang.NullPointerException: Cannot invoke "hk.ust.comp3021.utils.Query$QueryType.ordinal()" because the return value of "hk.ust.comp3021.utils.Query.getType()" is null
	at hk.ust.comp3021.MiniMendeleyEngine.processQuery(MiniMendeleyEngine.java:660)
	at hk.ust.comp3021.MiniMendeleyEngine.lambda$processConcurrentQuery$14(MiniMendeleyEngine.java:648)
	at java.base/java.lang.Thread.run(Thread.java:833)
Exception in thread "Thread-633" java.lang.NullPointerException: Cannot invoke "hk.ust.comp3021.utils.Query$QueryType.ordinal()" because the return value of "hk.ust.comp3021.utils.Query.getType()" is null
	at hk.ust.comp3021.MiniMendeleyEngine.processQuery(MiniMendeleyEngine.java:660)
	at hk.ust.comp3021.MiniMendeleyEngine.lambda$processConcurrentQuery$14(MiniMendeleyEngine.java:648)
	at java.base/java.lang.Thread.run(Thread.java:833)
Exception in thread "Thread-635" java.lang.NullPointerException: Cannot invoke "hk.ust.comp3021.utils.Query$QueryType.ordinal()" because the return value of "hk.ust.comp3021.utils.Query.getType()" is null
	at hk.ust.comp3021.MiniMendeleyEngine.processQuery(MiniMendeleyEngine.java:660)
	at hk.ust.comp3021.MiniMendeleyEngine.lambda$processConcurrentQuery$14(MiniMendeleyEngine.java:648)
	at java.base/java.lang.Thread.run(Thread.java:833)
Exception in thread "Thread-636" java.lang.NullPointerException: Cannot invoke "hk.ust.comp3021.utils.Query$QueryType.ordinal()" because the return value of "hk.ust.comp3021.utils.Query.getType()" is null
	at hk.ust.comp3021.MiniMendeleyEngine.processQuery(MiniMendeleyEngine.java:660)
	at hk.ust.comp3021.MiniMendeleyEngine.lambda$processConcurrentQuery$14(MiniMendeleyEngine.java:648)
	at java.base/java.lang.Thread.run(Thread.java:833)
Exception in thread "Thread-637" java.lang.NullPointerException: Cannot invoke "hk.ust.comp3021.utils.Query$QueryType.ordinal()" because the return value of "hk.ust.comp3021.utils.Query.getType()" is null
	at hk.ust.comp3021.MiniMendeleyEngine.processQuery(MiniMendeleyEngine.java:660)
	at hk.ust.comp3021.MiniMendeleyEngine.lambda$processConcurrentQuery$14(MiniMendeleyEngine.java:648)
	at java.base/java.lang.Thread.run(Thread.java:833)
Exception in thread "Thread-638" java.lang.NullPointerException: Cannot invoke "hk.ust.comp3021.utils.Query$QueryType.ordinal()" because the return value of "hk.ust.comp3021.utils.Query.getType()" is null
	at hk.ust.comp3021.MiniMendeleyEngine.processQuery(MiniMendeleyEngine.java:660)
	at hk.ust.comp3021.MiniMendeleyEngine.lambda$processConcurrentQuery$14(MiniMendeleyEngine.java:648)
	at java.base/java.lang.Thread.run(Thread.java:833)
Exception in thread "Thread-639" java.lang.NullPointerException: Cannot invoke "hk.ust.comp3021.utils.Query$QueryType.ordinal()" because the return value of "hk.ust.comp3021.utils.Query.getType()" is null
	at hk.ust.comp3021.MiniMendeleyEngine.processQuery(MiniMendeleyEngine.java:660)
	at hk.ust.comp3021.MiniMendeleyEngine.lambda$processConcurrentQuery$14(MiniMendeleyEngine.java:648)
	at java.base/java.lang.Thread.run(Thread.java:833)
Exception in thread "Thread-640" java.lang.NullPointerException: Cannot invoke "hk.ust.comp3021.utils.Query$QueryType.ordinal()" because the return value of "hk.ust.comp3021.utils.Query.getType()" is null
	at hk.ust.comp3021.MiniMendeleyEngine.processQuery(MiniMendeleyEngine.java:660)
	at hk.ust.comp3021.MiniMendeleyEngine.lambda$processConcurrentQuery$14(MiniMendeleyEngine.java:648)
	at java.base/java.lang.Thread.run(Thread.java:833)
Exception in thread "Thread-641" java.lang.NullPointerException: Cannot invoke "hk.ust.comp3021.utils.Query$QueryType.ordinal()" because the return value of "hk.ust.comp3021.utils.Query.getType()" is null
	at hk.ust.comp3021.MiniMendeleyEngine.processQuery(MiniMendeleyEngine.java:660)
	at hk.ust.comp3021.MiniMendeleyEngine.lambda$processConcurrentQuery$14(MiniMendeleyEngine.java:648)
	at java.base/java.lang.Thread.run(Thread.java:833)
Exception in thread "Thread-642" java.lang.NullPointerException: Cannot invoke "hk.ust.comp3021.utils.Query$QueryType.ordinal()" because the return value of "hk.ust.comp3021.utils.Query.getType()" is null
	at hk.ust.comp3021.MiniMendeleyEngine.processQuery(MiniMendeleyEngine.java:660)
	at hk.ust.comp3021.MiniMendeleyEngine.lambda$processConcurrentQuery$14(MiniMendeleyEngine.java:648)
	at java.base/java.lang.Thread.run(Thread.java:833)
Exception in thread "Thread-643" java.lang.NullPointerException: Cannot invoke "hk.ust.comp3021.utils.Query$QueryType.ordinal()" because the return value of "hk.ust.comp3021.utils.Query.getType()" is null
	at hk.ust.comp3021.MiniMendeleyEngine.processQuery(MiniMendeleyEngine.java:660)
	at hk.ust.comp3021.MiniMendeleyEngine.lambda$processConcurrentQuery$14(MiniMendeleyEngine.java:648)
	at java.base/java.lang.Thread.run(Thread.java:833)
Exception in thread "Thread-644" java.lang.NullPointerException: Cannot invoke "hk.ust.comp3021.utils.Query$QueryType.ordinal()" because the return value of "hk.ust.comp3021.utils.Query.getType()" is null
	at hk.ust.comp3021.MiniMendeleyEngine.processQuery(MiniMendeleyEngine.java:660)
	at hk.ust.comp3021.MiniMendeleyEngine.lambda$processConcurrentQuery$14(MiniMendeleyEngine.java:648)
	at java.base/java.lang.Thread.run(Thread.java:833)
Exception in thread "Thread-645" java.lang.NullPointerException: Cannot invoke "hk.ust.comp3021.utils.Query$QueryType.ordinal()" because the return value of "hk.ust.comp3021.utils.Query.getType()" is null
	at hk.ust.comp3021.MiniMendeleyEngine.processQuery(MiniMendeleyEngine.java:660)
	at hk.ust.comp3021.MiniMendeleyEngine.lambda$processConcurrentQuery$14(MiniMendeleyEngine.java:648)
	at java.base/java.lang.Thread.run(Thread.java:833)
Exception in thread "Thread-647" java.lang.NullPointerException: Cannot invoke "hk.ust.comp3021.utils.Query$QueryType.ordinal()" because the return value of "hk.ust.comp3021.utils.Query.getType()" is null
	at hk.ust.comp3021.MiniMendeleyEngine.processQuery(MiniMendeleyEngine.java:660)
	at hk.ust.comp3021.MiniMendeleyEngine.lambda$processConcurrentQuery$14(MiniMendeleyEngine.java:648)
	at java.base/java.lang.Thread.run(Thread.java:833)
Exception in thread "Thread-646" java.lang.NullPointerException: Cannot invoke "hk.ust.comp3021.utils.Query$QueryType.ordinal()" because the return value of "hk.ust.comp3021.utils.Query.getType()" is null
	at hk.ust.comp3021.MiniMendeleyEngine.processQuery(MiniMendeleyEngine.java:660)
	at hk.ust.comp3021.MiniMendeleyEngine.lambda$processConcurrentQuery$14(MiniMendeleyEngine.java:648)
	at java.base/java.lang.Thread.run(Thread.java:833)
Exception in thread "Thread-648" java.lang.NullPointerException: Cannot invoke "hk.ust.comp3021.utils.Query$QueryType.ordinal()" because the return value of "hk.ust.comp3021.utils.Query.getType()" is null
	at hk.ust.comp3021.MiniMendeleyEngine.processQuery(MiniMendeleyEngine.java:660)
	at hk.ust.comp3021.MiniMendeleyEngine.lambda$processConcurrentQuery$14(MiniMendeleyEngine.java:648)
	at java.base/java.lang.Thread.run(Thread.java:833)
Exception in thread "Thread-649" java.lang.NullPointerException: Cannot invoke "hk.ust.comp3021.utils.Query$QueryType.ordinal()" because the return value of "hk.ust.comp3021.utils.Query.getType()" is null
	at hk.ust.comp3021.MiniMendeleyEngine.processQuery(MiniMendeleyEngine.java:660)
	at hk.ust.comp3021.MiniMendeleyEngine.lambda$processConcurrentQuery$14(MiniMendeleyEngine.java:648)
	at java.base/java.lang.Thread.run(Thread.java:833)
Exception in thread "Thread-650" java.lang.NullPointerException: Cannot invoke "hk.ust.comp3021.utils.Query$QueryType.ordinal()" because the return value of "hk.ust.comp3021.utils.Query.getType()" is null
	at hk.ust.comp3021.MiniMendeleyEngine.processQuery(MiniMendeleyEngine.java:660)
	at hk.ust.comp3021.MiniMendeleyEngine.lambda$processConcurrentQuery$14(MiniMendeleyEngine.java:648)
	at java.base/java.lang.Thread.run(Thread.java:833)
Exception in thread "Thread-653" java.lang.NullPointerException: Cannot invoke "hk.ust.comp3021.utils.Query$QueryType.ordinal()" because the return value of "hk.ust.comp3021.utils.Query.getType()" is null
	at hk.ust.comp3021.MiniMendeleyEngine.processQuery(MiniMendeleyEngine.java:660)
	at hk.ust.comp3021.MiniMendeleyEngine.lambda$processConcurrentQuery$14(MiniMendeleyEngine.java:648)
	at java.base/java.lang.Thread.run(Thread.java:833)
Exception in thread "Thread-652" java.lang.NullPointerException: Cannot invoke "hk.ust.comp3021.utils.Query$QueryType.ordinal()" because the return value of "hk.ust.comp3021.utils.Query.getType()" is null
	at hk.ust.comp3021.MiniMendeleyEngine.processQuery(MiniMendeleyEngine.java:660)
	at hk.ust.comp3021.MiniMendeleyEngine.lambda$processConcurrentQuery$14(MiniMendeleyEngine.java:648)
	at java.base/java.lang.Thread.run(Thread.java:833)
Exception in thread "Thread-651" java.lang.NullPointerException: Cannot invoke "hk.ust.comp3021.utils.Query$QueryType.ordinal()" because the return value of "hk.ust.comp3021.utils.Query.getType()" is null
	at hk.ust.comp3021.MiniMendeleyEngine.processQuery(MiniMendeleyEngine.java:660)
	at hk.ust.comp3021.MiniMendeleyEngine.lambda$processConcurrentQuery$14(MiniMendeleyEngine.java:648)
	at java.base/java.lang.Thread.run(Thread.java:833)
Exception in thread "Thread-654" java.lang.NullPointerException: Cannot invoke "hk.ust.comp3021.utils.Query$QueryType.ordinal()" because the return value of "hk.ust.comp3021.utils.Query.getType()" is null
	at hk.ust.comp3021.MiniMendeleyEngine.processQuery(MiniMendeleyEngine.java:660)
	at hk.ust.comp3021.MiniMendeleyEngine.lambda$processConcurrentQuery$14(MiniMendeleyEngine.java:648)
	at java.base/java.lang.Thread.run(Thread.java:833)
Exception in thread "Thread-655" java.lang.NullPointerException: Cannot invoke "hk.ust.comp3021.utils.Query$QueryType.ordinal()" because the return value of "hk.ust.comp3021.utils.Query.getType()" is null
	at hk.ust.comp3021.MiniMendeleyEngine.processQuery(MiniMendeleyEngine.java:660)
	at hk.ust.comp3021.MiniMendeleyEngine.lambda$processConcurrentQuery$14(MiniMendeleyEngine.java:648)
	at java.base/java.lang.Thread.run(Thread.java:833)
Exception in thread "Thread-656" java.lang.NullPointerException: Cannot invoke "hk.ust.comp3021.utils.Query$QueryType.ordinal()" because the return value of "hk.ust.comp3021.utils.Query.getType()" is null
	at hk.ust.comp3021.MiniMendeleyEngine.processQuery(MiniMendeleyEngine.java:660)
	at hk.ust.comp3021.MiniMendeleyEngine.lambda$processConcurrentQuery$14(MiniMendeleyEngine.java:648)
	at java.base/java.lang.Thread.run(Thread.java:833)
Exception in thread "Thread-657" java.lang.NullPointerException: Cannot invoke "hk.ust.comp3021.utils.Query$QueryType.ordinal()" because the return value of "hk.ust.comp3021.utils.Query.getType()" is null
	at hk.ust.comp3021.MiniMendeleyEngine.processQuery(MiniMendeleyEngine.java:660)
	at hk.ust.comp3021.MiniMendeleyEngine.lambda$processConcurrentQuery$14(MiniMendeleyEngine.java:648)
	at java.base/java.lang.Thread.run(Thread.java:833)
Exception in thread "Thread-659" java.lang.NullPointerException: Cannot invoke "hk.ust.comp3021.utils.Query$QueryType.ordinal()" because the return value of "hk.ust.comp3021.utils.Query.getType()" is null
	at hk.ust.comp3021.MiniMendeleyEngine.processQuery(MiniMendeleyEngine.java:660)
	at hk.ust.comp3021.MiniMendeleyEngine.lambda$processConcurrentQuery$14(MiniMendeleyEngine.java:648)
	at java.base/java.lang.Thread.run(Thread.java:833)
Exception in thread "Thread-660" java.lang.NullPointerException: Cannot invoke "hk.ust.comp3021.utils.Query$QueryType.ordinal()" because the return value of "hk.ust.comp3021.utils.Query.getType()" is null
	at hk.ust.comp3021.MiniMendeleyEngine.processQuery(MiniMendeleyEngine.java:660)
	at hk.ust.comp3021.MiniMendeleyEngine.lambda$processConcurrentQuery$14(MiniMendeleyEngine.java:648)
	at java.base/java.lang.Thread.run(Thread.java:833)
Exception in thread "Thread-658" java.lang.NullPointerException: Cannot invoke "hk.ust.comp3021.utils.Query$QueryType.ordinal()" because the return value of "hk.ust.comp3021.utils.Query.getType()" is null
	at hk.ust.comp3021.MiniMendeleyEngine.processQuery(MiniMendeleyEngine.java:660)
	at hk.ust.comp3021.MiniMendeleyEngine.lambda$processConcurrentQuery$14(MiniMendeleyEngine.java:648)
	at java.base/java.lang.Thread.run(Thread.java:833)
Exception in thread "Thread-661" java.lang.NullPointerException: Cannot invoke "hk.ust.comp3021.utils.Query$QueryType.ordinal()" because the return value of "hk.ust.comp3021.utils.Query.getType()" is null
	at hk.ust.comp3021.MiniMendeleyEngine.processQuery(MiniMendeleyEngine.java:660)
	at hk.ust.comp3021.MiniMendeleyEngine.lambda$processConcurrentQuery$14(MiniMendeleyEngine.java:648)
	at java.base/java.lang.Thread.run(Thread.java:833)
Exception in thread "Thread-662" java.lang.NullPointerException: Cannot invoke "hk.ust.comp3021.utils.Query$QueryType.ordinal()" because the return value of "hk.ust.comp3021.utils.Query.getType()" is null
	at hk.ust.comp3021.MiniMendeleyEngine.processQuery(MiniMendeleyEngine.java:660)
	at hk.ust.comp3021.MiniMendeleyEngine.lambda$processConcurrentQuery$14(MiniMendeleyEngine.java:648)
	at java.base/java.lang.Thread.run(Thread.java:833)
Exception in thread "Thread-663" java.lang.NullPointerException: Cannot invoke "hk.ust.comp3021.utils.Query$QueryType.ordinal()" because the return value of "hk.ust.comp3021.utils.Query.getType()" is null
	at hk.ust.comp3021.MiniMendeleyEngine.processQuery(MiniMendeleyEngine.java:660)
	at hk.ust.comp3021.MiniMendeleyEngine.lambda$processConcurrentQuery$14(MiniMendeleyEngine.java:648)
	at java.base/java.lang.Thread.run(Thread.java:833)
Exception in thread "Thread-664" java.lang.NullPointerException: Cannot invoke "hk.ust.comp3021.utils.Query$QueryType.ordinal()" because the return value of "hk.ust.comp3021.utils.Query.getType()" is null
	at hk.ust.comp3021.MiniMendeleyEngine.processQuery(MiniMendeleyEngine.java:660)
	at hk.ust.comp3021.MiniMendeleyEngine.lambda$processConcurrentQuery$14(MiniMendeleyEngine.java:648)
	at java.base/java.lang.Thread.run(Thread.java:833)
Exception in thread "Thread-665" java.lang.NullPointerException: Cannot invoke "hk.ust.comp3021.utils.Query$QueryType.ordinal()" because the return value of "hk.ust.comp3021.utils.Query.getType()" is null
	at hk.ust.comp3021.MiniMendeleyEngine.processQuery(MiniMendeleyEngine.java:660)
	at hk.ust.comp3021.MiniMendeleyEngine.lambda$processConcurrentQuery$14(MiniMendeleyEngine.java:648)
	at java.base/java.lang.Thread.run(Thread.java:833)
Exception in thread "Thread-667" java.lang.NullPointerException: Cannot invoke "hk.ust.comp3021.utils.Query$QueryType.ordinal()" because the return value of "hk.ust.comp3021.utils.Query.getType()" is null
	at hk.ust.comp3021.MiniMendeleyEngine.processQuery(MiniMendeleyEngine.java:660)
	at hk.ust.comp3021.MiniMendeleyEngine.lambda$processConcurrentQuery$14(MiniMendeleyEngine.java:648)
	at java.base/java.lang.Thread.run(Thread.java:833)
Exception in thread "Thread-666" java.lang.NullPointerException: Cannot invoke "hk.ust.comp3021.utils.Query$QueryType.ordinal()" because the return value of "hk.ust.comp3021.utils.Query.getType()" is null
	at hk.ust.comp3021.MiniMendeleyEngine.processQuery(MiniMendeleyEngine.java:660)
	at hk.ust.comp3021.MiniMendeleyEngine.lambda$processConcurrentQuery$14(MiniMendeleyEngine.java:648)
	at java.base/java.lang.Thread.run(Thread.java:833)
Exception in thread "Thread-668" java.lang.NullPointerException: Cannot invoke "hk.ust.comp3021.utils.Query$QueryType.ordinal()" because the return value of "hk.ust.comp3021.utils.Query.getType()" is null
	at hk.ust.comp3021.MiniMendeleyEngine.processQuery(MiniMendeleyEngine.java:660)
	at hk.ust.comp3021.MiniMendeleyEngine.lambda$processConcurrentQuery$14(MiniMendeleyEngine.java:648)
	at java.base/java.lang.Thread.run(Thread.java:833)
Exception in thread "Thread-669" java.lang.NullPointerException: Cannot invoke "hk.ust.comp3021.utils.Query$QueryType.ordinal()" because the return value of "hk.ust.comp3021.utils.Query.getType()" is null
	at hk.ust.comp3021.MiniMendeleyEngine.processQuery(MiniMendeleyEngine.java:660)
	at hk.ust.comp3021.MiniMendeleyEngine.lambda$processConcurrentQuery$14(MiniMendeleyEngine.java:648)
	at java.base/java.lang.Thread.run(Thread.java:833)
Exception in thread "Thread-670" java.lang.NullPointerException: Cannot invoke "hk.ust.comp3021.utils.Query$QueryType.ordinal()" because the return value of "hk.ust.comp3021.utils.Query.getType()" is null
	at hk.ust.comp3021.MiniMendeleyEngine.processQuery(MiniMendeleyEngine.java:660)
	at hk.ust.comp3021.MiniMendeleyEngine.lambda$processConcurrentQuery$14(MiniMendeleyEngine.java:648)
	at java.base/java.lang.Thread.run(Thread.java:833)
Exception in thread "Thread-671" java.lang.NullPointerException: Cannot invoke "hk.ust.comp3021.utils.Query$QueryType.ordinal()" because the return value of "hk.ust.comp3021.utils.Query.getType()" is null
	at hk.ust.comp3021.MiniMendeleyEngine.processQuery(MiniMendeleyEngine.java:660)
	at hk.ust.comp3021.MiniMendeleyEngine.lambda$processConcurrentQuery$14(MiniMendeleyEngine.java:648)
	at java.base/java.lang.Thread.run(Thread.java:833)
Exception in thread "Thread-672" java.lang.NullPointerException: Cannot invoke "hk.ust.comp3021.utils.Query$QueryType.ordinal()" because the return value of "hk.ust.comp3021.utils.Query.getType()" is null
	at hk.ust.comp3021.MiniMendeleyEngine.processQuery(MiniMendeleyEngine.java:660)
	at hk.ust.comp3021.MiniMendeleyEngine.lambda$processConcurrentQuery$14(MiniMendeleyEngine.java:648)
	at java.base/java.lang.Thread.run(Thread.java:833)
Exception in thread "Thread-674" java.lang.NullPointerException: Cannot invoke "hk.ust.comp3021.utils.Query$QueryType.ordinal()" because the return value of "hk.ust.comp3021.utils.Query.getType()" is null
	at hk.ust.comp3021.MiniMendeleyEngine.processQuery(MiniMendeleyEngine.java:660)
	at hk.ust.comp3021.MiniMendeleyEngine.lambda$processConcurrentQuery$14(MiniMendeleyEngine.java:648)
	at java.base/java.lang.Thread.run(Thread.java:833)
Exception in thread "Thread-673" java.lang.NullPointerException: Cannot invoke "hk.ust.comp3021.utils.Query$QueryType.ordinal()" because the return value of "hk.ust.comp3021.utils.Query.getType()" is null
	at hk.ust.comp3021.MiniMendeleyEngine.processQuery(MiniMendeleyEngine.java:660)
	at hk.ust.comp3021.MiniMendeleyEngine.lambda$processConcurrentQuery$14(MiniMendeleyEngine.java:648)
	at java.base/java.lang.Thread.run(Thread.java:833)
Exception in thread "Thread-676" java.lang.NullPointerException: Cannot invoke "hk.ust.comp3021.utils.Query$QueryType.ordinal()" because the return value of "hk.ust.comp3021.utils.Query.getType()" is null
	at hk.ust.comp3021.MiniMendeleyEngine.processQuery(MiniMendeleyEngine.java:660)
	at hk.ust.comp3021.MiniMendeleyEngine.lambda$processConcurrentQuery$14(MiniMendeleyEngine.java:648)
	at java.base/java.lang.Thread.run(Thread.java:833)
Exception in thread "Thread-677" java.lang.NullPointerException: Cannot invoke "hk.ust.comp3021.utils.Query$QueryType.ordinal()" because the return value of "hk.ust.comp3021.utils.Query.getType()" is null
	at hk.ust.comp3021.MiniMendeleyEngine.processQuery(MiniMendeleyEngine.java:660)
	at hk.ust.comp3021.MiniMendeleyEngine.lambda$processConcurrentQuery$14(MiniMendeleyEngine.java:648)
	at java.base/java.lang.Thread.run(Thread.java:833)
Exception in thread "Thread-675" java.lang.NullPointerException: Cannot invoke "hk.ust.comp3021.utils.Query$QueryType.ordinal()" because the return value of "hk.ust.comp3021.utils.Query.getType()" is null
	at hk.ust.comp3021.MiniMendeleyEngine.processQuery(MiniMendeleyEngine.java:660)
	at hk.ust.comp3021.MiniMendeleyEngine.lambda$processConcurrentQuery$14(MiniMendeleyEngine.java:648)
	at java.base/java.lang.Thread.run(Thread.java:833)
Exception in thread "Thread-679" java.lang.NullPointerException: Cannot invoke "hk.ust.comp3021.utils.Query$QueryType.ordinal()" because the return value of "hk.ust.comp3021.utils.Query.getType()" is null
	at hk.ust.comp3021.MiniMendeleyEngine.processQuery(MiniMendeleyEngine.java:660)
	at hk.ust.comp3021.MiniMendeleyEngine.lambda$processConcurrentQuery$14(MiniMendeleyEngine.java:648)
	at java.base/java.lang.Thread.run(Thread.java:833)
Exception in thread "Thread-678" java.lang.NullPointerException: Cannot invoke "hk.ust.comp3021.utils.Query$QueryType.ordinal()" because the return value of "hk.ust.comp3021.utils.Query.getType()" is null
	at hk.ust.comp3021.MiniMendeleyEngine.processQuery(MiniMendeleyEngine.java:660)
	at hk.ust.comp3021.MiniMendeleyEngine.lambda$processConcurrentQuery$14(MiniMendeleyEngine.java:648)
	at java.base/java.lang.Thread.run(Thread.java:833)
Exception in thread "Thread-680" java.lang.NullPointerException: Cannot invoke "hk.ust.comp3021.utils.Query$QueryType.ordinal()" because the return value of "hk.ust.comp3021.utils.Query.getType()" is null
	at hk.ust.comp3021.MiniMendeleyEngine.processQuery(MiniMendeleyEngine.java:660)
	at hk.ust.comp3021.MiniMendeleyEngine.lambda$processConcurrentQuery$14(MiniMendeleyEngine.java:648)
	at java.base/java.lang.Thread.run(Thread.java:833)
Exception in thread "Thread-681" java.lang.NullPointerException: Cannot invoke "hk.ust.comp3021.utils.Query$QueryType.ordinal()" because the return value of "hk.ust.comp3021.utils.Query.getType()" is null
	at hk.ust.comp3021.MiniMendeleyEngine.processQuery(MiniMendeleyEngine.java:660)
	at hk.ust.comp3021.MiniMendeleyEngine.lambda$processConcurrentQuery$14(MiniMendeleyEngine.java:648)
	at java.base/java.lang.Thread.run(Thread.java:833)
Exception in thread "Thread-682" java.lang.NullPointerException: Cannot invoke "hk.ust.comp3021.utils.Query$QueryType.ordinal()" because the return value of "hk.ust.comp3021.utils.Query.getType()" is null
	at hk.ust.comp3021.MiniMendeleyEngine.processQuery(MiniMendeleyEngine.java:660)
	at hk.ust.comp3021.MiniMendeleyEngine.lambda$processConcurrentQuery$14(MiniMendeleyEngine.java:648)
	at java.base/java.lang.Thread.run(Thread.java:833)
Exception in thread "Thread-683" java.lang.NullPointerException: Cannot invoke "hk.ust.comp3021.utils.Query$QueryType.ordinal()" because the return value of "hk.ust.comp3021.utils.Query.getType()" is null
	at hk.ust.comp3021.MiniMendeleyEngine.processQuery(MiniMendeleyEngine.java:660)
	at hk.ust.comp3021.MiniMendeleyEngine.lambda$processConcurrentQuery$14(MiniMendeleyEngine.java:648)
	at java.base/java.lang.Thread.run(Thread.java:833)
Exception in thread "Thread-687" java.lang.NullPointerException: Cannot invoke "hk.ust.comp3021.utils.Query$QueryType.ordinal()" because the return value of "hk.ust.comp3021.utils.Query.getType()" is null
	at hk.ust.comp3021.MiniMendeleyEngine.processQuery(MiniMendeleyEngine.java:660)
	at hk.ust.comp3021.MiniMendeleyEngine.lambda$processConcurrentQuery$14(MiniMendeleyEngine.java:648)
	at java.base/java.lang.Thread.run(Thread.java:833)
Exception in thread "Thread-684" java.lang.NullPointerException: Cannot invoke "hk.ust.comp3021.utils.Query$QueryType.ordinal()" because the return value of "hk.ust.comp3021.utils.Query.getType()" is null
	at hk.ust.comp3021.MiniMendeleyEngine.processQuery(MiniMendeleyEngine.java:660)
	at hk.ust.comp3021.MiniMendeleyEngine.lambda$processConcurrentQuery$14(MiniMendeleyEngine.java:648)
	at java.base/java.lang.Thread.run(Thread.java:833)
Exception in thread "Thread-688" java.lang.NullPointerException: Cannot invoke "hk.ust.comp3021.utils.Query$QueryType.ordinal()" because the return value of "hk.ust.comp3021.utils.Query.getType()" is null
	at hk.ust.comp3021.MiniMendeleyEngine.processQuery(MiniMendeleyEngine.java:660)
	at hk.ust.comp3021.MiniMendeleyEngine.lambda$processConcurrentQuery$14(MiniMendeleyEngine.java:648)
	at java.base/java.lang.Thread.run(Thread.java:833)
Exception in thread "Thread-690" java.lang.NullPointerException: Cannot invoke "hk.ust.comp3021.utils.Query$QueryType.ordinal()" because the return value of "hk.ust.comp3021.utils.Query.getType()" is null
	at hk.ust.comp3021.MiniMendeleyEngine.processQuery(MiniMendeleyEngine.java:660)
	at hk.ust.comp3021.MiniMendeleyEngine.lambda$processConcurrentQuery$14(MiniMendeleyEngine.java:648)
	at java.base/java.lang.Thread.run(Thread.java:833)
Exception in thread "Thread-685" java.lang.NullPointerException: Cannot invoke "hk.ust.comp3021.utils.Query$QueryType.ordinal()" because the return value of "hk.ust.comp3021.utils.Query.getType()" is null
	at hk.ust.comp3021.MiniMendeleyEngine.processQuery(MiniMendeleyEngine.java:660)
	at hk.ust.comp3021.MiniMendeleyEngine.lambda$processConcurrentQuery$14(MiniMendeleyEngine.java:648)
	at java.base/java.lang.Thread.run(Thread.java:833)
Exception in thread "Thread-691" java.lang.NullPointerException: Cannot invoke "hk.ust.comp3021.utils.Query$QueryType.ordinal()" because the return value of "hk.ust.comp3021.utils.Query.getType()" is null
	at hk.ust.comp3021.MiniMendeleyEngine.processQuery(MiniMendeleyEngine.java:660)
	at hk.ust.comp3021.MiniMendeleyEngine.lambda$processConcurrentQuery$14(MiniMendeleyEngine.java:648)
	at java.base/java.lang.Thread.run(Thread.java:833)
Exception in thread "Thread-686" java.lang.NullPointerException: Cannot invoke "hk.ust.comp3021.utils.Query$QueryType.ordinal()" because the return value of "hk.ust.comp3021.utils.Query.getType()" is null
	at hk.ust.comp3021.MiniMendeleyEngine.processQuery(MiniMendeleyEngine.java:660)
	at hk.ust.comp3021.MiniMendeleyEngine.lambda$processConcurrentQuery$14(MiniMendeleyEngine.java:648)
	at java.base/java.lang.Thread.run(Thread.java:833)
Exception in thread "Thread-693" java.lang.NullPointerException: Cannot invoke "hk.ust.comp3021.utils.Query$QueryType.ordinal()" because the return value of "hk.ust.comp3021.utils.Query.getType()" is null
	at hk.ust.comp3021.MiniMendeleyEngine.processQuery(MiniMendeleyEngine.java:660)
	at hk.ust.comp3021.MiniMendeleyEngine.lambda$processConcurrentQuery$14(MiniMendeleyEngine.java:648)
	at java.base/java.lang.Thread.run(Thread.java:833)
Exception in thread "Thread-694" java.lang.NullPointerException: Cannot invoke "hk.ust.comp3021.utils.Query$QueryType.ordinal()" because the return value of "hk.ust.comp3021.utils.Query.getType()" is null
	at hk.ust.comp3021.MiniMendeleyEngine.processQuery(MiniMendeleyEngine.java:660)
	at hk.ust.comp3021.MiniMendeleyEngine.lambda$processConcurrentQuery$14(MiniMendeleyEngine.java:648)
	at java.base/java.lang.Thread.run(Thread.java:833)
Exception in thread "Thread-692" java.lang.NullPointerException: Cannot invoke "hk.ust.comp3021.utils.Query$QueryType.ordinal()" because the return value of "hk.ust.comp3021.utils.Query.getType()" is null
	at hk.ust.comp3021.MiniMendeleyEngine.processQuery(MiniMendeleyEngine.java:660)
	at hk.ust.comp3021.MiniMendeleyEngine.lambda$processConcurrentQuery$14(MiniMendeleyEngine.java:648)
	at java.base/java.lang.Thread.run(Thread.java:833)
Exception in thread "Thread-689" java.lang.NullPointerException: Cannot invoke "hk.ust.comp3021.utils.Query$QueryType.ordinal()" because the return value of "hk.ust.comp3021.utils.Query.getType()" is null
	at hk.ust.comp3021.MiniMendeleyEngine.processQuery(MiniMendeleyEngine.java:660)
	at hk.ust.comp3021.MiniMendeleyEngine.lambda$processConcurrentQuery$14(MiniMendeleyEngine.java:648)
	at java.base/java.lang.Thread.run(Thread.java:833)
Exception in thread "Thread-695" java.lang.NullPointerException: Cannot invoke "hk.ust.comp3021.utils.Query$QueryType.ordinal()" because the return value of "hk.ust.comp3021.utils.Query.getType()" is null
	at hk.ust.comp3021.MiniMendeleyEngine.processQuery(MiniMendeleyEngine.java:660)
	at hk.ust.comp3021.MiniMendeleyEngine.lambda$processConcurrentQuery$14(MiniMendeleyEngine.java:648)
	at java.base/java.lang.Thread.run(Thread.java:833)
Exception in thread "Thread-696" java.lang.NullPointerException: Cannot invoke "hk.ust.comp3021.utils.Query$QueryType.ordinal()" because the return value of "hk.ust.comp3021.utils.Query.getType()" is null
	at hk.ust.comp3021.MiniMendeleyEngine.processQuery(MiniMendeleyEngine.java:660)
	at hk.ust.comp3021.MiniMendeleyEngine.lambda$processConcurrentQuery$14(MiniMendeleyEngine.java:648)
	at java.base/java.lang.Thread.run(Thread.java:833)
Exception in thread "Thread-697" java.lang.NullPointerException: Cannot invoke "hk.ust.comp3021.utils.Query$QueryType.ordinal()" because the return value of "hk.ust.comp3021.utils.Query.getType()" is null
	at hk.ust.comp3021.MiniMendeleyEngine.processQuery(MiniMendeleyEngine.java:660)
	at hk.ust.comp3021.MiniMendeleyEngine.lambda$processConcurrentQuery$14(MiniMendeleyEngine.java:648)
	at java.base/java.lang.Thread.run(Thread.java:833)
Exception in thread "Thread-698" java.lang.NullPointerException: Cannot invoke "hk.ust.comp3021.utils.Query$QueryType.ordinal()" because the return value of "hk.ust.comp3021.utils.Query.getType()" is null
	at hk.ust.comp3021.MiniMendeleyEngine.processQuery(MiniMendeleyEngine.java:660)
	at hk.ust.comp3021.MiniMendeleyEngine.lambda$processConcurrentQuery$14(MiniMendeleyEngine.java:648)
	at java.base/java.lang.Thread.run(Thread.java:833)
Exception in thread "Thread-699" java.lang.NullPointerException: Cannot invoke "hk.ust.comp3021.utils.Query$QueryType.ordinal()" because the return value of "hk.ust.comp3021.utils.Query.getType()" is null
	at hk.ust.comp3021.MiniMendeleyEngine.processQuery(MiniMendeleyEngine.java:660)
	at hk.ust.comp3021.MiniMendeleyEngine.lambda$processConcurrentQuery$14(MiniMendeleyEngine.java:648)
	at java.base/java.lang.Thread.run(Thread.java:833)
Exception in thread "Thread-700" java.lang.NullPointerException: Cannot invoke "hk.ust.comp3021.utils.Query$QueryType.ordinal()" because the return value of "hk.ust.comp3021.utils.Query.getType()" is null
	at hk.ust.comp3021.MiniMendeleyEngine.processQuery(MiniMendeleyEngine.java:660)
	at hk.ust.comp3021.MiniMendeleyEngine.lambda$processConcurrentQuery$14(MiniMendeleyEngine.java:648)
	at java.base/java.lang.Thread.run(Thread.java:833)
Exception in thread "Thread-701" java.lang.NullPointerException: Cannot invoke "hk.ust.comp3021.utils.Query$QueryType.ordinal()" because the return value of "hk.ust.comp3021.utils.Query.getType()" is null
	at hk.ust.comp3021.MiniMendeleyEngine.processQuery(MiniMendeleyEngine.java:660)
	at hk.ust.comp3021.MiniMendeleyEngine.lambda$processConcurrentQuery$14(MiniMendeleyEngine.java:648)
	at java.base/java.lang.Thread.run(Thread.java:833)
Exception in thread "Thread-702" java.lang.NullPointerException: Cannot invoke "hk.ust.comp3021.utils.Query$QueryType.ordinal()" because the return value of "hk.ust.comp3021.utils.Query.getType()" is null
	at hk.ust.comp3021.MiniMendeleyEngine.processQuery(MiniMendeleyEngine.java:660)
	at hk.ust.comp3021.MiniMendeleyEngine.lambda$processConcurrentQuery$14(MiniMendeleyEngine.java:648)
	at java.base/java.lang.Thread.run(Thread.java:833)
Exception in thread "Thread-703" java.lang.NullPointerException: Cannot invoke "hk.ust.comp3021.utils.Query$QueryType.ordinal()" because the return value of "hk.ust.comp3021.utils.Query.getType()" is null
	at hk.ust.comp3021.MiniMendeleyEngine.processQuery(MiniMendeleyEngine.java:660)
	at hk.ust.comp3021.MiniMendeleyEngine.lambda$processConcurrentQuery$14(MiniMendeleyEngine.java:648)
	at java.base/java.lang.Thread.run(Thread.java:833)
Exception in thread "Thread-705" java.lang.NullPointerException: Cannot invoke "hk.ust.comp3021.utils.Query$QueryType.ordinal()" because the return value of "hk.ust.comp3021.utils.Query.getType()" is null
	at hk.ust.comp3021.MiniMendeleyEngine.processQuery(MiniMendeleyEngine.java:660)
	at hk.ust.comp3021.MiniMendeleyEngine.lambda$processConcurrentQuery$14(MiniMendeleyEngine.java:648)
	at java.base/java.lang.Thread.run(Thread.java:833)
Exception in thread "Thread-707" java.lang.NullPointerException: Cannot invoke "hk.ust.comp3021.utils.Query$QueryType.ordinal()" because the return value of "hk.ust.comp3021.utils.Query.getType()" is null
	at hk.ust.comp3021.MiniMendeleyEngine.processQuery(MiniMendeleyEngine.java:660)
	at hk.ust.comp3021.MiniMendeleyEngine.lambda$processConcurrentQuery$14(MiniMendeleyEngine.java:648)
	at java.base/java.lang.Thread.run(Thread.java:833)
Exception in thread "Thread-704" java.lang.NullPointerException: Cannot invoke "hk.ust.comp3021.utils.Query$QueryType.ordinal()" because the return value of "hk.ust.comp3021.utils.Query.getType()" is null
	at hk.ust.comp3021.MiniMendeleyEngine.processQuery(MiniMendeleyEngine.java:660)
	at hk.ust.comp3021.MiniMendeleyEngine.lambda$processConcurrentQuery$14(MiniMendeleyEngine.java:648)
	at java.base/java.lang.Thread.run(Thread.java:833)
Exception in thread "Thread-708" java.lang.NullPointerException: Cannot invoke "hk.ust.comp3021.utils.Query$QueryType.ordinal()" because the return value of "hk.ust.comp3021.utils.Query.getType()" is null
	at hk.ust.comp3021.MiniMendeleyEngine.processQuery(MiniMendeleyEngine.java:660)
	at hk.ust.comp3021.MiniMendeleyEngine.lambda$processConcurrentQuery$14(MiniMendeleyEngine.java:648)
	at java.base/java.lang.Thread.run(Thread.java:833)
Exception in thread "Thread-706" java.lang.NullPointerException: Cannot invoke "hk.ust.comp3021.utils.Query$QueryType.ordinal()" because the return value of "hk.ust.comp3021.utils.Query.getType()" is null
	at hk.ust.comp3021.MiniMendeleyEngine.processQuery(MiniMendeleyEngine.java:660)
	at hk.ust.comp3021.MiniMendeleyEngine.lambda$processConcurrentQuery$14(MiniMendeleyEngine.java:648)
	at java.base/java.lang.Thread.run(Thread.java:833)
Exception in thread "Thread-709" java.lang.NullPointerException: Cannot invoke "hk.ust.comp3021.utils.Query$QueryType.ordinal()" because the return value of "hk.ust.comp3021.utils.Query.getType()" is null
	at hk.ust.comp3021.MiniMendeleyEngine.processQuery(MiniMendeleyEngine.java:660)
	at hk.ust.comp3021.MiniMendeleyEngine.lambda$processConcurrentQuery$14(MiniMendeleyEngine.java:648)
	at java.base/java.lang.Thread.run(Thread.java:833)
Exception in thread "Thread-710" java.lang.NullPointerException: Cannot invoke "hk.ust.comp3021.utils.Query$QueryType.ordinal()" because the return value of "hk.ust.comp3021.utils.Query.getType()" is null
	at hk.ust.comp3021.MiniMendeleyEngine.processQuery(MiniMendeleyEngine.java:660)
	at hk.ust.comp3021.MiniMendeleyEngine.lambda$processConcurrentQuery$14(MiniMendeleyEngine.java:648)
	at java.base/java.lang.Thread.run(Thread.java:833)
Exception in thread "Thread-711" java.lang.NullPointerException: Cannot invoke "hk.ust.comp3021.utils.Query$QueryType.ordinal()" because the return value of "hk.ust.comp3021.utils.Query.getType()" is null
	at hk.ust.comp3021.MiniMendeleyEngine.processQuery(MiniMendeleyEngine.java:660)
	at hk.ust.comp3021.MiniMendeleyEngine.lambda$processConcurrentQuery$14(MiniMendeleyEngine.java:648)
	at java.base/java.lang.Thread.run(Thread.java:833)
Exception in thread "Thread-712" java.lang.NullPointerException: Cannot invoke "hk.ust.comp3021.utils.Query$QueryType.ordinal()" because the return value of "hk.ust.comp3021.utils.Query.getType()" is null
	at hk.ust.comp3021.MiniMendeleyEngine.processQuery(MiniMendeleyEngine.java:660)
	at hk.ust.comp3021.MiniMendeleyEngine.lambda$processConcurrentQuery$14(MiniMendeleyEngine.java:648)
	at java.base/java.lang.Thread.run(Thread.java:833)
Exception in thread "Thread-713" java.lang.NullPointerException: Cannot invoke "hk.ust.comp3021.utils.Query$QueryType.ordinal()" because the return value of "hk.ust.comp3021.utils.Query.getType()" is null
	at hk.ust.comp3021.MiniMendeleyEngine.processQuery(MiniMendeleyEngine.java:660)
	at hk.ust.comp3021.MiniMendeleyEngine.lambda$processConcurrentQuery$14(MiniMendeleyEngine.java:648)
	at java.base/java.lang.Thread.run(Thread.java:833)
Exception in thread "Thread-714" java.lang.NullPointerException: Cannot invoke "hk.ust.comp3021.utils.Query$QueryType.ordinal()" because the return value of "hk.ust.comp3021.utils.Query.getType()" is null
	at hk.ust.comp3021.MiniMendeleyEngine.processQuery(MiniMendeleyEngine.java:660)
	at hk.ust.comp3021.MiniMendeleyEngine.lambda$processConcurrentQuery$14(MiniMendeleyEngine.java:648)
	at java.base/java.lang.Thread.run(Thread.java:833)
Exception in thread "Thread-715" java.lang.NullPointerException: Cannot invoke "hk.ust.comp3021.utils.Query$QueryType.ordinal()" because the return value of "hk.ust.comp3021.utils.Query.getType()" is null
	at hk.ust.comp3021.MiniMendeleyEngine.processQuery(MiniMendeleyEngine.java:660)
	at hk.ust.comp3021.MiniMendeleyEngine.lambda$processConcurrentQuery$14(MiniMendeleyEngine.java:648)
	at java.base/java.lang.Thread.run(Thread.java:833)
Exception in thread "Thread-716" java.lang.NullPointerException: Cannot invoke "hk.ust.comp3021.utils.Query$QueryType.ordinal()" because the return value of "hk.ust.comp3021.utils.Query.getType()" is null
	at hk.ust.comp3021.MiniMendeleyEngine.processQuery(MiniMendeleyEngine.java:660)
	at hk.ust.comp3021.MiniMendeleyEngine.lambda$processConcurrentQuery$14(MiniMendeleyEngine.java:648)
	at java.base/java.lang.Thread.run(Thread.java:833)
Exception in thread "Thread-717" java.lang.NullPointerException: Cannot invoke "hk.ust.comp3021.utils.Query$QueryType.ordinal()" because the return value of "hk.ust.comp3021.utils.Query.getType()" is null
	at hk.ust.comp3021.MiniMendeleyEngine.processQuery(MiniMendeleyEngine.java:660)
	at hk.ust.comp3021.MiniMendeleyEngine.lambda$processConcurrentQuery$14(MiniMendeleyEngine.java:648)
	at java.base/java.lang.Thread.run(Thread.java:833)
Exception in thread "Thread-718" java.lang.NullPointerException: Cannot invoke "hk.ust.comp3021.utils.Query$QueryType.ordinal()" because the return value of "hk.ust.comp3021.utils.Query.getType()" is null
	at hk.ust.comp3021.MiniMendeleyEngine.processQuery(MiniMendeleyEngine.java:660)
	at hk.ust.comp3021.MiniMendeleyEngine.lambda$processConcurrentQuery$14(MiniMendeleyEngine.java:648)
	at java.base/java.lang.Thread.run(Thread.java:833)
Exception in thread "Thread-719" java.lang.NullPointerException: Cannot invoke "hk.ust.comp3021.utils.Query$QueryType.ordinal()" because the return value of "hk.ust.comp3021.utils.Query.getType()" is null
	at hk.ust.comp3021.MiniMendeleyEngine.processQuery(MiniMendeleyEngine.java:660)
	at hk.ust.comp3021.MiniMendeleyEngine.lambda$processConcurrentQuery$14(MiniMendeleyEngine.java:648)
	at java.base/java.lang.Thread.run(Thread.java:833)
Exception in thread "Thread-720" java.lang.NullPointerException: Cannot invoke "hk.ust.comp3021.utils.Query$QueryType.ordinal()" because the return value of "hk.ust.comp3021.utils.Query.getType()" is null
	at hk.ust.comp3021.MiniMendeleyEngine.processQuery(MiniMendeleyEngine.java:660)
	at hk.ust.comp3021.MiniMendeleyEngine.lambda$processConcurrentQuery$14(MiniMendeleyEngine.java:648)
	at java.base/java.lang.Thread.run(Thread.java:833)
Exception in thread "Thread-721" java.lang.NullPointerException: Cannot invoke "hk.ust.comp3021.utils.Query$QueryType.ordinal()" because the return value of "hk.ust.comp3021.utils.Query.getType()" is null
	at hk.ust.comp3021.MiniMendeleyEngine.processQuery(MiniMendeleyEngine.java:660)
	at hk.ust.comp3021.MiniMendeleyEngine.lambda$processConcurrentQuery$14(MiniMendeleyEngine.java:648)
	at java.base/java.lang.Thread.run(Thread.java:833)
Exception in thread "Thread-722" java.lang.NullPointerException: Cannot invoke "hk.ust.comp3021.utils.Query$QueryType.ordinal()" because the return value of "hk.ust.comp3021.utils.Query.getType()" is null
	at hk.ust.comp3021.MiniMendeleyEngine.processQuery(MiniMendeleyEngine.java:660)
	at hk.ust.comp3021.MiniMendeleyEngine.lambda$processConcurrentQuery$14(MiniMendeleyEngine.java:648)
	at java.base/java.lang.Thread.run(Thread.java:833)
Exception in thread "Thread-723" java.lang.NullPointerException: Cannot invoke "hk.ust.comp3021.utils.Query$QueryType.ordinal()" because the return value of "hk.ust.comp3021.utils.Query.getType()" is null
	at hk.ust.comp3021.MiniMendeleyEngine.processQuery(MiniMendeleyEngine.java:660)
	at hk.ust.comp3021.MiniMendeleyEngine.lambda$processConcurrentQuery$14(MiniMendeleyEngine.java:648)
	at java.base/java.lang.Thread.run(Thread.java:833)
Exception in thread "Thread-724" java.lang.NullPointerException: Cannot invoke "hk.ust.comp3021.utils.Query$QueryType.ordinal()" because the return value of "hk.ust.comp3021.utils.Query.getType()" is null
	at hk.ust.comp3021.MiniMendeleyEngine.processQuery(MiniMendeleyEngine.java:660)
	at hk.ust.comp3021.MiniMendeleyEngine.lambda$processConcurrentQuery$14(MiniMendeleyEngine.java:648)
	at java.base/java.lang.Thread.run(Thread.java:833)
Exception in thread "Thread-725" java.lang.NullPointerException: Cannot invoke "hk.ust.comp3021.utils.Query$QueryType.ordinal()" because the return value of "hk.ust.comp3021.utils.Query.getType()" is null
	at hk.ust.comp3021.MiniMendeleyEngine.processQuery(MiniMendeleyEngine.java:660)
	at hk.ust.comp3021.MiniMendeleyEngine.lambda$processConcurrentQuery$14(MiniMendeleyEngine.java:648)
	at java.base/java.lang.Thread.run(Thread.java:833)
Exception in thread "Thread-726" java.lang.NullPointerException: Cannot invoke "hk.ust.comp3021.utils.Query$QueryType.ordinal()" because the return value of "hk.ust.comp3021.utils.Query.getType()" is null
	at hk.ust.comp3021.MiniMendeleyEngine.processQuery(MiniMendeleyEngine.java:660)
	at hk.ust.comp3021.MiniMendeleyEngine.lambda$processConcurrentQuery$14(MiniMendeleyEngine.java:648)
	at java.base/java.lang.Thread.run(Thread.java:833)
Exception in thread "Thread-729" java.lang.NullPointerException: Cannot invoke "hk.ust.comp3021.utils.Query$QueryType.ordinal()" because the return value of "hk.ust.comp3021.utils.Query.getType()" is null
	at hk.ust.comp3021.MiniMendeleyEngine.processQuery(MiniMendeleyEngine.java:660)
	at hk.ust.comp3021.MiniMendeleyEngine.lambda$processConcurrentQuery$14(MiniMendeleyEngine.java:648)
	at java.base/java.lang.Thread.run(Thread.java:833)
Exception in thread "Thread-728" java.lang.NullPointerException: Cannot invoke "hk.ust.comp3021.utils.Query$QueryType.ordinal()" because the return value of "hk.ust.comp3021.utils.Query.getType()" is null
	at hk.ust.comp3021.MiniMendeleyEngine.processQuery(MiniMendeleyEngine.java:660)
	at hk.ust.comp3021.MiniMendeleyEngine.lambda$processConcurrentQuery$14(MiniMendeleyEngine.java:648)
	at java.base/java.lang.Thread.run(Thread.java:833)
Exception in thread "Thread-727" java.lang.NullPointerException: Cannot invoke "hk.ust.comp3021.utils.Query$QueryType.ordinal()" because the return value of "hk.ust.comp3021.utils.Query.getType()" is null
	at hk.ust.comp3021.MiniMendeleyEngine.processQuery(MiniMendeleyEngine.java:660)
	at hk.ust.comp3021.MiniMendeleyEngine.lambda$processConcurrentQuery$14(MiniMendeleyEngine.java:648)
	at java.base/java.lang.Thread.run(Thread.java:833)
Exception in thread "Thread-730" java.lang.NullPointerException: Cannot invoke "hk.ust.comp3021.utils.Query$QueryType.ordinal()" because the return value of "hk.ust.comp3021.utils.Query.getType()" is null
	at hk.ust.comp3021.MiniMendeleyEngine.processQuery(MiniMendeleyEngine.java:660)
	at hk.ust.comp3021.MiniMendeleyEngine.lambda$processConcurrentQuery$14(MiniMendeleyEngine.java:648)
	at java.base/java.lang.Thread.run(Thread.java:833)
Exception in thread "Thread-731" java.lang.NullPointerException: Cannot invoke "hk.ust.comp3021.utils.Query$QueryType.ordinal()" because the return value of "hk.ust.comp3021.utils.Query.getType()" is null
	at hk.ust.comp3021.MiniMendeleyEngine.processQuery(MiniMendeleyEngine.java:660)
	at hk.ust.comp3021.MiniMendeleyEngine.lambda$processConcurrentQuery$14(MiniMendeleyEngine.java:648)
	at java.base/java.lang.Thread.run(Thread.java:833)
Exception in thread "Thread-732" java.lang.NullPointerException: Cannot invoke "hk.ust.comp3021.utils.Query$QueryType.ordinal()" because the return value of "hk.ust.comp3021.utils.Query.getType()" is null
	at hk.ust.comp3021.MiniMendeleyEngine.processQuery(MiniMendeleyEngine.java:660)
	at hk.ust.comp3021.MiniMendeleyEngine.lambda$processConcurrentQuery$14(MiniMendeleyEngine.java:648)
	at java.base/java.lang.Thread.run(Thread.java:833)
Exception in thread "Thread-734" java.lang.NullPointerException: Cannot invoke "hk.ust.comp3021.utils.Query$QueryType.ordinal()" because the return value of "hk.ust.comp3021.utils.Query.getType()" is null
	at hk.ust.comp3021.MiniMendeleyEngine.processQuery(MiniMendeleyEngine.java:660)
	at hk.ust.comp3021.MiniMendeleyEngine.lambda$processConcurrentQuery$14(MiniMendeleyEngine.java:648)
	at java.base/java.lang.Thread.run(Thread.java:833)
Exception in thread "Thread-733" java.lang.NullPointerException: Cannot invoke "hk.ust.comp3021.utils.Query$QueryType.ordinal()" because the return value of "hk.ust.comp3021.utils.Query.getType()" is null
	at hk.ust.comp3021.MiniMendeleyEngine.processQuery(MiniMendeleyEngine.java:660)
	at hk.ust.comp3021.MiniMendeleyEngine.lambda$processConcurrentQuery$14(MiniMendeleyEngine.java:648)
	at java.base/java.lang.Thread.run(Thread.java:833)
Exception in thread "Thread-735" java.lang.NullPointerException: Cannot invoke "hk.ust.comp3021.utils.Query$QueryType.ordinal()" because the return value of "hk.ust.comp3021.utils.Query.getType()" is null
	at hk.ust.comp3021.MiniMendeleyEngine.processQuery(MiniMendeleyEngine.java:660)
	at hk.ust.comp3021.MiniMendeleyEngine.lambda$processConcurrentQuery$14(MiniMendeleyEngine.java:648)
	at java.base/java.lang.Thread.run(Thread.java:833)
Exception in thread "Thread-736" java.lang.NullPointerException: Cannot invoke "hk.ust.comp3021.utils.Query$QueryType.ordinal()" because the return value of "hk.ust.comp3021.utils.Query.getType()" is null
	at hk.ust.comp3021.MiniMendeleyEngine.processQuery(MiniMendeleyEngine.java:660)
	at hk.ust.comp3021.MiniMendeleyEngine.lambda$processConcurrentQuery$14(MiniMendeleyEngine.java:648)
	at java.base/java.lang.Thread.run(Thread.java:833)
Exception in thread "Thread-737" java.lang.NullPointerException: Cannot invoke "hk.ust.comp3021.utils.Query$QueryType.ordinal()" because the return value of "hk.ust.comp3021.utils.Query.getType()" is null
	at hk.ust.comp3021.MiniMendeleyEngine.processQuery(MiniMendeleyEngine.java:660)
	at hk.ust.comp3021.MiniMendeleyEngine.lambda$processConcurrentQuery$14(MiniMendeleyEngine.java:648)
	at java.base/java.lang.Thread.run(Thread.java:833)
Exception in thread "Thread-738" java.lang.NullPointerException: Cannot invoke "hk.ust.comp3021.utils.Query$QueryType.ordinal()" because the return value of "hk.ust.comp3021.utils.Query.getType()" is null
	at hk.ust.comp3021.MiniMendeleyEngine.processQuery(MiniMendeleyEngine.java:660)
	at hk.ust.comp3021.MiniMendeleyEngine.lambda$processConcurrentQuery$14(MiniMendeleyEngine.java:648)
	at java.base/java.lang.Thread.run(Thread.java:833)
Exception in thread "Thread-740" java.lang.NullPointerException: Cannot invoke "hk.ust.comp3021.utils.Query$QueryType.ordinal()" because the return value of "hk.ust.comp3021.utils.Query.getType()" is null
	at hk.ust.comp3021.MiniMendeleyEngine.processQuery(MiniMendeleyEngine.java:660)
	at hk.ust.comp3021.MiniMendeleyEngine.lambda$processConcurrentQuery$14(MiniMendeleyEngine.java:648)
	at java.base/java.lang.Thread.run(Thread.java:833)
Exception in thread "Thread-739" java.lang.NullPointerException: Cannot invoke "hk.ust.comp3021.utils.Query$QueryType.ordinal()" because the return value of "hk.ust.comp3021.utils.Query.getType()" is null
	at hk.ust.comp3021.MiniMendeleyEngine.processQuery(MiniMendeleyEngine.java:660)
	at hk.ust.comp3021.MiniMendeleyEngine.lambda$processConcurrentQuery$14(MiniMendeleyEngine.java:648)
	at java.base/java.lang.Thread.run(Thread.java:833)
Exception in thread "Thread-741" java.lang.NullPointerException: Cannot invoke "hk.ust.comp3021.utils.Query$QueryType.ordinal()" because the return value of "hk.ust.comp3021.utils.Query.getType()" is null
	at hk.ust.comp3021.MiniMendeleyEngine.processQuery(MiniMendeleyEngine.java:660)
	at hk.ust.comp3021.MiniMendeleyEngine.lambda$processConcurrentQuery$14(MiniMendeleyEngine.java:648)
	at java.base/java.lang.Thread.run(Thread.java:833)
Exception in thread "Thread-742" java.lang.NullPointerException: Cannot invoke "hk.ust.comp3021.utils.Query$QueryType.ordinal()" because the return value of "hk.ust.comp3021.utils.Query.getType()" is null
	at hk.ust.comp3021.MiniMendeleyEngine.processQuery(MiniMendeleyEngine.java:660)
	at hk.ust.comp3021.MiniMendeleyEngine.lambda$processConcurrentQuery$14(MiniMendeleyEngine.java:648)
	at java.base/java.lang.Thread.run(Thread.java:833)
Exception in thread "Thread-743" java.lang.NullPointerException: Cannot invoke "hk.ust.comp3021.utils.Query$QueryType.ordinal()" because the return value of "hk.ust.comp3021.utils.Query.getType()" is null
	at hk.ust.comp3021.MiniMendeleyEngine.processQuery(MiniMendeleyEngine.java:660)
	at hk.ust.comp3021.MiniMendeleyEngine.lambda$processConcurrentQuery$14(MiniMendeleyEngine.java:648)
	at java.base/java.lang.Thread.run(Thread.java:833)
Exception in thread "Thread-744" java.lang.NullPointerException: Cannot invoke "hk.ust.comp3021.utils.Query$QueryType.ordinal()" because the return value of "hk.ust.comp3021.utils.Query.getType()" is null
	at hk.ust.comp3021.MiniMendeleyEngine.processQuery(MiniMendeleyEngine.java:660)
	at hk.ust.comp3021.MiniMendeleyEngine.lambda$processConcurrentQuery$14(MiniMendeleyEngine.java:648)
	at java.base/java.lang.Thread.run(Thread.java:833)
Exception in thread "Thread-745" java.lang.NullPointerException: Cannot invoke "hk.ust.comp3021.utils.Query$QueryType.ordinal()" because the return value of "hk.ust.comp3021.utils.Query.getType()" is null
	at hk.ust.comp3021.MiniMendeleyEngine.processQuery(MiniMendeleyEngine.java:660)
	at hk.ust.comp3021.MiniMendeleyEngine.lambda$processConcurrentQuery$14(MiniMendeleyEngine.java:648)
	at java.base/java.lang.Thread.run(Thread.java:833)
Exception in thread "Thread-746" java.lang.NullPointerException: Cannot invoke "hk.ust.comp3021.utils.Query$QueryType.ordinal()" because the return value of "hk.ust.comp3021.utils.Query.getType()" is null
	at hk.ust.comp3021.MiniMendeleyEngine.processQuery(MiniMendeleyEngine.java:660)
	at hk.ust.comp3021.MiniMendeleyEngine.lambda$processConcurrentQuery$14(MiniMendeleyEngine.java:648)
	at java.base/java.lang.Thread.run(Thread.java:833)
Exception in thread "Thread-747" java.lang.NullPointerException: Cannot invoke "hk.ust.comp3021.utils.Query$QueryType.ordinal()" because the return value of "hk.ust.comp3021.utils.Query.getType()" is null
	at hk.ust.comp3021.MiniMendeleyEngine.processQuery(MiniMendeleyEngine.java:660)
	at hk.ust.comp3021.MiniMendeleyEngine.lambda$processConcurrentQuery$14(MiniMendeleyEngine.java:648)
	at java.base/java.lang.Thread.run(Thread.java:833)
Exception in thread "Thread-748" java.lang.NullPointerException: Cannot invoke "hk.ust.comp3021.utils.Query$QueryType.ordinal()" because the return value of "hk.ust.comp3021.utils.Query.getType()" is null
	at hk.ust.comp3021.MiniMendeleyEngine.processQuery(MiniMendeleyEngine.java:660)
	at hk.ust.comp3021.MiniMendeleyEngine.lambda$processConcurrentQuery$14(MiniMendeleyEngine.java:648)
	at java.base/java.lang.Thread.run(Thread.java:833)
Exception in thread "Thread-749" java.lang.NullPointerException: Cannot invoke "hk.ust.comp3021.utils.Query$QueryType.ordinal()" because the return value of "hk.ust.comp3021.utils.Query.getType()" is null
	at hk.ust.comp3021.MiniMendeleyEngine.processQuery(MiniMendeleyEngine.java:660)
	at hk.ust.comp3021.MiniMendeleyEngine.lambda$processConcurrentQuery$14(MiniMendeleyEngine.java:648)
	at java.base/java.lang.Thread.run(Thread.java:833)
Exception in thread "Thread-750" java.lang.NullPointerException: Cannot invoke "hk.ust.comp3021.utils.Query$QueryType.ordinal()" because the return value of "hk.ust.comp3021.utils.Query.getType()" is null
	at hk.ust.comp3021.MiniMendeleyEngine.processQuery(MiniMendeleyEngine.java:660)
	at hk.ust.comp3021.MiniMendeleyEngine.lambda$processConcurrentQuery$14(MiniMendeleyEngine.java:648)
	at java.base/java.lang.Thread.run(Thread.java:833)
Exception in thread "Thread-751" java.lang.NullPointerException: Cannot invoke "hk.ust.comp3021.utils.Query$QueryType.ordinal()" because the return value of "hk.ust.comp3021.utils.Query.getType()" is null
	at hk.ust.comp3021.MiniMendeleyEngine.processQuery(MiniMendeleyEngine.java:660)
	at hk.ust.comp3021.MiniMendeleyEngine.lambda$processConcurrentQuery$14(MiniMendeleyEngine.java:648)
	at java.base/java.lang.Thread.run(Thread.java:833)
Exception in thread "Thread-752" java.lang.NullPointerException: Cannot invoke "hk.ust.comp3021.utils.Query$QueryType.ordinal()" because the return value of "hk.ust.comp3021.utils.Query.getType()" is null
	at hk.ust.comp3021.MiniMendeleyEngine.processQuery(MiniMendeleyEngine.java:660)
	at hk.ust.comp3021.MiniMendeleyEngine.lambda$processConcurrentQuery$14(MiniMendeleyEngine.java:648)
	at java.base/java.lang.Thread.run(Thread.java:833)
Exception in thread "Thread-754" java.lang.NullPointerException: Cannot invoke "hk.ust.comp3021.utils.Query$QueryType.ordinal()" because the return value of "hk.ust.comp3021.utils.Query.getType()" is null
	at hk.ust.comp3021.MiniMendeleyEngine.processQuery(MiniMendeleyEngine.java:660)
	at hk.ust.comp3021.MiniMendeleyEngine.lambda$processConcurrentQuery$14(MiniMendeleyEngine.java:648)
	at java.base/java.lang.Thread.run(Thread.java:833)
Exception in thread "Thread-753" java.lang.NullPointerException: Cannot invoke "hk.ust.comp3021.utils.Query$QueryType.ordinal()" because the return value of "hk.ust.comp3021.utils.Query.getType()" is null
	at hk.ust.comp3021.MiniMendeleyEngine.processQuery(MiniMendeleyEngine.java:660)
	at hk.ust.comp3021.MiniMendeleyEngine.lambda$processConcurrentQuery$14(MiniMendeleyEngine.java:648)
	at java.base/java.lang.Thread.run(Thread.java:833)
Exception in thread "Thread-755" java.lang.NullPointerException: Cannot invoke "hk.ust.comp3021.utils.Query$QueryType.ordinal()" because the return value of "hk.ust.comp3021.utils.Query.getType()" is null
	at hk.ust.comp3021.MiniMendeleyEngine.processQuery(MiniMendeleyEngine.java:660)
	at hk.ust.comp3021.MiniMendeleyEngine.lambda$processConcurrentQuery$14(MiniMendeleyEngine.java:648)
	at java.base/java.lang.Thread.run(Thread.java:833)
Exception in thread "Thread-756" java.lang.NullPointerException: Cannot invoke "hk.ust.comp3021.utils.Query$QueryType.ordinal()" because the return value of "hk.ust.comp3021.utils.Query.getType()" is null
	at hk.ust.comp3021.MiniMendeleyEngine.processQuery(MiniMendeleyEngine.java:660)
	at hk.ust.comp3021.MiniMendeleyEngine.lambda$processConcurrentQuery$14(MiniMendeleyEngine.java:648)
	at java.base/java.lang.Thread.run(Thread.java:833)
Exception in thread "Thread-757" java.lang.NullPointerException: Cannot invoke "hk.ust.comp3021.utils.Query$QueryType.ordinal()" because the return value of "hk.ust.comp3021.utils.Query.getType()" is null
	at hk.ust.comp3021.MiniMendeleyEngine.processQuery(MiniMendeleyEngine.java:660)
	at hk.ust.comp3021.MiniMendeleyEngine.lambda$processConcurrentQuery$14(MiniMendeleyEngine.java:648)
	at java.base/java.lang.Thread.run(Thread.java:833)
Exception in thread "Thread-758" java.lang.NullPointerException: Cannot invoke "hk.ust.comp3021.utils.Query$QueryType.ordinal()" because the return value of "hk.ust.comp3021.utils.Query.getType()" is null
	at hk.ust.comp3021.MiniMendeleyEngine.processQuery(MiniMendeleyEngine.java:660)
	at hk.ust.comp3021.MiniMendeleyEngine.lambda$processConcurrentQuery$14(MiniMendeleyEngine.java:648)
	at java.base/java.lang.Thread.run(Thread.java:833)
Exception in thread "Thread-759" java.lang.NullPointerException: Cannot invoke "hk.ust.comp3021.utils.Query$QueryType.ordinal()" because the return value of "hk.ust.comp3021.utils.Query.getType()" is null
	at hk.ust.comp3021.MiniMendeleyEngine.processQuery(MiniMendeleyEngine.java:660)
	at hk.ust.comp3021.MiniMendeleyEngine.lambda$processConcurrentQuery$14(MiniMendeleyEngine.java:648)
	at java.base/java.lang.Thread.run(Thread.java:833)
Exception in thread "Thread-760" java.lang.NullPointerException: Cannot invoke "hk.ust.comp3021.utils.Query$QueryType.ordinal()" because the return value of "hk.ust.comp3021.utils.Query.getType()" is null
	at hk.ust.comp3021.MiniMendeleyEngine.processQuery(MiniMendeleyEngine.java:660)
	at hk.ust.comp3021.MiniMendeleyEngine.lambda$processConcurrentQuery$14(MiniMendeleyEngine.java:648)
	at java.base/java.lang.Thread.run(Thread.java:833)
Exception in thread "Thread-761" java.lang.NullPointerException: Cannot invoke "hk.ust.comp3021.utils.Query$QueryType.ordinal()" because the return value of "hk.ust.comp3021.utils.Query.getType()" is null
	at hk.ust.comp3021.MiniMendeleyEngine.processQuery(MiniMendeleyEngine.java:660)
	at hk.ust.comp3021.MiniMendeleyEngine.lambda$processConcurrentQuery$14(MiniMendeleyEngine.java:648)
	at java.base/java.lang.Thread.run(Thread.java:833)
Exception in thread "Thread-762" java.lang.NullPointerException: Cannot invoke "hk.ust.comp3021.utils.Query$QueryType.ordinal()" because the return value of "hk.ust.comp3021.utils.Query.getType()" is null
	at hk.ust.comp3021.MiniMendeleyEngine.processQuery(MiniMendeleyEngine.java:660)
	at hk.ust.comp3021.MiniMendeleyEngine.lambda$processConcurrentQuery$14(MiniMendeleyEngine.java:648)
	at java.base/java.lang.Thread.run(Thread.java:833)
Exception in thread "Thread-763" java.lang.NullPointerException: Cannot invoke "hk.ust.comp3021.utils.Query$QueryType.ordinal()" because the return value of "hk.ust.comp3021.utils.Query.getType()" is null
	at hk.ust.comp3021.MiniMendeleyEngine.processQuery(MiniMendeleyEngine.java:660)
	at hk.ust.comp3021.MiniMendeleyEngine.lambda$processConcurrentQuery$14(MiniMendeleyEngine.java:648)
	at java.base/java.lang.Thread.run(Thread.java:833)
Exception in thread "Thread-764" java.lang.NullPointerException: Cannot invoke "hk.ust.comp3021.utils.Query$QueryType.ordinal()" because the return value of "hk.ust.comp3021.utils.Query.getType()" is null
	at hk.ust.comp3021.MiniMendeleyEngine.processQuery(MiniMendeleyEngine.java:660)
	at hk.ust.comp3021.MiniMendeleyEngine.lambda$processConcurrentQuery$14(MiniMendeleyEngine.java:648)
	at java.base/java.lang.Thread.run(Thread.java:833)
Exception in thread "Thread-765" java.lang.NullPointerException: Cannot invoke "hk.ust.comp3021.utils.Query$QueryType.ordinal()" because the return value of "hk.ust.comp3021.utils.Query.getType()" is null
	at hk.ust.comp3021.MiniMendeleyEngine.processQuery(MiniMendeleyEngine.java:660)
	at hk.ust.comp3021.MiniMendeleyEngine.lambda$processConcurrentQuery$14(MiniMendeleyEngine.java:648)
	at java.base/java.lang.Thread.run(Thread.java:833)
Exception in thread "Thread-766" java.lang.NullPointerException: Cannot invoke "hk.ust.comp3021.utils.Query$QueryType.ordinal()" because the return value of "hk.ust.comp3021.utils.Query.getType()" is null
	at hk.ust.comp3021.MiniMendeleyEngine.processQuery(MiniMendeleyEngine.java:660)
	at hk.ust.comp3021.MiniMendeleyEngine.lambda$processConcurrentQuery$14(MiniMendeleyEngine.java:648)
	at java.base/java.lang.Thread.run(Thread.java:833)
Exception in thread "Thread-767" java.lang.NullPointerException: Cannot invoke "hk.ust.comp3021.utils.Query$QueryType.ordinal()" because the return value of "hk.ust.comp3021.utils.Query.getType()" is null
	at hk.ust.comp3021.MiniMendeleyEngine.processQuery(MiniMendeleyEngine.java:660)
	at hk.ust.comp3021.MiniMendeleyEngine.lambda$processConcurrentQuery$14(MiniMendeleyEngine.java:648)
	at java.base/java.lang.Thread.run(Thread.java:833)
Exception in thread "Thread-768" java.lang.NullPointerException: Cannot invoke "hk.ust.comp3021.utils.Query$QueryType.ordinal()" because the return value of "hk.ust.comp3021.utils.Query.getType()" is null
	at hk.ust.comp3021.MiniMendeleyEngine.processQuery(MiniMendeleyEngine.java:660)
	at hk.ust.comp3021.MiniMendeleyEngine.lambda$processConcurrentQuery$14(MiniMendeleyEngine.java:648)
	at java.base/java.lang.Thread.run(Thread.java:833)
Exception in thread "Thread-769" java.lang.NullPointerException: Cannot invoke "hk.ust.comp3021.utils.Query$QueryType.ordinal()" because the return value of "hk.ust.comp3021.utils.Query.getType()" is null
	at hk.ust.comp3021.MiniMendeleyEngine.processQuery(MiniMendeleyEngine.java:660)
	at hk.ust.comp3021.MiniMendeleyEngine.lambda$processConcurrentQuery$14(MiniMendeleyEngine.java:648)
	at java.base/java.lang.Thread.run(Thread.java:833)
Exception in thread "Thread-770" java.lang.NullPointerException: Cannot invoke "hk.ust.comp3021.utils.Query$QueryType.ordinal()" because the return value of "hk.ust.comp3021.utils.Query.getType()" is null
	at hk.ust.comp3021.MiniMendeleyEngine.processQuery(MiniMendeleyEngine.java:660)
	at hk.ust.comp3021.MiniMendeleyEngine.lambda$processConcurrentQuery$14(MiniMendeleyEngine.java:648)
	at java.base/java.lang.Thread.run(Thread.java:833)
Exception in thread "Thread-771" java.lang.NullPointerException: Cannot invoke "hk.ust.comp3021.utils.Query$QueryType.ordinal()" because the return value of "hk.ust.comp3021.utils.Query.getType()" is null
	at hk.ust.comp3021.MiniMendeleyEngine.processQuery(MiniMendeleyEngine.java:660)
	at hk.ust.comp3021.MiniMendeleyEngine.lambda$processConcurrentQuery$14(MiniMendeleyEngine.java:648)
	at java.base/java.lang.Thread.run(Thread.java:833)
Exception in thread "Thread-772" java.lang.NullPointerException: Cannot invoke "hk.ust.comp3021.utils.Query$QueryType.ordinal()" because the return value of "hk.ust.comp3021.utils.Query.getType()" is null
	at hk.ust.comp3021.MiniMendeleyEngine.processQuery(MiniMendeleyEngine.java:660)
	at hk.ust.comp3021.MiniMendeleyEngine.lambda$processConcurrentQuery$14(MiniMendeleyEngine.java:648)
	at java.base/java.lang.Thread.run(Thread.java:833)
Exception in thread "Thread-773" java.lang.NullPointerException: Cannot invoke "hk.ust.comp3021.utils.Query$QueryType.ordinal()" because the return value of "hk.ust.comp3021.utils.Query.getType()" is null
	at hk.ust.comp3021.MiniMendeleyEngine.processQuery(MiniMendeleyEngine.java:660)
	at hk.ust.comp3021.MiniMendeleyEngine.lambda$processConcurrentQuery$14(MiniMendeleyEngine.java:648)
	at java.base/java.lang.Thread.run(Thread.java:833)
Exception in thread "Thread-774" java.lang.NullPointerException: Cannot invoke "hk.ust.comp3021.utils.Query$QueryType.ordinal()" because the return value of "hk.ust.comp3021.utils.Query.getType()" is null
	at hk.ust.comp3021.MiniMendeleyEngine.processQuery(MiniMendeleyEngine.java:660)
	at hk.ust.comp3021.MiniMendeleyEngine.lambda$processConcurrentQuery$14(MiniMendeleyEngine.java:648)
	at java.base/java.lang.Thread.run(Thread.java:833)
Exception in thread "Thread-775" java.lang.NullPointerException: Cannot invoke "hk.ust.comp3021.utils.Query$QueryType.ordinal()" because the return value of "hk.ust.comp3021.utils.Query.getType()" is null
	at hk.ust.comp3021.MiniMendeleyEngine.processQuery(MiniMendeleyEngine.java:660)
	at hk.ust.comp3021.MiniMendeleyEngine.lambda$processConcurrentQuery$14(MiniMendeleyEngine.java:648)
	at java.base/java.lang.Thread.run(Thread.java:833)
Exception in thread "Thread-776" java.lang.NullPointerException: Cannot invoke "hk.ust.comp3021.utils.Query$QueryType.ordinal()" because the return value of "hk.ust.comp3021.utils.Query.getType()" is null
	at hk.ust.comp3021.MiniMendeleyEngine.processQuery(MiniMendeleyEngine.java:660)
	at hk.ust.comp3021.MiniMendeleyEngine.lambda$processConcurrentQuery$14(MiniMendeleyEngine.java:648)
	at java.base/java.lang.Thread.run(Thread.java:833)
Exception in thread "Thread-777" java.lang.NullPointerException: Cannot invoke "hk.ust.comp3021.utils.Query$QueryType.ordinal()" because the return value of "hk.ust.comp3021.utils.Query.getType()" is null
	at hk.ust.comp3021.MiniMendeleyEngine.processQuery(MiniMendeleyEngine.java:660)
	at hk.ust.comp3021.MiniMendeleyEngine.lambda$processConcurrentQuery$14(MiniMendeleyEngine.java:648)
	at java.base/java.lang.Thread.run(Thread.java:833)
Exception in thread "Thread-778" java.lang.NullPointerException: Cannot invoke "hk.ust.comp3021.utils.Query$QueryType.ordinal()" because the return value of "hk.ust.comp3021.utils.Query.getType()" is null
	at hk.ust.comp3021.MiniMendeleyEngine.processQuery(MiniMendeleyEngine.java:660)
	at hk.ust.comp3021.MiniMendeleyEngine.lambda$processConcurrentQuery$14(MiniMendeleyEngine.java:648)
	at java.base/java.lang.Thread.run(Thread.java:833)
Exception in thread "Thread-779" java.lang.NullPointerException: Cannot invoke "hk.ust.comp3021.utils.Query$QueryType.ordinal()" because the return value of "hk.ust.comp3021.utils.Query.getType()" is null
	at hk.ust.comp3021.MiniMendeleyEngine.processQuery(MiniMendeleyEngine.java:660)
	at hk.ust.comp3021.MiniMendeleyEngine.lambda$processConcurrentQuery$14(MiniMendeleyEngine.java:648)
	at java.base/java.lang.Thread.run(Thread.java:833)
Exception in thread "Thread-780" java.lang.NullPointerException: Cannot invoke "hk.ust.comp3021.utils.Query$QueryType.ordinal()" because the return value of "hk.ust.comp3021.utils.Query.getType()" is null
	at hk.ust.comp3021.MiniMendeleyEngine.processQuery(MiniMendeleyEngine.java:660)
	at hk.ust.comp3021.MiniMendeleyEngine.lambda$processConcurrentQuery$14(MiniMendeleyEngine.java:648)
	at java.base/java.lang.Thread.run(Thread.java:833)
Exception in thread "Thread-781" java.lang.NullPointerException: Cannot invoke "hk.ust.comp3021.utils.Query$QueryType.ordinal()" because the return value of "hk.ust.comp3021.utils.Query.getType()" is null
	at hk.ust.comp3021.MiniMendeleyEngine.processQuery(MiniMendeleyEngine.java:660)
	at hk.ust.comp3021.MiniMendeleyEngine.lambda$processConcurrentQuery$14(MiniMendeleyEngine.java:648)
	at java.base/java.lang.Thread.run(Thread.java:833)
Exception in thread "Thread-782" java.lang.NullPointerException: Cannot invoke "hk.ust.comp3021.utils.Query$QueryType.ordinal()" because the return value of "hk.ust.comp3021.utils.Query.getType()" is null
	at hk.ust.comp3021.MiniMendeleyEngine.processQuery(MiniMendeleyEngine.java:660)
	at hk.ust.comp3021.MiniMendeleyEngine.lambda$processConcurrentQuery$14(MiniMendeleyEngine.java:648)
	at java.base/java.lang.Thread.run(Thread.java:833)
Exception in thread "Thread-783" java.lang.NullPointerException: Cannot invoke "hk.ust.comp3021.utils.Query$QueryType.ordinal()" because the return value of "hk.ust.comp3021.utils.Query.getType()" is null
	at hk.ust.comp3021.MiniMendeleyEngine.processQuery(MiniMendeleyEngine.java:660)
	at hk.ust.comp3021.MiniMendeleyEngine.lambda$processConcurrentQuery$14(MiniMendeleyEngine.java:648)
	at java.base/java.lang.Thread.run(Thread.java:833)
Exception in thread "Thread-784" java.lang.NullPointerException: Cannot invoke "hk.ust.comp3021.utils.Query$QueryType.ordinal()" because the return value of "hk.ust.comp3021.utils.Query.getType()" is null
	at hk.ust.comp3021.MiniMendeleyEngine.processQuery(MiniMendeleyEngine.java:660)
	at hk.ust.comp3021.MiniMendeleyEngine.lambda$processConcurrentQuery$14(MiniMendeleyEngine.java:648)
	at java.base/java.lang.Thread.run(Thread.java:833)
Exception in thread "Thread-786" java.lang.NullPointerException: Cannot invoke "hk.ust.comp3021.utils.Query$QueryType.ordinal()" because the return value of "hk.ust.comp3021.utils.Query.getType()" is null
	at hk.ust.comp3021.MiniMendeleyEngine.processQuery(MiniMendeleyEngine.java:660)
	at hk.ust.comp3021.MiniMendeleyEngine.lambda$processConcurrentQuery$14(MiniMendeleyEngine.java:648)
	at java.base/java.lang.Thread.run(Thread.java:833)
Exception in thread "Thread-785" java.lang.NullPointerException: Cannot invoke "hk.ust.comp3021.utils.Query$QueryType.ordinal()" because the return value of "hk.ust.comp3021.utils.Query.getType()" is null
	at hk.ust.comp3021.MiniMendeleyEngine.processQuery(MiniMendeleyEngine.java:660)
	at hk.ust.comp3021.MiniMendeleyEngine.lambda$processConcurrentQuery$14(MiniMendeleyEngine.java:648)
	at java.base/java.lang.Thread.run(Thread.java:833)
Exception in thread "Thread-787" java.lang.NullPointerException: Cannot invoke "hk.ust.comp3021.utils.Query$QueryType.ordinal()" because the return value of "hk.ust.comp3021.utils.Query.getType()" is null
	at hk.ust.comp3021.MiniMendeleyEngine.processQuery(MiniMendeleyEngine.java:660)
	at hk.ust.comp3021.MiniMendeleyEngine.lambda$processConcurrentQuery$14(MiniMendeleyEngine.java:648)
	at java.base/java.lang.Thread.run(Thread.java:833)
Exception in thread "Thread-788" java.lang.NullPointerException: Cannot invoke "hk.ust.comp3021.utils.Query$QueryType.ordinal()" because the return value of "hk.ust.comp3021.utils.Query.getType()" is null
	at hk.ust.comp3021.MiniMendeleyEngine.processQuery(MiniMendeleyEngine.java:660)
	at hk.ust.comp3021.MiniMendeleyEngine.lambda$processConcurrentQuery$14(MiniMendeleyEngine.java:648)
	at java.base/java.lang.Thread.run(Thread.java:833)
Exception in thread "Thread-789" java.lang.NullPointerException: Cannot invoke "hk.ust.comp3021.utils.Query$QueryType.ordinal()" because the return value of "hk.ust.comp3021.utils.Query.getType()" is null
	at hk.ust.comp3021.MiniMendeleyEngine.processQuery(MiniMendeleyEngine.java:660)
	at hk.ust.comp3021.MiniMendeleyEngine.lambda$processConcurrentQuery$14(MiniMendeleyEngine.java:648)
	at java.base/java.lang.Thread.run(Thread.java:833)
Exception in thread "Thread-790" java.lang.NullPointerException: Cannot invoke "hk.ust.comp3021.utils.Query$QueryType.ordinal()" because the return value of "hk.ust.comp3021.utils.Query.getType()" is null
	at hk.ust.comp3021.MiniMendeleyEngine.processQuery(MiniMendeleyEngine.java:660)
	at hk.ust.comp3021.MiniMendeleyEngine.lambda$processConcurrentQuery$14(MiniMendeleyEngine.java:648)
	at java.base/java.lang.Thread.run(Thread.java:833)
Exception in thread "Thread-791" java.lang.NullPointerException: Cannot invoke "hk.ust.comp3021.utils.Query$QueryType.ordinal()" because the return value of "hk.ust.comp3021.utils.Query.getType()" is null
	at hk.ust.comp3021.MiniMendeleyEngine.processQuery(MiniMendeleyEngine.java:660)
	at hk.ust.comp3021.MiniMendeleyEngine.lambda$processConcurrentQuery$14(MiniMendeleyEngine.java:648)
	at java.base/java.lang.Thread.run(Thread.java:833)
Exception in thread "Thread-792" java.lang.NullPointerException: Cannot invoke "hk.ust.comp3021.utils.Query$QueryType.ordinal()" because the return value of "hk.ust.comp3021.utils.Query.getType()" is null
	at hk.ust.comp3021.MiniMendeleyEngine.processQuery(MiniMendeleyEngine.java:660)
	at hk.ust.comp3021.MiniMendeleyEngine.lambda$processConcurrentQuery$14(MiniMendeleyEngine.java:648)
	at java.base/java.lang.Thread.run(Thread.java:833)
Exception in thread "Thread-793" java.lang.NullPointerException: Cannot invoke "hk.ust.comp3021.utils.Query$QueryType.ordinal()" because the return value of "hk.ust.comp3021.utils.Query.getType()" is null
	at hk.ust.comp3021.MiniMendeleyEngine.processQuery(MiniMendeleyEngine.java:660)
	at hk.ust.comp3021.MiniMendeleyEngine.lambda$processConcurrentQuery$14(MiniMendeleyEngine.java:648)
	at java.base/java.lang.Thread.run(Thread.java:833)
Exception in thread "Thread-794" java.lang.NullPointerException: Cannot invoke "hk.ust.comp3021.utils.Query$QueryType.ordinal()" because the return value of "hk.ust.comp3021.utils.Query.getType()" is null
	at hk.ust.comp3021.MiniMendeleyEngine.processQuery(MiniMendeleyEngine.java:660)
	at hk.ust.comp3021.MiniMendeleyEngine.lambda$processConcurrentQuery$14(MiniMendeleyEngine.java:648)
	at java.base/java.lang.Thread.run(Thread.java:833)
Exception in thread "Thread-795" java.lang.NullPointerException: Cannot invoke "hk.ust.comp3021.utils.Query$QueryType.ordinal()" because the return value of "hk.ust.comp3021.utils.Query.getType()" is null
	at hk.ust.comp3021.MiniMendeleyEngine.processQuery(MiniMendeleyEngine.java:660)
	at hk.ust.comp3021.MiniMendeleyEngine.lambda$processConcurrentQuery$14(MiniMendeleyEngine.java:648)
	at java.base/java.lang.Thread.run(Thread.java:833)
Exception in thread "Thread-796" java.lang.NullPointerException: Cannot invoke "hk.ust.comp3021.utils.Query$QueryType.ordinal()" because the return value of "hk.ust.comp3021.utils.Query.getType()" is null
	at hk.ust.comp3021.MiniMendeleyEngine.processQuery(MiniMendeleyEngine.java:660)
	at hk.ust.comp3021.MiniMendeleyEngine.lambda$processConcurrentQuery$14(MiniMendeleyEngine.java:648)
	at java.base/java.lang.Thread.run(Thread.java:833)
Exception in thread "Thread-797" java.lang.NullPointerException: Cannot invoke "hk.ust.comp3021.utils.Query$QueryType.ordinal()" because the return value of "hk.ust.comp3021.utils.Query.getType()" is null
	at hk.ust.comp3021.MiniMendeleyEngine.processQuery(MiniMendeleyEngine.java:660)
	at hk.ust.comp3021.MiniMendeleyEngine.lambda$processConcurrentQuery$14(MiniMendeleyEngine.java:648)
	at java.base/java.lang.Thread.run(Thread.java:833)
Exception in thread "Thread-798" java.lang.NullPointerException: Cannot invoke "hk.ust.comp3021.utils.Query$QueryType.ordinal()" because the return value of "hk.ust.comp3021.utils.Query.getType()" is null
	at hk.ust.comp3021.MiniMendeleyEngine.processQuery(MiniMendeleyEngine.java:660)
	at hk.ust.comp3021.MiniMendeleyEngine.lambda$processConcurrentQuery$14(MiniMendeleyEngine.java:648)
	at java.base/java.lang.Thread.run(Thread.java:833)
Exception in thread "Thread-799" java.lang.NullPointerException: Cannot invoke "hk.ust.comp3021.utils.Query$QueryType.ordinal()" because the return value of "hk.ust.comp3021.utils.Query.getType()" is null
	at hk.ust.comp3021.MiniMendeleyEngine.processQuery(MiniMendeleyEngine.java:660)
	at hk.ust.comp3021.MiniMendeleyEngine.lambda$processConcurrentQuery$14(MiniMendeleyEngine.java:648)
	at java.base/java.lang.Thread.run(Thread.java:833)
Exception in thread "Thread-801" java.lang.NullPointerException: Cannot invoke "hk.ust.comp3021.utils.Query$QueryType.ordinal()" because the return value of "hk.ust.comp3021.utils.Query.getType()" is null
	at hk.ust.comp3021.MiniMendeleyEngine.processQuery(MiniMendeleyEngine.java:660)
	at hk.ust.comp3021.MiniMendeleyEngine.lambda$processConcurrentQuery$14(MiniMendeleyEngine.java:648)
	at java.base/java.lang.Thread.run(Thread.java:833)
Exception in thread "Thread-800" java.lang.NullPointerException: Cannot invoke "hk.ust.comp3021.utils.Query$QueryType.ordinal()" because the return value of "hk.ust.comp3021.utils.Query.getType()" is null
	at hk.ust.comp3021.MiniMendeleyEngine.processQuery(MiniMendeleyEngine.java:660)
	at hk.ust.comp3021.MiniMendeleyEngine.lambda$processConcurrentQuery$14(MiniMendeleyEngine.java:648)
	at java.base/java.lang.Thread.run(Thread.java:833)
Exception in thread "Thread-802" java.lang.NullPointerException: Cannot invoke "hk.ust.comp3021.utils.Query$QueryType.ordinal()" because the return value of "hk.ust.comp3021.utils.Query.getType()" is null
	at hk.ust.comp3021.MiniMendeleyEngine.processQuery(MiniMendeleyEngine.java:660)
	at hk.ust.comp3021.MiniMendeleyEngine.lambda$processConcurrentQuery$14(MiniMendeleyEngine.java:648)
	at java.base/java.lang.Thread.run(Thread.java:833)
Exception in thread "Thread-803" java.lang.NullPointerException: Cannot invoke "hk.ust.comp3021.utils.Query$QueryType.ordinal()" because the return value of "hk.ust.comp3021.utils.Query.getType()" is null
	at hk.ust.comp3021.MiniMendeleyEngine.processQuery(MiniMendeleyEngine.java:660)
	at hk.ust.comp3021.MiniMendeleyEngine.lambda$processConcurrentQuery$14(MiniMendeleyEngine.java:648)
	at java.base/java.lang.Thread.run(Thread.java:833)
Exception in thread "Thread-804" java.lang.NullPointerException: Cannot invoke "hk.ust.comp3021.utils.Query$QueryType.ordinal()" because the return value of "hk.ust.comp3021.utils.Query.getType()" is null
	at hk.ust.comp3021.MiniMendeleyEngine.processQuery(MiniMendeleyEngine.java:660)
	at hk.ust.comp3021.MiniMendeleyEngine.lambda$processConcurrentQuery$14(MiniMendeleyEngine.java:648)
	at java.base/java.lang.Thread.run(Thread.java:833)
Exception in thread "Thread-805" java.lang.NullPointerException: Cannot invoke "hk.ust.comp3021.utils.Query$QueryType.ordinal()" because the return value of "hk.ust.comp3021.utils.Query.getType()" is null
	at hk.ust.comp3021.MiniMendeleyEngine.processQuery(MiniMendeleyEngine.java:660)
	at hk.ust.comp3021.MiniMendeleyEngine.lambda$processConcurrentQuery$14(MiniMendeleyEngine.java:648)
	at java.base/java.lang.Thread.run(Thread.java:833)
Exception in thread "Thread-806" java.lang.NullPointerException: Cannot invoke "hk.ust.comp3021.utils.Query$QueryType.ordinal()" because the return value of "hk.ust.comp3021.utils.Query.getType()" is null
	at hk.ust.comp3021.MiniMendeleyEngine.processQuery(MiniMendeleyEngine.java:660)
	at hk.ust.comp3021.MiniMendeleyEngine.lambda$processConcurrentQuery$14(MiniMendeleyEngine.java:648)
	at java.base/java.lang.Thread.run(Thread.java:833)
Exception in thread "Thread-807" java.lang.NullPointerException: Cannot invoke "hk.ust.comp3021.utils.Query$QueryType.ordinal()" because the return value of "hk.ust.comp3021.utils.Query.getType()" is null
	at hk.ust.comp3021.MiniMendeleyEngine.processQuery(MiniMendeleyEngine.java:660)
	at hk.ust.comp3021.MiniMendeleyEngine.lambda$processConcurrentQuery$14(MiniMendeleyEngine.java:648)
	at java.base/java.lang.Thread.run(Thread.java:833)
Exception in thread "Thread-808" java.lang.NullPointerException: Cannot invoke "hk.ust.comp3021.utils.Query$QueryType.ordinal()" because the return value of "hk.ust.comp3021.utils.Query.getType()" is null
	at hk.ust.comp3021.MiniMendeleyEngine.processQuery(MiniMendeleyEngine.java:660)
	at hk.ust.comp3021.MiniMendeleyEngine.lambda$processConcurrentQuery$14(MiniMendeleyEngine.java:648)
	at java.base/java.lang.Thread.run(Thread.java:833)
Exception in thread "Thread-809" java.lang.NullPointerException: Cannot invoke "hk.ust.comp3021.utils.Query$QueryType.ordinal()" because the return value of "hk.ust.comp3021.utils.Query.getType()" is null
	at hk.ust.comp3021.MiniMendeleyEngine.processQuery(MiniMendeleyEngine.java:660)
	at hk.ust.comp3021.MiniMendeleyEngine.lambda$processConcurrentQuery$14(MiniMendeleyEngine.java:648)
	at java.base/java.lang.Thread.run(Thread.java:833)
Exception in thread "Thread-810" java.lang.NullPointerException: Cannot invoke "hk.ust.comp3021.utils.Query$QueryType.ordinal()" because the return value of "hk.ust.comp3021.utils.Query.getType()" is null
	at hk.ust.comp3021.MiniMendeleyEngine.processQuery(MiniMendeleyEngine.java:660)
	at hk.ust.comp3021.MiniMendeleyEngine.lambda$processConcurrentQuery$14(MiniMendeleyEngine.java:648)
	at java.base/java.lang.Thread.run(Thread.java:833)
Exception in thread "Thread-811" java.lang.NullPointerException: Cannot invoke "hk.ust.comp3021.utils.Query$QueryType.ordinal()" because the return value of "hk.ust.comp3021.utils.Query.getType()" is null
	at hk.ust.comp3021.MiniMendeleyEngine.processQuery(MiniMendeleyEngine.java:660)
	at hk.ust.comp3021.MiniMendeleyEngine.lambda$processConcurrentQuery$14(MiniMendeleyEngine.java:648)
	at java.base/java.lang.Thread.run(Thread.java:833)
Exception in thread "Thread-812" java.lang.NullPointerException: Cannot invoke "hk.ust.comp3021.utils.Query$QueryType.ordinal()" because the return value of "hk.ust.comp3021.utils.Query.getType()" is null
	at hk.ust.comp3021.MiniMendeleyEngine.processQuery(MiniMendeleyEngine.java:660)
	at hk.ust.comp3021.MiniMendeleyEngine.lambda$processConcurrentQuery$14(MiniMendeleyEngine.java:648)
	at java.base/java.lang.Thread.run(Thread.java:833)
Exception in thread "Thread-813" java.lang.NullPointerException: Cannot invoke "hk.ust.comp3021.utils.Query$QueryType.ordinal()" because the return value of "hk.ust.comp3021.utils.Query.getType()" is null
	at hk.ust.comp3021.MiniMendeleyEngine.processQuery(MiniMendeleyEngine.java:660)
	at hk.ust.comp3021.MiniMendeleyEngine.lambda$processConcurrentQuery$14(MiniMendeleyEngine.java:648)
	at java.base/java.lang.Thread.run(Thread.java:833)
Exception in thread "Thread-814" java.lang.NullPointerException: Cannot invoke "hk.ust.comp3021.utils.Query$QueryType.ordinal()" because the return value of "hk.ust.comp3021.utils.Query.getType()" is null
	at hk.ust.comp3021.MiniMendeleyEngine.processQuery(MiniMendeleyEngine.java:660)
	at hk.ust.comp3021.MiniMendeleyEngine.lambda$processConcurrentQuery$14(MiniMendeleyEngine.java:648)
	at java.base/java.lang.Thread.run(Thread.java:833)
Exception in thread "Thread-815" java.lang.NullPointerException: Cannot invoke "hk.ust.comp3021.utils.Query$QueryType.ordinal()" because the return value of "hk.ust.comp3021.utils.Query.getType()" is null
	at hk.ust.comp3021.MiniMendeleyEngine.processQuery(MiniMendeleyEngine.java:660)
	at hk.ust.comp3021.MiniMendeleyEngine.lambda$processConcurrentQuery$14(MiniMendeleyEngine.java:648)
	at java.base/java.lang.Thread.run(Thread.java:833)
Exception in thread "Thread-816" java.lang.NullPointerException: Cannot invoke "hk.ust.comp3021.utils.Query$QueryType.ordinal()" because the return value of "hk.ust.comp3021.utils.Query.getType()" is null
	at hk.ust.comp3021.MiniMendeleyEngine.processQuery(MiniMendeleyEngine.java:660)
	at hk.ust.comp3021.MiniMendeleyEngine.lambda$processConcurrentQuery$14(MiniMendeleyEngine.java:648)
	at java.base/java.lang.Thread.run(Thread.java:833)
Exception in thread "Thread-817" java.lang.NullPointerException: Cannot invoke "hk.ust.comp3021.utils.Query$QueryType.ordinal()" because the return value of "hk.ust.comp3021.utils.Query.getType()" is null
	at hk.ust.comp3021.MiniMendeleyEngine.processQuery(MiniMendeleyEngine.java:660)
	at hk.ust.comp3021.MiniMendeleyEngine.lambda$processConcurrentQuery$14(MiniMendeleyEngine.java:648)
	at java.base/java.lang.Thread.run(Thread.java:833)
Exception in thread "Thread-818" java.lang.NullPointerException: Cannot invoke "hk.ust.comp3021.utils.Query$QueryType.ordinal()" because the return value of "hk.ust.comp3021.utils.Query.getType()" is null
	at hk.ust.comp3021.MiniMendeleyEngine.processQuery(MiniMendeleyEngine.java:660)
	at hk.ust.comp3021.MiniMendeleyEngine.lambda$processConcurrentQuery$14(MiniMendeleyEngine.java:648)
	at java.base/java.lang.Thread.run(Thread.java:833)
Exception in thread "Thread-819" java.lang.NullPointerException: Cannot invoke "hk.ust.comp3021.utils.Query$QueryType.ordinal()" because the return value of "hk.ust.comp3021.utils.Query.getType()" is null
	at hk.ust.comp3021.MiniMendeleyEngine.processQuery(MiniMendeleyEngine.java:660)
	at hk.ust.comp3021.MiniMendeleyEngine.lambda$processConcurrentQuery$14(MiniMendeleyEngine.java:648)
	at java.base/java.lang.Thread.run(Thread.java:833)
Exception in thread "Thread-820" java.lang.NullPointerException: Cannot invoke "hk.ust.comp3021.utils.Query$QueryType.ordinal()" because the return value of "hk.ust.comp3021.utils.Query.getType()" is null
	at hk.ust.comp3021.MiniMendeleyEngine.processQuery(MiniMendeleyEngine.java:660)
	at hk.ust.comp3021.MiniMendeleyEngine.lambda$processConcurrentQuery$14(MiniMendeleyEngine.java:648)
	at java.base/java.lang.Thread.run(Thread.java:833)
Exception in thread "Thread-821" java.lang.NullPointerException: Cannot invoke "hk.ust.comp3021.utils.Query$QueryType.ordinal()" because the return value of "hk.ust.comp3021.utils.Query.getType()" is null
	at hk.ust.comp3021.MiniMendeleyEngine.processQuery(MiniMendeleyEngine.java:660)
	at hk.ust.comp3021.MiniMendeleyEngine.lambda$processConcurrentQuery$14(MiniMendeleyEngine.java:648)
	at java.base/java.lang.Thread.run(Thread.java:833)
Exception in thread "Thread-822" java.lang.NullPointerException: Cannot invoke "hk.ust.comp3021.utils.Query$QueryType.ordinal()" because the return value of "hk.ust.comp3021.utils.Query.getType()" is null
	at hk.ust.comp3021.MiniMendeleyEngine.processQuery(MiniMendeleyEngine.java:660)
	at hk.ust.comp3021.MiniMendeleyEngine.lambda$processConcurrentQuery$14(MiniMendeleyEngine.java:648)
	at java.base/java.lang.Thread.run(Thread.java:833)
Exception in thread "Thread-823" java.lang.NullPointerException: Cannot invoke "hk.ust.comp3021.utils.Query$QueryType.ordinal()" because the return value of "hk.ust.comp3021.utils.Query.getType()" is null
	at hk.ust.comp3021.MiniMendeleyEngine.processQuery(MiniMendeleyEngine.java:660)
	at hk.ust.comp3021.MiniMendeleyEngine.lambda$processConcurrentQuery$14(MiniMendeleyEngine.java:648)
	at java.base/java.lang.Thread.run(Thread.java:833)
Exception in thread "Thread-824" java.lang.NullPointerException: Cannot invoke "hk.ust.comp3021.utils.Query$QueryType.ordinal()" because the return value of "hk.ust.comp3021.utils.Query.getType()" is null
	at hk.ust.comp3021.MiniMendeleyEngine.processQuery(MiniMendeleyEngine.java:660)
	at hk.ust.comp3021.MiniMendeleyEngine.lambda$processConcurrentQuery$14(MiniMendeleyEngine.java:648)
	at java.base/java.lang.Thread.run(Thread.java:833)
Exception in thread "Thread-825" java.lang.NullPointerException: Cannot invoke "hk.ust.comp3021.utils.Query$QueryType.ordinal()" because the return value of "hk.ust.comp3021.utils.Query.getType()" is null
	at hk.ust.comp3021.MiniMendeleyEngine.processQuery(MiniMendeleyEngine.java:660)
	at hk.ust.comp3021.MiniMendeleyEngine.lambda$processConcurrentQuery$14(MiniMendeleyEngine.java:648)
	at java.base/java.lang.Thread.run(Thread.java:833)
Exception in thread "Thread-826" java.lang.NullPointerException: Cannot invoke "hk.ust.comp3021.utils.Query$QueryType.ordinal()" because the return value of "hk.ust.comp3021.utils.Query.getType()" is null
	at hk.ust.comp3021.MiniMendeleyEngine.processQuery(MiniMendeleyEngine.java:660)
	at hk.ust.comp3021.MiniMendeleyEngine.lambda$processConcurrentQuery$14(MiniMendeleyEngine.java:648)
	at java.base/java.lang.Thread.run(Thread.java:833)
Exception in thread "Thread-827" java.lang.NullPointerException: Cannot invoke "hk.ust.comp3021.utils.Query$QueryType.ordinal()" because the return value of "hk.ust.comp3021.utils.Query.getType()" is null
	at hk.ust.comp3021.MiniMendeleyEngine.processQuery(MiniMendeleyEngine.java:660)
	at hk.ust.comp3021.MiniMendeleyEngine.lambda$processConcurrentQuery$14(MiniMendeleyEngine.java:648)
	at java.base/java.lang.Thread.run(Thread.java:833)
Exception in thread "Thread-828" java.lang.NullPointerException: Cannot invoke "hk.ust.comp3021.utils.Query$QueryType.ordinal()" because the return value of "hk.ust.comp3021.utils.Query.getType()" is null
	at hk.ust.comp3021.MiniMendeleyEngine.processQuery(MiniMendeleyEngine.java:660)
	at hk.ust.comp3021.MiniMendeleyEngine.lambda$processConcurrentQuery$14(MiniMendeleyEngine.java:648)
	at java.base/java.lang.Thread.run(Thread.java:833)
Exception in thread "Thread-829" java.lang.NullPointerException: Cannot invoke "hk.ust.comp3021.utils.Query$QueryType.ordinal()" because the return value of "hk.ust.comp3021.utils.Query.getType()" is null
	at hk.ust.comp3021.MiniMendeleyEngine.processQuery(MiniMendeleyEngine.java:660)
	at hk.ust.comp3021.MiniMendeleyEngine.lambda$processConcurrentQuery$14(MiniMendeleyEngine.java:648)
	at java.base/java.lang.Thread.run(Thread.java:833)
Exception in thread "Thread-830" java.lang.NullPointerException: Cannot invoke "hk.ust.comp3021.utils.Query$QueryType.ordinal()" because the return value of "hk.ust.comp3021.utils.Query.getType()" is null
	at hk.ust.comp3021.MiniMendeleyEngine.processQuery(MiniMendeleyEngine.java:660)
	at hk.ust.comp3021.MiniMendeleyEngine.lambda$processConcurrentQuery$14(MiniMendeleyEngine.java:648)
	at java.base/java.lang.Thread.run(Thread.java:833)
Exception in thread "Thread-831" java.lang.NullPointerException: Cannot invoke "hk.ust.comp3021.utils.Query$QueryType.ordinal()" because the return value of "hk.ust.comp3021.utils.Query.getType()" is null
	at hk.ust.comp3021.MiniMendeleyEngine.processQuery(MiniMendeleyEngine.java:660)
	at hk.ust.comp3021.MiniMendeleyEngine.lambda$processConcurrentQuery$14(MiniMendeleyEngine.java:648)
	at java.base/java.lang.Thread.run(Thread.java:833)
Exception in thread "Thread-832" java.lang.NullPointerException: Cannot invoke "hk.ust.comp3021.utils.Query$QueryType.ordinal()" because the return value of "hk.ust.comp3021.utils.Query.getType()" is null
	at hk.ust.comp3021.MiniMendeleyEngine.processQuery(MiniMendeleyEngine.java:660)
	at hk.ust.comp3021.MiniMendeleyEngine.lambda$processConcurrentQuery$14(MiniMendeleyEngine.java:648)
	at java.base/java.lang.Thread.run(Thread.java:833)
Exception in thread "Thread-833" java.lang.NullPointerException: Cannot invoke "hk.ust.comp3021.utils.Query$QueryType.ordinal()" because the return value of "hk.ust.comp3021.utils.Query.getType()" is null
	at hk.ust.comp3021.MiniMendeleyEngine.processQuery(MiniMendeleyEngine.java:660)
	at hk.ust.comp3021.MiniMendeleyEngine.lambda$processConcurrentQuery$14(MiniMendeleyEngine.java:648)
	at java.base/java.lang.Thread.run(Thread.java:833)
Exception in thread "Thread-834" java.lang.NullPointerException: Cannot invoke "hk.ust.comp3021.utils.Query$QueryType.ordinal()" because the return value of "hk.ust.comp3021.utils.Query.getType()" is null
	at hk.ust.comp3021.MiniMendeleyEngine.processQuery(MiniMendeleyEngine.java:660)
	at hk.ust.comp3021.MiniMendeleyEngine.lambda$processConcurrentQuery$14(MiniMendeleyEngine.java:648)
	at java.base/java.lang.Thread.run(Thread.java:833)
Exception in thread "Thread-835" java.lang.NullPointerException: Cannot invoke "hk.ust.comp3021.utils.Query$QueryType.ordinal()" because the return value of "hk.ust.comp3021.utils.Query.getType()" is null
	at hk.ust.comp3021.MiniMendeleyEngine.processQuery(MiniMendeleyEngine.java:660)
	at hk.ust.comp3021.MiniMendeleyEngine.lambda$processConcurrentQuery$14(MiniMendeleyEngine.java:648)
	at java.base/java.lang.Thread.run(Thread.java:833)
Exception in thread "Thread-836" java.lang.NullPointerException: Cannot invoke "hk.ust.comp3021.utils.Query$QueryType.ordinal()" because the return value of "hk.ust.comp3021.utils.Query.getType()" is null
	at hk.ust.comp3021.MiniMendeleyEngine.processQuery(MiniMendeleyEngine.java:660)
	at hk.ust.comp3021.MiniMendeleyEngine.lambda$processConcurrentQuery$14(MiniMendeleyEngine.java:648)
	at java.base/java.lang.Thread.run(Thread.java:833)
Exception in thread "Thread-837" java.lang.NullPointerException: Cannot invoke "hk.ust.comp3021.utils.Query$QueryType.ordinal()" because the return value of "hk.ust.comp3021.utils.Query.getType()" is null
	at hk.ust.comp3021.MiniMendeleyEngine.processQuery(MiniMendeleyEngine.java:660)
	at hk.ust.comp3021.MiniMendeleyEngine.lambda$processConcurrentQuery$14(MiniMendeleyEngine.java:648)
	at java.base/java.lang.Thread.run(Thread.java:833)
Exception in thread "Thread-838" java.lang.NullPointerException: Cannot invoke "hk.ust.comp3021.utils.Query$QueryType.ordinal()" because the return value of "hk.ust.comp3021.utils.Query.getType()" is null
	at hk.ust.comp3021.MiniMendeleyEngine.processQuery(MiniMendeleyEngine.java:660)
	at hk.ust.comp3021.MiniMendeleyEngine.lambda$processConcurrentQuery$14(MiniMendeleyEngine.java:648)
	at java.base/java.lang.Thread.run(Thread.java:833)
Exception in thread "Thread-839" java.lang.NullPointerException: Cannot invoke "hk.ust.comp3021.utils.Query$QueryType.ordinal()" because the return value of "hk.ust.comp3021.utils.Query.getType()" is null
	at hk.ust.comp3021.MiniMendeleyEngine.processQuery(MiniMendeleyEngine.java:660)
	at hk.ust.comp3021.MiniMendeleyEngine.lambda$processConcurrentQuery$14(MiniMendeleyEngine.java:648)
	at java.base/java.lang.Thread.run(Thread.java:833)
Exception in thread "Thread-840" java.lang.NullPointerException: Cannot invoke "hk.ust.comp3021.utils.Query$QueryType.ordinal()" because the return value of "hk.ust.comp3021.utils.Query.getType()" is null
	at hk.ust.comp3021.MiniMendeleyEngine.processQuery(MiniMendeleyEngine.java:660)
	at hk.ust.comp3021.MiniMendeleyEngine.lambda$processConcurrentQuery$14(MiniMendeleyEngine.java:648)
	at java.base/java.lang.Thread.run(Thread.java:833)
Exception in thread "Thread-841" java.lang.NullPointerException: Cannot invoke "hk.ust.comp3021.utils.Query$QueryType.ordinal()" because the return value of "hk.ust.comp3021.utils.Query.getType()" is null
	at hk.ust.comp3021.MiniMendeleyEngine.processQuery(MiniMendeleyEngine.java:660)
	at hk.ust.comp3021.MiniMendeleyEngine.lambda$processConcurrentQuery$14(MiniMendeleyEngine.java:648)
	at java.base/java.lang.Thread.run(Thread.java:833)
Exception in thread "Thread-842" java.lang.NullPointerException: Cannot invoke "hk.ust.comp3021.utils.Query$QueryType.ordinal()" because the return value of "hk.ust.comp3021.utils.Query.getType()" is null
	at hk.ust.comp3021.MiniMendeleyEngine.processQuery(MiniMendeleyEngine.java:660)
	at hk.ust.comp3021.MiniMendeleyEngine.lambda$processConcurrentQuery$14(MiniMendeleyEngine.java:648)
	at java.base/java.lang.Thread.run(Thread.java:833)
Exception in thread "Thread-843" java.lang.NullPointerException: Cannot invoke "hk.ust.comp3021.utils.Query$QueryType.ordinal()" because the return value of "hk.ust.comp3021.utils.Query.getType()" is null
	at hk.ust.comp3021.MiniMendeleyEngine.processQuery(MiniMendeleyEngine.java:660)
	at hk.ust.comp3021.MiniMendeleyEngine.lambda$processConcurrentQuery$14(MiniMendeleyEngine.java:648)
	at java.base/java.lang.Thread.run(Thread.java:833)
Exception in thread "Thread-844" java.lang.NullPointerException: Cannot invoke "hk.ust.comp3021.utils.Query$QueryType.ordinal()" because the return value of "hk.ust.comp3021.utils.Query.getType()" is null
	at hk.ust.comp3021.MiniMendeleyEngine.processQuery(MiniMendeleyEngine.java:660)
	at hk.ust.comp3021.MiniMendeleyEngine.lambda$processConcurrentQuery$14(MiniMendeleyEngine.java:648)
	at java.base/java.lang.Thread.run(Thread.java:833)
Exception in thread "Thread-845" java.lang.NullPointerException: Cannot invoke "hk.ust.comp3021.utils.Query$QueryType.ordinal()" because the return value of "hk.ust.comp3021.utils.Query.getType()" is null
	at hk.ust.comp3021.MiniMendeleyEngine.processQuery(MiniMendeleyEngine.java:660)
	at hk.ust.comp3021.MiniMendeleyEngine.lambda$processConcurrentQuery$14(MiniMendeleyEngine.java:648)
	at java.base/java.lang.Thread.run(Thread.java:833)
Exception in thread "Thread-846" java.lang.NullPointerException: Cannot invoke "hk.ust.comp3021.utils.Query$QueryType.ordinal()" because the return value of "hk.ust.comp3021.utils.Query.getType()" is null
	at hk.ust.comp3021.MiniMendeleyEngine.processQuery(MiniMendeleyEngine.java:660)
	at hk.ust.comp3021.MiniMendeleyEngine.lambda$processConcurrentQuery$14(MiniMendeleyEngine.java:648)
	at java.base/java.lang.Thread.run(Thread.java:833)
Exception in thread "Thread-847" java.lang.NullPointerException: Cannot invoke "hk.ust.comp3021.utils.Query$QueryType.ordinal()" because the return value of "hk.ust.comp3021.utils.Query.getType()" is null
	at hk.ust.comp3021.MiniMendeleyEngine.processQuery(MiniMendeleyEngine.java:660)
	at hk.ust.comp3021.MiniMendeleyEngine.lambda$processConcurrentQuery$14(MiniMendeleyEngine.java:648)
	at java.base/java.lang.Thread.run(Thread.java:833)
Exception in thread "Thread-848" java.lang.NullPointerException: Cannot invoke "hk.ust.comp3021.utils.Query$QueryType.ordinal()" because the return value of "hk.ust.comp3021.utils.Query.getType()" is null
	at hk.ust.comp3021.MiniMendeleyEngine.processQuery(MiniMendeleyEngine.java:660)
	at hk.ust.comp3021.MiniMendeleyEngine.lambda$processConcurrentQuery$14(MiniMendeleyEngine.java:648)
	at java.base/java.lang.Thread.run(Thread.java:833)
Exception in thread "Thread-849" java.lang.NullPointerException: Cannot invoke "hk.ust.comp3021.utils.Query$QueryType.ordinal()" because the return value of "hk.ust.comp3021.utils.Query.getType()" is null
	at hk.ust.comp3021.MiniMendeleyEngine.processQuery(MiniMendeleyEngine.java:660)
	at hk.ust.comp3021.MiniMendeleyEngine.lambda$processConcurrentQuery$14(MiniMendeleyEngine.java:648)
	at java.base/java.lang.Thread.run(Thread.java:833)
Exception in thread "Thread-850" java.lang.NullPointerException: Cannot invoke "hk.ust.comp3021.utils.Query$QueryType.ordinal()" because the return value of "hk.ust.comp3021.utils.Query.getType()" is null
	at hk.ust.comp3021.MiniMendeleyEngine.processQuery(MiniMendeleyEngine.java:660)
	at hk.ust.comp3021.MiniMendeleyEngine.lambda$processConcurrentQuery$14(MiniMendeleyEngine.java:648)
	at java.base/java.lang.Thread.run(Thread.java:833)
Exception in thread "Thread-851" java.lang.NullPointerException: Cannot invoke "hk.ust.comp3021.utils.Query$QueryType.ordinal()" because the return value of "hk.ust.comp3021.utils.Query.getType()" is null
	at hk.ust.comp3021.MiniMendeleyEngine.processQuery(MiniMendeleyEngine.java:660)
	at hk.ust.comp3021.MiniMendeleyEngine.lambda$processConcurrentQuery$14(MiniMendeleyEngine.java:648)
	at java.base/java.lang.Thread.run(Thread.java:833)
Exception in thread "Thread-852" java.lang.NullPointerException: Cannot invoke "hk.ust.comp3021.utils.Query$QueryType.ordinal()" because the return value of "hk.ust.comp3021.utils.Query.getType()" is null
	at hk.ust.comp3021.MiniMendeleyEngine.processQuery(MiniMendeleyEngine.java:660)
	at hk.ust.comp3021.MiniMendeleyEngine.lambda$processConcurrentQuery$14(MiniMendeleyEngine.java:648)
	at java.base/java.lang.Thread.run(Thread.java:833)
Exception in thread "Thread-853" java.lang.NullPointerException: Cannot invoke "hk.ust.comp3021.utils.Query$QueryType.ordinal()" because the return value of "hk.ust.comp3021.utils.Query.getType()" is null
	at hk.ust.comp3021.MiniMendeleyEngine.processQuery(MiniMendeleyEngine.java:660)
	at hk.ust.comp3021.MiniMendeleyEngine.lambda$processConcurrentQuery$14(MiniMendeleyEngine.java:648)
	at java.base/java.lang.Thread.run(Thread.java:833)
Exception in thread "Thread-854" java.lang.NullPointerException: Cannot invoke "hk.ust.comp3021.utils.Query$QueryType.ordinal()" because the return value of "hk.ust.comp3021.utils.Query.getType()" is null
	at hk.ust.comp3021.MiniMendeleyEngine.processQuery(MiniMendeleyEngine.java:660)
	at hk.ust.comp3021.MiniMendeleyEngine.lambda$processConcurrentQuery$14(MiniMendeleyEngine.java:648)
	at java.base/java.lang.Thread.run(Thread.java:833)
Exception in thread "Thread-855" java.lang.NullPointerException: Cannot invoke "hk.ust.comp3021.utils.Query$QueryType.ordinal()" because the return value of "hk.ust.comp3021.utils.Query.getType()" is null
	at hk.ust.comp3021.MiniMendeleyEngine.processQuery(MiniMendeleyEngine.java:660)
	at hk.ust.comp3021.MiniMendeleyEngine.lambda$processConcurrentQuery$14(MiniMendeleyEngine.java:648)
	at java.base/java.lang.Thread.run(Thread.java:833)
Exception in thread "Thread-856" java.lang.NullPointerException: Cannot invoke "hk.ust.comp3021.utils.Query$QueryType.ordinal()" because the return value of "hk.ust.comp3021.utils.Query.getType()" is null
	at hk.ust.comp3021.MiniMendeleyEngine.processQuery(MiniMendeleyEngine.java:660)
	at hk.ust.comp3021.MiniMendeleyEngine.lambda$processConcurrentQuery$14(MiniMendeleyEngine.java:648)
	at java.base/java.lang.Thread.run(Thread.java:833)
Exception in thread "Thread-857" java.lang.NullPointerException: Cannot invoke "hk.ust.comp3021.utils.Query$QueryType.ordinal()" because the return value of "hk.ust.comp3021.utils.Query.getType()" is null
	at hk.ust.comp3021.MiniMendeleyEngine.processQuery(MiniMendeleyEngine.java:660)
	at hk.ust.comp3021.MiniMendeleyEngine.lambda$processConcurrentQuery$14(MiniMendeleyEngine.java:648)
	at java.base/java.lang.Thread.run(Thread.java:833)
Exception in thread "Thread-858" java.lang.NullPointerException: Cannot invoke "hk.ust.comp3021.utils.Query$QueryType.ordinal()" because the return value of "hk.ust.comp3021.utils.Query.getType()" is null
	at hk.ust.comp3021.MiniMendeleyEngine.processQuery(MiniMendeleyEngine.java:660)
	at hk.ust.comp3021.MiniMendeleyEngine.lambda$processConcurrentQuery$14(MiniMendeleyEngine.java:648)
	at java.base/java.lang.Thread.run(Thread.java:833)
Exception in thread "Thread-859" java.lang.NullPointerException: Cannot invoke "hk.ust.comp3021.utils.Query$QueryType.ordinal()" because the return value of "hk.ust.comp3021.utils.Query.getType()" is null
	at hk.ust.comp3021.MiniMendeleyEngine.processQuery(MiniMendeleyEngine.java:660)
	at hk.ust.comp3021.MiniMendeleyEngine.lambda$processConcurrentQuery$14(MiniMendeleyEngine.java:648)
	at java.base/java.lang.Thread.run(Thread.java:833)
Exception in thread "Thread-860" java.lang.NullPointerException: Cannot invoke "hk.ust.comp3021.utils.Query$QueryType.ordinal()" because the return value of "hk.ust.comp3021.utils.Query.getType()" is null
	at hk.ust.comp3021.MiniMendeleyEngine.processQuery(MiniMendeleyEngine.java:660)
	at hk.ust.comp3021.MiniMendeleyEngine.lambda$processConcurrentQuery$14(MiniMendeleyEngine.java:648)
	at java.base/java.lang.Thread.run(Thread.java:833)
Exception in thread "Thread-861" java.lang.NullPointerException: Cannot invoke "hk.ust.comp3021.utils.Query$QueryType.ordinal()" because the return value of "hk.ust.comp3021.utils.Query.getType()" is null
	at hk.ust.comp3021.MiniMendeleyEngine.processQuery(MiniMendeleyEngine.java:660)
	at hk.ust.comp3021.MiniMendeleyEngine.lambda$processConcurrentQuery$14(MiniMendeleyEngine.java:648)
	at java.base/java.lang.Thread.run(Thread.java:833)
Exception in thread "Thread-862" java.lang.NullPointerException: Cannot invoke "hk.ust.comp3021.utils.Query$QueryType.ordinal()" because the return value of "hk.ust.comp3021.utils.Query.getType()" is null
	at hk.ust.comp3021.MiniMendeleyEngine.processQuery(MiniMendeleyEngine.java:660)
	at hk.ust.comp3021.MiniMendeleyEngine.lambda$processConcurrentQuery$14(MiniMendeleyEngine.java:648)
	at java.base/java.lang.Thread.run(Thread.java:833)
Exception in thread "Thread-863" java.lang.NullPointerException: Cannot invoke "hk.ust.comp3021.utils.Query$QueryType.ordinal()" because the return value of "hk.ust.comp3021.utils.Query.getType()" is null
	at hk.ust.comp3021.MiniMendeleyEngine.processQuery(MiniMendeleyEngine.java:660)
	at hk.ust.comp3021.MiniMendeleyEngine.lambda$processConcurrentQuery$14(MiniMendeleyEngine.java:648)
	at java.base/java.lang.Thread.run(Thread.java:833)
Exception in thread "Thread-864" java.lang.NullPointerException: Cannot invoke "hk.ust.comp3021.utils.Query$QueryType.ordinal()" because the return value of "hk.ust.comp3021.utils.Query.getType()" is null
	at hk.ust.comp3021.MiniMendeleyEngine.processQuery(MiniMendeleyEngine.java:660)
	at hk.ust.comp3021.MiniMendeleyEngine.lambda$processConcurrentQuery$14(MiniMendeleyEngine.java:648)
	at java.base/java.lang.Thread.run(Thread.java:833)
Exception in thread "Thread-865" java.lang.NullPointerException: Cannot invoke "hk.ust.comp3021.utils.Query$QueryType.ordinal()" because the return value of "hk.ust.comp3021.utils.Query.getType()" is null
	at hk.ust.comp3021.MiniMendeleyEngine.processQuery(MiniMendeleyEngine.java:660)
	at hk.ust.comp3021.MiniMendeleyEngine.lambda$processConcurrentQuery$14(MiniMendeleyEngine.java:648)
	at java.base/java.lang.Thread.run(Thread.java:833)
Exception in thread "Thread-866" java.lang.NullPointerException: Cannot invoke "hk.ust.comp3021.utils.Query$QueryType.ordinal()" because the return value of "hk.ust.comp3021.utils.Query.getType()" is null
	at hk.ust.comp3021.MiniMendeleyEngine.processQuery(MiniMendeleyEngine.java:660)
	at hk.ust.comp3021.MiniMendeleyEngine.lambda$processConcurrentQuery$14(MiniMendeleyEngine.java:648)
	at java.base/java.lang.Thread.run(Thread.java:833)
Exception in thread "Thread-867" java.lang.NullPointerException: Cannot invoke "hk.ust.comp3021.utils.Query$QueryType.ordinal()" because the return value of "hk.ust.comp3021.utils.Query.getType()" is null
	at hk.ust.comp3021.MiniMendeleyEngine.processQuery(MiniMendeleyEngine.java:660)
	at hk.ust.comp3021.MiniMendeleyEngine.lambda$processConcurrentQuery$14(MiniMendeleyEngine.java:648)
	at java.base/java.lang.Thread.run(Thread.java:833)
Exception in thread "Thread-868" java.lang.NullPointerException: Cannot invoke "hk.ust.comp3021.utils.Query$QueryType.ordinal()" because the return value of "hk.ust.comp3021.utils.Query.getType()" is null
	at hk.ust.comp3021.MiniMendeleyEngine.processQuery(MiniMendeleyEngine.java:660)
	at hk.ust.comp3021.MiniMendeleyEngine.lambda$processConcurrentQuery$14(MiniMendeleyEngine.java:648)
	at java.base/java.lang.Thread.run(Thread.java:833)
Exception in thread "Thread-869" java.lang.NullPointerException: Cannot invoke "hk.ust.comp3021.utils.Query$QueryType.ordinal()" because the return value of "hk.ust.comp3021.utils.Query.getType()" is null
	at hk.ust.comp3021.MiniMendeleyEngine.processQuery(MiniMendeleyEngine.java:660)
	at hk.ust.comp3021.MiniMendeleyEngine.lambda$processConcurrentQuery$14(MiniMendeleyEngine.java:648)
	at java.base/java.lang.Thread.run(Thread.java:833)
Exception in thread "Thread-870" java.lang.NullPointerException: Cannot invoke "hk.ust.comp3021.utils.Query$QueryType.ordinal()" because the return value of "hk.ust.comp3021.utils.Query.getType()" is null
	at hk.ust.comp3021.MiniMendeleyEngine.processQuery(MiniMendeleyEngine.java:660)
	at hk.ust.comp3021.MiniMendeleyEngine.lambda$processConcurrentQuery$14(MiniMendeleyEngine.java:648)
	at java.base/java.lang.Thread.run(Thread.java:833)
Exception in thread "Thread-871" java.lang.NullPointerException: Cannot invoke "hk.ust.comp3021.utils.Query$QueryType.ordinal()" because the return value of "hk.ust.comp3021.utils.Query.getType()" is null
	at hk.ust.comp3021.MiniMendeleyEngine.processQuery(MiniMendeleyEngine.java:660)
	at hk.ust.comp3021.MiniMendeleyEngine.lambda$processConcurrentQuery$14(MiniMendeleyEngine.java:648)
	at java.base/java.lang.Thread.run(Thread.java:833)
Exception in thread "Thread-872" java.lang.NullPointerException: Cannot invoke "hk.ust.comp3021.utils.Query$QueryType.ordinal()" because the return value of "hk.ust.comp3021.utils.Query.getType()" is null
	at hk.ust.comp3021.MiniMendeleyEngine.processQuery(MiniMendeleyEngine.java:660)
	at hk.ust.comp3021.MiniMendeleyEngine.lambda$processConcurrentQuery$14(MiniMendeleyEngine.java:648)
	at java.base/java.lang.Thread.run(Thread.java:833)
Exception in thread "Thread-873" java.lang.NullPointerException: Cannot invoke "hk.ust.comp3021.utils.Query$QueryType.ordinal()" because the return value of "hk.ust.comp3021.utils.Query.getType()" is null
	at hk.ust.comp3021.MiniMendeleyEngine.processQuery(MiniMendeleyEngine.java:660)
	at hk.ust.comp3021.MiniMendeleyEngine.lambda$processConcurrentQuery$14(MiniMendeleyEngine.java:648)
	at java.base/java.lang.Thread.run(Thread.java:833)
Exception in thread "Thread-874" java.lang.NullPointerException: Cannot invoke "hk.ust.comp3021.utils.Query$QueryType.ordinal()" because the return value of "hk.ust.comp3021.utils.Query.getType()" is null
	at hk.ust.comp3021.MiniMendeleyEngine.processQuery(MiniMendeleyEngine.java:660)
	at hk.ust.comp3021.MiniMendeleyEngine.lambda$processConcurrentQuery$14(MiniMendeleyEngine.java:648)
	at java.base/java.lang.Thread.run(Thread.java:833)
Exception in thread "Thread-875" java.lang.NullPointerException: Cannot invoke "hk.ust.comp3021.utils.Query$QueryType.ordinal()" because the return value of "hk.ust.comp3021.utils.Query.getType()" is null
	at hk.ust.comp3021.MiniMendeleyEngine.processQuery(MiniMendeleyEngine.java:660)
	at hk.ust.comp3021.MiniMendeleyEngine.lambda$processConcurrentQuery$14(MiniMendeleyEngine.java:648)
	at java.base/java.lang.Thread.run(Thread.java:833)
Exception in thread "Thread-876" java.lang.NullPointerException: Cannot invoke "hk.ust.comp3021.utils.Query$QueryType.ordinal()" because the return value of "hk.ust.comp3021.utils.Query.getType()" is null
	at hk.ust.comp3021.MiniMendeleyEngine.processQuery(MiniMendeleyEngine.java:660)
	at hk.ust.comp3021.MiniMendeleyEngine.lambda$processConcurrentQuery$14(MiniMendeleyEngine.java:648)
	at java.base/java.lang.Thread.run(Thread.java:833)
Exception in thread "Thread-877" java.lang.NullPointerException: Cannot invoke "hk.ust.comp3021.utils.Query$QueryType.ordinal()" because the return value of "hk.ust.comp3021.utils.Query.getType()" is null
	at hk.ust.comp3021.MiniMendeleyEngine.processQuery(MiniMendeleyEngine.java:660)
	at hk.ust.comp3021.MiniMendeleyEngine.lambda$processConcurrentQuery$14(MiniMendeleyEngine.java:648)
	at java.base/java.lang.Thread.run(Thread.java:833)
Exception in thread "Thread-878" java.lang.NullPointerException: Cannot invoke "hk.ust.comp3021.utils.Query$QueryType.ordinal()" because the return value of "hk.ust.comp3021.utils.Query.getType()" is null
	at hk.ust.comp3021.MiniMendeleyEngine.processQuery(MiniMendeleyEngine.java:660)
	at hk.ust.comp3021.MiniMendeleyEngine.lambda$processConcurrentQuery$14(MiniMendeleyEngine.java:648)
	at java.base/java.lang.Thread.run(Thread.java:833)
Exception in thread "Thread-879" java.lang.NullPointerException: Cannot invoke "hk.ust.comp3021.utils.Query$QueryType.ordinal()" because the return value of "hk.ust.comp3021.utils.Query.getType()" is null
	at hk.ust.comp3021.MiniMendeleyEngine.processQuery(MiniMendeleyEngine.java:660)
	at hk.ust.comp3021.MiniMendeleyEngine.lambda$processConcurrentQuery$14(MiniMendeleyEngine.java:648)
	at java.base/java.lang.Thread.run(Thread.java:833)
Exception in thread "Thread-880" java.lang.NullPointerException: Cannot invoke "hk.ust.comp3021.utils.Query$QueryType.ordinal()" because the return value of "hk.ust.comp3021.utils.Query.getType()" is null
	at hk.ust.comp3021.MiniMendeleyEngine.processQuery(MiniMendeleyEngine.java:660)
	at hk.ust.comp3021.MiniMendeleyEngine.lambda$processConcurrentQuery$14(MiniMendeleyEngine.java:648)
	at java.base/java.lang.Thread.run(Thread.java:833)
Exception in thread "Thread-881" java.lang.NullPointerException: Cannot invoke "hk.ust.comp3021.utils.Query$QueryType.ordinal()" because the return value of "hk.ust.comp3021.utils.Query.getType()" is null
	at hk.ust.comp3021.MiniMendeleyEngine.processQuery(MiniMendeleyEngine.java:660)
	at hk.ust.comp3021.MiniMendeleyEngine.lambda$processConcurrentQuery$14(MiniMendeleyEngine.java:648)
	at java.base/java.lang.Thread.run(Thread.java:833)
Exception in thread "Thread-882" java.lang.NullPointerException: Cannot invoke "hk.ust.comp3021.utils.Query$QueryType.ordinal()" because the return value of "hk.ust.comp3021.utils.Query.getType()" is null
	at hk.ust.comp3021.MiniMendeleyEngine.processQuery(MiniMendeleyEngine.java:660)
	at hk.ust.comp3021.MiniMendeleyEngine.lambda$processConcurrentQuery$14(MiniMendeleyEngine.java:648)
	at java.base/java.lang.Thread.run(Thread.java:833)
Exception in thread "Thread-883" java.lang.NullPointerException: Cannot invoke "hk.ust.comp3021.utils.Query$QueryType.ordinal()" because the return value of "hk.ust.comp3021.utils.Query.getType()" is null
	at hk.ust.comp3021.MiniMendeleyEngine.processQuery(MiniMendeleyEngine.java:660)
	at hk.ust.comp3021.MiniMendeleyEngine.lambda$processConcurrentQuery$14(MiniMendeleyEngine.java:648)
	at java.base/java.lang.Thread.run(Thread.java:833)
Exception in thread "Thread-884" java.lang.NullPointerException: Cannot invoke "hk.ust.comp3021.utils.Query$QueryType.ordinal()" because the return value of "hk.ust.comp3021.utils.Query.getType()" is null
	at hk.ust.comp3021.MiniMendeleyEngine.processQuery(MiniMendeleyEngine.java:660)
	at hk.ust.comp3021.MiniMendeleyEngine.lambda$processConcurrentQuery$14(MiniMendeleyEngine.java:648)
	at java.base/java.lang.Thread.run(Thread.java:833)
Exception in thread "Thread-885" java.lang.NullPointerException: Cannot invoke "hk.ust.comp3021.utils.Query$QueryType.ordinal()" because the return value of "hk.ust.comp3021.utils.Query.getType()" is null
	at hk.ust.comp3021.MiniMendeleyEngine.processQuery(MiniMendeleyEngine.java:660)
	at hk.ust.comp3021.MiniMendeleyEngine.lambda$processConcurrentQuery$14(MiniMendeleyEngine.java:648)
	at java.base/java.lang.Thread.run(Thread.java:833)
Exception in thread "Thread-886" java.lang.NullPointerException: Cannot invoke "hk.ust.comp3021.utils.Query$QueryType.ordinal()" because the return value of "hk.ust.comp3021.utils.Query.getType()" is null
	at hk.ust.comp3021.MiniMendeleyEngine.processQuery(MiniMendeleyEngine.java:660)
	at hk.ust.comp3021.MiniMendeleyEngine.lambda$processConcurrentQuery$14(MiniMendeleyEngine.java:648)
	at java.base/java.lang.Thread.run(Thread.java:833)
Exception in thread "Thread-887" java.lang.NullPointerException: Cannot invoke "hk.ust.comp3021.utils.Query$QueryType.ordinal()" because the return value of "hk.ust.comp3021.utils.Query.getType()" is null
	at hk.ust.comp3021.MiniMendeleyEngine.processQuery(MiniMendeleyEngine.java:660)
	at hk.ust.comp3021.MiniMendeleyEngine.lambda$processConcurrentQuery$14(MiniMendeleyEngine.java:648)
	at java.base/java.lang.Thread.run(Thread.java:833)
Exception in thread "Thread-888" java.lang.NullPointerException: Cannot invoke "hk.ust.comp3021.utils.Query$QueryType.ordinal()" because the return value of "hk.ust.comp3021.utils.Query.getType()" is null
	at hk.ust.comp3021.MiniMendeleyEngine.processQuery(MiniMendeleyEngine.java:660)
	at hk.ust.comp3021.MiniMendeleyEngine.lambda$processConcurrentQuery$14(MiniMendeleyEngine.java:648)
	at java.base/java.lang.Thread.run(Thread.java:833)
Exception in thread "Thread-889" java.lang.NullPointerException: Cannot invoke "hk.ust.comp3021.utils.Query$QueryType.ordinal()" because the return value of "hk.ust.comp3021.utils.Query.getType()" is null
	at hk.ust.comp3021.MiniMendeleyEngine.processQuery(MiniMendeleyEngine.java:660)
	at hk.ust.comp3021.MiniMendeleyEngine.lambda$processConcurrentQuery$14(MiniMendeleyEngine.java:648)
	at java.base/java.lang.Thread.run(Thread.java:833)
Exception in thread "Thread-890" java.lang.NullPointerException: Cannot invoke "hk.ust.comp3021.utils.Query$QueryType.ordinal()" because the return value of "hk.ust.comp3021.utils.Query.getType()" is null
	at hk.ust.comp3021.MiniMendeleyEngine.processQuery(MiniMendeleyEngine.java:660)
	at hk.ust.comp3021.MiniMendeleyEngine.lambda$processConcurrentQuery$14(MiniMendeleyEngine.java:648)
	at java.base/java.lang.Thread.run(Thread.java:833)
Exception in thread "Thread-891" java.lang.NullPointerException: Cannot invoke "hk.ust.comp3021.utils.Query$QueryType.ordinal()" because the return value of "hk.ust.comp3021.utils.Query.getType()" is null
	at hk.ust.comp3021.MiniMendeleyEngine.processQuery(MiniMendeleyEngine.java:660)
	at hk.ust.comp3021.MiniMendeleyEngine.lambda$processConcurrentQuery$14(MiniMendeleyEngine.java:648)
	at java.base/java.lang.Thread.run(Thread.java:833)
Exception in thread "Thread-892" java.lang.NullPointerException: Cannot invoke "hk.ust.comp3021.utils.Query$QueryType.ordinal()" because the return value of "hk.ust.comp3021.utils.Query.getType()" is null
	at hk.ust.comp3021.MiniMendeleyEngine.processQuery(MiniMendeleyEngine.java:660)
	at hk.ust.comp3021.MiniMendeleyEngine.lambda$processConcurrentQuery$14(MiniMendeleyEngine.java:648)
	at java.base/java.lang.Thread.run(Thread.java:833)
]]></system-err>
</testsuite>
