<?xml version="1.0" encoding="UTF-8"?>
<testsuite name="hk.ust.comp3021.actions.ParallelImportActionTest" tests="5" skipped="0" failures="0" errors="0" timestamp="2023-05-09T18:00:24" hostname="KadeMacBook-Air-6.local" time="0.037">
  <properties/>
  <testcase name="testPrallelImportAction_IsCompleted()" classname="hk.ust.comp3021.actions.ParallelImportActionTest" time="0.009"/>
  <testcase name="testPrallelImportAction_ActionsSize()" classname="hk.ust.comp3021.actions.ParallelImportActionTest" time="0.006"/>
  <testcase name="testPrallelImportAction_CheckPaperSet()" classname="hk.ust.comp3021.actions.ParallelImportActionTest" time="0.006"/>
  <testcase name="testPrallelImportAction_CheckPaperContent()" classname="hk.ust.comp3021.actions.ParallelImportActionTest" time="0.007"/>
  <testcase name="testPrallelImportAction_CheckNumberOfFilePaths()" classname="hk.ust.comp3021.actions.ParallelImportActionTest" time="0.008"/>
  <system-out><![CDATA[3]]></system-out>
  <system-err><![CDATA[Exception in thread "Thread-80" java.lang.AssertionError
	at hk.ust.comp3021.utils.BibParser.processAuthorLine(BibParser.java:87)
	at hk.ust.comp3021.utils.BibParser.parse(BibParser.java:50)
	at hk.ust.comp3021.MiniMendeleyEngine.lambda$processParallelImport$12(MiniMendeleyEngine.java:398)
	at java.base/java.lang.Thread.run(Thread.java:833)
Exception in thread "Thread-97" java.lang.AssertionError
	at hk.ust.comp3021.utils.BibParser.processAuthorLine(BibParser.java:87)
	at hk.ust.comp3021.utils.BibParser.parse(BibParser.java:50)
	at hk.ust.comp3021.MiniMendeleyEngine.lambda$processParallelImport$12(MiniMendeleyEngine.java:398)
	at java.base/java.lang.Thread.run(Thread.java:833)
]]></system-err>
</testsuite>
