<?xml version="1.0" encoding="UTF-8"?>
<testsuite name="hk.ust.comp3021.actions.ParallelImportActionTest" tests="5" skipped="0" failures="0" errors="0" timestamp="2023-05-09T08:54:55" hostname="KadeMacBook-Air-6.local" time="0.033">
  <properties/>
  <testcase name="testPrallelImportAction_IsCompleted()" classname="hk.ust.comp3021.actions.ParallelImportActionTest" time="0.005"/>
  <testcase name="testPrallelImportAction_ActionsSize()" classname="hk.ust.comp3021.actions.ParallelImportActionTest" time="0.006"/>
  <testcase name="testPrallelImportAction_CheckPaperSet()" classname="hk.ust.comp3021.actions.ParallelImportActionTest" time="0.005"/>
  <testcase name="testPrallelImportAction_CheckPaperContent()" classname="hk.ust.comp3021.actions.ParallelImportActionTest" time="0.005"/>
  <testcase name="testPrallelImportAction_CheckNumberOfFilePaths()" classname="hk.ust.comp3021.actions.ParallelImportActionTest" time="0.009"/>
  <system-out><![CDATA[resources/Android.bib 28
resources/PAUploadData1.bib 29
resources/ConstraintLogic.bib 31
resources/Android.bib 30
resources/FaultTolerant.bib 33
resources/neural.bib 32
resources/PAData.bib 34
resources/PAUploadData1.bib 35
resources/Android.bib 36
resources/ConstraintLogic.bib 37
resources/PAData.bib 38
resources/FaultTolerant.bib 39
resources/PCA.bib 40
resources/FaultToleant.bib 42
resources/neural.bib 44
resources/InformationFlow.bib 46
resources/Android.bib 48
resources/neural.bib 41
resources/FaultTolerant.bib 42
]]></system-out>
  <system-err><![CDATA[Exception in thread "pool-2-thread-2" java.lang.AssertionError
	at hk.ust.comp3021.utils.BibParser.processAuthorLine(BibParser.java:90)
	at hk.ust.comp3021.utils.BibParser.parse(BibParser.java:50)
	at hk.ust.comp3021.MiniMendeleyEngine.lambda$processParallelImport$12(MiniMendeleyEngine.java:392)
	at java.base/java.util.concurrent.ThreadPoolExecutor.runWorker(ThreadPoolExecutor.java:1136)
	at java.base/java.util.concurrent.ThreadPoolExecutor$Worker.run(ThreadPoolExecutor.java:635)
	at java.base/java.lang.Thread.run(Thread.java:833)
Exception in thread "pool-2-thread-3" java.lang.AssertionError
	at hk.ust.comp3021.utils.BibParser.processAuthorLine(BibParser.java:90)
	at hk.ust.comp3021.utils.BibParser.parse(BibParser.java:50)
	at hk.ust.comp3021.MiniMendeleyEngine.lambda$processParallelImport$12(MiniMendeleyEngine.java:392)
	at java.base/java.util.concurrent.ThreadPoolExecutor.runWorker(ThreadPoolExecutor.java:1136)
	at java.base/java.util.concurrent.ThreadPoolExecutor$Worker.run(ThreadPoolExecutor.java:635)
	at java.base/java.lang.Thread.run(Thread.java:833)
Exception in thread "pool-2-thread-4" java.lang.AssertionError
	at hk.ust.comp3021.utils.BibParser.processAuthorLine(BibParser.java:90)
	at hk.ust.comp3021.utils.BibParser.parse(BibParser.java:50)
	at hk.ust.comp3021.MiniMendeleyEngine.lambda$processParallelImport$12(MiniMendeleyEngine.java:392)
	at java.base/java.util.concurrent.ThreadPoolExecutor.runWorker(ThreadPoolExecutor.java:1136)
	at java.base/java.util.concurrent.ThreadPoolExecutor$Worker.run(ThreadPoolExecutor.java:635)
	at java.base/java.lang.Thread.run(Thread.java:833)
Exception in thread "pool-3-thread-1" java.lang.AssertionError
	at hk.ust.comp3021.utils.BibParser.processAuthorLine(BibParser.java:87)
	at hk.ust.comp3021.utils.BibParser.parse(BibParser.java:50)
	at hk.ust.comp3021.MiniMendeleyEngine.lambda$processParallelImport$12(MiniMendeleyEngine.java:392)
	at java.base/java.util.concurrent.ThreadPoolExecutor.runWorker(ThreadPoolExecutor.java:1136)
	at java.base/java.util.concurrent.ThreadPoolExecutor$Worker.run(ThreadPoolExecutor.java:635)
	at java.base/java.lang.Thread.run(Thread.java:833)
Exception in thread "pool-4-thread-2" java.lang.AssertionError
	at hk.ust.comp3021.utils.BibParser.processAuthorLine(BibParser.java:90)
	at hk.ust.comp3021.utils.BibParser.parse(BibParser.java:50)
	at hk.ust.comp3021.MiniMendeleyEngine.lambda$processParallelImport$12(MiniMendeleyEngine.java:392)
	at java.base/java.util.concurrent.ThreadPoolExecutor.runWorker(ThreadPoolExecutor.java:1136)
	at java.base/java.util.concurrent.ThreadPoolExecutor$Worker.run(ThreadPoolExecutor.java:635)
	at java.base/java.lang.Thread.run(Thread.java:833)
Exception in thread "pool-4-thread-4" java.lang.AssertionError
	at hk.ust.comp3021.utils.BibParser.processAuthorLine(BibParser.java:90)
	at hk.ust.comp3021.utils.BibParser.parse(BibParser.java:50)
	at hk.ust.comp3021.MiniMendeleyEngine.lambda$processParallelImport$12(MiniMendeleyEngine.java:392)
	at java.base/java.util.concurrent.ThreadPoolExecutor.runWorker(ThreadPoolExecutor.java:1136)
	at java.base/java.util.concurrent.ThreadPoolExecutor$Worker.run(ThreadPoolExecutor.java:635)
	at java.base/java.lang.Thread.run(Thread.java:833)
Exception in thread "pool-4-thread-5" java.lang.AssertionError
	at hk.ust.comp3021.utils.BibParser.processAuthorLine(BibParser.java:90)
	at hk.ust.comp3021.utils.BibParser.parse(BibParser.java:50)
	at hk.ust.comp3021.MiniMendeleyEngine.lambda$processParallelImport$12(MiniMendeleyEngine.java:392)
	at java.base/java.util.concurrent.ThreadPoolExecutor.runWorker(ThreadPoolExecutor.java:1136)
	at java.base/java.util.concurrent.ThreadPoolExecutor$Worker.run(ThreadPoolExecutor.java:635)
	at java.base/java.lang.Thread.run(Thread.java:833)
Exception in thread "pool-4-thread-9" java.lang.AssertionError
	at hk.ust.comp3021.utils.BibParser.processAuthorLine(BibParser.java:90)
	at hk.ust.comp3021.utils.BibParser.parse(BibParser.java:50)
	at hk.ust.comp3021.MiniMendeleyEngine.lambda$processParallelImport$12(MiniMendeleyEngine.java:392)
	at java.base/java.util.concurrent.ThreadPoolExecutor.runWorker(ThreadPoolExecutor.java:1136)
	at java.base/java.util.concurrent.ThreadPoolExecutor$Worker.run(ThreadPoolExecutor.java:635)
	at java.base/java.lang.Thread.run(Thread.java:833)
Exception in thread "pool-4-thread-11" java.lang.AssertionError
	at hk.ust.comp3021.utils.BibParser.processOtherLine(BibParser.java:107)
	at hk.ust.comp3021.utils.BibParser.parse(BibParser.java:54)
	at hk.ust.comp3021.MiniMendeleyEngine.lambda$processParallelImport$12(MiniMendeleyEngine.java:392)
	at java.base/java.util.concurrent.ThreadPoolExecutor.runWorker(ThreadPoolExecutor.java:1136)
	at java.base/java.util.concurrent.ThreadPoolExecutor$Worker.run(ThreadPoolExecutor.java:635)
	at java.base/java.lang.Thread.run(Thread.java:833)
]]></system-err>
</testsuite>
