<?xml version="1.0" encoding="UTF-8"?>
<testsuite name="hk.ust.comp3021.actions.ParallelImportActionTest" tests="5" skipped="0" failures="0" errors="0" timestamp="2023-05-09T14:49:57" hostname="KadeMacBook-Air-6.local" time="0.059">
  <properties/>
  <testcase name="testPrallelImportAction_IsCompleted()" classname="hk.ust.comp3021.actions.ParallelImportActionTest" time="0.019"/>
  <testcase name="testPrallelImportAction_ActionsSize()" classname="hk.ust.comp3021.actions.ParallelImportActionTest" time="0.01"/>
  <testcase name="testPrallelImportAction_CheckPaperSet()" classname="hk.ust.comp3021.actions.ParallelImportActionTest" time="0.011"/>
  <testcase name="testPrallelImportAction_CheckPaperContent()" classname="hk.ust.comp3021.actions.ParallelImportActionTest" time="0.006"/>
  <testcase name="testPrallelImportAction_CheckNumberOfFilePaths()" classname="hk.ust.comp3021.actions.ParallelImportActionTest" time="0.012"/>
  <system-out><![CDATA[]]></system-out>
  <system-err><![CDATA[Exception in thread "Thread-32" java.lang.AssertionError
	at hk.ust.comp3021.utils.BibParser.processAuthorLine(BibParser.java:87)
	at hk.ust.comp3021.utils.BibParser.parse(BibParser.java:50)
	at hk.ust.comp3021.MiniMendeleyEngine.lambda$processParallelImport$12(MiniMendeleyEngine.java:398)
	at java.base/java.lang.Thread.run(Thread.java:833)
Exception in thread "Thread-50" java.lang.AssertionError
	at hk.ust.comp3021.utils.BibParser.processAuthorLine(BibParser.java:87)
	at hk.ust.comp3021.utils.BibParser.parse(BibParser.java:50)
	at hk.ust.comp3021.MiniMendeleyEngine.lambda$processParallelImport$12(MiniMendeleyEngine.java:398)
	at java.base/java.lang.Thread.run(Thread.java:833)
]]></system-err>
</testsuite>
