<?xml version="1.0" encoding="UTF-8"?>
<testsuite name="hk.ust.comp3021.actions.ModifyLabelListTest" tests="3" skipped="0" failures="0" errors="0" timestamp="2023-05-10T18:13:23" hostname="KadeMacBook-Air-6.local" time="3.03">
  <properties/>
  <testcase name="ModifyLabelList_CheckDuplicateDelete()" classname="hk.ust.comp3021.actions.ModifyLabelListTest" time="1.009"/>
  <testcase name="ModifyLabelList_CheckDuplicateUpdate()" classname="hk.ust.comp3021.actions.ModifyLabelListTest" time="1.009"/>
  <testcase name="ModifyLabelList_CheckDuplicateAdd()" classname="hk.ust.comp3021.actions.ModifyLabelListTest" time="1.009"/>
  <system-out><![CDATA[]]></system-out>
  <system-err><![CDATA[]]></system-err>
</testsuite>
